[rosmaster.main][INFO] 2017-07-03 14:24:00,784: initialization complete, waiting for shutdown
[rosmaster.main][INFO] 2017-07-03 14:24:00,784: Starting ROS Master Node
[xmlrpc][INFO] 2017-07-03 14:24:00,786: XML-RPC server binding to 0.0.0.0:11311
[xmlrpc][INFO] 2017-07-03 14:24:00,787: Started XML-RPC server [http://udacity:11311/]
[xmlrpc][INFO] 2017-07-03 14:24:00,787: xml rpc node: starting XML-RPC server
[rosmaster.master][INFO] 2017-07-03 14:24:00,787: Master initialized: port[11311], uri[http://udacity:11311/]
[rosmaster.master][INFO] 2017-07-03 14:24:00,836: +PARAM [/run_id] by /roslaunch
[rosmaster.master][INFO] 2017-07-03 14:24:00,838: +PARAM [/roslaunch/uris/host_udacity__45017] by /roslaunch
[rosmaster.master][INFO] 2017-07-03 14:24:00,891: +PARAM [/robot_state_publisher/use_tf_static] by /roslaunch
[rosmaster.master][INFO] 2017-07-03 14:24:00,891: +PARAM [/use_sim_time] by /roslaunch
[rosmaster.master][INFO] 2017-07-03 14:24:00,891: +PARAM [/rosdistro] by /roslaunch
[rosmaster.master][INFO] 2017-07-03 14:24:00,891: +PARAM [/robot_description] by /roslaunch
[rosmaster.master][INFO] 2017-07-03 14:24:00,892: +PARAM [/sensor_stick/joint_state_controller/publish_rate] by /roslaunch
[rosmaster.master][INFO] 2017-07-03 14:24:00,892: +PARAM [/sensor_stick/pan_position_controller/joint] by /roslaunch
[rosmaster.master][INFO] 2017-07-03 14:24:00,892: +PARAM [/sensor_stick/pan_position_controller/type] by /roslaunch
[rosmaster.master][INFO] 2017-07-03 14:24:00,892: +PARAM [/rosversion] by /roslaunch
[rosmaster.master][INFO] 2017-07-03 14:24:00,892: +PARAM [/sensor_stick/joint_state_controller/type] by /roslaunch
[rosmaster.master][INFO] 2017-07-03 14:24:00,892: +PARAM [/joint_state_publisher/use_gui] by /roslaunch
[rosmaster.master][INFO] 2017-07-03 14:24:00,892: +PARAM [/sensor_stick/tilt_position_controller/type] by /roslaunch
[rosmaster.master][INFO] 2017-07-03 14:24:00,892: +PARAM [/sensor_stick/tilt_position_controller/joint] by /roslaunch
[rosmaster.master][INFO] 2017-07-03 14:24:00,962: +SERVICE [/rosout/get_loggers] /rosout http://udacity:38163/
[rosmaster.master][INFO] 2017-07-03 14:24:00,964: +SERVICE [/rosout/set_logger_level] /rosout http://udacity:38163/
[rosmaster.master][INFO] 2017-07-03 14:24:00,989: +SUB [/clock] /rosout http://udacity:38163/
[rosmaster.master][INFO] 2017-07-03 14:24:00,991: +PUB [/rosout_agg] /rosout http://udacity:38163/
[rosmaster.master][INFO] 2017-07-03 14:24:01,002: +SUB [/rosout] /rosout http://udacity:38163/
[rosmaster.master][INFO] 2017-07-03 14:24:01,022: +PUB [/rosout] /cloud_transformer http://udacity:34287/
[rosmaster.master][INFO] 2017-07-03 14:24:01,028: +SERVICE [/cloud_transformer/get_loggers] /cloud_transformer http://udacity:34287/
[rosmaster.master][INFO] 2017-07-03 14:24:01,030: +SERVICE [/cloud_transformer/set_logger_level] /cloud_transformer http://udacity:34287/
[rosmaster.master][INFO] 2017-07-03 14:24:01,039: +SUB [/clock] /cloud_transformer http://udacity:34287/
[rosmaster.master][INFO] 2017-07-03 14:24:01,055: +SUB [/tf] /cloud_transformer http://udacity:34287/
[rosmaster.master][INFO] 2017-07-03 14:24:01,056: +PUB [/rosout] /robot_state_publisher http://udacity:44909/
[rosmaster.master][INFO] 2017-07-03 14:24:01,059: +SERVICE [/robot_state_publisher/get_loggers] /robot_state_publisher http://udacity:44909/
[rosmaster.master][INFO] 2017-07-03 14:24:01,063: +SERVICE [/robot_state_publisher/set_logger_level] /robot_state_publisher http://udacity:44909/
[rosmaster.master][INFO] 2017-07-03 14:24:01,083: +SUB [/tf_static] /cloud_transformer http://udacity:34287/
[rosmaster.master][INFO] 2017-07-03 14:24:01,097: publisherUpdate[/rosout] -> http://udacity:38163/ ['http://udacity:34287/']
[rosmaster.master][INFO] 2017-07-03 14:24:01,100: publisherUpdate[/rosout] -> http://udacity:38163/ ['http://udacity:34287/']: sec=0.00, result=[1, '', 0]
[rosmaster.master][INFO] 2017-07-03 14:24:01,102: publisherUpdate[/rosout] -> http://udacity:38163/ ['http://udacity:34287/', 'http://udacity:44909/']
[rosmaster.master][INFO] 2017-07-03 14:24:01,103: publisherUpdate[/rosout] -> http://udacity:38163/ ['http://udacity:34287/', 'http://udacity:44909/']: sec=0.00, result=[1, '', 0]
[rosmaster.master][INFO] 2017-07-03 14:24:01,107: +SUB [/clock] /robot_state_publisher http://udacity:44909/
[rosmaster.master][INFO] 2017-07-03 14:24:01,110: +SUB [/camera/depth_registered/points] /cloud_transformer http://udacity:34287/
[rosmaster.master][INFO] 2017-07-03 14:24:01,112: +PUB [/sensor_stick/point_cloud] /cloud_transformer http://udacity:34287/
[rosmaster.master][INFO] 2017-07-03 14:24:01,121: +PUB [/tf] /robot_state_publisher http://udacity:44909/
[rosmaster.master][INFO] 2017-07-03 14:24:01,122: +PUB [/tf_static] /robot_state_publisher http://udacity:44909/
[rosmaster.master][INFO] 2017-07-03 14:24:01,138: +SUB [/sensor_stick/joint_states] /robot_state_publisher http://udacity:44909/
[rosmaster.master][INFO] 2017-07-03 14:24:01,199: publisherUpdate[/tf] -> http://udacity:34287/ ['http://udacity:44909/']
[rosmaster.master][INFO] 2017-07-03 14:24:01,200: publisherUpdate[/tf] -> http://udacity:34287/ ['http://udacity:44909/']: sec=0.00, result=[1, '', 0]
[rosmaster.master][INFO] 2017-07-03 14:24:01,201: publisherUpdate[/tf_static] -> http://udacity:34287/ ['http://udacity:44909/']
[rosmaster.master][INFO] 2017-07-03 14:24:01,201: publisherUpdate[/tf_static] -> http://udacity:34287/ ['http://udacity:44909/']: sec=0.00, result=[1, '', 0]
[rosmaster.master][INFO] 2017-07-03 14:24:01,551: +PUB [/rosout] /sensor_stick/spawner http://udacity:44825/
[rosmaster.master][INFO] 2017-07-03 14:24:01,555: +SUB [/clock] /sensor_stick/spawner http://udacity:44825/
[rosmaster.master][INFO] 2017-07-03 14:24:01,557: +SERVICE [/sensor_stick/spawner/get_loggers] /sensor_stick/spawner http://udacity:44825/
[rosmaster.master][INFO] 2017-07-03 14:24:01,559: +SERVICE [/sensor_stick/spawner/set_logger_level] /sensor_stick/spawner http://udacity:44825/
[rosmaster.master][INFO] 2017-07-03 14:24:01,601: publisherUpdate[/rosout] -> http://udacity:38163/ ['http://udacity:34287/', 'http://udacity:44909/', 'http://udacity:44825/']
[rosmaster.master][INFO] 2017-07-03 14:24:01,602: publisherUpdate[/rosout] -> http://udacity:38163/ ['http://udacity:34287/', 'http://udacity:44909/', 'http://udacity:44825/']: sec=0.00, result=[1, '', 0]
[rosmaster.master][INFO] 2017-07-03 14:24:01,689: +PUB [/rosout] /urdf_spawner http://udacity:42051/
[rosmaster.master][INFO] 2017-07-03 14:24:01,693: +SUB [/clock] /urdf_spawner http://udacity:42051/
[rosmaster.master][INFO] 2017-07-03 14:24:01,696: +SERVICE [/urdf_spawner/get_loggers] /urdf_spawner http://udacity:42051/
[rosmaster.master][INFO] 2017-07-03 14:24:01,697: +SERVICE [/urdf_spawner/set_logger_level] /urdf_spawner http://udacity:42051/
[rosmaster.master][INFO] 2017-07-03 14:24:01,702: publisherUpdate[/rosout] -> http://udacity:38163/ ['http://udacity:34287/', 'http://udacity:44909/', 'http://udacity:44825/', 'http://udacity:42051/']
[rosmaster.master][INFO] 2017-07-03 14:24:01,703: publisherUpdate[/rosout] -> http://udacity:38163/ ['http://udacity:34287/', 'http://udacity:44909/', 'http://udacity:44825/', 'http://udacity:42051/']: sec=0.00, result=[1, '', 0]
[rosmaster.master][INFO] 2017-07-03 14:24:02,257: +PUB [/rosout] /rviz_udacity_4551_1242453926026275462 http://udacity:33859/
[rosmaster.master][INFO] 2017-07-03 14:24:02,260: +SERVICE [/rviz_udacity_4551_1242453926026275462/get_loggers] /rviz_udacity_4551_1242453926026275462 http://udacity:33859/
[rosmaster.master][INFO] 2017-07-03 14:24:02,261: +SERVICE [/rviz_udacity_4551_1242453926026275462/set_logger_level] /rviz_udacity_4551_1242453926026275462 http://udacity:33859/
[rosmaster.master][INFO] 2017-07-03 14:24:02,268: +SUB [/clock] /rviz_udacity_4551_1242453926026275462 http://udacity:33859/
[rosmaster.master][INFO] 2017-07-03 14:24:02,305: publisherUpdate[/rosout] -> http://udacity:38163/ ['http://udacity:34287/', 'http://udacity:44909/', 'http://udacity:44825/', 'http://udacity:42051/', 'http://udacity:33859/']
[rosmaster.master][INFO] 2017-07-03 14:24:02,306: publisherUpdate[/rosout] -> http://udacity:38163/ ['http://udacity:34287/', 'http://udacity:44909/', 'http://udacity:44825/', 'http://udacity:42051/', 'http://udacity:33859/']: sec=0.00, result=[1, '', 0]
[rosmaster.master][INFO] 2017-07-03 14:24:02,689: +PUB [/rosout] /joint_state_publisher http://udacity:36317/
[rosmaster.master][INFO] 2017-07-03 14:24:02,693: +SUB [/clock] /joint_state_publisher http://udacity:36317/
[rosmaster.master][INFO] 2017-07-03 14:24:02,695: +SERVICE [/joint_state_publisher/get_loggers] /joint_state_publisher http://udacity:36317/
[rosmaster.master][INFO] 2017-07-03 14:24:02,696: +SERVICE [/joint_state_publisher/set_logger_level] /joint_state_publisher http://udacity:36317/
[rosmaster.master][INFO] 2017-07-03 14:24:02,706: publisherUpdate[/rosout] -> http://udacity:38163/ ['http://udacity:34287/', 'http://udacity:44909/', 'http://udacity:44825/', 'http://udacity:42051/', 'http://udacity:33859/', 'http://udacity:36317/']
[rosmaster.master][INFO] 2017-07-03 14:24:02,708: publisherUpdate[/rosout] -> http://udacity:38163/ ['http://udacity:34287/', 'http://udacity:44909/', 'http://udacity:44825/', 'http://udacity:42051/', 'http://udacity:33859/', 'http://udacity:36317/']: sec=0.00, result=[1, '', 0]
[rosmaster.master][INFO] 2017-07-03 14:24:02,734: +PUB [/joint_states] /joint_state_publisher http://udacity:36317/
[rosmaster.master][INFO] 2017-07-03 14:24:03,253: +PUB [/rosout] /gazebo http://udacity:37601/
[rosmaster.master][INFO] 2017-07-03 14:24:03,254: +SERVICE [/gazebo/get_loggers] /gazebo http://udacity:37601/
[rosmaster.master][INFO] 2017-07-03 14:24:03,255: +SERVICE [/gazebo/set_logger_level] /gazebo http://udacity:37601/
[rosmaster.master][INFO] 2017-07-03 14:24:03,263: +SUB [/clock] /gazebo http://udacity:37601/
[rosmaster.master][INFO] 2017-07-03 14:24:03,308: +SUB [/tf] /rviz_udacity_4551_1242453926026275462 http://udacity:33859/
[rosmaster.master][INFO] 2017-07-03 14:24:03,309: publisherUpdate[/rosout] -> http://udacity:38163/ ['http://udacity:34287/', 'http://udacity:44909/', 'http://udacity:44825/', 'http://udacity:42051/', 'http://udacity:33859/', 'http://udacity:36317/', 'http://udacity:37601/']
[rosmaster.master][INFO] 2017-07-03 14:24:03,310: publisherUpdate[/rosout] -> http://udacity:38163/ ['http://udacity:34287/', 'http://udacity:44909/', 'http://udacity:44825/', 'http://udacity:42051/', 'http://udacity:33859/', 'http://udacity:36317/', 'http://udacity:37601/']: sec=0.00, result=[1, '', 0]
[rosmaster.master][INFO] 2017-07-03 14:24:03,316: +SUB [/tf_static] /rviz_udacity_4551_1242453926026275462 http://udacity:33859/
[rosmaster.master][INFO] 2017-07-03 14:24:03,575: +PUB [/initialpose] /rviz_udacity_4551_1242453926026275462 http://udacity:33859/
[rosmaster.master][INFO] 2017-07-03 14:24:03,578: +PUB [/goal] /rviz_udacity_4551_1242453926026275462 http://udacity:33859/
[rosmaster.master][INFO] 2017-07-03 14:24:03,701: +SUB [/camera/depth_registered/points] /rviz_udacity_4551_1242453926026275462 http://udacity:33859/
[rosmaster.master][INFO] 2017-07-03 14:24:03,843: +PUB [/clock] /gazebo http://udacity:37601/
[rosmaster.master][INFO] 2017-07-03 14:24:03,844: +SERVICE [/gazebo/spawn_sdf_model] /gazebo http://udacity:37601/
[rosmaster.master][INFO] 2017-07-03 14:24:03,845: +SERVICE [/gazebo/spawn_urdf_model] /gazebo http://udacity:37601/
[rosmaster.master][INFO] 2017-07-03 14:24:03,846: +SERVICE [/gazebo/delete_model] /gazebo http://udacity:37601/
[rosmaster.master][INFO] 2017-07-03 14:24:03,848: +SERVICE [/gazebo/delete_light] /gazebo http://udacity:37601/
[rosmaster.master][INFO] 2017-07-03 14:24:03,848: +SERVICE [/gazebo/get_model_properties] /gazebo http://udacity:37601/
[rosmaster.master][INFO] 2017-07-03 14:24:03,849: +SERVICE [/gazebo/get_model_state] /gazebo http://udacity:37601/
[rosmaster.master][INFO] 2017-07-03 14:24:03,850: +SERVICE [/gazebo/get_world_properties] /gazebo http://udacity:37601/
[rosmaster.master][INFO] 2017-07-03 14:24:03,851: +SERVICE [/gazebo/get_joint_properties] /gazebo http://udacity:37601/
[rosmaster.master][INFO] 2017-07-03 14:24:03,852: +SERVICE [/gazebo/get_link_properties] /gazebo http://udacity:37601/
[rosmaster.master][INFO] 2017-07-03 14:24:03,853: +SERVICE [/gazebo/get_link_state] /gazebo http://udacity:37601/
[rosmaster.master][INFO] 2017-07-03 14:24:03,854: +SERVICE [/gazebo/get_light_properties] /gazebo http://udacity:37601/
[rosmaster.master][INFO] 2017-07-03 14:24:03,856: +SERVICE [/gazebo/set_light_properties] /gazebo http://udacity:37601/
[rosmaster.master][INFO] 2017-07-03 14:24:03,857: +SERVICE [/gazebo/get_physics_properties] /gazebo http://udacity:37601/
[rosmaster.master][INFO] 2017-07-03 14:24:03,858: +PUB [/gazebo/link_states] /gazebo http://udacity:37601/
[rosmaster.master][INFO] 2017-07-03 14:24:03,859: +PUB [/gazebo/model_states] /gazebo http://udacity:37601/
[rosmaster.master][INFO] 2017-07-03 14:24:03,860: +SERVICE [/gazebo/set_link_properties] /gazebo http://udacity:37601/
[rosmaster.master][INFO] 2017-07-03 14:24:03,861: +SERVICE [/gazebo/set_physics_properties] /gazebo http://udacity:37601/
[rosmaster.master][INFO] 2017-07-03 14:24:03,862: +SERVICE [/gazebo/set_model_state] /gazebo http://udacity:37601/
[rosmaster.master][INFO] 2017-07-03 14:24:03,863: +SERVICE [/gazebo/set_model_configuration] /gazebo http://udacity:37601/
[rosmaster.master][INFO] 2017-07-03 14:24:03,864: +SERVICE [/gazebo/set_joint_properties] /gazebo http://udacity:37601/
[rosmaster.master][INFO] 2017-07-03 14:24:03,865: +SERVICE [/gazebo/set_link_state] /gazebo http://udacity:37601/
[rosmaster.master][INFO] 2017-07-03 14:24:03,870: +SUB [/gazebo/set_link_state] /gazebo http://udacity:37601/
[rosmaster.master][INFO] 2017-07-03 14:24:03,875: +SUB [/gazebo/set_model_state] /gazebo http://udacity:37601/
[rosmaster.master][INFO] 2017-07-03 14:24:03,876: +SERVICE [/gazebo/pause_physics] /gazebo http://udacity:37601/
[rosmaster.master][INFO] 2017-07-03 14:24:03,877: +SERVICE [/gazebo/unpause_physics] /gazebo http://udacity:37601/
[rosmaster.master][INFO] 2017-07-03 14:24:03,878: +SERVICE [/gazebo/apply_body_wrench] /gazebo http://udacity:37601/
[rosmaster.master][INFO] 2017-07-03 14:24:03,879: +SERVICE [/gazebo/apply_joint_effort] /gazebo http://udacity:37601/
[rosmaster.master][INFO] 2017-07-03 14:24:03,880: +SERVICE [/gazebo/clear_joint_forces] /gazebo http://udacity:37601/
[rosmaster.master][INFO] 2017-07-03 14:24:03,882: +SERVICE [/gazebo/clear_body_wrenches] /gazebo http://udacity:37601/
[rosmaster.master][INFO] 2017-07-03 14:24:03,883: +SERVICE [/gazebo/reset_simulation] /gazebo http://udacity:37601/
[rosmaster.master][INFO] 2017-07-03 14:24:03,885: +SERVICE [/gazebo/reset_world] /gazebo http://udacity:37601/
[rosmaster.master][INFO] 2017-07-03 14:24:03,886: +PARAM [/use_sim_time] by /gazebo
[rosmaster.master][INFO] 2017-07-03 14:24:03,910: publisherUpdate[/clock] -> http://udacity:38163/ ['http://udacity:37601/']
[rosmaster.master][INFO] 2017-07-03 14:24:03,911: publisherUpdate[/clock] -> http://udacity:34287/ ['http://udacity:37601/']
[rosmaster.master][INFO] 2017-07-03 14:24:03,912: publisherUpdate[/clock] -> http://udacity:44909/ ['http://udacity:37601/']
[rosmaster.master][INFO] 2017-07-03 14:24:03,912: publisherUpdate[/clock] -> http://udacity:34287/ ['http://udacity:37601/']: sec=0.00, result=[1, '', 0]
[rosmaster.master][INFO] 2017-07-03 14:24:03,913: publisherUpdate[/clock] -> http://udacity:44825/ ['http://udacity:37601/']
[rosmaster.master][INFO] 2017-07-03 14:24:03,912: publisherUpdate[/clock] -> http://udacity:38163/ ['http://udacity:37601/']: sec=0.00, result=[1, '', 0]
[rosmaster.master][INFO] 2017-07-03 14:24:03,914: publisherUpdate[/clock] -> http://udacity:42051/ ['http://udacity:37601/']
[rosmaster.master][INFO] 2017-07-03 14:24:03,914: publisherUpdate[/clock] -> http://udacity:44909/ ['http://udacity:37601/']: sec=0.00, result=[1, '', 0]
[rosmaster.master][INFO] 2017-07-03 14:24:03,915: publisherUpdate[/clock] -> http://udacity:33859/ ['http://udacity:37601/']
[rosmaster.master][INFO] 2017-07-03 14:24:03,916: publisherUpdate[/clock] -> http://udacity:44825/ ['http://udacity:37601/']: sec=0.00, result=[1, '', 0]
[rosmaster.master][INFO] 2017-07-03 14:24:03,916: publisherUpdate[/clock] -> http://udacity:36317/ ['http://udacity:37601/']
[rosmaster.master][INFO] 2017-07-03 14:24:03,916: publisherUpdate[/clock] -> http://udacity:42051/ ['http://udacity:37601/']: sec=0.00, result=[1, '', 0]
[rosmaster.master][INFO] 2017-07-03 14:24:03,917: publisherUpdate[/clock] -> http://udacity:37601/ ['http://udacity:37601/']
[rosmaster.master][INFO] 2017-07-03 14:24:03,917: publisherUpdate[/clock] -> http://udacity:33859/ ['http://udacity:37601/']: sec=0.00, result=[1, '', 0]
[rosmaster.master][INFO] 2017-07-03 14:24:03,918: publisherUpdate[/clock] -> http://udacity:36317/ ['http://udacity:37601/']: sec=0.00, result=[1, '', 0]
[rosmaster.master][INFO] 2017-07-03 14:24:03,919: publisherUpdate[/clock] -> http://udacity:37601/ ['http://udacity:37601/']: sec=0.00, result=[1, '', 0]
[rosmaster.master][INFO] 2017-07-03 14:24:04,288: +SUB [/camera/rgb/image_raw] /rviz_udacity_4551_1242453926026275462 http://udacity:33859/
[rosmaster.master][INFO] 2017-07-03 14:24:04,295: +SUB [/camera/rgb/camera_info] /rviz_udacity_4551_1242453926026275462 http://udacity:33859/
[rosmaster.master][INFO] 2017-07-03 14:24:04,297: -PUB [/goal] /rviz_udacity_4551_1242453926026275462 http://udacity:33859/
[rosmaster.master][INFO] 2017-07-03 14:24:04,299: -PUB [/initialpose] /rviz_udacity_4551_1242453926026275462 http://udacity:33859/
[rosmaster.master][INFO] 2017-07-03 14:24:04,307: +PUB [/initialpose] /rviz_udacity_4551_1242453926026275462 http://udacity:33859/
[rosmaster.master][INFO] 2017-07-03 14:24:04,309: +PUB [/goal] /rviz_udacity_4551_1242453926026275462 http://udacity:33859/
[rosmaster.master][INFO] 2017-07-03 14:24:04,310: +PUB [/move_base_simple/goal] /rviz_udacity_4551_1242453926026275462 http://udacity:33859/
[rosmaster.master][INFO] 2017-07-03 14:24:04,312: -PUB [/goal] /rviz_udacity_4551_1242453926026275462 http://udacity:33859/
[rosmaster.master][INFO] 2017-07-03 14:24:04,313: +PUB [/clicked_point] /rviz_udacity_4551_1242453926026275462 http://udacity:33859/
[rosmaster.master][INFO] 2017-07-03 14:24:04,408: +PUB [/rviz_visual_tools_gui] /rviz_udacity_4551_1242453926026275462 http://udacity:33859/
[rosmaster.master][INFO] 2017-07-03 14:24:05,767: +SERVICE [/rviz_udacity_4551_1242453926026275462/reload_shaders] /rviz_udacity_4551_1242453926026275462 http://udacity:33859/
[rosmaster.master][INFO] 2017-07-03 14:24:31,778: -SUB [/clock] /sensor_stick/spawner http://udacity:44825/
[rosmaster.master][INFO] 2017-07-03 14:24:31,778: -PUB [/rosout] /sensor_stick/spawner http://udacity:44825/
[rosmaster.master][INFO] 2017-07-03 14:24:31,778: -SERVICE [/sensor_stick/spawner/set_logger_level] /sensor_stick/spawner rosrpc://udacity:35165
[rosmaster.master][INFO] 2017-07-03 14:24:31,779: -SERVICE [/sensor_stick/spawner/get_loggers] /sensor_stick/spawner rosrpc://udacity:35165
[rosmaster.master][INFO] 2017-07-03 14:24:31,794: publisherUpdate[/rosout] -> http://udacity:38163/ ['http://udacity:34287/', 'http://udacity:44909/', 'http://udacity:42051/', 'http://udacity:33859/', 'http://udacity:36317/', 'http://udacity:37601/']
[rosmaster.master][INFO] 2017-07-03 14:24:31,795: publisherUpdate[/rosout] -> http://udacity:38163/ ['http://udacity:34287/', 'http://udacity:44909/', 'http://udacity:42051/', 'http://udacity:33859/', 'http://udacity:36317/', 'http://udacity:37601/']: sec=0.00, result=[1, '', 0]
[rosmaster.master][INFO] 2017-07-03 14:24:39,753: -SUB [/clock] /urdf_spawner http://udacity:42051/
[rosmaster.master][INFO] 2017-07-03 14:24:39,753: -PUB [/rosout] /urdf_spawner http://udacity:42051/
[rosmaster.master][INFO] 2017-07-03 14:24:39,753: -SERVICE [/urdf_spawner/set_logger_level] /urdf_spawner rosrpc://udacity:36723
[rosmaster.master][INFO] 2017-07-03 14:24:39,754: -SERVICE [/urdf_spawner/get_loggers] /urdf_spawner rosrpc://udacity:36723
[rosmaster.master][INFO] 2017-07-03 14:24:39,755: publisherUpdate[/rosout] -> http://udacity:38163/ ['http://udacity:34287/', 'http://udacity:44909/', 'http://udacity:33859/', 'http://udacity:36317/', 'http://udacity:37601/']
[rosmaster.master][INFO] 2017-07-03 14:24:39,756: publisherUpdate[/rosout] -> http://udacity:38163/ ['http://udacity:34287/', 'http://udacity:44909/', 'http://udacity:33859/', 'http://udacity:36317/', 'http://udacity:37601/']: sec=0.00, result=[1, '', 0]
[rosmaster.master][INFO] 2017-07-03 14:24:40,142: +SERVICE [/camera/set_camera_info] /gazebo http://udacity:37601/
[rosmaster.master][INFO] 2017-07-03 14:24:40,148: +SERVICE [/camera/set_parameters] /gazebo http://udacity:37601/
[rosmaster.master][INFO] 2017-07-03 14:24:40,149: +PUB [/camera/parameter_descriptions] /gazebo http://udacity:37601/
[rosmaster.master][INFO] 2017-07-03 14:24:40,151: +PUB [/camera/parameter_updates] /gazebo http://udacity:37601/
[rosmaster.master][INFO] 2017-07-03 14:24:40,153: +PARAM [/camera/imager_rate] by /gazebo
[rosmaster.master][INFO] 2017-07-03 14:24:40,155: +PARAM [/camera/imager_rate] by /gazebo
[rosmaster.master][INFO] 2017-07-03 14:24:40,385: +PUB [/camera/rgb/image_raw/compressedDepth] /gazebo http://udacity:37601/
[rosmaster.master][INFO] 2017-07-03 14:24:40,387: +SERVICE [/camera/rgb/image_raw/compressedDepth/set_parameters] /gazebo http://udacity:37601/
[rosmaster.master][INFO] 2017-07-03 14:24:40,388: +PUB [/camera/rgb/image_raw/compressedDepth/parameter_descriptions] /gazebo http://udacity:37601/
[rosmaster.master][INFO] 2017-07-03 14:24:40,389: +PUB [/camera/rgb/image_raw/compressedDepth/parameter_updates] /gazebo http://udacity:37601/
[rosmaster.master][INFO] 2017-07-03 14:24:40,393: +PARAM [/camera/rgb/image_raw/compressedDepth/depth_max] by /gazebo
[rosmaster.master][INFO] 2017-07-03 14:24:40,394: +PARAM [/camera/rgb/image_raw/compressedDepth/depth_quantization] by /gazebo
[rosmaster.master][INFO] 2017-07-03 14:24:40,396: +PARAM [/camera/rgb/image_raw/compressedDepth/png_level] by /gazebo
[rosmaster.master][INFO] 2017-07-03 14:24:40,397: +PARAM [/camera/rgb/image_raw/compressedDepth/depth_max] by /gazebo
[rosmaster.master][INFO] 2017-07-03 14:24:40,398: +PARAM [/camera/rgb/image_raw/compressedDepth/depth_quantization] by /gazebo
[rosmaster.master][INFO] 2017-07-03 14:24:40,399: +PARAM [/camera/rgb/image_raw/compressedDepth/png_level] by /gazebo
[rosmaster.master][INFO] 2017-07-03 14:24:40,459: +PUB [/camera/rgb/image_raw/compressed] /gazebo http://udacity:37601/
[rosmaster.master][INFO] 2017-07-03 14:24:40,460: +SERVICE [/camera/rgb/image_raw/compressed/set_parameters] /gazebo http://udacity:37601/
[rosmaster.master][INFO] 2017-07-03 14:24:40,461: +PUB [/camera/rgb/image_raw/compressed/parameter_descriptions] /gazebo http://udacity:37601/
[rosmaster.master][INFO] 2017-07-03 14:24:40,462: +PUB [/camera/rgb/image_raw/compressed/parameter_updates] /gazebo http://udacity:37601/
[rosmaster.master][INFO] 2017-07-03 14:24:40,465: +PARAM [/camera/rgb/image_raw/compressed/format] by /gazebo
[rosmaster.master][INFO] 2017-07-03 14:24:40,466: +PARAM [/camera/rgb/image_raw/compressed/jpeg_quality] by /gazebo
[rosmaster.master][INFO] 2017-07-03 14:24:40,467: +PARAM [/camera/rgb/image_raw/compressed/png_level] by /gazebo
[rosmaster.master][INFO] 2017-07-03 14:24:40,468: +PARAM [/camera/rgb/image_raw/compressed/format] by /gazebo
[rosmaster.master][INFO] 2017-07-03 14:24:40,470: +PARAM [/camera/rgb/image_raw/compressed/jpeg_quality] by /gazebo
[rosmaster.master][INFO] 2017-07-03 14:24:40,471: +PARAM [/camera/rgb/image_raw/compressed/png_level] by /gazebo
[rosmaster.master][INFO] 2017-07-03 14:24:40,535: +PUB [/camera/rgb/image_raw] /gazebo http://udacity:37601/
[rosmaster.master][INFO] 2017-07-03 14:24:40,557: publisherUpdate[/camera/rgb/image_raw] -> http://udacity:33859/ ['http://udacity:37601/']
[rosmaster.master][INFO] 2017-07-03 14:24:40,559: publisherUpdate[/camera/rgb/image_raw] -> http://udacity:33859/ ['http://udacity:37601/']: sec=0.00, result=[1, '', 0]
[rosmaster.master][INFO] 2017-07-03 14:24:40,606: +PUB [/camera/rgb/image_raw/theora] /gazebo http://udacity:37601/
[rosmaster.master][INFO] 2017-07-03 14:24:40,607: +SERVICE [/sensor_stick/controller_manager/list_controllers] /gazebo http://udacity:37601/
[rosmaster.master][INFO] 2017-07-03 14:24:40,608: +SERVICE [/camera/rgb/image_raw/theora/set_parameters] /gazebo http://udacity:37601/
[rosmaster.master][INFO] 2017-07-03 14:24:40,610: +PUB [/camera/rgb/image_raw/theora/parameter_descriptions] /gazebo http://udacity:37601/
[rosmaster.master][INFO] 2017-07-03 14:24:40,611: +SERVICE [/sensor_stick/controller_manager/list_controller_types] /gazebo http://udacity:37601/
[rosmaster.master][INFO] 2017-07-03 14:24:40,612: +PUB [/camera/rgb/image_raw/theora/parameter_updates] /gazebo http://udacity:37601/
[rosmaster.master][INFO] 2017-07-03 14:24:40,614: +SERVICE [/sensor_stick/controller_manager/load_controller] /gazebo http://udacity:37601/
[rosmaster.master][INFO] 2017-07-03 14:24:40,617: +SERVICE [/sensor_stick/controller_manager/unload_controller] /gazebo http://udacity:37601/
[rosmaster.master][INFO] 2017-07-03 14:24:40,619: +SERVICE [/sensor_stick/controller_manager/switch_controller] /gazebo http://udacity:37601/
[rosmaster.master][INFO] 2017-07-03 14:24:40,621: +SERVICE [/sensor_stick/controller_manager/reload_controller_libraries] /gazebo http://udacity:37601/
[rosmaster.master][INFO] 2017-07-03 14:24:40,622: +PARAM [/camera/rgb/image_raw/theora/optimize_for] by /gazebo
[rosmaster.master][INFO] 2017-07-03 14:24:40,624: +PARAM [/camera/rgb/image_raw/theora/target_bitrate] by /gazebo
[rosmaster.master][INFO] 2017-07-03 14:24:40,625: +PARAM [/camera/rgb/image_raw/theora/quality] by /gazebo
[rosmaster.master][INFO] 2017-07-03 14:24:40,627: +PARAM [/camera/rgb/image_raw/theora/keyframe_frequency] by /gazebo
[rosmaster.master][INFO] 2017-07-03 14:24:40,628: +PARAM [/camera/rgb/image_raw/theora/optimize_for] by /gazebo
[rosmaster.master][INFO] 2017-07-03 14:24:40,630: +PARAM [/camera/rgb/image_raw/theora/target_bitrate] by /gazebo
[rosmaster.master][INFO] 2017-07-03 14:24:40,632: +PARAM [/camera/rgb/image_raw/theora/quality] by /gazebo
[rosmaster.master][INFO] 2017-07-03 14:24:40,633: +PARAM [/camera/rgb/image_raw/theora/keyframe_frequency] by /gazebo
[rosmaster.master][INFO] 2017-07-03 14:24:40,637: +PUB [/camera/rgb/camera_info] /gazebo http://udacity:37601/
[rosmaster.master][INFO] 2017-07-03 14:24:40,639: +PUB [/camera/depth_registered/points] /gazebo http://udacity:37601/
[rosmaster.master][INFO] 2017-07-03 14:24:40,641: +PUB [/camera/depth_registered/image_raw] /gazebo http://udacity:37601/
[rosmaster.master][INFO] 2017-07-03 14:24:40,642: +PUB [/camera/depth_registered/camera_info] /gazebo http://udacity:37601/
[rosmaster.master][INFO] 2017-07-03 14:24:40,654: +SERVICE [/gazebo/set_parameters] /gazebo http://udacity:37601/
[rosmaster.master][INFO] 2017-07-03 14:24:40,655: +PUB [/gazebo/parameter_descriptions] /gazebo http://udacity:37601/
[rosmaster.master][INFO] 2017-07-03 14:24:40,657: +PUB [/gazebo/parameter_updates] /gazebo http://udacity:37601/
[rosmaster.master][INFO] 2017-07-03 14:24:40,658: publisherUpdate[/camera/rgb/camera_info] -> http://udacity:33859/ ['http://udacity:37601/']
[rosmaster.master][INFO] 2017-07-03 14:24:40,659: publisherUpdate[/camera/depth_registered/points] -> http://udacity:34287/ ['http://udacity:37601/']
[rosmaster.master][INFO] 2017-07-03 14:24:40,660: publisherUpdate[/camera/rgb/camera_info] -> http://udacity:33859/ ['http://udacity:37601/']: sec=0.00, result=[1, '', 0]
[rosmaster.master][INFO] 2017-07-03 14:24:40,661: publisherUpdate[/camera/depth_registered/points] -> http://udacity:33859/ ['http://udacity:37601/']
[rosmaster.master][INFO] 2017-07-03 14:24:40,662: publisherUpdate[/camera/depth_registered/points] -> http://udacity:34287/ ['http://udacity:37601/']: sec=0.00, result=[1, '', 0]
[rosmaster.master][INFO] 2017-07-03 14:24:40,662: publisherUpdate[/camera/depth_registered/points] -> http://udacity:33859/ ['http://udacity:37601/']: sec=0.00, result=[1, '', 0]
[rosmaster.master][INFO] 2017-07-03 14:24:40,680: +PARAM [/gazebo/time_step] by /gazebo
[rosmaster.master][INFO] 2017-07-03 14:24:40,681: +PARAM [/gazebo/max_update_rate] by /gazebo
[rosmaster.master][INFO] 2017-07-03 14:24:40,683: +PARAM [/gazebo/gravity_x] by /gazebo
[rosmaster.master][INFO] 2017-07-03 14:24:40,684: +PARAM [/gazebo/gravity_y] by /gazebo
[rosmaster.master][INFO] 2017-07-03 14:24:40,685: +PARAM [/gazebo/gravity_z] by /gazebo
[rosmaster.master][INFO] 2017-07-03 14:24:40,687: +PARAM [/gazebo/auto_disable_bodies] by /gazebo
[rosmaster.master][INFO] 2017-07-03 14:24:40,688: +PARAM [/gazebo/sor_pgs_precon_iters] by /gazebo
[rosmaster.master][INFO] 2017-07-03 14:24:40,689: +PARAM [/gazebo/sor_pgs_iters] by /gazebo
[rosmaster.master][INFO] 2017-07-03 14:24:40,691: +PARAM [/gazebo/sor_pgs_w] by /gazebo
[rosmaster.master][INFO] 2017-07-03 14:24:40,692: +PARAM [/gazebo/sor_pgs_rms_error_tol] by /gazebo
[rosmaster.master][INFO] 2017-07-03 14:24:40,694: +PARAM [/gazebo/cfm] by /gazebo
[rosmaster.master][INFO] 2017-07-03 14:24:40,699: +PARAM [/gazebo/erp] by /gazebo
[rosmaster.master][INFO] 2017-07-03 14:24:40,700: +PARAM [/gazebo/contact_surface_layer] by /gazebo
[rosmaster.master][INFO] 2017-07-03 14:24:40,702: +PARAM [/gazebo/contact_max_correcting_vel] by /gazebo
[rosmaster.master][INFO] 2017-07-03 14:24:40,703: +PARAM [/gazebo/max_contacts] by /gazebo
[rosmaster.master][INFO] 2017-07-03 14:24:40,707: +PARAM [/gazebo/time_step] by /gazebo
[rosmaster.master][INFO] 2017-07-03 14:24:40,708: +PARAM [/gazebo/max_update_rate] by /gazebo
[rosmaster.master][INFO] 2017-07-03 14:24:40,709: +PARAM [/gazebo/gravity_x] by /gazebo
[rosmaster.master][INFO] 2017-07-03 14:24:40,710: +PARAM [/gazebo/gravity_y] by /gazebo
[rosmaster.master][INFO] 2017-07-03 14:24:40,712: +PARAM [/gazebo/gravity_z] by /gazebo
[rosmaster.master][INFO] 2017-07-03 14:24:40,713: +PARAM [/gazebo/auto_disable_bodies] by /gazebo
[rosmaster.master][INFO] 2017-07-03 14:24:40,714: +PARAM [/gazebo/sor_pgs_precon_iters] by /gazebo
[rosmaster.master][INFO] 2017-07-03 14:24:40,715: +PARAM [/gazebo/sor_pgs_iters] by /gazebo
[rosmaster.master][INFO] 2017-07-03 14:24:40,716: +PARAM [/gazebo/sor_pgs_w] by /gazebo
[rosmaster.master][INFO] 2017-07-03 14:24:40,718: +PARAM [/gazebo/sor_pgs_rms_error_tol] by /gazebo
[rosmaster.master][INFO] 2017-07-03 14:24:40,719: +PARAM [/gazebo/cfm] by /gazebo
[rosmaster.master][INFO] 2017-07-03 14:24:40,720: +PARAM [/gazebo/erp] by /gazebo
[rosmaster.master][INFO] 2017-07-03 14:24:40,721: +PARAM [/gazebo/contact_surface_layer] by /gazebo
[rosmaster.master][INFO] 2017-07-03 14:24:40,722: +PARAM [/gazebo/contact_max_correcting_vel] by /gazebo
[rosmaster.master][INFO] 2017-07-03 14:24:40,724: +PARAM [/gazebo/max_contacts] by /gazebo
[rosmaster.master][INFO] 2017-07-03 14:28:35,449: -SUB [/clock] /joint_state_publisher http://udacity:36317/
[rosmaster.master][INFO] 2017-07-03 14:28:35,449: -PUB [/joint_states] /joint_state_publisher http://udacity:36317/
[rosmaster.master][INFO] 2017-07-03 14:28:35,449: -PUB [/rosout] /joint_state_publisher http://udacity:36317/
[rosmaster.master][INFO] 2017-07-03 14:28:35,449: -SERVICE [/joint_state_publisher/get_loggers] /joint_state_publisher rosrpc://udacity:36603
[rosmaster.master][INFO] 2017-07-03 14:28:35,449: -SERVICE [/joint_state_publisher/set_logger_level] /joint_state_publisher rosrpc://udacity:36603
[rosmaster.master][INFO] 2017-07-03 14:28:35,497: -PUB [/rosout] /robot_state_publisher http://udacity:44909/
[rosmaster.master][INFO] 2017-07-03 14:28:35,499: -PUB [/tf] /robot_state_publisher http://udacity:44909/
[rosmaster.master][INFO] 2017-07-03 14:28:35,500: -PUB [/tf_static] /robot_state_publisher http://udacity:44909/
[rosmaster.master][INFO] 2017-07-03 14:28:35,501: -SUB [/clock] /robot_state_publisher http://udacity:44909/
[rosmaster.master][INFO] 2017-07-03 14:28:35,501: publisherUpdate[/rosout] -> http://udacity:38163/ ['http://udacity:34287/', 'http://udacity:44909/', 'http://udacity:33859/', 'http://udacity:37601/']
[rosmaster.master][INFO] 2017-07-03 14:28:35,502: publisherUpdate[/tf] -> http://udacity:34287/ []
[rosmaster.master][INFO] 2017-07-03 14:28:35,504: publisherUpdate[/tf] -> http://udacity:33859/ []
[rosmaster.master][INFO] 2017-07-03 14:28:35,504: -SUB [/sensor_stick/joint_states] /robot_state_publisher http://udacity:44909/
[rosmaster.master][INFO] 2017-07-03 14:28:35,505: publisherUpdate[/rosout] -> http://udacity:38163/ ['http://udacity:34287/', 'http://udacity:44909/', 'http://udacity:33859/', 'http://udacity:37601/']: sec=0.00, result=[1, '', 0]
[rosmaster.master][INFO] 2017-07-03 14:28:35,506: publisherUpdate[/tf] -> http://udacity:34287/ []: sec=0.00, exception=[Errno 111] Connection refused
[rosmaster.master][INFO] 2017-07-03 14:28:35,506: publisherUpdate[/rosout] -> http://udacity:38163/ ['http://udacity:34287/', 'http://udacity:33859/', 'http://udacity:37601/']
[rosmaster.master][INFO] 2017-07-03 14:28:35,508: -SERVICE [/robot_state_publisher/get_loggers] /robot_state_publisher rosrpc://udacity:59661
[rosmaster.master][INFO] 2017-07-03 14:28:35,509: publisherUpdate[/rosout] -> http://udacity:38163/ ['http://udacity:34287/', 'http://udacity:33859/', 'http://udacity:37601/']: sec=0.00, result=[1, '', 0]
[rosmaster.master][INFO] 2017-07-03 14:28:35,510: publisherUpdate[/tf_static] -> http://udacity:34287/ []
[rosmaster.master][INFO] 2017-07-03 14:28:35,511: -SERVICE [/robot_state_publisher/set_logger_level] /robot_state_publisher rosrpc://udacity:59661
[rosmaster.master][INFO] 2017-07-03 14:28:35,511: publisherUpdate[/tf_static] -> http://udacity:34287/ []: sec=0.00, exception=[Errno 111] Connection refused
[rosmaster.master][INFO] 2017-07-03 14:28:35,507: publisherUpdate[/tf] -> http://udacity:33859/ []: sec=0.00, result=[1, '', 0]
[rosmaster.master][INFO] 2017-07-03 14:28:35,512: publisherUpdate[/tf_static] -> http://udacity:33859/ []
[rosmaster.master][INFO] 2017-07-03 14:28:35,513: publisherUpdate[/tf_static] -> http://udacity:33859/ []: sec=0.00, result=[1, '', 0]
[rosmaster.threadpool][ERROR] 2017-07-03 14:28:35,522: Traceback (most recent call last):
  File "/opt/ros/kinetic/lib/python2.7/dist-packages/rosmaster/threadpool.py", line 218, in run
    result = cmd(*args)
  File "/opt/ros/kinetic/lib/python2.7/dist-packages/rosmaster/master_api.py", line 210, in publisher_update_task
    ret = xmlrpcapi(api).publisherUpdate('/master', topic, pub_uris)
  File "/usr/lib/python2.7/xmlrpclib.py", line 1243, in __call__
    return self.__send(self.__name, args)
  File "/usr/lib/python2.7/xmlrpclib.py", line 1602, in __request
    verbose=self.__verbose
  File "/usr/lib/python2.7/xmlrpclib.py", line 1283, in request
    return self.single_request(host, handler, request_body, verbose)
  File "/usr/lib/python2.7/xmlrpclib.py", line 1311, in single_request
    self.send_content(h, request_body)
  File "/usr/lib/python2.7/xmlrpclib.py", line 1459, in send_content
    connection.endheaders(request_body)
  File "/usr/lib/python2.7/httplib.py", line 1053, in endheaders
    self._send_output(message_body)
  File "/usr/lib/python2.7/httplib.py", line 897, in _send_output
    self.send(msg)
  File "/usr/lib/python2.7/httplib.py", line 859, in send
    self.connect()
  File "/usr/lib/python2.7/httplib.py", line 836, in connect
    self.timeout, self.source_address)
  File "/usr/lib/python2.7/socket.py", line 575, in create_connection
    raise err
error: [Errno 111] Connection refused

[rosmaster.threadpool][ERROR] 2017-07-03 14:28:35,522: Traceback (most recent call last):
  File "/opt/ros/kinetic/lib/python2.7/dist-packages/rosmaster/threadpool.py", line 218, in run
    result = cmd(*args)
  File "/opt/ros/kinetic/lib/python2.7/dist-packages/rosmaster/master_api.py", line 210, in publisher_update_task
    ret = xmlrpcapi(api).publisherUpdate('/master', topic, pub_uris)
  File "/usr/lib/python2.7/xmlrpclib.py", line 1243, in __call__
    return self.__send(self.__name, args)
  File "/usr/lib/python2.7/xmlrpclib.py", line 1602, in __request
    verbose=self.__verbose
  File "/usr/lib/python2.7/xmlrpclib.py", line 1283, in request
    return self.single_request(host, handler, request_body, verbose)
  File "/usr/lib/python2.7/xmlrpclib.py", line 1311, in single_request
    self.send_content(h, request_body)
  File "/usr/lib/python2.7/xmlrpclib.py", line 1459, in send_content
    connection.endheaders(request_body)
  File "/usr/lib/python2.7/httplib.py", line 1053, in endheaders
    self._send_output(message_body)
  File "/usr/lib/python2.7/httplib.py", line 897, in _send_output
    self.send(msg)
  File "/usr/lib/python2.7/httplib.py", line 859, in send
    self.connect()
  File "/usr/lib/python2.7/httplib.py", line 836, in connect
    self.timeout, self.source_address)
  File "/usr/lib/python2.7/socket.py", line 575, in create_connection
    raise err
error: [Errno 111] Connection refused

[rosmaster.master][INFO] 2017-07-03 14:28:35,608: -SUB [/gazebo/set_link_state] /gazebo http://udacity:37601/
[rosmaster.master][INFO] 2017-07-03 14:28:35,609: -SUB [/gazebo/set_model_state] /gazebo http://udacity:37601/
[rosmaster.master][INFO] 2017-07-03 14:28:35,611: -PUB [/clock] /gazebo http://udacity:37601/
[rosmaster.master][INFO] 2017-07-03 14:28:35,612: -PUB [/gazebo/link_states] /gazebo http://udacity:37601/
[rosmaster.master][INFO] 2017-07-03 14:28:35,613: publisherUpdate[/clock] -> http://udacity:38163/ []
[rosmaster.master][INFO] 2017-07-03 14:28:35,614: -PUB [/gazebo/model_states] /gazebo http://udacity:37601/
[rosmaster.master][INFO] 2017-07-03 14:28:35,616: -PUB [/rosout] /rviz_udacity_4551_1242453926026275462 http://udacity:33859/
[rosmaster.master][INFO] 2017-07-03 14:28:35,617: publisherUpdate[/clock] -> http://udacity:38163/ []: sec=0.00, result=[1, '', 0]
[rosmaster.master][INFO] 2017-07-03 14:28:35,618: publisherUpdate[/clock] -> http://udacity:34287/ []
[rosmaster.master][INFO] 2017-07-03 14:28:35,619: -SERVICE [/gazebo/spawn_sdf_model] /gazebo rosrpc://udacity:56221
[rosmaster.master][INFO] 2017-07-03 14:28:35,619: publisherUpdate[/clock] -> http://udacity:34287/ []: sec=0.00, exception=[Errno 111] Connection refused
[rosmaster.threadpool][ERROR] 2017-07-03 14:28:35,620: Traceback (most recent call last):
  File "/opt/ros/kinetic/lib/python2.7/dist-packages/rosmaster/threadpool.py", line 218, in run
    result = cmd(*args)
  File "/opt/ros/kinetic/lib/python2.7/dist-packages/rosmaster/master_api.py", line 210, in publisher_update_task
    ret = xmlrpcapi(api).publisherUpdate('/master', topic, pub_uris)
  File "/usr/lib/python2.7/xmlrpclib.py", line 1243, in __call__
    return self.__send(self.__name, args)
  File "/usr/lib/python2.7/xmlrpclib.py", line 1602, in __request
    verbose=self.__verbose
  File "/usr/lib/python2.7/xmlrpclib.py", line 1283, in request
    return self.single_request(host, handler, request_body, verbose)
  File "/usr/lib/python2.7/xmlrpclib.py", line 1311, in single_request
    self.send_content(h, request_body)
  File "/usr/lib/python2.7/xmlrpclib.py", line 1459, in send_content
    connection.endheaders(request_body)
  File "/usr/lib/python2.7/httplib.py", line 1053, in endheaders
    self._send_output(message_body)
  File "/usr/lib/python2.7/httplib.py", line 897, in _send_output
    self.send(msg)
  File "/usr/lib/python2.7/httplib.py", line 859, in send
    self.connect()
  File "/usr/lib/python2.7/httplib.py", line 836, in connect
    self.timeout, self.source_address)
  File "/usr/lib/python2.7/socket.py", line 575, in create_connection
    raise err
error: [Errno 111] Connection refused

[rosmaster.master][INFO] 2017-07-03 14:28:35,620: publisherUpdate[/clock] -> http://udacity:33859/ []
[rosmaster.master][INFO] 2017-07-03 14:28:35,622: -SERVICE [/gazebo/spawn_urdf_model] /gazebo rosrpc://udacity:56221
[rosmaster.master][INFO] 2017-07-03 14:28:35,623: -PUB [/initialpose] /rviz_udacity_4551_1242453926026275462 http://udacity:33859/
[rosmaster.master][INFO] 2017-07-03 14:28:35,623: publisherUpdate[/clock] -> http://udacity:37601/ []
[rosmaster.master][INFO] 2017-07-03 14:28:35,623: publisherUpdate[/rosout] -> http://udacity:38163/ ['http://udacity:34287/', 'http://udacity:37601/']
[rosmaster.master][INFO] 2017-07-03 14:28:35,625: publisherUpdate[/clock] -> http://udacity:33859/ []: sec=0.00, exception=<Fault -1: 'publisherUpdate: unknown method name'>
[rosmaster.threadpool][ERROR] 2017-07-03 14:28:35,629: Traceback (most recent call last):
  File "/opt/ros/kinetic/lib/python2.7/dist-packages/rosmaster/threadpool.py", line 218, in run
    result = cmd(*args)
  File "/opt/ros/kinetic/lib/python2.7/dist-packages/rosmaster/master_api.py", line 210, in publisher_update_task
    ret = xmlrpcapi(api).publisherUpdate('/master', topic, pub_uris)
  File "/usr/lib/python2.7/xmlrpclib.py", line 1243, in __call__
    return self.__send(self.__name, args)
  File "/usr/lib/python2.7/xmlrpclib.py", line 1602, in __request
    verbose=self.__verbose
  File "/usr/lib/python2.7/xmlrpclib.py", line 1283, in request
    return self.single_request(host, handler, request_body, verbose)
  File "/usr/lib/python2.7/xmlrpclib.py", line 1316, in single_request
    return self.parse_response(response)
  File "/usr/lib/python2.7/xmlrpclib.py", line 1493, in parse_response
    return u.close()
  File "/usr/lib/python2.7/xmlrpclib.py", line 800, in close
    raise Fault(**self._stack[0])
Fault: <Fault -1: 'publisherUpdate: unknown method name'>

[rosmaster.master][INFO] 2017-07-03 14:28:35,627: publisherUpdate[/clock] -> http://udacity:37601/ []: sec=0.00, result=[1, '', 0]
[rosmaster.master][INFO] 2017-07-03 14:28:35,629: publisherUpdate[/rosout] -> http://udacity:38163/ ['http://udacity:34287/', 'http://udacity:37601/']: sec=0.00, result=[1, '', 0]
[rosmaster.master][INFO] 2017-07-03 14:28:35,629: -SERVICE [/gazebo/delete_model] /gazebo rosrpc://udacity:56221
[rosmaster.master][INFO] 2017-07-03 14:28:35,632: -PUB [/move_base_simple/goal] /rviz_udacity_4551_1242453926026275462 http://udacity:33859/
[rosmaster.master][INFO] 2017-07-03 14:28:35,633: -SERVICE [/gazebo/delete_light] /gazebo rosrpc://udacity:56221
[rosmaster.master][INFO] 2017-07-03 14:28:35,635: -PUB [/clicked_point] /rviz_udacity_4551_1242453926026275462 http://udacity:33859/
[rosmaster.master][INFO] 2017-07-03 14:28:35,637: -SERVICE [/gazebo/get_model_properties] /gazebo rosrpc://udacity:56221
[rosmaster.master][INFO] 2017-07-03 14:28:35,638: -PUB [/rviz_visual_tools_gui] /rviz_udacity_4551_1242453926026275462 http://udacity:33859/
[rosmaster.master][INFO] 2017-07-03 14:28:35,640: -SERVICE [/gazebo/get_model_state] /gazebo rosrpc://udacity:56221
[rosmaster.master][INFO] 2017-07-03 14:28:35,641: -SUB [/clock] /rviz_udacity_4551_1242453926026275462 http://udacity:33859/
[rosmaster.master][INFO] 2017-07-03 14:28:35,643: -SERVICE [/gazebo/get_world_properties] /gazebo rosrpc://udacity:56221
[rosmaster.master][INFO] 2017-07-03 14:28:35,644: -SUB [/tf] /rviz_udacity_4551_1242453926026275462 http://udacity:33859/
[rosmaster.master][INFO] 2017-07-03 14:28:35,646: -SERVICE [/gazebo/get_joint_properties] /gazebo rosrpc://udacity:56221
[rosmaster.master][INFO] 2017-07-03 14:28:35,646: -SUB [/tf_static] /rviz_udacity_4551_1242453926026275462 http://udacity:33859/
[rosmaster.master][INFO] 2017-07-03 14:28:35,647: -SERVICE [/gazebo/get_link_properties] /gazebo rosrpc://udacity:56221
[rosmaster.master][INFO] 2017-07-03 14:28:35,648: -SUB [/camera/depth_registered/points] /rviz_udacity_4551_1242453926026275462 http://udacity:33859/
[rosmaster.master][INFO] 2017-07-03 14:28:35,649: -SERVICE [/gazebo/get_link_state] /gazebo rosrpc://udacity:56221
[rosmaster.master][INFO] 2017-07-03 14:28:35,650: -SUB [/camera/rgb/image_raw] /rviz_udacity_4551_1242453926026275462 http://udacity:33859/
[rosmaster.master][INFO] 2017-07-03 14:28:35,651: -SERVICE [/gazebo/get_light_properties] /gazebo rosrpc://udacity:56221
[rosmaster.master][INFO] 2017-07-03 14:28:35,653: -SUB [/camera/rgb/camera_info] /rviz_udacity_4551_1242453926026275462 http://udacity:33859/
[rosmaster.master][INFO] 2017-07-03 14:28:35,653: -SERVICE [/gazebo/set_light_properties] /gazebo rosrpc://udacity:56221
[rosmaster.master][INFO] 2017-07-03 14:28:35,654: -SERVICE [/rviz_udacity_4551_1242453926026275462/get_loggers] /rviz_udacity_4551_1242453926026275462 rosrpc://udacity:50717
[rosmaster.master][INFO] 2017-07-03 14:28:35,655: -SERVICE [/gazebo/get_physics_properties] /gazebo rosrpc://udacity:56221
[rosmaster.master][INFO] 2017-07-03 14:28:35,656: -SERVICE [/rviz_udacity_4551_1242453926026275462/set_logger_level] /rviz_udacity_4551_1242453926026275462 rosrpc://udacity:50717
[rosmaster.master][INFO] 2017-07-03 14:28:35,657: -SERVICE [/gazebo/set_link_properties] /gazebo rosrpc://udacity:56221
[rosmaster.master][INFO] 2017-07-03 14:28:35,658: -SERVICE [/rviz_udacity_4551_1242453926026275462/reload_shaders] /rviz_udacity_4551_1242453926026275462 rosrpc://udacity:50717
[rosmaster.master][INFO] 2017-07-03 14:28:35,659: -SERVICE [/gazebo/set_physics_properties] /gazebo rosrpc://udacity:56221
[rosmaster.master][INFO] 2017-07-03 14:28:35,660: -SERVICE [/gazebo/set_model_state] /gazebo rosrpc://udacity:56221
[rosmaster.master][INFO] 2017-07-03 14:28:35,661: -SERVICE [/gazebo/set_model_configuration] /gazebo rosrpc://udacity:56221
[rosmaster.master][INFO] 2017-07-03 14:28:35,663: -SERVICE [/gazebo/set_joint_properties] /gazebo rosrpc://udacity:56221
[rosmaster.master][INFO] 2017-07-03 14:28:35,664: -SERVICE [/gazebo/set_link_state] /gazebo rosrpc://udacity:56221
[rosmaster.master][INFO] 2017-07-03 14:28:35,666: -SERVICE [/gazebo/pause_physics] /gazebo rosrpc://udacity:56221
[rosmaster.master][INFO] 2017-07-03 14:28:35,667: -SERVICE [/gazebo/unpause_physics] /gazebo rosrpc://udacity:56221
[rosmaster.master][INFO] 2017-07-03 14:28:35,668: -SERVICE [/gazebo/apply_body_wrench] /gazebo rosrpc://udacity:56221
[rosmaster.master][INFO] 2017-07-03 14:28:35,669: -SERVICE [/gazebo/apply_joint_effort] /gazebo rosrpc://udacity:56221
[rosmaster.master][INFO] 2017-07-03 14:28:35,671: -SERVICE [/gazebo/clear_joint_forces] /gazebo rosrpc://udacity:56221
[rosmaster.master][INFO] 2017-07-03 14:28:35,672: -SERVICE [/gazebo/clear_body_wrenches] /gazebo rosrpc://udacity:56221
[rosmaster.master][INFO] 2017-07-03 14:28:35,673: -SERVICE [/gazebo/reset_simulation] /gazebo rosrpc://udacity:56221
[rosmaster.master][INFO] 2017-07-03 14:28:35,674: -SERVICE [/gazebo/reset_world] /gazebo rosrpc://udacity:56221
[rosmaster.master][INFO] 2017-07-03 14:28:35,675: -PUB [/gazebo/parameter_descriptions] /gazebo http://udacity:37601/
[rosmaster.master][INFO] 2017-07-03 14:28:35,676: -PUB [/gazebo/parameter_updates] /gazebo http://udacity:37601/
[rosmaster.master][INFO] 2017-07-03 14:28:35,677: -SERVICE [/gazebo/set_parameters] /gazebo rosrpc://udacity:56221
[rosmaster.master][INFO] 2017-07-03 14:28:50,525: -PUB [/rosout_agg] /rosout http://udacity:38163/
[rosmaster.master][INFO] 2017-07-03 14:28:50,526: -SUB [/clock] /rosout http://udacity:38163/
[rosmaster.master][INFO] 2017-07-03 14:28:50,527: -SUB [/rosout] /rosout http://udacity:38163/
[rosmaster.master][INFO] 2017-07-03 14:28:50,528: -SERVICE [/rosout/get_loggers] /rosout rosrpc://udacity:56443
[rosmaster.master][INFO] 2017-07-03 14:28:50,529: -SERVICE [/rosout/set_logger_level] /rosout rosrpc://udacity:56443
[rosmaster.main][INFO] 2017-07-03 14:28:50,560: keyboard interrupt, will exit
[rosmaster.main][INFO] 2017-07-03 14:28:50,560: stopping master...
[rospy.core][INFO] 2017-07-03 14:28:50,560: signal_shutdown [atexit]
