[rospy.client][INFO] 2017-05-22 12:27:04,482: init_node, name[/target_spawner], pid[8938]
[xmlrpc][INFO] 2017-05-22 12:27:04,483: XML-RPC server binding to 0.0.0.0:0
[rospy.init][INFO] 2017-05-22 12:27:04,484: ROS Slave URI: [http://udacity:45063/]
[xmlrpc][INFO] 2017-05-22 12:27:04,484: Started XML-RPC server [http://udacity:45063/]
[rospy.impl.masterslave][INFO] 2017-05-22 12:27:04,485: _ready: http://udacity:45063/
[rospy.registration][INFO] 2017-05-22 12:27:04,486: Registering with master node http://localhost:11311
[xmlrpc][INFO] 2017-05-22 12:27:04,486: xml rpc node: starting XML-RPC server
[rospy.init][INFO] 2017-05-22 12:27:04,585: registered with master
[rospy.rosout][INFO] 2017-05-22 12:27:04,585: initializing /rosout core topic
[rospy.rosout][INFO] 2017-05-22 12:27:04,587: connected to core topic /rosout
[rospy.simtime][INFO] 2017-05-22 12:27:04,590: initializing /clock core topic
[rospy.simtime][INFO] 2017-05-22 12:27:04,593: connected to core topic /clock
[rosout][INFO] 2017-05-22 12:27:04,596: Loading model XML from ros parameter
[rosout][INFO] 2017-05-22 12:27:04,600: Waiting for service /gazebo/spawn_urdf_model
[rosout][INFO] 2017-05-22 12:27:04,631: Calling service /gazebo/spawn_urdf_model
[rospy.internal][INFO] 2017-05-22 12:27:04,637: topic[/clock] adding connection to [http://udacity:39761/], count 0
[rosout][INFO] 2017-05-22 12:27:04,778: Spawn status: SpawnModel: Successfully spawned entity
[rospy.core][INFO] 2017-05-22 12:27:04,779: signal_shutdown [atexit]
[rospy.internal][INFO] 2017-05-22 12:27:04,784: topic[/clock] removing connection to http://udacity:39761/
[rospy.impl.masterslave][INFO] 2017-05-22 12:27:04,784: atexit
