

1749358623.925091345  Node Startup
1749358624.021006467 WARN [/tmp/binarydeb/ros-kinetic-amcl-1.14.9/src/amcl_node.cpp:805(requestMap) [topics: /rosout, /tf, /amcl_pose, /particlecloud] Request for map failed; trying again...
1749358623.950235589 INFO [/tmp/binarydeb/ros-kinetic-map-server-1.14.9/src/main.cpp:167(MapServer) [topics: /rosout] Loading map from image "/home/robond/project3-learning/src/my_robot/maps/map.pgm"
1749358624.521812545 WARN [/tmp/binarydeb/ros-kinetic-amcl-1.14.9/src/amcl_node.cpp:805(requestMap) [topics: /rosout, /tf, /amcl_pose, /particlecloud] Request for map failed; trying again...
1749358624.715248566 INFO [/tmp/binarydeb/ros-kinetic-map-server-1.14.9/src/main.cpp:185(MapServer) [topics: /rosout] Read a 3000 X 3000 map @ 0.010 m/cell
1749358625.024534734 INFO [/tmp/binarydeb/ros-kinetic-map-server-1.14.9/src/main.cpp:215(mapCallback) [topics: /rosout, /map_metadata, /map] Sending map
1749358625.030372814 INFO [/tmp/binarydeb/ros-kinetic-amcl-1.14.9/src/amcl_node.cpp:832(handleMapMessage) [topics: /rosout, /tf, /amcl_pose, /particlecloud] Received a 3000 X 3000 map @ 0.010 m/pix

1749358625.030397546 WARN [/tmp/binarydeb/ros-kinetic-amcl-1.14.9/src/amcl_node.cpp:837(handleMapMessage) [topics: /rosout, /tf, /amcl_pose, /particlecloud] Frame_id of map received:' E' doesn't match global_frame_id:'map'. This could cause issues with reading published topics
1749358625.132287370 INFO [/tmp/binarydeb/ros-kinetic-amcl-1.14.9/src/amcl_node.cpp:901(handleMapMessage) [topics: /rosout, /tf, /amcl_pose, /particlecloud] Initializing likelihood field model; this can take some time on large maps...
1749358625.726397334 INFO [/tmp/binarydeb/ros-kinetic-amcl-1.14.9/src/amcl_node.cpp:904(handleMapMessage) [topics: /rosout, /tf, /amcl_pose, /particlecloud] Done initializing likelihood field model.
0.000000000 INFO [/tmp/binarydeb/ros-kinetic-rviz-1.12.10/src/rviz/ogre_helpers/render_system.cpp:430(RenderWindow* rviz::RenderSystem::makeRenderWindow) [topics: /rosout] Stereo is NOT SUPPORTED
0.000000000 INFO [/tmp/binarydeb/ros-kinetic-roscpp-1.12.7/src/libros/service.cpp:80(service::exists) [topics: /rosout] waitForService: Service [/gazebo/set_physics_properties] has not been advertised, waiting...
84875.521000000 INFO [/tmp/binarydeb/ros-kinetic-roscpp-1.12.7/src/libros/service.cpp:122(service::waitForService) [topics: /rosout, /clock, /gazebo/link_states, /gazebo/model_states] waitForService: Service [/gazebo/set_physics_properties] is now available.
84875.545000000 INFO [/tmp/binarydeb/ros-kinetic-gazebo-ros-2.5.13/src/gazebo_ros_api_plugin.cpp:2110(GazeboRosApiPlugin::physicsReconfigureThread) [topics: /rosout, /clock, /gazebo/link_states, /gazebo/model_states, /gazebo/parameter_descriptions, /gazebo/parameter_updates] Physics dynamic reconfigure ready.
0.000000000 INFO [gazebo_interface.py:27(spawn_urdf_model_client) [topics: /clock, /rosout] Waiting for service /gazebo/spawn_urdf_model
84875.684000000 INFO [gazebo_interface.py:31(spawn_urdf_model_client) [topics: /clock, /rosout] Calling service /gazebo/spawn_urdf_model
84875.850000000 INFO [/tmp/binarydeb/ros-kinetic-gazebo-plugins-2.5.13/include/gazebo_plugins/gazebo_ros_utils.h:99(__cxx11::string gazebo::GetRobotNamespace) [topics: /rosout, /clock, /gazebo/link_states, /gazebo/model_states, /gazebo/parameter_descriptions, /gazebo/parameter_updates] Camera Plugin: Using the 'robotNamespace' param: '/'
84875.850000000 INFO [/tmp/binarydeb/ros-kinetic-gazebo-plugins-2.5.13/include/gazebo_plugins/gazebo_ros_utils.h:99(__cxx11::string gazebo::GetRobotNamespace) [topics: /rosout, /clock, /gazebo/link_states, /gazebo/model_states, /gazebo/parameter_descriptions, /gazebo/parameter_updates] Laser Plugin: Using the 'robotNamespace' param: '/'
84875.850000000 INFO [/tmp/binarydeb/ros-kinetic-gazebo-plugins-2.5.13/src/gazebo_ros_laser.cpp:111(GazeboRosLaser::Load) [topics: /rosout, /clock, /gazebo/link_states, /gazebo/model_states, /gazebo/parameter_descriptions, /gazebo/parameter_updates] Starting Laser Plugin (ns = /)
84875.850000000 INFO [gazebo_interface.py:33(spawn_urdf_model_client) [topics: /clock, /rosout] Spawn status: SpawnModel: Successfully spawned entity
84875.850000000 INFO [/tmp/binarydeb/ros-kinetic-gazebo-plugins-2.5.13/src/gazebo_ros_laser.cpp:135(GazeboRosLaser::LoadThread) [topics: /rosout, /clock, /gazebo/link_states, /gazebo/model_states, /gazebo/parameter_descriptions, /gazebo/parameter_updates] Laser Plugin (ns = /)  <tf_prefix_>, set to ""
84875.850000000 INFO [/tmp/binarydeb/ros-kinetic-gazebo-plugins-2.5.13/src/gazebo_ros_camera_utils.cpp:292(GazeboRosCameraUtils::LoadThread) [topics: /rosout, /clock, /gazebo/link_states, /gazebo/model_states, /gazebo/parameter_descriptions, /gazebo/parameter_updates, /scan] Camera Plugin (ns = /)  <tf_prefix_>, set to ""
84875.850000000 INFO [/tmp/binarydeb/ros-kinetic-gazebo-plugins-2.5.13/src/gazebo_ros_utils.cpp:57(GazeboRos::readCommonParameter) [topics: /rosout, /clock, /gazebo/link_states, /gazebo/model_states, /gazebo/parameter_descriptions, /gazebo/parameter_updates, /scan, /camera/parameter_descriptions] Starting plugin DiffDrive(ns = //)
84875.850000000 INFO [/tmp/binarydeb/ros-kinetic-gazebo-plugins-2.5.13/src/gazebo_ros_utils.cpp:83(GazeboRos::readCommonParameter) [topics: /rosout, /clock, /gazebo/link_states, /gazebo/model_states, /gazebo/parameter_descriptions, /gazebo/parameter_updates, /scan, /camera/parameter_descriptions] DiffDrive(ns = //): <rosDebugLevel> = na
84875.850000000 INFO [/tmp/binarydeb/ros-kinetic-gazebo-plugins-2.5.13/src/gazebo_ros_utils.cpp:93(GazeboRos::readCommonParameter) [topics: /rosout, /clock, /gazebo/link_states, /gazebo/model_states, /gazebo/parameter_descriptions, /gazebo/parameter_updates, /scan, /camera/parameter_descriptions, /camera/parameter_updates] DiffDrive(ns = //): <tf_prefix> = 
84875.850000000 INFO [/tmp/binarydeb/ros-kinetic-gazebo-plugins-2.5.13/src/gazebo_ros_diff_drive.cpp:160(GazeboRosDiffDrive::Load) [topics: /rosout, /clock, /gazebo/link_states, /gazebo/model_states, /gazebo/parameter_descriptions, /gazebo/parameter_updates, /scan, /camera/parameter_descriptions, /camera/parameter_updates, /tf] DiffDrive(ns = //): Try to subscribe to cmd_vel
84875.850000000 INFO [/tmp/binarydeb/ros-kinetic-gazebo-plugins-2.5.13/src/gazebo_ros_diff_drive.cpp:168(GazeboRosDiffDrive::Load) [topics: /rosout, /clock, /gazebo/link_states, /gazebo/model_states, /gazebo/parameter_descriptions, /gazebo/parameter_updates, /scan, /camera/parameter_descriptions, /camera/parameter_updates, /tf] DiffDrive(ns = //): Subscribe to cmd_vel
84875.850000000 INFO [/tmp/binarydeb/ros-kinetic-gazebo-plugins-2.5.13/src/gazebo_ros_diff_drive.cpp:173(GazeboRosDiffDrive::Load) [topics: /rosout, /clock, /gazebo/link_states, /gazebo/model_states, /gazebo/parameter_descriptions, /gazebo/parameter_updates, /scan, /camera/parameter_descriptions, /camera/parameter_updates, /tf, /odom] DiffDrive(ns = //): Advertise odom on odom 
0.000000000 INFO [/tmp/binarydeb/ros-kinetic-rviz-1.12.10/src/rviz/ogre_helpers/render_system.cpp:211(RenderSystem::detectGlVersion) [topics: /rosout] OpenGl version: 3 (GLSL 1.3).
85037.173000000 INFO [/tmp/binarydeb/ros-kinetic-rviz-1.12.10/src/rviz/default_plugin/map_display.cpp:603(MapDisplay::createSwatches) [topics: /rosout, /initialpose, /move_base_simple/goal, /clicked_point] Creating 1 swatches
