[rospy.client][INFO] 2017-07-09 18:22:04,106: init_node, name[/kuka_arm/spawner], pid[2928]
[xmlrpc][INFO] 2017-07-09 18:22:04,107: XML-RPC server binding to 0.0.0.0:0
[xmlrpc][INFO] 2017-07-09 18:22:04,107: Started XML-RPC server [http://udacity:42709/]
[rospy.impl.masterslave][INFO] 2017-07-09 18:22:04,107: _ready: http://udacity:42709/
[xmlrpc][INFO] 2017-07-09 18:22:04,120: xml rpc node: starting XML-RPC server
[rospy.registration][INFO] 2017-07-09 18:22:04,120: Registering with master node http://localhost:11311
[rospy.init][INFO] 2017-07-09 18:22:04,122: ROS Slave URI: [http://udacity:42709/]
[rospy.init][INFO] 2017-07-09 18:22:04,122: registered with master
[rospy.rosout][INFO] 2017-07-09 18:22:04,123: initializing /rosout core topic
[rospy.rosout][INFO] 2017-07-09 18:22:04,125: connected to core topic /rosout
[rospy.simtime][INFO] 2017-07-09 18:22:04,127: initializing /clock core topic
[rospy.simtime][INFO] 2017-07-09 18:22:04,129: connected to core topic /clock
[rosout][INFO] 2017-07-09 18:22:04,133: Controller Spawner: Waiting for service controller_manager/load_controller
[rospy.internal][INFO] 2017-07-09 18:22:04,422: topic[/rosout] adding connection to [/rosout], count 0
[rospy.internal][INFO] 2017-07-09 18:22:06,139: topic[/clock] adding connection to [http://udacity:46419/], count 0
[rosout][INFO] 2017-07-09 18:22:07,155: Controller Spawner: Waiting for service controller_manager/switch_controller
[rosout][INFO] 2017-07-09 18:22:07,157: Controller Spawner: Waiting for service controller_manager/unload_controller
[rosout][INFO] 2017-07-09 18:22:07,159: Loading controller: joint_state_controller
[rosout][INFO] 2017-07-09 18:22:07,230: Loading controller: arm_controller
[rosout][INFO] 2017-07-09 18:22:07,379: Loading controller: gripper_controller
[rosout][INFO] 2017-07-09 18:22:07,517: Controller Spawner: Loaded controllers: joint_state_controller, arm_controller, gripper_controller
[rosout][INFO] 2017-07-09 18:22:07,521: Started controllers: joint_state_controller, arm_controller, gripper_controller
[rospy.internal][INFO] 2017-07-09 18:26:04,300: topic[/rosout] removing connection to /rosout
[rospy.core][INFO] 2017-07-09 18:26:06,071: signal_shutdown [signal-2]
[rosout][INFO] 2017-07-09 18:26:06,071: Shutting down spawner. Stopping and unloading controllers...
[rospy.internal][ERROR] 2017-07-09 18:26:06,262: Unable to initiate TCP/IP socket to udacity:35173 (http://udacity:46419/): Traceback (most recent call last):
  File "/opt/ros/kinetic/lib/python2.7/dist-packages/rospy/impl/tcpros_base.py", line 557, in connect
    self.read_header()
  File "/opt/ros/kinetic/lib/python2.7/dist-packages/rospy/impl/tcpros_base.py", line 650, in read_header
    self._validate_header(read_ros_handshake_header(sock, self.read_buff, self.protocol.buff_size))
  File "/opt/ros/kinetic/lib/python2.7/dist-packages/rospy/impl/tcpros_base.py", line 593, in _validate_header
    raise TransportInitError("remote error reported: %s"%header['error'])
TransportInitError: remote error reported: received a connection for a nonexistent topic [/clock] from [TCPROS connection on port 35173 to [127.0.0.1:43370 on socket 15]] [/kuka_arm/spawner].

[rospy.internal][WARNING] 2017-07-09 18:26:07,266: Unknown error initiating TCP/IP socket to udacity:35173 (http://udacity:46419/): Traceback (most recent call last):
  File "/opt/ros/kinetic/lib/python2.7/dist-packages/rospy/impl/tcpros_base.py", line 555, in connect
    self.socket.connect((dest_addr, dest_port))
  File "/usr/lib/python2.7/socket.py", line 228, in meth
    return getattr(self._sock,name)(*args)
error: [Errno 111] Connection refused

[rospy.internal][INFO] 2017-07-09 18:26:07,266: topic[/clock] removing connection to http://udacity:46419/
