[rospy.client][INFO] 2017-07-09 18:22:03,368: init_node, name[/target_spawner], pid[2905]
[xmlrpc][INFO] 2017-07-09 18:22:03,369: XML-RPC server binding to 0.0.0.0:0
[xmlrpc][INFO] 2017-07-09 18:22:03,369: Started XML-RPC server [http://udacity:39073/]
[rospy.impl.masterslave][INFO] 2017-07-09 18:22:03,369: _ready: http://udacity:39073/
[xmlrpc][INFO] 2017-07-09 18:22:03,370: xml rpc node: starting XML-RPC server
[rospy.registration][INFO] 2017-07-09 18:22:03,371: Registering with master node http://localhost:11311
[rospy.init][INFO] 2017-07-09 18:22:03,371: ROS Slave URI: [http://udacity:39073/]
[rospy.init][INFO] 2017-07-09 18:22:03,372: registered with master
[rospy.rosout][INFO] 2017-07-09 18:22:03,372: initializing /rosout core topic
[rospy.rosout][INFO] 2017-07-09 18:22:03,382: connected to core topic /rosout
[rospy.simtime][INFO] 2017-07-09 18:22:03,386: initializing /clock core topic
[rospy.simtime][INFO] 2017-07-09 18:22:03,389: connected to core topic /clock
[rosout][INFO] 2017-07-09 18:22:03,398: Loading model XML from ros parameter
[rosout][INFO] 2017-07-09 18:22:03,403: Waiting for service /gazebo/spawn_urdf_model
[rospy.internal][INFO] 2017-07-09 18:22:03,530: topic[/rosout] adding connection to [/rosout], count 0
[rosout][INFO] 2017-07-09 18:22:06,130: Calling service /gazebo/spawn_urdf_model
[rospy.internal][INFO] 2017-07-09 18:22:06,161: topic[/clock] adding connection to [http://udacity:46419/], count 0
[rosout][INFO] 2017-07-09 18:22:06,345: Spawn status: SpawnModel: Successfully spawned entity
[rospy.core][INFO] 2017-07-09 18:22:06,345: signal_shutdown [atexit]
[rospy.internal][INFO] 2017-07-09 18:22:06,348: topic[/rosout] removing connection to /rosout
[rospy.internal][INFO] 2017-07-09 18:22:06,349: topic[/clock] removing connection to http://udacity:46419/
[rospy.impl.masterslave][INFO] 2017-07-09 18:22:06,349: atexit
