[rospy.client][INFO] 2017-07-09 18:29:08,405: init_node, name[/urdf_spawner], pid[5755]
[xmlrpc][INFO] 2017-07-09 18:29:08,405: XML-RPC server binding to 0.0.0.0:0
[xmlrpc][INFO] 2017-07-09 18:29:08,405: Started XML-RPC server [http://udacity:42881/]
[rospy.impl.masterslave][INFO] 2017-07-09 18:29:08,406: _ready: http://udacity:42881/
[xmlrpc][INFO] 2017-07-09 18:29:08,406: xml rpc node: starting XML-RPC server
[rospy.registration][INFO] 2017-07-09 18:29:08,406: Registering with master node http://localhost:11311
[rospy.init][INFO] 2017-07-09 18:29:08,417: ROS Slave URI: [http://udacity:42881/]
[rospy.init][INFO] 2017-07-09 18:29:08,418: registered with master
[rospy.rosout][INFO] 2017-07-09 18:29:08,418: initializing /rosout core topic
[rospy.rosout][INFO] 2017-07-09 18:29:08,423: connected to core topic /rosout
[rospy.simtime][INFO] 2017-07-09 18:29:08,427: initializing /clock core topic
[rospy.simtime][INFO] 2017-07-09 18:29:08,430: connected to core topic /clock
[rosout][INFO] 2017-07-09 18:29:08,436: Loading model XML from ros parameter
[rosout][INFO] 2017-07-09 18:29:08,443: Waiting for service /gazebo/spawn_urdf_model
[rospy.internal][INFO] 2017-07-09 18:29:08,642: topic[/rosout] adding connection to [/rosout], count 0
[rospy.internal][INFO] 2017-07-09 18:29:09,405: topic[/clock] adding connection to [http://udacity:41221/], count 0
[rosout][INFO] 2017-07-09 18:29:09,659: Calling service /gazebo/spawn_urdf_model
[rosout][INFO] 2017-07-09 18:29:10,129: Spawn status: SpawnModel: Successfully spawned entity
[rospy.core][INFO] 2017-07-09 18:29:10,130: signal_shutdown [atexit]
[rospy.internal][INFO] 2017-07-09 18:29:10,132: topic[/rosout] removing connection to /rosout
[rospy.internal][INFO] 2017-07-09 18:29:10,133: topic[/clock] removing connection to http://udacity:41221/
[rospy.impl.masterslave][INFO] 2017-07-09 18:29:10,133: atexit
