[rospy.client][INFO] 2017-07-09 21:46:01,106: init_node, name[/kuka_arm/spawner], pid[15079]
[xmlrpc][INFO] 2017-07-09 21:46:01,106: XML-RPC server binding to 0.0.0.0:0
[xmlrpc][INFO] 2017-07-09 21:46:01,107: Started XML-RPC server [http://udacity:39789/]
[rospy.impl.masterslave][INFO] 2017-07-09 21:46:01,107: _ready: http://udacity:39789/
[xmlrpc][INFO] 2017-07-09 21:46:01,107: xml rpc node: starting XML-RPC server
[rospy.registration][INFO] 2017-07-09 21:46:01,108: Registering with master node http://localhost:11311
[rospy.init][INFO] 2017-07-09 21:46:01,109: ROS Slave URI: [http://udacity:39789/]
[rospy.init][INFO] 2017-07-09 21:46:01,109: registered with master
[rospy.rosout][INFO] 2017-07-09 21:46:01,109: initializing /rosout core topic
[rospy.rosout][INFO] 2017-07-09 21:46:01,117: connected to core topic /rosout
[rospy.simtime][INFO] 2017-07-09 21:46:01,120: initializing /clock core topic
[rospy.simtime][INFO] 2017-07-09 21:46:01,125: connected to core topic /clock
[rosout][INFO] 2017-07-09 21:46:01,137: Controller Spawner: Waiting for service controller_manager/load_controller
[rospy.internal][INFO] 2017-07-09 21:46:01,364: topic[/rosout] adding connection to [/rosout], count 0
[rospy.internal][INFO] 2017-07-09 21:46:01,806: topic[/clock] adding connection to [http://udacity:35185/], count 0
[rosout][INFO] 2017-07-09 21:46:02,652: Controller Spawner: Waiting for service controller_manager/switch_controller
[rosout][INFO] 2017-07-09 21:46:02,654: Controller Spawner: Waiting for service controller_manager/unload_controller
[rosout][INFO] 2017-07-09 21:46:02,656: Loading controller: joint_state_controller
[rosout][INFO] 2017-07-09 21:46:02,781: Loading controller: arm_controller
[rosout][INFO] 2017-07-09 21:46:03,021: Loading controller: gripper_controller
[rosout][INFO] 2017-07-09 21:46:03,178: Controller Spawner: Loaded controllers: joint_state_controller, arm_controller, gripper_controller
[rosout][INFO] 2017-07-09 21:46:03,182: Started controllers: joint_state_controller, arm_controller, gripper_controller
[rospy.core][INFO] 2017-07-09 21:52:05,793: signal_shutdown [signal-2]
[rosout][INFO] 2017-07-09 21:52:05,793: Shutting down spawner. Stopping and unloading controllers...
[rospy.internal][ERROR] 2017-07-09 21:52:06,004: Unable to initiate TCP/IP socket to udacity:35811 (http://udacity:35185/): Traceback (most recent call last):
  File "/opt/ros/kinetic/lib/python2.7/dist-packages/rospy/impl/tcpros_base.py", line 557, in connect
    self.read_header()
  File "/opt/ros/kinetic/lib/python2.7/dist-packages/rospy/impl/tcpros_base.py", line 650, in read_header
    self._validate_header(read_ros_handshake_header(sock, self.read_buff, self.protocol.buff_size))
  File "/opt/ros/kinetic/lib/python2.7/dist-packages/rospy/impl/tcpros_base.py", line 593, in _validate_header
    raise TransportInitError("remote error reported: %s"%header['error'])
TransportInitError: remote error reported: received a connection for a nonexistent topic [/clock] from [TCPROS connection on port 35811 to [127.0.0.1:35650 on socket 17]] [/kuka_arm/spawner].

[rospy.core][INFO] 2017-07-09 21:52:06,798: signal_shutdown [atexit]
