[rospy.client][INFO] 2017-07-09 21:46:00,350: init_node, name[/target_spawner], pid[15054]
[xmlrpc][INFO] 2017-07-09 21:46:00,350: XML-RPC server binding to 0.0.0.0:0
[rospy.init][INFO] 2017-07-09 21:46:00,351: ROS Slave URI: [http://udacity:37299/]
[xmlrpc][INFO] 2017-07-09 21:46:00,350: Started XML-RPC server [http://udacity:37299/]
[rospy.impl.masterslave][INFO] 2017-07-09 21:46:00,351: _ready: http://udacity:37299/
[xmlrpc][INFO] 2017-07-09 21:46:00,351: xml rpc node: starting XML-RPC server
[rospy.registration][INFO] 2017-07-09 21:46:00,352: Registering with master node http://localhost:11311
[rospy.init][INFO] 2017-07-09 21:46:00,451: registered with master
[rospy.rosout][INFO] 2017-07-09 21:46:00,451: initializing /rosout core topic
[rospy.rosout][INFO] 2017-07-09 21:46:00,455: connected to core topic /rosout
[rospy.simtime][INFO] 2017-07-09 21:46:00,460: initializing /clock core topic
[rospy.simtime][INFO] 2017-07-09 21:46:00,508: connected to core topic /clock
[rosout][INFO] 2017-07-09 21:46:00,541: Loading model XML from ros parameter
[rosout][INFO] 2017-07-09 21:46:00,566: Waiting for service /gazebo/spawn_urdf_model
[rospy.internal][INFO] 2017-07-09 21:46:00,847: topic[/rosout] adding connection to [/rosout], count 0
[rosout][INFO] 2017-07-09 21:46:01,797: Calling service /gazebo/spawn_urdf_model
[rospy.internal][INFO] 2017-07-09 21:46:01,807: topic[/clock] adding connection to [http://udacity:35185/], count 0
[rosout][INFO] 2017-07-09 21:46:02,381: Spawn status: SpawnModel: Successfully spawned entity
[rospy.core][INFO] 2017-07-09 21:46:02,382: signal_shutdown [atexit]
[rospy.internal][INFO] 2017-07-09 21:46:02,385: topic[/rosout] removing connection to /rosout
[rospy.internal][INFO] 2017-07-09 21:46:02,385: topic[/clock] removing connection to http://udacity:35185/
[rospy.impl.masterslave][INFO] 2017-07-09 21:46:02,386: atexit
