[rospy.client][INFO] 2017-07-09 21:46:00,948: init_node, name[/urdf_spawner], pid[15113]
[xmlrpc][INFO] 2017-07-09 21:46:00,949: XML-RPC server binding to 0.0.0.0:0
[rospy.init][INFO] 2017-07-09 21:46:00,949: ROS Slave URI: [http://udacity:44827/]
[xmlrpc][INFO] 2017-07-09 21:46:00,949: Started XML-RPC server [http://udacity:44827/]
[rospy.impl.masterslave][INFO] 2017-07-09 21:46:00,949: _ready: http://udacity:44827/
[xmlrpc][INFO] 2017-07-09 21:46:00,949: xml rpc node: starting XML-RPC server
[rospy.registration][INFO] 2017-07-09 21:46:00,950: Registering with master node http://localhost:11311
[rospy.init][INFO] 2017-07-09 21:46:01,049: registered with master
[rospy.rosout][INFO] 2017-07-09 21:46:01,050: initializing /rosout core topic
[rospy.rosout][INFO] 2017-07-09 21:46:01,053: connected to core topic /rosout
[rospy.simtime][INFO] 2017-07-09 21:46:01,055: initializing /clock core topic
[rospy.simtime][INFO] 2017-07-09 21:46:01,060: connected to core topic /clock
[rosout][INFO] 2017-07-09 21:46:01,076: Loading model XML from ros parameter
[rosout][INFO] 2017-07-09 21:46:01,095: Waiting for service /gazebo/spawn_urdf_model
[rospy.internal][INFO] 2017-07-09 21:46:01,263: topic[/rosout] adding connection to [/rosout], count 0
[rosout][INFO] 2017-07-09 21:46:01,704: Calling service /gazebo/spawn_urdf_model
[rosout][INFO] 2017-07-09 21:46:01,759: Spawn status: SpawnModel: Entity pushed to spawn queue, but spawn service timed out waiting for entity to appear in simulation under the name kr210
[rospy.core][INFO] 2017-07-09 21:46:01,759: signal_shutdown [atexit]
[rospy.internal][INFO] 2017-07-09 21:46:01,765: topic[/rosout] removing connection to /rosout
[rospy.impl.masterslave][INFO] 2017-07-09 21:46:01,765: atexit
