[rospy.client][INFO] 2017-07-05 09:30:19,161: init_node, name[/sensor_stick/spawner], pid[4513]
[xmlrpc][INFO] 2017-07-05 09:30:19,161: XML-RPC server binding to 0.0.0.0:0
[xmlrpc][INFO] 2017-07-05 09:30:19,162: Started XML-RPC server [http://udacity:36435/]
[rospy.init][INFO] 2017-07-05 09:30:19,162: ROS Slave URI: [http://udacity:36435/]
[rospy.impl.masterslave][INFO] 2017-07-05 09:30:19,162: _ready: http://udacity:36435/
[xmlrpc][INFO] 2017-07-05 09:30:19,163: xml rpc node: starting XML-RPC server
[rospy.registration][INFO] 2017-07-05 09:30:19,163: Registering with master node http://localhost:11311
[rospy.init][INFO] 2017-07-05 09:30:19,263: registered with master
[rospy.rosout][INFO] 2017-07-05 09:30:19,263: initializing /rosout core topic
[rospy.rosout][INFO] 2017-07-05 09:30:19,266: connected to core topic /rosout
[rospy.simtime][INFO] 2017-07-05 09:30:19,268: initializing /clock core topic
[rospy.simtime][INFO] 2017-07-05 09:30:19,270: connected to core topic /clock
[rosout][INFO] 2017-07-05 09:30:19,274: Controller Spawner: Waiting for service controller_manager/load_controller
[rospy.internal][INFO] 2017-07-05 09:30:19,502: topic[/rosout] adding connection to [/rosout], count 0
[rospy.internal][INFO] 2017-07-05 09:30:22,781: topic[/clock] adding connection to [http://udacity:37075/], count 0
[rosout][WARNING] 2017-07-05 09:30:49,481: Controller Spawner couldn't find the expected controller_manager ROS interface.
[rospy.core][INFO] 2017-07-05 09:30:49,481: signal_shutdown [atexit]
[rospy.internal][INFO] 2017-07-05 09:30:49,485: topic[/rosout] removing connection to /rosout
[rospy.internal][INFO] 2017-07-05 09:30:49,485: topic[/clock] removing connection to http://udacity:37075/
[rospy.impl.masterslave][INFO] 2017-07-05 09:30:49,485: atexit
