[rospy.client][INFO] 2017-07-05 09:30:20,461: init_node, name[/urdf_spawner], pid[4524]
[xmlrpc][INFO] 2017-07-05 09:30:20,463: XML-RPC server binding to 0.0.0.0:0
[xmlrpc][INFO] 2017-07-05 09:30:20,464: Started XML-RPC server [http://udacity:34611/]
[rospy.init][INFO] 2017-07-05 09:30:20,465: ROS Slave URI: [http://udacity:34611/]
[rospy.impl.masterslave][INFO] 2017-07-05 09:30:20,465: _ready: http://udacity:34611/
[xmlrpc][INFO] 2017-07-05 09:30:20,466: xml rpc node: starting XML-RPC server
[rospy.registration][INFO] 2017-07-05 09:30:20,466: Registering with master node http://localhost:11311
[rospy.init][INFO] 2017-07-05 09:30:20,566: registered with master
[rospy.rosout][INFO] 2017-07-05 09:30:20,566: initializing /rosout core topic
[rospy.rosout][INFO] 2017-07-05 09:30:20,572: connected to core topic /rosout
[rospy.simtime][INFO] 2017-07-05 09:30:20,576: initializing /clock core topic
[rospy.simtime][INFO] 2017-07-05 09:30:20,584: connected to core topic /clock
[rosout][INFO] 2017-07-05 09:30:20,593: Loading model XML from ros parameter
[rosout][INFO] 2017-07-05 09:30:20,599: Waiting for service /gazebo/spawn_urdf_model
[rospy.internal][INFO] 2017-07-05 09:30:20,808: topic[/rosout] adding connection to [/rosout], count 0
[rospy.internal][INFO] 2017-07-05 09:30:22,799: topic[/clock] adding connection to [http://udacity:37075/], count 0
[rosout][INFO] 2017-07-05 09:30:23,017: Calling service /gazebo/spawn_urdf_model
[rosout][INFO] 2017-07-05 09:30:56,870: Spawn status: SpawnModel: Entity pushed to spawn queue, but spawn service timed out waiting for entity to appear in simulation under the name sensor_stick
[rospy.core][INFO] 2017-07-05 09:30:56,870: signal_shutdown [atexit]
[rospy.internal][INFO] 2017-07-05 09:30:56,874: topic[/rosout] removing connection to /rosout
[rospy.internal][INFO] 2017-07-05 09:30:56,875: topic[/clock] removing connection to http://udacity:37075/
[rospy.impl.masterslave][INFO] 2017-07-05 09:30:56,875: atexit
[rospy.internal][WARNING] 2017-07-05 09:30:56,879: Unknown error initiating TCP/IP socket to udacity:49771 (http://udacity:37075/): Traceback (most recent call last):
  File "/opt/ros/kinetic/lib/python2.7/dist-packages/rospy/impl/tcpros_base.py", line 558, in connect
    self.local_endpoint = self.socket.getsockname()
AttributeError: 'NoneType' object has no attribute 'getsockname'

