[rospy.client][INFO] 2017-05-22 12:31:41,637: init_node, name[/urdf_spawner], pid[2281]
[xmlrpc][INFO] 2017-05-22 12:31:41,637: XML-RPC server binding to 0.0.0.0:0
[rospy.init][INFO] 2017-05-22 12:31:41,638: ROS Slave URI: [http://udacity:46395/]
[xmlrpc][INFO] 2017-05-22 12:31:41,638: Started XML-RPC server [http://udacity:46395/]
[rospy.impl.masterslave][INFO] 2017-05-22 12:31:41,638: _ready: http://udacity:46395/
[xmlrpc][INFO] 2017-05-22 12:31:41,638: xml rpc node: starting XML-RPC server
[rospy.registration][INFO] 2017-05-22 12:31:41,639: Registering with master node http://localhost:11311
[rospy.init][INFO] 2017-05-22 12:31:41,738: registered with master
[rospy.rosout][INFO] 2017-05-22 12:31:41,738: initializing /rosout core topic
[rospy.rosout][INFO] 2017-05-22 12:31:41,740: connected to core topic /rosout
[rospy.simtime][INFO] 2017-05-22 12:31:41,741: initializing /clock core topic
[rospy.simtime][INFO] 2017-05-22 12:31:41,744: connected to core topic /clock
[rosout][INFO] 2017-05-22 12:31:41,747: Loading model XML from ros parameter
[rosout][INFO] 2017-05-22 12:31:41,751: Waiting for service /gazebo/spawn_urdf_model
[rospy.internal][INFO] 2017-05-22 12:31:41,871: topic[/rosout] adding connection to [/rosout], count 0
[rospy.internal][INFO] 2017-05-22 12:31:42,285: topic[/clock] adding connection to [http://udacity:37425/], count 0
[rosout][INFO] 2017-05-22 12:31:42,363: Calling service /gazebo/spawn_urdf_model
[rosout][INFO] 2017-05-22 12:31:42,754: Spawn status: SpawnModel: Successfully spawned entity
[rospy.core][INFO] 2017-05-22 12:31:42,755: signal_shutdown [atexit]
[rospy.internal][INFO] 2017-05-22 12:31:42,758: topic[/rosout] removing connection to /rosout
[rospy.internal][INFO] 2017-05-22 12:31:42,759: topic[/clock] removing connection to http://udacity:37425/
[rospy.impl.masterslave][INFO] 2017-05-22 12:31:42,759: atexit
