[rospy.client][INFO] 2017-07-09 17:55:45,644: init_node, name[/kuka_arm/spawner], pid[20712]
[xmlrpc][INFO] 2017-07-09 17:55:45,644: XML-RPC server binding to 0.0.0.0:0
[rospy.init][INFO] 2017-07-09 17:55:45,645: ROS Slave URI: [http://udacity:44017/]
[xmlrpc][INFO] 2017-07-09 17:55:45,645: Started XML-RPC server [http://udacity:44017/]
[rospy.impl.masterslave][INFO] 2017-07-09 17:55:45,645: _ready: http://udacity:44017/
[xmlrpc][INFO] 2017-07-09 17:55:45,645: xml rpc node: starting XML-RPC server
[rospy.registration][INFO] 2017-07-09 17:55:45,646: Registering with master node http://localhost:11311
[rospy.init][INFO] 2017-07-09 17:55:45,745: registered with master
[rospy.rosout][INFO] 2017-07-09 17:55:45,745: initializing /rosout core topic
[rospy.rosout][INFO] 2017-07-09 17:55:45,747: connected to core topic /rosout
[rospy.simtime][INFO] 2017-07-09 17:55:45,749: initializing /clock core topic
[rospy.simtime][INFO] 2017-07-09 17:55:45,753: connected to core topic /clock
[rosout][INFO] 2017-07-09 17:55:45,758: Controller Spawner: Waiting for service controller_manager/load_controller
[rospy.internal][INFO] 2017-07-09 17:55:46,017: topic[/rosout] adding connection to [/rosout], count 0
[rospy.internal][INFO] 2017-07-09 17:55:46,543: topic[/clock] adding connection to [http://udacity:44107/], count 0
[rosout][INFO] 2017-07-09 17:55:47,282: Controller Spawner: Waiting for service controller_manager/switch_controller
[rosout][INFO] 2017-07-09 17:55:47,286: Controller Spawner: Waiting for service controller_manager/unload_controller
[rosout][INFO] 2017-07-09 17:55:47,291: Loading controller: joint_state_controller
[rosout][INFO] 2017-07-09 17:55:47,399: Loading controller: arm_controller
[rosout][INFO] 2017-07-09 17:55:47,673: Loading controller: gripper_controller
[rosout][INFO] 2017-07-09 17:55:47,912: Controller Spawner: Loaded controllers: joint_state_controller, arm_controller, gripper_controller
[rosout][INFO] 2017-07-09 17:55:47,918: Started controllers: joint_state_controller, arm_controller, gripper_controller
[rospy.internal][INFO] 2017-07-09 17:56:04,049: topic[/rosout] removing connection to /rosout
[rospy.core][INFO] 2017-07-09 17:56:04,315: signal_shutdown [signal-2]
[rospy.core][INFO] 2017-07-09 17:56:04,315: signal_shutdown [atexit]
