[rosmaster.main][INFO] 2017-07-09 17:55:41,866: initialization complete, waiting for shutdown
[rosmaster.main][INFO] 2017-07-09 17:55:41,866: Starting ROS Master Node
[xmlrpc][INFO] 2017-07-09 17:55:41,868: XML-RPC server binding to 0.0.0.0:11311
[xmlrpc][INFO] 2017-07-09 17:55:41,868: Started XML-RPC server [http://udacity:11311/]
[xmlrpc][INFO] 2017-07-09 17:55:41,868: xml rpc node: starting XML-RPC server
[rosmaster.master][INFO] 2017-07-09 17:55:41,869: Master initialized: port[11311], uri[http://udacity:11311/]
[rosmaster.master][INFO] 2017-07-09 17:55:41,918: +PARAM [/run_id] by /roslaunch
[rosmaster.master][INFO] 2017-07-09 17:55:41,919: +PARAM [/roslaunch/uris/host_udacity__42361] by /roslaunch
[rosmaster.master][INFO] 2017-07-09 17:55:41,973: +PARAM [/rosversion] by /roslaunch
[rosmaster.master][INFO] 2017-07-09 17:55:41,973: +PARAM [/target_description] by /roslaunch
[rosmaster.master][INFO] 2017-07-09 17:55:41,973: +PARAM [/rosdistro] by /roslaunch
[rosmaster.master][INFO] 2017-07-09 17:55:41,973: +PARAM [/target_spawn/select_target_spawn] by /roslaunch
[rosmaster.master][INFO] 2017-07-09 17:55:41,976: +SERVICE [/rosout/get_loggers] /rosout http://udacity:35421/
[rosmaster.master][INFO] 2017-07-09 17:55:41,977: +SERVICE [/rosout/set_logger_level] /rosout http://udacity:35421/
[rosmaster.master][INFO] 2017-07-09 17:55:41,980: +PUB [/rosout_agg] /rosout http://udacity:35421/
[rosmaster.master][INFO] 2017-07-09 17:55:41,991: +SUB [/rosout] /rosout http://udacity:35421/
[rosmaster.master][INFO] 2017-07-09 17:55:42,144: +PARAM [/target_drop_location] by /unnamed
[rosmaster.master][INFO] 2017-07-09 17:55:42,146: +PARAM [/target_spawn_location] by /unnamed
[rosmaster.master][INFO] 2017-07-09 17:55:42,147: +PARAM [/target_description_argument] by /unnamed
[rosmaster.master][INFO] 2017-07-09 17:55:44,518: +PARAM [/roslaunch/uris/host_udacity__34329] by /roslaunch
[rosmaster.master][INFO] 2017-07-09 17:55:44,522: +PARAM [/rosversion] by /roslaunch
[rosmaster.master][INFO] 2017-07-09 17:55:44,522: +PARAM [/rosdistro] by /roslaunch
[rosmaster.master][INFO] 2017-07-09 17:55:44,880: +PARAM [/roslaunch/uris/host_udacity__33831] by /roslaunch
[rosmaster.master][INFO] 2017-07-09 17:55:44,910: +PARAM [/kuka_arm/arm_controller/gains/joint_2/d] by /roslaunch
[rosmaster.master][INFO] 2017-07-09 17:55:44,910: +PARAM [/move_group/planner_configs/RRTkConfigDefault/goal_bias] by /roslaunch
[rosmaster.master][INFO] 2017-07-09 17:55:44,910: +PARAM [/kuka_arm/arm_controller/gains/joint_1/i] by /roslaunch
[rosmaster.master][INFO] 2017-07-09 17:55:44,910: +PARAM [/robot_description_semantic] by /roslaunch
[rosmaster.master][INFO] 2017-07-09 17:55:44,910: +PARAM [/use_sim_time] by /roslaunch
[rosmaster.master][INFO] 2017-07-09 17:55:44,910: +PARAM [/move_group/planner_configs/SPARStwokConfigDefault/stretch_factor] by /roslaunch
[rosmaster.master][INFO] 2017-07-09 17:55:44,911: +PARAM [/robot_description_kinematics/arm_group/kinematics_solver_attempts] by /roslaunch
[rosmaster.master][INFO] 2017-07-09 17:55:44,911: +PARAM [/kuka_arm/arm_controller/gains/joint_2/i] by /roslaunch
[rosmaster.master][INFO] 2017-07-09 17:55:44,911: +PARAM [/kuka_arm/joint_state_controller/publish_rate] by /roslaunch
[rosmaster.master][INFO] 2017-07-09 17:55:44,911: +PARAM [/kuka_arm/arm_controller/gains/joint_1/d] by /roslaunch
[rosmaster.master][INFO] 2017-07-09 17:55:44,911: +PARAM [/robot_description_planning/joint_limits/joint_3/max_acceleration] by /roslaunch
[rosmaster.master][INFO] 2017-07-09 17:55:44,911: +PARAM [/kuka_arm/arm_controller/gains/joint_2/p] by /roslaunch
[rosmaster.master][INFO] 2017-07-09 17:55:44,911: +PARAM [/move_group/planner_configs/STRIDEkConfigDefault/max_degree] by /roslaunch
[rosmaster.master][INFO] 2017-07-09 17:55:44,911: +PARAM [/kuka_arm/arm_controller/gains/joint_3/d] by /roslaunch
[rosmaster.master][INFO] 2017-07-09 17:55:44,911: +PARAM [/robot_description_planning/joint_limits/joint_6/max_velocity] by /roslaunch
[rosmaster.master][INFO] 2017-07-09 17:55:44,911: +PARAM [/kuka_arm/arm_controller/gains/joint_1/p] by /roslaunch
[rosmaster.master][INFO] 2017-07-09 17:55:44,912: +PARAM [/move_group/planner_configs/FMTkConfigDefault/radius_multiplier] by /roslaunch
[rosmaster.master][INFO] 2017-07-09 17:55:44,912: +PARAM [/move_group/controller_list] by /roslaunch
[rosmaster.master][INFO] 2017-07-09 17:55:44,912: +PARAM [/robot_description_planning/joint_limits/joint_6/max_acceleration] by /roslaunch
[rosmaster.master][INFO] 2017-07-09 17:55:44,912: +PARAM [/move_group/planner_configs/BFMTkConfigDefault/cache_cc] by /roslaunch
[rosmaster.master][INFO] 2017-07-09 17:55:44,912: +PARAM [/kuka_arm/arm_controller/gains/joint_5/p] by /roslaunch
[rosmaster.master][INFO] 2017-07-09 17:55:44,912: +PARAM [/move_group/max_safe_path_cost] by /roslaunch
[rosmaster.master][INFO] 2017-07-09 17:55:44,912: +PARAM [/move_group/planner_configs/BiTRRTkConfigDefault/temp_change_factor] by /roslaunch
[rosmaster.master][INFO] 2017-07-09 17:55:44,912: +PARAM [/move_group/planner_configs/RRTstarkConfigDefault/delay_collision_checking] by /roslaunch
[rosmaster.master][INFO] 2017-07-09 17:55:44,912: +PARAM [/kuka_arm/arm_controller/gains/joint_4/p] by /roslaunch
[rosmaster.master][INFO] 2017-07-09 17:55:44,912: +PARAM [/kuka_arm/gripper_controller/type] by /roslaunch
[rosmaster.master][INFO] 2017-07-09 17:55:44,912: +PARAM [/kuka_arm/arm_controller/gains/joint_5/d] by /roslaunch
[rosmaster.master][INFO] 2017-07-09 17:55:44,913: +PARAM [/robot_description_planning/joint_limits/right_gripper_finger_joint/max_acceleration] by /roslaunch
[rosmaster.master][INFO] 2017-07-09 17:55:44,913: +PARAM [/move_group/planner_configs/RRTstarkConfigDefault/goal_bias] by /roslaunch
[rosmaster.master][INFO] 2017-07-09 17:55:44,913: +PARAM [/kuka_arm/arm_controller/gains/joint_4/i] by /roslaunch
[rosmaster.master][INFO] 2017-07-09 17:55:44,913: +PARAM [/kuka_arm/arm_controller/gains/joint_4/d] by /roslaunch
[rosmaster.master][INFO] 2017-07-09 17:55:44,913: +PARAM [/move_group/planner_configs/PRMkConfigDefault/type] by /roslaunch
[rosmaster.master][INFO] 2017-07-09 17:55:44,913: +PARAM [/kuka_arm/arm_controller/gains/joint_5/i] by /roslaunch
[rosmaster.master][INFO] 2017-07-09 17:55:44,913: +PARAM [/move_group/planner_configs/ESTkConfigDefault/range] by /roslaunch
[rosmaster.master][INFO] 2017-07-09 17:55:44,913: +PARAM [/move_group/planner_configs/KPIECEkConfigDefault/min_valid_path_fraction] by /roslaunch
[rosmaster.master][INFO] 2017-07-09 17:55:44,913: +PARAM [/kuka_arm/gripper_controller/gains/left_gripper_finger_joint/i] by /roslaunch
[rosmaster.master][INFO] 2017-07-09 17:55:44,913: +PARAM [/move_group/planner_configs/BKPIECEkConfigDefault/border_fraction] by /roslaunch
[rosmaster.master][INFO] 2017-07-09 17:55:44,913: +PARAM [/robot_description_planning/joint_limits/joint_4/max_acceleration] by /roslaunch
[rosmaster.master][INFO] 2017-07-09 17:55:44,913: +PARAM [/kuka_arm/arm_controller/gains/joint_3/p] by /roslaunch
[rosmaster.master][INFO] 2017-07-09 17:55:44,914: +PARAM [/move_group/planner_configs/SPARSkConfigDefault/sparse_delta_fraction] by /roslaunch
[rosmaster.master][INFO] 2017-07-09 17:55:44,914: +PARAM [/move_group/planner_configs/SPARStwokConfigDefault/max_failures] by /roslaunch
[rosmaster.master][INFO] 2017-07-09 17:55:44,914: +PARAM [/move_group/planner_configs/BiTRRTkConfigDefault/frountier_node_ratio] by /roslaunch
[rosmaster.master][INFO] 2017-07-09 17:55:44,914: +PARAM [/move_group/planner_configs/PRMkConfigDefault/max_nearest_neighbors] by /roslaunch
[rosmaster.master][INFO] 2017-07-09 17:55:44,914: +PARAM [/move_group/planner_configs/BiTRRTkConfigDefault/cost_threshold] by /roslaunch
[rosmaster.master][INFO] 2017-07-09 17:55:44,914: +PARAM [/move_group/planner_configs/TRRTkConfigDefault/goal_bias] by /roslaunch
[rosmaster.master][INFO] 2017-07-09 17:55:44,914: +PARAM [/move_group/planning_scene_monitor/publish_state_updates] by /roslaunch
[rosmaster.master][INFO] 2017-07-09 17:55:44,914: +PARAM [/move_group/planner_configs/LBTRRTkConfigDefault/type] by /roslaunch
[rosmaster.master][INFO] 2017-07-09 17:55:44,914: +PARAM [/robot_description_planning/joint_limits/joint_6/has_velocity_limits] by /roslaunch
[rosmaster.master][INFO] 2017-07-09 17:55:44,915: +PARAM [/move_group/planner_configs/BKPIECEkConfigDefault/min_valid_path_fraction] by /roslaunch
[rosmaster.master][INFO] 2017-07-09 17:55:44,915: +PARAM [/move_group/planner_configs/FMTkConfigDefault/type] by /roslaunch
[rosmaster.master][INFO] 2017-07-09 17:55:44,915: +PARAM [/kuka_arm/gripper_controller/gains/left_gripper_finger_joint/d] by /roslaunch
[rosmaster.master][INFO] 2017-07-09 17:55:44,915: +PARAM [/move_group/planner_configs/LBTRRTkConfigDefault/epsilon] by /roslaunch
[rosmaster.master][INFO] 2017-07-09 17:55:44,915: +PARAM [/kuka_arm/arm_controller/state_publish_rate] by /roslaunch
[rosmaster.master][INFO] 2017-07-09 17:55:44,915: +PARAM [/move_group/planner_configs/STRIDEkConfigDefault/min_degree] by /roslaunch
[rosmaster.master][INFO] 2017-07-09 17:55:44,915: +PARAM [/robot_description_planning/joint_limits/joint_1/has_acceleration_limits] by /roslaunch
[rosmaster.master][INFO] 2017-07-09 17:55:44,915: +PARAM [/robot_description_planning/joint_limits/left_gripper_finger_joint/has_velocity_limits] by /roslaunch
[rosmaster.master][INFO] 2017-07-09 17:55:44,915: +PARAM [/kuka_arm/gripper_controller/gains/left_gripper_finger_joint/p] by /roslaunch
[rosmaster.master][INFO] 2017-07-09 17:55:44,915: +PARAM [/kuka_arm/arm_controller/gains/joint_3/i] by /roslaunch
[rosmaster.master][INFO] 2017-07-09 17:55:44,916: +PARAM [/robot_description_planning/joint_limits/joint_3/has_acceleration_limits] by /roslaunch
[rosmaster.master][INFO] 2017-07-09 17:55:44,916: +PARAM [/move_group/planner_configs/BiESTkConfigDefault/range] by /roslaunch
[rosmaster.master][INFO] 2017-07-09 17:55:44,916: +PARAM [/move_group/planner_configs/TRRTkConfigDefault/frountierNodeRatio] by /roslaunch
[rosmaster.master][INFO] 2017-07-09 17:55:44,916: +PARAM [/move_group/planner_configs/ProjESTkConfigDefault/type] by /roslaunch
[rosmaster.master][INFO] 2017-07-09 17:55:44,916: +PARAM [/move_group/planner_configs/BFMTkConfigDefault/type] by /roslaunch
[rosmaster.master][INFO] 2017-07-09 17:55:44,916: +PARAM [/move_group/moveit_controller_manager] by /roslaunch
[rosmaster.master][INFO] 2017-07-09 17:55:44,916: +PARAM [/robot_description_planning/joint_limits/left_gripper_finger_joint/max_velocity] by /roslaunch
[rosmaster.master][INFO] 2017-07-09 17:55:44,916: +PARAM [/move_group/planner_configs/RRTstarkConfigDefault/range] by /roslaunch
[rosmaster.master][INFO] 2017-07-09 17:55:44,916: +PARAM [/move_group/planner_configs/LazyPRMkConfigDefault/type] by /roslaunch
[rosmaster.master][INFO] 2017-07-09 17:55:44,916: +PARAM [/robot_description_planning/joint_limits/joint_5/has_velocity_limits] by /roslaunch
[rosmaster.master][INFO] 2017-07-09 17:55:44,916: +PARAM [/move_group/planning_scene_monitor/publish_geometry_updates] by /roslaunch
[rosmaster.master][INFO] 2017-07-09 17:55:44,917: +PARAM [/robot_description_planning/joint_limits/left_gripper_finger_joint/has_acceleration_limits] by /roslaunch
[rosmaster.master][INFO] 2017-07-09 17:55:44,917: +PARAM [/robot_description_planning/joint_limits/joint_2/max_acceleration] by /roslaunch
[rosmaster.master][INFO] 2017-07-09 17:55:44,917: +PARAM [/move_group/planner_configs/LazyPRMkConfigDefault/range] by /roslaunch
[rosmaster.master][INFO] 2017-07-09 17:55:44,917: +PARAM [/kuka_arm/arm_controller/stop_trajectory_duration] by /roslaunch
[rosmaster.master][INFO] 2017-07-09 17:55:44,917: +PARAM [/move_group/planner_configs/TRRTkConfigDefault/max_states_failed] by /roslaunch
[rosmaster.master][INFO] 2017-07-09 17:55:44,917: +PARAM [/robot_description_planning/joint_limits/right_gripper_finger_joint/has_velocity_limits] by /roslaunch
[rosmaster.master][INFO] 2017-07-09 17:55:44,917: +PARAM [/kuka_arm/arm_controller/constraints/goal_time] by /roslaunch
[rosmaster.master][INFO] 2017-07-09 17:55:44,917: +PARAM [/kuka_arm/gripper_controller/constraints/right_gripper_finger_joint/goal] by /roslaunch
[rosmaster.master][INFO] 2017-07-09 17:55:44,917: +PARAM [/kuka_arm/gripper_controller/gains/right_gripper_finger_joint/i_clamp] by /roslaunch
[rosmaster.master][INFO] 2017-07-09 17:55:44,917: +PARAM [/robot_description_planning/joint_limits/joint_2/has_velocity_limits] by /roslaunch
[rosmaster.master][INFO] 2017-07-09 17:55:44,917: +PARAM [/kuka_arm/gripper_controller/constraints/goal_time] by /roslaunch
[rosmaster.master][INFO] 2017-07-09 17:55:44,918: +PARAM [/robot_description_planning/joint_limits/joint_5/max_velocity] by /roslaunch
[rosmaster.master][INFO] 2017-07-09 17:55:44,918: +PARAM [/move_group/planner_configs/SPARSkConfigDefault/max_failures] by /roslaunch
[rosmaster.master][INFO] 2017-07-09 17:55:44,918: +PARAM [/move_group/planner_configs/BiTRRTkConfigDefault/range] by /roslaunch
[rosmaster.master][INFO] 2017-07-09 17:55:44,918: +PARAM [/move_group/planner_configs/PDSTkConfigDefault/type] by /roslaunch
[rosmaster.master][INFO] 2017-07-09 17:55:44,918: +PARAM [/move_group/trajectory_execution/allowed_goal_duration_margin] by /roslaunch
[rosmaster.master][INFO] 2017-07-09 17:55:44,918: +PARAM [/rosdistro] by /roslaunch
[rosmaster.master][INFO] 2017-07-09 17:55:44,918: +PARAM [/move_group/planner_configs/BKPIECEkConfigDefault/failed_expansion_score_factor] by /roslaunch
[rosmaster.master][INFO] 2017-07-09 17:55:44,918: +PARAM [/kuka_arm/arm_controller/gains/joint_6/d] by /roslaunch
[rosmaster.master][INFO] 2017-07-09 17:55:44,918: +PARAM [/move_group/planner_configs/STRIDEkConfigDefault/max_pts_per_leaf] by /roslaunch
[rosmaster.master][INFO] 2017-07-09 17:55:44,918: +PARAM [/kuka_arm/arm_controller/gains/joint_6/i] by /roslaunch
[rosmaster.master][INFO] 2017-07-09 17:55:44,918: +PARAM [/move_group/planner_configs/BFMTkConfigDefault/nearest_k] by /roslaunch
[rosmaster.master][INFO] 2017-07-09 17:55:44,919: +PARAM [/robot_description_planning/joint_limits/right_gripper_finger_joint/max_velocity] by /roslaunch
[rosmaster.master][INFO] 2017-07-09 17:55:44,919: +PARAM [/move_group/planner_configs/LazyPRMstarkConfigDefault/type] by /roslaunch
[rosmaster.master][INFO] 2017-07-09 17:55:44,919: +PARAM [/move_group/planning_scene_monitor/publish_planning_scene] by /roslaunch
[rosmaster.master][INFO] 2017-07-09 17:55:44,919: +PARAM [/kuka_arm/arm_controller/gains/joint_6/p] by /roslaunch
[rosmaster.master][INFO] 2017-07-09 17:55:44,919: +PARAM [/move_group/planner_configs/SBLkConfigDefault/range] by /roslaunch
[rosmaster.master][INFO] 2017-07-09 17:55:44,919: +PARAM [/move_group/planner_configs/PRMstarkConfigDefault/type] by /roslaunch
[rosmaster.master][INFO] 2017-07-09 17:55:44,919: +PARAM [/move_group/planner_configs/RRTkConfigDefault/range] by /roslaunch
[rosmaster.master][INFO] 2017-07-09 17:55:44,919: +PARAM [/move_group/allow_trajectory_execution] by /roslaunch
[rosmaster.master][INFO] 2017-07-09 17:55:44,919: +PARAM [/robot_description_kinematics/arm_group/kinematics_solver] by /roslaunch
[rosmaster.master][INFO] 2017-07-09 17:55:44,919: +PARAM [/move_group/planner_configs/SPARSkConfigDefault/stretch_factor] by /roslaunch
[rosmaster.master][INFO] 2017-07-09 17:55:44,919: +PARAM [/move_group/planner_configs/ESTkConfigDefault/type] by /roslaunch
[rosmaster.master][INFO] 2017-07-09 17:55:44,920: +PARAM [/move_group/start_state_max_bounds_error] by /roslaunch
[rosmaster.master][INFO] 2017-07-09 17:55:44,920: +PARAM [/kuka_arm/gripper_controller/constraints/left_gripper_finger_joint/goal] by /roslaunch
[rosmaster.master][INFO] 2017-07-09 17:55:44,920: +PARAM [/move_group/planner_configs/STRIDEkConfigDefault/goal_bias] by /roslaunch
[rosmaster.master][INFO] 2017-07-09 17:55:44,920: +PARAM [/robot_description_planning/joint_limits/joint_4/max_velocity] by /roslaunch
[rosmaster.master][INFO] 2017-07-09 17:55:44,920: +PARAM [/move_group/planner_configs/RRTstarkConfigDefault/type] by /roslaunch
[rosmaster.master][INFO] 2017-07-09 17:55:44,920: +PARAM [/move_group/planner_configs/STRIDEkConfigDefault/min_valid_path_fraction] by /roslaunch
[rosmaster.master][INFO] 2017-07-09 17:55:44,920: +PARAM [/move_group/planner_configs/BiTRRTkConfigDefault/frountier_threshold] by /roslaunch
[rosmaster.master][INFO] 2017-07-09 17:55:44,920: +PARAM [/move_group/planner_configs/SPARSkConfigDefault/dense_delta_fraction] by /roslaunch
[rosmaster.master][INFO] 2017-07-09 17:55:44,920: +PARAM [/move_group/planner_configs/BKPIECEkConfigDefault/type] by /roslaunch
[rosmaster.master][INFO] 2017-07-09 17:55:44,920: +PARAM [/move_group/trajectory_execution/allowed_execution_duration_scaling] by /roslaunch
[rosmaster.master][INFO] 2017-07-09 17:55:44,920: +PARAM [/move_group/planner_configs/KPIECEkConfigDefault/border_fraction] by /roslaunch
[rosmaster.master][INFO] 2017-07-09 17:55:44,921: +PARAM [/move_group/trajectory_execution/allowed_start_tolerance] by /roslaunch
[rosmaster.master][INFO] 2017-07-09 17:55:44,921: +PARAM [/move_group/moveit_manage_controllers] by /roslaunch
[rosmaster.master][INFO] 2017-07-09 17:55:44,921: +PARAM [/robot_description_planning/joint_limits/joint_3/has_velocity_limits] by /roslaunch
[rosmaster.master][INFO] 2017-07-09 17:55:44,921: +PARAM [/robot_description_planning/joint_limits/joint_4/has_velocity_limits] by /roslaunch
[rosmaster.master][INFO] 2017-07-09 17:55:44,921: +PARAM [/move_group/planner_configs/FMTkConfigDefault/heuristics] by /roslaunch
[rosmaster.master][INFO] 2017-07-09 17:55:44,921: +PARAM [/move_group/planner_configs/BFMTkConfigDefault/optimality] by /roslaunch
[rosmaster.master][INFO] 2017-07-09 17:55:44,921: +PARAM [/move_group/planner_configs/FMTkConfigDefault/nearest_k] by /roslaunch
[rosmaster.master][INFO] 2017-07-09 17:55:44,921: +PARAM [/move_group/planner_configs/ProjESTkConfigDefault/goal_bias] by /roslaunch
[rosmaster.master][INFO] 2017-07-09 17:55:44,921: +PARAM [/move_group/planner_configs/ESTkConfigDefault/goal_bias] by /roslaunch
[rosmaster.master][INFO] 2017-07-09 17:55:44,921: +PARAM [/move_group/planner_configs/BFMTkConfigDefault/radius_multiplier] by /roslaunch
[rosmaster.master][INFO] 2017-07-09 17:55:44,921: +PARAM [/move_group/planner_configs/LBKPIECEkConfigDefault/border_fraction] by /roslaunch
[rosmaster.master][INFO] 2017-07-09 17:55:44,921: +PARAM [/move_group/planner_configs/FMTkConfigDefault/cache_cc] by /roslaunch
[rosmaster.master][INFO] 2017-07-09 17:55:44,922: +PARAM [/move_group/planner_configs/SPARStwokConfigDefault/dense_delta_fraction] by /roslaunch
[rosmaster.master][INFO] 2017-07-09 17:55:44,922: +PARAM [/move_group/planner_configs/BFMTkConfigDefault/num_samples] by /roslaunch
[rosmaster.master][INFO] 2017-07-09 17:55:44,922: +PARAM [/move_group/planner_configs/TRRTkConfigDefault/range] by /roslaunch
[rosmaster.master][INFO] 2017-07-09 17:55:44,922: +PARAM [/kuka_arm/arm_controller/action_monitor_rate] by /roslaunch
[rosmaster.master][INFO] 2017-07-09 17:55:44,922: +PARAM [/robot_description_planning/joint_limits/joint_5/max_acceleration] by /roslaunch
[rosmaster.master][INFO] 2017-07-09 17:55:44,922: +PARAM [/move_group/planner_configs/TRRTkConfigDefault/temp_change_factor] by /roslaunch
[rosmaster.master][INFO] 2017-07-09 17:55:44,922: +PARAM [/robot_description_planning/joint_limits/left_gripper_finger_joint/max_acceleration] by /roslaunch
[rosmaster.master][INFO] 2017-07-09 17:55:44,922: +PARAM [/move_group/planner_configs/BKPIECEkConfigDefault/range] by /roslaunch
[rosmaster.master][INFO] 2017-07-09 17:55:44,922: +PARAM [/move_group/planner_configs/SBLkConfigDefault/type] by /roslaunch
[rosmaster.master][INFO] 2017-07-09 17:55:44,922: +PARAM [/move_group/planner_configs/LBTRRTkConfigDefault/range] by /roslaunch
[rosmaster.master][INFO] 2017-07-09 17:55:44,922: +PARAM [/robot_description] by /roslaunch
[rosmaster.master][INFO] 2017-07-09 17:55:44,923: +PARAM [/move_group/planner_configs/FMTkConfigDefault/extended_fmt] by /roslaunch
[rosmaster.master][INFO] 2017-07-09 17:55:44,923: +PARAM [/move_group/planner_configs/LBKPIECEkConfigDefault/range] by /roslaunch
[rosmaster.master][INFO] 2017-07-09 17:55:44,923: +PARAM [/move_group/planner_configs/STRIDEkConfigDefault/range] by /roslaunch
[rosmaster.master][INFO] 2017-07-09 17:55:44,923: +PARAM [/move_group/planner_configs/BFMTkConfigDefault/balanced] by /roslaunch
[rosmaster.master][INFO] 2017-07-09 17:55:44,923: +PARAM [/robot_description_planning/joint_limits/joint_5/has_acceleration_limits] by /roslaunch
[rosmaster.master][INFO] 2017-07-09 17:55:44,923: +PARAM [/robot_description_planning/joint_limits/right_gripper_finger_joint/has_acceleration_limits] by /roslaunch
[rosmaster.master][INFO] 2017-07-09 17:55:44,923: +PARAM [/move_group/planner_configs/TRRTkConfigDefault/frountier_threshold] by /roslaunch
[rosmaster.master][INFO] 2017-07-09 17:55:44,923: +PARAM [/move_group/planner_configs/BFMTkConfigDefault/heuristics] by /roslaunch
[rosmaster.master][INFO] 2017-07-09 17:55:44,923: +PARAM [/move_group/planner_configs/KPIECEkConfigDefault/range] by /roslaunch
[rosmaster.master][INFO] 2017-07-09 17:55:44,923: +PARAM [/robot_description_planning/joint_limits/joint_2/max_velocity] by /roslaunch
[rosmaster.master][INFO] 2017-07-09 17:55:44,923: +PARAM [/move_group/planning_plugin] by /roslaunch
[rosmaster.master][INFO] 2017-07-09 17:55:44,924: +PARAM [/move_group/gripper_group/planner_configs] by /roslaunch
[rosmaster.master][INFO] 2017-07-09 17:55:44,924: +PARAM [/move_group/planner_configs/TRRTkConfigDefault/init_temperature] by /roslaunch
[rosmaster.master][INFO] 2017-07-09 17:55:44,924: +PARAM [/move_group/arm_group/planner_configs] by /roslaunch
[rosmaster.master][INFO] 2017-07-09 17:55:44,924: +PARAM [/move_group/planner_configs/TRRTkConfigDefault/type] by /roslaunch
[rosmaster.master][INFO] 2017-07-09 17:55:44,924: +PARAM [/move_group/max_range] by /roslaunch
[rosmaster.master][INFO] 2017-07-09 17:55:44,924: +PARAM [/move_group/planner_configs/KPIECEkConfigDefault/goal_bias] by /roslaunch
[rosmaster.master][INFO] 2017-07-09 17:55:44,924: +PARAM [/move_group/planner_configs/RRTConnectkConfigDefault/range] by /roslaunch
[rosmaster.master][INFO] 2017-07-09 17:55:44,924: +PARAM [/move_group/request_adapters] by /roslaunch
[rosmaster.master][INFO] 2017-07-09 17:55:44,924: +PARAM [/move_group/planner_configs/TRRTkConfigDefault/min_temperature] by /roslaunch
[rosmaster.master][INFO] 2017-07-09 17:55:44,925: +PARAM [/kuka_arm/arm_controller/joints] by /roslaunch
[rosmaster.master][INFO] 2017-07-09 17:55:44,925: +PARAM [/robot_description_planning/joint_limits/joint_1/max_acceleration] by /roslaunch
[rosmaster.master][INFO] 2017-07-09 17:55:44,925: +PARAM [/robot_description_planning/joint_limits/joint_4/has_acceleration_limits] by /roslaunch
[rosmaster.master][INFO] 2017-07-09 17:55:44,925: +PARAM [/robot_description_planning/joint_limits/joint_6/has_acceleration_limits] by /roslaunch
[rosmaster.master][INFO] 2017-07-09 17:55:44,925: +PARAM [/robot_description_planning/joint_limits/joint_3/max_velocity] by /roslaunch
[rosmaster.master][INFO] 2017-07-09 17:55:44,925: +PARAM [/move_group/planner_configs/ProjESTkConfigDefault/range] by /roslaunch
[rosmaster.master][INFO] 2017-07-09 17:55:44,925: +PARAM [/move_group/octomap_resolution] by /roslaunch
[rosmaster.master][INFO] 2017-07-09 17:55:44,925: +PARAM [/kuka_arm/arm_controller/type] by /roslaunch
[rosmaster.master][INFO] 2017-07-09 17:55:44,925: +PARAM [/move_group/planner_configs/STRIDEkConfigDefault/degree] by /roslaunch
[rosmaster.master][INFO] 2017-07-09 17:55:44,925: +PARAM [/move_group/planner_configs/KPIECEkConfigDefault/failed_expansion_score_factor] by /roslaunch
[rosmaster.master][INFO] 2017-07-09 17:55:44,925: +PARAM [/move_group/planning_scene_monitor/publish_transforms_updates] by /roslaunch
[rosmaster.master][INFO] 2017-07-09 17:55:44,926: +PARAM [/kuka_arm/gripper_controller/gains/right_gripper_finger_joint/d] by /roslaunch
[rosmaster.master][INFO] 2017-07-09 17:55:44,926: +PARAM [/move_group/jiggle_fraction] by /roslaunch
[rosmaster.master][INFO] 2017-07-09 17:55:44,926: +PARAM [/move_group/planner_configs/SPARSkConfigDefault/type] by /roslaunch
[rosmaster.master][INFO] 2017-07-09 17:55:44,926: +PARAM [/robot_description_planning/joint_limits/joint_2/has_acceleration_limits] by /roslaunch
[rosmaster.master][INFO] 2017-07-09 17:55:44,926: +PARAM [/move_group/planner_configs/STRIDEkConfigDefault/type] by /roslaunch
[rosmaster.master][INFO] 2017-07-09 17:55:44,926: +PARAM [/kuka_arm/gripper_controller/gains/right_gripper_finger_joint/i] by /roslaunch
[rosmaster.master][INFO] 2017-07-09 17:55:44,926: +PARAM [/move_group/planner_configs/SPARStwokConfigDefault/sparse_delta_fraction] by /roslaunch
[rosmaster.master][INFO] 2017-07-09 17:55:44,926: +PARAM [/move_group/planner_configs/KPIECEkConfigDefault/type] by /roslaunch
[rosmaster.master][INFO] 2017-07-09 17:55:44,926: +PARAM [/kuka_arm/gripper_controller/gains/right_gripper_finger_joint/p] by /roslaunch
[rosmaster.master][INFO] 2017-07-09 17:55:44,927: +PARAM [/move_group/planner_configs/BiTRRTkConfigDefault/type] by /roslaunch
[rosmaster.master][INFO] 2017-07-09 17:55:44,927: +PARAM [/move_group/planner_configs/RRTConnectkConfigDefault/type] by /roslaunch
[rosmaster.master][INFO] 2017-07-09 17:55:44,927: +PARAM [/move_group/planner_configs/BiTRRTkConfigDefault/init_temperature] by /roslaunch
[rosmaster.master][INFO] 2017-07-09 17:55:44,927: +PARAM [/robot_description_planning/joint_limits/joint_1/max_velocity] by /roslaunch
[rosmaster.master][INFO] 2017-07-09 17:55:44,927: +PARAM [/kuka_arm/joint_state_controller/type] by /roslaunch
[rosmaster.master][INFO] 2017-07-09 17:55:44,927: +PARAM [/robot_description_kinematics/arm_group/kinematics_solver_timeout] by /roslaunch
[rosmaster.master][INFO] 2017-07-09 17:55:44,927: +PARAM [/move_group/planner_configs/LBTRRTkConfigDefault/goal_bias] by /roslaunch
[rosmaster.master][INFO] 2017-07-09 17:55:44,927: +PARAM [/kuka_arm/gripper_controller/gains/left_gripper_finger_joint/i_clamp] by /roslaunch
[rosmaster.master][INFO] 2017-07-09 17:55:44,927: +PARAM [/move_group/planner_configs/LBKPIECEkConfigDefault/min_valid_path_fraction] by /roslaunch
[rosmaster.master][INFO] 2017-07-09 17:55:44,927: +PARAM [/rosversion] by /roslaunch
[rosmaster.master][INFO] 2017-07-09 17:55:44,927: +PARAM [/move_group/planner_configs/STRIDEkConfigDefault/estimated_dimension] by /roslaunch
[rosmaster.master][INFO] 2017-07-09 17:55:44,927: +PARAM [/move_group/planner_configs/STRIDEkConfigDefault/use_projected_distance] by /roslaunch
[rosmaster.master][INFO] 2017-07-09 17:55:44,928: +PARAM [/robot_description_planning/joint_limits/joint_1/has_velocity_limits] by /roslaunch
[rosmaster.master][INFO] 2017-07-09 17:55:44,928: +PARAM [/move_group/planner_configs/TRRTkConfigDefault/k_constant] by /roslaunch
[rosmaster.master][INFO] 2017-07-09 17:55:44,928: +PARAM [/move_group/planner_configs/FMTkConfigDefault/num_samples] by /roslaunch
[rosmaster.master][INFO] 2017-07-09 17:55:44,928: +PARAM [/kuka_arm/gripper_controller/joints] by /roslaunch
[rosmaster.master][INFO] 2017-07-09 17:55:44,928: +PARAM [/move_group/planner_configs/LBKPIECEkConfigDefault/type] by /roslaunch
[rosmaster.master][INFO] 2017-07-09 17:55:44,928: +PARAM [/move_group/planner_configs/BFMTkConfigDefault/extended_fmt] by /roslaunch
[rosmaster.master][INFO] 2017-07-09 17:55:44,928: +PARAM [/move_group/planner_configs/BiESTkConfigDefault/type] by /roslaunch
[rosmaster.master][INFO] 2017-07-09 17:55:44,928: +PARAM [/move_group/planner_configs/SPARStwokConfigDefault/type] by /roslaunch
[rosmaster.master][INFO] 2017-07-09 17:55:44,928: +PARAM [/move_group/planner_configs/RRTkConfigDefault/type] by /roslaunch
[rosmaster.master][INFO] 2017-07-09 17:55:44,928: +PARAM [/robot_description_kinematics/arm_group/kinematics_solver_search_resolution] by /roslaunch
[rosmaster.master][INFO] 2017-07-09 17:55:44,997: +PUB [/rosout] /robot_state_publisher http://udacity:33659/
[rosmaster.master][INFO] 2017-07-09 17:55:44,998: +PUB [/rosout] /joint_state_relay http://udacity:39127/
[rosmaster.master][INFO] 2017-07-09 17:55:44,999: +SERVICE [/robot_state_publisher/get_loggers] /robot_state_publisher http://udacity:33659/
[rosmaster.master][INFO] 2017-07-09 17:55:45,000: +SERVICE [/joint_state_relay/get_loggers] /joint_state_relay http://udacity:39127/
[rosmaster.master][INFO] 2017-07-09 17:55:45,008: +SERVICE [/robot_state_publisher/set_logger_level] /robot_state_publisher http://udacity:33659/
[rosmaster.master][INFO] 2017-07-09 17:55:45,009: +SERVICE [/joint_state_relay/set_logger_level] /joint_state_relay http://udacity:39127/
[rosmaster.master][INFO] 2017-07-09 17:55:45,019: +PUB [/rosout] /target_spawner http://udacity:37785/
[rosmaster.master][INFO] 2017-07-09 17:55:45,045: +SUB [/clock] /target_spawner http://udacity:37785/
[rosmaster.master][INFO] 2017-07-09 17:55:45,048: +SERVICE [/target_spawner/get_loggers] /target_spawner http://udacity:37785/
[rosmaster.master][INFO] 2017-07-09 17:55:45,054: +SERVICE [/target_spawner/set_logger_level] /target_spawner http://udacity:37785/
[rosmaster.master][INFO] 2017-07-09 17:55:45,055: +SUB [/clock] /robot_state_publisher http://udacity:33659/
[rosmaster.master][INFO] 2017-07-09 17:55:45,063: +PUB [/rosout] /move_group http://udacity:40595/
[rosmaster.master][INFO] 2017-07-09 17:55:45,065: +SERVICE [/move_group/get_loggers] /move_group http://udacity:40595/
[rosmaster.master][INFO] 2017-07-09 17:55:45,080: +SUB [/clock] /joint_state_relay http://udacity:39127/
[rosmaster.master][INFO] 2017-07-09 17:55:45,081: +SERVICE [/move_group/set_logger_level] /move_group http://udacity:40595/
[rosmaster.master][INFO] 2017-07-09 17:55:45,084: +PUB [/tf] /robot_state_publisher http://udacity:33659/
[rosmaster.master][INFO] 2017-07-09 17:55:45,091: publisherUpdate[/rosout] -> http://udacity:35421/ ['http://udacity:33659/']
[rosmaster.master][INFO] 2017-07-09 17:55:45,094: +PUB [/tf_static] /robot_state_publisher http://udacity:33659/
[rosmaster.master][INFO] 2017-07-09 17:55:45,096: publisherUpdate[/rosout] -> http://udacity:35421/ ['http://udacity:33659/']: sec=0.00, result=[1, '', 0]
[rosmaster.master][INFO] 2017-07-09 17:55:45,096: publisherUpdate[/rosout] -> http://udacity:35421/ ['http://udacity:33659/', 'http://udacity:39127/']
[rosmaster.master][INFO] 2017-07-09 17:55:45,097: publisherUpdate[/rosout] -> http://udacity:35421/ ['http://udacity:33659/', 'http://udacity:39127/']: sec=0.00, result=[1, '', 0]
[rosmaster.master][INFO] 2017-07-09 17:55:45,097: publisherUpdate[/rosout] -> http://udacity:35421/ ['http://udacity:33659/', 'http://udacity:39127/', 'http://udacity:37785/']
[rosmaster.master][INFO] 2017-07-09 17:55:45,104: publisherUpdate[/rosout] -> http://udacity:35421/ ['http://udacity:33659/', 'http://udacity:39127/', 'http://udacity:37785/']: sec=0.01, result=[1, '', 0]
[rosmaster.master][INFO] 2017-07-09 17:55:45,104: publisherUpdate[/rosout] -> http://udacity:35421/ ['http://udacity:33659/', 'http://udacity:39127/', 'http://udacity:37785/', 'http://udacity:40595/']
[rosmaster.master][INFO] 2017-07-09 17:55:45,108: publisherUpdate[/rosout] -> http://udacity:35421/ ['http://udacity:33659/', 'http://udacity:39127/', 'http://udacity:37785/', 'http://udacity:40595/']: sec=0.00, result=[1, '', 0]
[rosmaster.master][INFO] 2017-07-09 17:55:45,144: +PUB [/rosout] /link1_broadcaster http://udacity:41623/
[rosmaster.master][INFO] 2017-07-09 17:55:45,151: +SERVICE [/link1_broadcaster/get_loggers] /link1_broadcaster http://udacity:41623/
[rosmaster.master][INFO] 2017-07-09 17:55:45,172: +SERVICE [/link1_broadcaster/set_logger_level] /link1_broadcaster http://udacity:41623/
[rosmaster.master][INFO] 2017-07-09 17:55:45,177: +SUB [/kuka_arm/joint_states] /joint_state_relay http://udacity:39127/
[rosmaster.master][INFO] 2017-07-09 17:55:45,184: +SUB [/clock] /move_group http://udacity:40595/
[rosmaster.master][INFO] 2017-07-09 17:55:45,193: publisherUpdate[/rosout] -> http://udacity:35421/ ['http://udacity:33659/', 'http://udacity:39127/', 'http://udacity:37785/', 'http://udacity:40595/', 'http://udacity:41623/']
[rosmaster.master][INFO] 2017-07-09 17:55:45,205: publisherUpdate[/rosout] -> http://udacity:35421/ ['http://udacity:33659/', 'http://udacity:39127/', 'http://udacity:37785/', 'http://udacity:40595/', 'http://udacity:41623/']: sec=0.01, result=[1, '', 0]
[rosmaster.master][INFO] 2017-07-09 17:55:45,210: +SUB [/kuka_arm/joint_states] /robot_state_publisher http://udacity:33659/
[rosmaster.master][INFO] 2017-07-09 17:55:45,222: +SUB [/tf] /move_group http://udacity:40595/
[rosmaster.master][INFO] 2017-07-09 17:55:45,226: +SUB [/clock] /link1_broadcaster http://udacity:41623/
[rosmaster.master][INFO] 2017-07-09 17:55:45,230: +PUB [/tf] /link1_broadcaster http://udacity:41623/
[rosmaster.master][INFO] 2017-07-09 17:55:45,239: +SUB [/tf_static] /move_group http://udacity:40595/
[rosmaster.master][INFO] 2017-07-09 17:55:45,276: +PUB [/rosout] /rviz_udacity_20654_4210516421693117260 http://udacity:41701/
[rosmaster.master][INFO] 2017-07-09 17:55:45,278: +SERVICE [/rviz_udacity_20654_4210516421693117260/get_loggers] /rviz_udacity_20654_4210516421693117260 http://udacity:41701/
[rosmaster.master][INFO] 2017-07-09 17:55:45,279: +SERVICE [/rviz_udacity_20654_4210516421693117260/set_logger_level] /rviz_udacity_20654_4210516421693117260 http://udacity:41701/
[rosmaster.master][INFO] 2017-07-09 17:55:45,287: +SUB [/clock] /rviz_udacity_20654_4210516421693117260 http://udacity:41701/
[rosmaster.master][INFO] 2017-07-09 17:55:45,294: publisherUpdate[/tf] -> http://udacity:40595/ ['http://udacity:33659/', 'http://udacity:41623/']
[rosmaster.master][INFO] 2017-07-09 17:55:45,305: publisherUpdate[/rosout] -> http://udacity:35421/ ['http://udacity:33659/', 'http://udacity:39127/', 'http://udacity:37785/', 'http://udacity:40595/', 'http://udacity:41623/', 'http://udacity:41701/']
[rosmaster.master][INFO] 2017-07-09 17:55:45,308: publisherUpdate[/tf] -> http://udacity:40595/ ['http://udacity:33659/', 'http://udacity:41623/']: sec=0.01, result=[1, '', 0]
[rosmaster.master][INFO] 2017-07-09 17:55:45,309: publisherUpdate[/rosout] -> http://udacity:35421/ ['http://udacity:33659/', 'http://udacity:39127/', 'http://udacity:37785/', 'http://udacity:40595/', 'http://udacity:41623/', 'http://udacity:41701/']: sec=0.00, result=[1, '', 0]
[rosmaster.master][INFO] 2017-07-09 17:55:45,509: +PUB [/rosout] /urdf_spawner http://udacity:45089/
[rosmaster.master][INFO] 2017-07-09 17:55:45,509: publisherUpdate[/rosout] -> http://udacity:35421/ ['http://udacity:33659/', 'http://udacity:39127/', 'http://udacity:37785/', 'http://udacity:40595/', 'http://udacity:41623/', 'http://udacity:41701/', 'http://udacity:45089/']
[rosmaster.master][INFO] 2017-07-09 17:55:45,510: publisherUpdate[/rosout] -> http://udacity:35421/ ['http://udacity:33659/', 'http://udacity:39127/', 'http://udacity:37785/', 'http://udacity:40595/', 'http://udacity:41623/', 'http://udacity:41701/', 'http://udacity:45089/']: sec=0.00, result=[1, '', 0]
[rosmaster.master][INFO] 2017-07-09 17:55:45,523: +SUB [/clock] /urdf_spawner http://udacity:45089/
[rosmaster.master][INFO] 2017-07-09 17:55:45,545: +SERVICE [/urdf_spawner/get_loggers] /urdf_spawner http://udacity:45089/
[rosmaster.master][INFO] 2017-07-09 17:55:45,548: +SERVICE [/urdf_spawner/set_logger_level] /urdf_spawner http://udacity:45089/
[rosmaster.master][INFO] 2017-07-09 17:55:45,655: +SERVICE [/move_group/planning_scene_monitor/set_parameters] /move_group http://udacity:40595/
[rosmaster.master][INFO] 2017-07-09 17:55:45,656: +PUB [/move_group/planning_scene_monitor/parameter_descriptions] /move_group http://udacity:40595/
[rosmaster.master][INFO] 2017-07-09 17:55:45,657: +PUB [/move_group/planning_scene_monitor/parameter_updates] /move_group http://udacity:40595/
[rosmaster.master][INFO] 2017-07-09 17:55:45,660: +PARAM [/move_group/planning_scene_monitor/publish_planning_scene] by /move_group
[rosmaster.master][INFO] 2017-07-09 17:55:45,661: +PARAM [/move_group/planning_scene_monitor/publish_planning_scene_hz] by /move_group
[rosmaster.master][INFO] 2017-07-09 17:55:45,661: +PARAM [/move_group/planning_scene_monitor/publish_geometry_updates] by /move_group
[rosmaster.master][INFO] 2017-07-09 17:55:45,663: +PARAM [/move_group/planning_scene_monitor/publish_state_updates] by /move_group
[rosmaster.master][INFO] 2017-07-09 17:55:45,663: +PARAM [/move_group/planning_scene_monitor/publish_transforms_updates] by /move_group
[rosmaster.master][INFO] 2017-07-09 17:55:45,664: +PUB [/move_group/monitored_planning_scene] /move_group http://udacity:40595/
[rosmaster.master][INFO] 2017-07-09 17:55:45,665: +PARAM [/move_group/planning_scene_monitor/publish_planning_scene] by /move_group
[rosmaster.master][INFO] 2017-07-09 17:55:45,666: +PARAM [/move_group/planning_scene_monitor/publish_planning_scene_hz] by /move_group
[rosmaster.master][INFO] 2017-07-09 17:55:45,666: +PARAM [/move_group/planning_scene_monitor/publish_geometry_updates] by /move_group
[rosmaster.master][INFO] 2017-07-09 17:55:45,667: +PARAM [/move_group/planning_scene_monitor/publish_state_updates] by /move_group
[rosmaster.master][INFO] 2017-07-09 17:55:45,668: +PARAM [/move_group/planning_scene_monitor/publish_transforms_updates] by /move_group
[rosmaster.master][INFO] 2017-07-09 17:55:45,671: +SUB [/planning_scene] /move_group http://udacity:40595/
[rosmaster.master][INFO] 2017-07-09 17:55:45,677: +SUB [/collision_object] /move_group http://udacity:40595/
[rosmaster.master][INFO] 2017-07-09 17:55:45,695: +SUB [/planning_scene_world] /move_group http://udacity:40595/
[rosmaster.master][INFO] 2017-07-09 17:55:45,698: +SERVICE [/move_group/save_map] /move_group http://udacity:40595/
[rosmaster.master][INFO] 2017-07-09 17:55:45,699: +SERVICE [/move_group/load_map] /move_group http://udacity:40595/
[rosmaster.master][INFO] 2017-07-09 17:55:45,704: +SUB [/kuka_arm/joint_states] /move_group http://udacity:40595/
[rosmaster.master][INFO] 2017-07-09 17:55:45,707: +SUB [/attached_collision_object] /move_group http://udacity:40595/
[rosmaster.master][INFO] 2017-07-09 17:55:45,747: +PUB [/rosout] /kuka_arm/spawner http://udacity:44017/
[rosmaster.master][INFO] 2017-07-09 17:55:45,752: +SUB [/clock] /kuka_arm/spawner http://udacity:44017/
[rosmaster.master][INFO] 2017-07-09 17:55:45,755: +SERVICE [/kuka_arm/spawner/get_loggers] /kuka_arm/spawner http://udacity:44017/
[rosmaster.master][INFO] 2017-07-09 17:55:45,756: +PUB [/rosout] /gazebo http://udacity:44107/
[rosmaster.master][INFO] 2017-07-09 17:55:45,757: +SERVICE [/kuka_arm/spawner/set_logger_level] /kuka_arm/spawner http://udacity:44017/
[rosmaster.master][INFO] 2017-07-09 17:55:45,759: +SERVICE [/gazebo/get_loggers] /gazebo http://udacity:44107/
[rosmaster.master][INFO] 2017-07-09 17:55:45,760: +SERVICE [/gazebo/set_logger_level] /gazebo http://udacity:44107/
[rosmaster.master][INFO] 2017-07-09 17:55:45,768: +SUB [/clock] /gazebo http://udacity:44107/
[rosmaster.master][INFO] 2017-07-09 17:55:45,812: publisherUpdate[/rosout] -> http://udacity:35421/ ['http://udacity:33659/', 'http://udacity:39127/', 'http://udacity:37785/', 'http://udacity:40595/', 'http://udacity:41623/', 'http://udacity:41701/', 'http://udacity:45089/', 'http://udacity:44017/']
[rosmaster.master][INFO] 2017-07-09 17:55:45,813: publisherUpdate[/rosout] -> http://udacity:35421/ ['http://udacity:33659/', 'http://udacity:39127/', 'http://udacity:37785/', 'http://udacity:40595/', 'http://udacity:41623/', 'http://udacity:41701/', 'http://udacity:45089/', 'http://udacity:44017/']: sec=0.00, result=[1, '', 0]
[rosmaster.master][INFO] 2017-07-09 17:55:45,813: publisherUpdate[/rosout] -> http://udacity:35421/ ['http://udacity:33659/', 'http://udacity:39127/', 'http://udacity:37785/', 'http://udacity:40595/', 'http://udacity:41623/', 'http://udacity:41701/', 'http://udacity:45089/', 'http://udacity:44017/', 'http://udacity:44107/']
[rosmaster.master][INFO] 2017-07-09 17:55:45,815: publisherUpdate[/rosout] -> http://udacity:35421/ ['http://udacity:33659/', 'http://udacity:39127/', 'http://udacity:37785/', 'http://udacity:40595/', 'http://udacity:41623/', 'http://udacity:41701/', 'http://udacity:45089/', 'http://udacity:44017/', 'http://udacity:44107/']: sec=0.00, result=[1, '', 0]
[rosmaster.master][INFO] 2017-07-09 17:55:45,906: +SERVICE [/move_group/ompl/set_parameters] /move_group http://udacity:40595/
[rosmaster.master][INFO] 2017-07-09 17:55:45,908: +PUB [/move_group/ompl/parameter_descriptions] /move_group http://udacity:40595/
[rosmaster.master][INFO] 2017-07-09 17:55:45,909: +PUB [/move_group/ompl/parameter_updates] /move_group http://udacity:40595/
[rosmaster.master][INFO] 2017-07-09 17:55:45,917: +PARAM [/move_group/ompl/simplify_solutions] by /move_group
[rosmaster.master][INFO] 2017-07-09 17:55:45,918: +PARAM [/move_group/ompl/minimum_waypoint_count] by /move_group
[rosmaster.master][INFO] 2017-07-09 17:55:45,919: +PARAM [/move_group/ompl/maximum_waypoint_distance] by /move_group
[rosmaster.master][INFO] 2017-07-09 17:55:45,920: +PARAM [/move_group/ompl/link_for_exploration_tree] by /move_group
[rosmaster.master][INFO] 2017-07-09 17:55:45,921: +PARAM [/move_group/ompl/display_random_valid_states] by /move_group
[rosmaster.master][INFO] 2017-07-09 17:55:45,922: +PARAM [/move_group/ompl/simplify_solutions] by /move_group
[rosmaster.master][INFO] 2017-07-09 17:55:45,923: +PARAM [/move_group/ompl/minimum_waypoint_count] by /move_group
[rosmaster.master][INFO] 2017-07-09 17:55:45,924: +PARAM [/move_group/ompl/maximum_waypoint_distance] by /move_group
[rosmaster.master][INFO] 2017-07-09 17:55:45,925: +PARAM [/move_group/ompl/link_for_exploration_tree] by /move_group
[rosmaster.master][INFO] 2017-07-09 17:55:45,926: +PARAM [/move_group/ompl/display_random_valid_states] by /move_group
[rosmaster.master][INFO] 2017-07-09 17:55:46,008: +PUB [/move_group/display_planned_path] /move_group http://udacity:40595/
[rosmaster.master][INFO] 2017-07-09 17:55:46,009: +PUB [/move_group/display_contacts] /move_group http://udacity:40595/
[rosmaster.master][INFO] 2017-07-09 17:55:46,156: +SUB [/tf] /rviz_udacity_20654_4210516421693117260 http://udacity:41701/
[rosmaster.master][INFO] 2017-07-09 17:55:46,161: +SUB [/tf_static] /rviz_udacity_20654_4210516421693117260 http://udacity:41701/
[rosmaster.master][INFO] 2017-07-09 17:55:46,422: +PUB [/clock] /gazebo http://udacity:44107/
[rosmaster.master][INFO] 2017-07-09 17:55:46,424: +SERVICE [/gazebo/spawn_sdf_model] /gazebo http://udacity:44107/
[rosmaster.master][INFO] 2017-07-09 17:55:46,426: +SERVICE [/gazebo/spawn_urdf_model] /gazebo http://udacity:44107/
[rosmaster.master][INFO] 2017-07-09 17:55:46,426: +SERVICE [/gazebo/delete_model] /gazebo http://udacity:44107/
[rosmaster.master][INFO] 2017-07-09 17:55:46,428: +SERVICE [/gazebo/delete_light] /gazebo http://udacity:44107/
[rosmaster.master][INFO] 2017-07-09 17:55:46,428: +SERVICE [/gazebo/get_model_properties] /gazebo http://udacity:44107/
[rosmaster.master][INFO] 2017-07-09 17:55:46,430: +SERVICE [/gazebo/get_model_state] /gazebo http://udacity:44107/
[rosmaster.master][INFO] 2017-07-09 17:55:46,440: +PARAM [/roslaunch/uris/host_udacity__41329] by /roslaunch
[rosmaster.master][INFO] 2017-07-09 17:55:46,442: +SERVICE [/gazebo/get_world_properties] /gazebo http://udacity:44107/
[rosmaster.master][INFO] 2017-07-09 17:55:46,444: +SERVICE [/gazebo/get_joint_properties] /gazebo http://udacity:44107/
[rosmaster.master][INFO] 2017-07-09 17:55:46,445: +SERVICE [/gazebo/get_link_properties] /gazebo http://udacity:44107/
[rosmaster.master][INFO] 2017-07-09 17:55:46,446: +PARAM [/rosversion] by /roslaunch
[rosmaster.master][INFO] 2017-07-09 17:55:46,446: +PARAM [/rosdistro] by /roslaunch
[rosmaster.master][INFO] 2017-07-09 17:55:46,446: +PARAM [/trajectory_sampler/demo] by /roslaunch
[rosmaster.master][INFO] 2017-07-09 17:55:46,447: +SERVICE [/gazebo/get_link_state] /gazebo http://udacity:44107/
[rosmaster.master][INFO] 2017-07-09 17:55:46,448: +SERVICE [/gazebo/get_light_properties] /gazebo http://udacity:44107/
[rosmaster.master][INFO] 2017-07-09 17:55:46,450: +SERVICE [/gazebo/set_light_properties] /gazebo http://udacity:44107/
[rosmaster.master][INFO] 2017-07-09 17:55:46,451: +SERVICE [/gazebo/get_physics_properties] /gazebo http://udacity:44107/
[rosmaster.master][INFO] 2017-07-09 17:55:46,452: +PUB [/gazebo/link_states] /gazebo http://udacity:44107/
[rosmaster.master][INFO] 2017-07-09 17:55:46,453: +PUB [/gazebo/model_states] /gazebo http://udacity:44107/
[rosmaster.master][INFO] 2017-07-09 17:55:46,454: +SERVICE [/gazebo/set_link_properties] /gazebo http://udacity:44107/
[rosmaster.master][INFO] 2017-07-09 17:55:46,455: +SERVICE [/gazebo/set_physics_properties] /gazebo http://udacity:44107/
[rosmaster.master][INFO] 2017-07-09 17:55:46,456: +SERVICE [/gazebo/set_model_state] /gazebo http://udacity:44107/
[rosmaster.master][INFO] 2017-07-09 17:55:46,456: +SERVICE [/gazebo/set_model_configuration] /gazebo http://udacity:44107/
[rosmaster.master][INFO] 2017-07-09 17:55:46,458: +SERVICE [/gazebo/set_joint_properties] /gazebo http://udacity:44107/
[rosmaster.master][INFO] 2017-07-09 17:55:46,458: +SERVICE [/gazebo/set_link_state] /gazebo http://udacity:44107/
[rosmaster.master][INFO] 2017-07-09 17:55:46,466: +PUB [/initialpose] /rviz_udacity_20654_4210516421693117260 http://udacity:41701/
[rosmaster.master][INFO] 2017-07-09 17:55:46,468: +SUB [/gazebo/set_link_state] /gazebo http://udacity:44107/
[rosmaster.master][INFO] 2017-07-09 17:55:46,470: +PUB [/goal] /rviz_udacity_20654_4210516421693117260 http://udacity:41701/
[rosmaster.master][INFO] 2017-07-09 17:55:46,474: +SUB [/gazebo/set_model_state] /gazebo http://udacity:44107/
[rosmaster.master][INFO] 2017-07-09 17:55:46,475: +SERVICE [/gazebo/pause_physics] /gazebo http://udacity:44107/
[rosmaster.master][INFO] 2017-07-09 17:55:46,476: +SERVICE [/gazebo/unpause_physics] /gazebo http://udacity:44107/
[rosmaster.master][INFO] 2017-07-09 17:55:46,476: +SERVICE [/gazebo/apply_body_wrench] /gazebo http://udacity:44107/
[rosmaster.master][INFO] 2017-07-09 17:55:46,478: +SERVICE [/gazebo/apply_joint_effort] /gazebo http://udacity:44107/
[rosmaster.master][INFO] 2017-07-09 17:55:46,479: +SERVICE [/gazebo/clear_joint_forces] /gazebo http://udacity:44107/
[rosmaster.master][INFO] 2017-07-09 17:55:46,484: +SERVICE [/gazebo/clear_body_wrenches] /gazebo http://udacity:44107/
[rosmaster.master][INFO] 2017-07-09 17:55:46,487: +SERVICE [/gazebo/reset_simulation] /gazebo http://udacity:44107/
[rosmaster.master][INFO] 2017-07-09 17:55:46,488: +SERVICE [/gazebo/reset_world] /gazebo http://udacity:44107/
[rosmaster.master][INFO] 2017-07-09 17:55:46,489: +PARAM [/use_sim_time] by /gazebo
[rosmaster.master][INFO] 2017-07-09 17:55:46,515: publisherUpdate[/clock] -> http://udacity:37785/ ['http://udacity:44107/']
[rosmaster.master][INFO] 2017-07-09 17:55:46,517: publisherUpdate[/clock] -> http://udacity:33659/ ['http://udacity:44107/']
[rosmaster.master][INFO] 2017-07-09 17:55:46,518: publisherUpdate[/clock] -> http://udacity:33659/ ['http://udacity:44107/']: sec=0.00, result=[1, '', 0]
[rosmaster.master][INFO] 2017-07-09 17:55:46,519: publisherUpdate[/clock] -> http://udacity:39127/ ['http://udacity:44107/']
[rosmaster.master][INFO] 2017-07-09 17:55:46,519: publisherUpdate[/clock] -> http://udacity:37785/ ['http://udacity:44107/']: sec=0.00, result=[1, '', 0]
[rosmaster.master][INFO] 2017-07-09 17:55:46,520: publisherUpdate[/clock] -> http://udacity:40595/ ['http://udacity:44107/']
[rosmaster.master][INFO] 2017-07-09 17:55:46,521: publisherUpdate[/clock] -> http://udacity:40595/ ['http://udacity:44107/']: sec=0.00, result=[1, '', 0]
[rosmaster.master][INFO] 2017-07-09 17:55:46,521: publisherUpdate[/clock] -> http://udacity:41623/ ['http://udacity:44107/']
[rosmaster.master][INFO] 2017-07-09 17:55:46,521: publisherUpdate[/clock] -> http://udacity:39127/ ['http://udacity:44107/']: sec=0.00, result=[1, '', 0]
[rosmaster.master][INFO] 2017-07-09 17:55:46,521: publisherUpdate[/clock] -> http://udacity:41701/ ['http://udacity:44107/']
[rosmaster.master][INFO] 2017-07-09 17:55:46,528: -SUB [/clock] /urdf_spawner http://udacity:45089/
[rosmaster.master][INFO] 2017-07-09 17:55:46,529: -PUB [/rosout] /urdf_spawner http://udacity:45089/
[rosmaster.master][INFO] 2017-07-09 17:55:46,529: -SERVICE [/urdf_spawner/set_logger_level] /urdf_spawner rosrpc://udacity:43449
[rosmaster.master][INFO] 2017-07-09 17:55:46,529: -SERVICE [/urdf_spawner/get_loggers] /urdf_spawner rosrpc://udacity:43449
[rosmaster.master][INFO] 2017-07-09 17:55:46,528: publisherUpdate[/clock] -> http://udacity:45089/ ['http://udacity:44107/']
[rosmaster.master][INFO] 2017-07-09 17:55:46,531: publisherUpdate[/clock] -> http://udacity:41701/ ['http://udacity:44107/']: sec=0.01, result=[1, '', 0]
[rosmaster.master][INFO] 2017-07-09 17:55:46,531: publisherUpdate[/clock] -> http://udacity:44017/ ['http://udacity:44107/']
[rosmaster.master][INFO] 2017-07-09 17:55:46,532: publisherUpdate[/clock] -> http://udacity:45089/ ['http://udacity:44107/']: sec=0.00, result=[1, '', 0]
[rosmaster.master][INFO] 2017-07-09 17:55:46,532: publisherUpdate[/clock] -> http://udacity:44107/ ['http://udacity:44107/']
[rosmaster.master][INFO] 2017-07-09 17:55:46,533: publisherUpdate[/clock] -> http://udacity:41623/ ['http://udacity:44107/']: sec=0.01, result=[1, '', 0]
[rosmaster.master][INFO] 2017-07-09 17:55:46,533: publisherUpdate[/rosout] -> http://udacity:35421/ ['http://udacity:33659/', 'http://udacity:39127/', 'http://udacity:37785/', 'http://udacity:40595/', 'http://udacity:41623/', 'http://udacity:41701/', 'http://udacity:44017/', 'http://udacity:44107/']
[rosmaster.master][INFO] 2017-07-09 17:55:46,534: publisherUpdate[/clock] -> http://udacity:44107/ ['http://udacity:44107/']: sec=0.00, result=[1, '', 0]
[rosmaster.master][INFO] 2017-07-09 17:55:46,535: publisherUpdate[/rosout] -> http://udacity:35421/ ['http://udacity:33659/', 'http://udacity:39127/', 'http://udacity:37785/', 'http://udacity:40595/', 'http://udacity:41623/', 'http://udacity:41701/', 'http://udacity:44017/', 'http://udacity:44107/']: sec=0.00, result=[1, '', 0]
[rosmaster.master][INFO] 2017-07-09 17:55:46,537: publisherUpdate[/clock] -> http://udacity:44017/ ['http://udacity:44107/']: sec=0.01, result=[1, '', 0]
[rosmaster.master][INFO] 2017-07-09 17:55:46,566: +SERVICE [/gazebo/set_parameters] /gazebo http://udacity:44107/
[rosmaster.master][INFO] 2017-07-09 17:55:46,568: +PUB [/gazebo/parameter_descriptions] /gazebo http://udacity:44107/
[rosmaster.master][INFO] 2017-07-09 17:55:46,570: +PUB [/gazebo/parameter_updates] /gazebo http://udacity:44107/
[rosmaster.master][INFO] 2017-07-09 17:55:46,621: +PARAM [/gazebo/time_step] by /gazebo
[rosmaster.master][INFO] 2017-07-09 17:55:46,622: +PARAM [/gazebo/max_update_rate] by /gazebo
[rosmaster.master][INFO] 2017-07-09 17:55:46,630: +PARAM [/gazebo/gravity_x] by /gazebo
[rosmaster.master][INFO] 2017-07-09 17:55:46,632: +PARAM [/gazebo/gravity_y] by /gazebo
[rosmaster.master][INFO] 2017-07-09 17:55:46,636: +PARAM [/gazebo/gravity_z] by /gazebo
[rosmaster.master][INFO] 2017-07-09 17:55:46,640: +PARAM [/gazebo/auto_disable_bodies] by /gazebo
[rosmaster.master][INFO] 2017-07-09 17:55:46,648: +PARAM [/gazebo/sor_pgs_precon_iters] by /gazebo
[rosmaster.master][INFO] 2017-07-09 17:55:46,652: +PARAM [/gazebo/sor_pgs_iters] by /gazebo
[rosmaster.master][INFO] 2017-07-09 17:55:46,653: +PARAM [/gazebo/sor_pgs_w] by /gazebo
[rosmaster.master][INFO] 2017-07-09 17:55:46,654: +PARAM [/gazebo/sor_pgs_rms_error_tol] by /gazebo
[rosmaster.master][INFO] 2017-07-09 17:55:46,656: +PARAM [/gazebo/cfm] by /gazebo
[rosmaster.master][INFO] 2017-07-09 17:55:46,662: +PARAM [/gazebo/erp] by /gazebo
[rosmaster.master][INFO] 2017-07-09 17:55:46,666: +PARAM [/gazebo/contact_surface_layer] by /gazebo
[rosmaster.master][INFO] 2017-07-09 17:55:46,667: +PUB [/rosout] /trajectory_sampler http://udacity:44935/
[rosmaster.master][INFO] 2017-07-09 17:55:46,675: +PARAM [/gazebo/contact_max_correcting_vel] by /gazebo
[rosmaster.master][INFO] 2017-07-09 17:55:46,677: +SERVICE [/trajectory_sampler/get_loggers] /trajectory_sampler http://udacity:44935/
[rosmaster.master][INFO] 2017-07-09 17:55:46,684: +PARAM [/gazebo/max_contacts] by /gazebo
[rosmaster.master][INFO] 2017-07-09 17:55:46,688: +SERVICE [/trajectory_sampler/set_logger_level] /trajectory_sampler http://udacity:44935/
[rosmaster.master][INFO] 2017-07-09 17:55:46,712: +SUB [/clock] /trajectory_sampler http://udacity:44935/
[rosmaster.master][INFO] 2017-07-09 17:55:46,717: +SUB [/tf] /trajectory_sampler http://udacity:44935/
[rosmaster.master][INFO] 2017-07-09 17:55:46,727: +SUB [/tf_static] /trajectory_sampler http://udacity:44935/
[rosmaster.master][INFO] 2017-07-09 17:55:46,735: publisherUpdate[/rosout] -> http://udacity:35421/ ['http://udacity:33659/', 'http://udacity:39127/', 'http://udacity:37785/', 'http://udacity:40595/', 'http://udacity:41623/', 'http://udacity:41701/', 'http://udacity:44017/', 'http://udacity:44107/', 'http://udacity:44935/']
[rosmaster.master][INFO] 2017-07-09 17:55:46,736: publisherUpdate[/rosout] -> http://udacity:35421/ ['http://udacity:33659/', 'http://udacity:39127/', 'http://udacity:37785/', 'http://udacity:40595/', 'http://udacity:41623/', 'http://udacity:41701/', 'http://udacity:44017/', 'http://udacity:44107/', 'http://udacity:44935/']: sec=0.00, result=[1, '', 0]
[rosmaster.master][INFO] 2017-07-09 17:55:47,043: +PUB [/planning_scene] /rviz_udacity_20654_4210516421693117260 http://udacity:41701/
[rosmaster.master][INFO] 2017-07-09 17:55:47,048: +PUB [/planning_scene_world] /rviz_udacity_20654_4210516421693117260 http://udacity:41701/
[rosmaster.master][INFO] 2017-07-09 17:55:47,113: +PUB [/trajectory_execution_event] /trajectory_sampler http://udacity:44935/
[rosmaster.master][INFO] 2017-07-09 17:55:47,114: +PUB [/attached_collision_object] /trajectory_sampler http://udacity:44935/
[rosmaster.master][INFO] 2017-07-09 17:55:47,137: publisherUpdate[/planning_scene] -> http://udacity:40595/ ['http://udacity:41701/']
[rosmaster.master][INFO] 2017-07-09 17:55:47,138: publisherUpdate[/planning_scene] -> http://udacity:40595/ ['http://udacity:41701/']: sec=0.00, result=[1, '', 0]
[rosmaster.master][INFO] 2017-07-09 17:55:47,138: publisherUpdate[/planning_scene_world] -> http://udacity:40595/ ['http://udacity:41701/']
[rosmaster.master][INFO] 2017-07-09 17:55:47,138: publisherUpdate[/planning_scene_world] -> http://udacity:40595/ ['http://udacity:41701/']: sec=0.00, result=[1, '', 0]
[rosmaster.master][INFO] 2017-07-09 17:55:47,138: publisherUpdate[/attached_collision_object] -> http://udacity:40595/ ['http://udacity:44935/']
[rosmaster.master][INFO] 2017-07-09 17:55:47,139: publisherUpdate[/attached_collision_object] -> http://udacity:40595/ ['http://udacity:44935/']: sec=0.00, result=[1, '', 0]
[rosmaster.master][INFO] 2017-07-09 17:55:47,239: +SERVICE [/kuka_arm/controller_manager/list_controllers] /gazebo http://udacity:44107/
[rosmaster.master][INFO] 2017-07-09 17:55:47,241: +SERVICE [/kuka_arm/controller_manager/list_controller_types] /gazebo http://udacity:44107/
[rosmaster.master][INFO] 2017-07-09 17:55:47,242: +SERVICE [/kuka_arm/controller_manager/load_controller] /gazebo http://udacity:44107/
[rosmaster.master][INFO] 2017-07-09 17:55:47,244: +SERVICE [/kuka_arm/controller_manager/unload_controller] /gazebo http://udacity:44107/
[rosmaster.master][INFO] 2017-07-09 17:55:47,246: +SERVICE [/kuka_arm/controller_manager/switch_controller] /gazebo http://udacity:44107/
[rosmaster.master][INFO] 2017-07-09 17:55:47,247: +SERVICE [/kuka_arm/controller_manager/reload_controller_libraries] /gazebo http://udacity:44107/
[rosmaster.master][INFO] 2017-07-09 17:55:47,274: +SUB [/move_group/status] /trajectory_sampler http://udacity:44935/
[rosmaster.master][INFO] 2017-07-09 17:55:47,295: +SUB [/move_group/feedback] /trajectory_sampler http://udacity:44935/
[rosmaster.master][INFO] 2017-07-09 17:55:47,301: +SUB [/kuka_arm/arm_controller/follow_joint_trajectory/status] /move_group http://udacity:40595/
[rosmaster.master][INFO] 2017-07-09 17:55:47,306: +SUB [/recognize_objects/status] /rviz_udacity_20654_4210516421693117260 http://udacity:41701/
[rosmaster.master][INFO] 2017-07-09 17:55:47,325: +SUB [/move_group/result] /trajectory_sampler http://udacity:44935/
[rosmaster.master][INFO] 2017-07-09 17:55:47,328: +SUB [/kuka_arm/arm_controller/follow_joint_trajectory/feedback] /move_group http://udacity:40595/
[rosmaster.master][INFO] 2017-07-09 17:55:47,334: +PUB [/move_group/goal] /trajectory_sampler http://udacity:44935/
[rosmaster.master][INFO] 2017-07-09 17:55:47,341: +SUB [/recognize_objects/feedback] /rviz_udacity_20654_4210516421693117260 http://udacity:41701/
[rosmaster.master][INFO] 2017-07-09 17:55:47,348: +PUB [/move_group/cancel] /trajectory_sampler http://udacity:44935/
[rosmaster.master][INFO] 2017-07-09 17:55:47,358: +SUB [/kuka_arm/arm_controller/follow_joint_trajectory/result] /move_group http://udacity:40595/
[rosmaster.master][INFO] 2017-07-09 17:55:47,364: +PUB [/kuka_arm/arm_controller/follow_joint_trajectory/goal] /move_group http://udacity:40595/
[rosmaster.master][INFO] 2017-07-09 17:55:47,366: +SUB [/recognize_objects/result] /rviz_udacity_20654_4210516421693117260 http://udacity:41701/
[rosmaster.master][INFO] 2017-07-09 17:55:47,370: +PUB [/kuka_arm/arm_controller/follow_joint_trajectory/cancel] /move_group http://udacity:40595/
[rosmaster.master][INFO] 2017-07-09 17:55:47,373: +PUB [/recognize_objects/goal] /rviz_udacity_20654_4210516421693117260 http://udacity:41701/
[rosmaster.master][INFO] 2017-07-09 17:55:47,374: +PUB [/recognize_objects/cancel] /rviz_udacity_20654_4210516421693117260 http://udacity:41701/
[rosmaster.master][INFO] 2017-07-09 17:55:47,385: +SUB [/recognized_object_array] /rviz_udacity_20654_4210516421693117260 http://udacity:41701/
[rosmaster.master][INFO] 2017-07-09 17:55:47,391: +PUB [/kuka_arm/joint_states] /gazebo http://udacity:44107/
[rosmaster.master][INFO] 2017-07-09 17:55:47,438: publisherUpdate[/kuka_arm/joint_states] -> http://udacity:39127/ ['http://udacity:44107/']
[rosmaster.master][INFO] 2017-07-09 17:55:47,439: publisherUpdate[/kuka_arm/joint_states] -> http://udacity:39127/ ['http://udacity:44107/']: sec=0.00, result=[1, '', 0]
[rosmaster.master][INFO] 2017-07-09 17:55:47,439: publisherUpdate[/kuka_arm/joint_states] -> http://udacity:33659/ ['http://udacity:44107/']
[rosmaster.master][INFO] 2017-07-09 17:55:47,440: publisherUpdate[/kuka_arm/joint_states] -> http://udacity:33659/ ['http://udacity:44107/']: sec=0.00, result=[1, '', 0]
[rosmaster.master][INFO] 2017-07-09 17:55:47,440: publisherUpdate[/kuka_arm/joint_states] -> http://udacity:40595/ ['http://udacity:44107/']
[rosmaster.master][INFO] 2017-07-09 17:55:47,441: publisherUpdate[/kuka_arm/joint_states] -> http://udacity:40595/ ['http://udacity:44107/']: sec=0.00, result=[1, '', 0]
[rosmaster.master][INFO] 2017-07-09 17:55:47,517: -SUB [/clock] /target_spawner http://udacity:37785/
[rosmaster.master][INFO] 2017-07-09 17:55:47,517: -PUB [/rosout] /target_spawner http://udacity:37785/
[rosmaster.master][INFO] 2017-07-09 17:55:47,518: -SERVICE [/target_spawner/get_loggers] /target_spawner rosrpc://udacity:43641
[rosmaster.master][INFO] 2017-07-09 17:55:47,518: -SERVICE [/target_spawner/set_logger_level] /target_spawner rosrpc://udacity:43641
[rosmaster.master][INFO] 2017-07-09 17:55:47,522: +PARAM [/gazebo/time_step] by /gazebo
[rosmaster.master][INFO] 2017-07-09 17:55:47,523: +PARAM [/gazebo/max_update_rate] by /gazebo
[rosmaster.master][INFO] 2017-07-09 17:55:47,524: +PARAM [/gazebo/gravity_x] by /gazebo
[rosmaster.master][INFO] 2017-07-09 17:55:47,526: +PARAM [/gazebo/gravity_y] by /gazebo
[rosmaster.master][INFO] 2017-07-09 17:55:47,527: +PARAM [/gazebo/gravity_z] by /gazebo
[rosmaster.master][INFO] 2017-07-09 17:55:47,528: +PARAM [/gazebo/auto_disable_bodies] by /gazebo
[rosmaster.master][INFO] 2017-07-09 17:55:47,529: +PARAM [/gazebo/sor_pgs_precon_iters] by /gazebo
[rosmaster.master][INFO] 2017-07-09 17:55:47,532: +PARAM [/gazebo/sor_pgs_iters] by /gazebo
[rosmaster.master][INFO] 2017-07-09 17:55:47,534: +PARAM [/gazebo/sor_pgs_w] by /gazebo
[rosmaster.master][INFO] 2017-07-09 17:55:47,536: +PARAM [/gazebo/sor_pgs_rms_error_tol] by /gazebo
[rosmaster.master][INFO] 2017-07-09 17:55:47,538: +PARAM [/gazebo/cfm] by /gazebo
[rosmaster.master][INFO] 2017-07-09 17:55:47,541: +PARAM [/gazebo/erp] by /gazebo
[rosmaster.master][INFO] 2017-07-09 17:55:47,541: publisherUpdate[/rosout] -> http://udacity:35421/ ['http://udacity:33659/', 'http://udacity:39127/', 'http://udacity:40595/', 'http://udacity:41623/', 'http://udacity:41701/', 'http://udacity:44017/', 'http://udacity:44107/', 'http://udacity:44935/']
[rosmaster.master][INFO] 2017-07-09 17:55:47,544: publisherUpdate[/rosout] -> http://udacity:35421/ ['http://udacity:33659/', 'http://udacity:39127/', 'http://udacity:40595/', 'http://udacity:41623/', 'http://udacity:41701/', 'http://udacity:44017/', 'http://udacity:44107/', 'http://udacity:44935/']: sec=0.00, result=[1, '', 0]
[rosmaster.master][INFO] 2017-07-09 17:55:47,548: +PARAM [/gazebo/contact_surface_layer] by /gazebo
[rosmaster.master][INFO] 2017-07-09 17:55:47,550: +PARAM [/gazebo/contact_max_correcting_vel] by /gazebo
[rosmaster.master][INFO] 2017-07-09 17:55:47,555: +PARAM [/gazebo/max_contacts] by /gazebo
[rosmaster.master][INFO] 2017-07-09 17:55:47,612: +SUB [/kuka_arm/arm_controller/command] /gazebo http://udacity:44107/
[rosmaster.master][INFO] 2017-07-09 17:55:47,614: +PUB [/kuka_arm/arm_controller/state] /gazebo http://udacity:44107/
[rosmaster.master][INFO] 2017-07-09 17:55:47,621: +PUB [/kuka_arm/arm_controller/follow_joint_trajectory/result] /gazebo http://udacity:44107/
[rosmaster.master][INFO] 2017-07-09 17:55:47,625: +PUB [/kuka_arm/arm_controller/follow_joint_trajectory/feedback] /gazebo http://udacity:44107/
[rosmaster.master][INFO] 2017-07-09 17:55:47,628: +PUB [/kuka_arm/arm_controller/follow_joint_trajectory/status] /gazebo http://udacity:44107/
[rosmaster.master][INFO] 2017-07-09 17:55:47,642: publisherUpdate[/kuka_arm/arm_controller/follow_joint_trajectory/result] -> http://udacity:40595/ ['http://udacity:44107/']
[rosmaster.master][INFO] 2017-07-09 17:55:47,644: publisherUpdate[/kuka_arm/arm_controller/follow_joint_trajectory/result] -> http://udacity:40595/ ['http://udacity:44107/']: sec=0.00, result=[1, '', 0]
[rosmaster.master][INFO] 2017-07-09 17:55:47,644: publisherUpdate[/kuka_arm/arm_controller/follow_joint_trajectory/feedback] -> http://udacity:40595/ ['http://udacity:44107/']
[rosmaster.master][INFO] 2017-07-09 17:55:47,645: publisherUpdate[/kuka_arm/arm_controller/follow_joint_trajectory/feedback] -> http://udacity:40595/ ['http://udacity:44107/']: sec=0.00, result=[1, '', 0]
[rosmaster.master][INFO] 2017-07-09 17:55:47,647: publisherUpdate[/kuka_arm/arm_controller/follow_joint_trajectory/status] -> http://udacity:40595/ ['http://udacity:44107/']
[rosmaster.master][INFO] 2017-07-09 17:55:47,648: publisherUpdate[/kuka_arm/arm_controller/follow_joint_trajectory/status] -> http://udacity:40595/ ['http://udacity:44107/']: sec=0.00, result=[1, '', 0]
[rosmaster.master][INFO] 2017-07-09 17:55:47,650: +SUB [/kuka_arm/arm_controller/follow_joint_trajectory/goal] /gazebo http://udacity:44107/
[rosmaster.master][INFO] 2017-07-09 17:55:47,663: +SUB [/kuka_arm/arm_controller/follow_joint_trajectory/cancel] /gazebo http://udacity:44107/
[rosmaster.master][INFO] 2017-07-09 17:55:47,666: +SERVICE [/kuka_arm/arm_controller/query_state] /gazebo http://udacity:44107/
[rosmaster.master][INFO] 2017-07-09 17:55:47,717: +SERVICE [/kuka_arm/gripper_controller/gains/right_gripper_finger_joint/set_parameters] /gazebo http://udacity:44107/
[rosmaster.master][INFO] 2017-07-09 17:55:47,719: +PUB [/kuka_arm/gripper_controller/gains/right_gripper_finger_joint/parameter_descriptions] /gazebo http://udacity:44107/
[rosmaster.master][INFO] 2017-07-09 17:55:47,722: +PUB [/kuka_arm/gripper_controller/gains/right_gripper_finger_joint/parameter_updates] /gazebo http://udacity:44107/
[rosmaster.master][INFO] 2017-07-09 17:55:47,733: +PARAM [/kuka_arm/gripper_controller/gains/right_gripper_finger_joint/p] by /gazebo
[rosmaster.master][INFO] 2017-07-09 17:55:47,735: +PARAM [/kuka_arm/gripper_controller/gains/right_gripper_finger_joint/i] by /gazebo
[rosmaster.master][INFO] 2017-07-09 17:55:47,736: +PARAM [/kuka_arm/gripper_controller/gains/right_gripper_finger_joint/d] by /gazebo
[rosmaster.master][INFO] 2017-07-09 17:55:47,737: +PARAM [/kuka_arm/gripper_controller/gains/right_gripper_finger_joint/i_clamp_min] by /gazebo
[rosmaster.master][INFO] 2017-07-09 17:55:47,738: +PARAM [/kuka_arm/gripper_controller/gains/right_gripper_finger_joint/i_clamp_max] by /gazebo
[rosmaster.master][INFO] 2017-07-09 17:55:47,739: +PARAM [/kuka_arm/gripper_controller/gains/right_gripper_finger_joint/antiwindup] by /gazebo
[rosmaster.master][INFO] 2017-07-09 17:55:47,740: +PARAM [/kuka_arm/gripper_controller/gains/right_gripper_finger_joint/p] by /gazebo
[rosmaster.master][INFO] 2017-07-09 17:55:47,743: +PARAM [/kuka_arm/gripper_controller/gains/right_gripper_finger_joint/i] by /gazebo
[rosmaster.master][INFO] 2017-07-09 17:55:47,745: +PARAM [/kuka_arm/gripper_controller/gains/right_gripper_finger_joint/d] by /gazebo
[rosmaster.master][INFO] 2017-07-09 17:55:47,746: +PARAM [/kuka_arm/gripper_controller/gains/right_gripper_finger_joint/i_clamp_min] by /gazebo
[rosmaster.master][INFO] 2017-07-09 17:55:47,747: +PARAM [/kuka_arm/gripper_controller/gains/right_gripper_finger_joint/i_clamp_max] by /gazebo
[rosmaster.master][INFO] 2017-07-09 17:55:47,749: +PARAM [/kuka_arm/gripper_controller/gains/right_gripper_finger_joint/antiwindup] by /gazebo
[rosmaster.master][INFO] 2017-07-09 17:55:47,751: +PARAM [/kuka_arm/gripper_controller/gains/right_gripper_finger_joint/p] by /gazebo
[rosmaster.master][INFO] 2017-07-09 17:55:47,752: +PARAM [/kuka_arm/gripper_controller/gains/right_gripper_finger_joint/i] by /gazebo
[rosmaster.master][INFO] 2017-07-09 17:55:47,753: +PARAM [/kuka_arm/gripper_controller/gains/right_gripper_finger_joint/d] by /gazebo
[rosmaster.master][INFO] 2017-07-09 17:55:47,754: +PARAM [/kuka_arm/gripper_controller/gains/right_gripper_finger_joint/i_clamp_min] by /gazebo
[rosmaster.master][INFO] 2017-07-09 17:55:47,755: +PARAM [/kuka_arm/gripper_controller/gains/right_gripper_finger_joint/i_clamp_max] by /gazebo
[rosmaster.master][INFO] 2017-07-09 17:55:47,756: +PARAM [/kuka_arm/gripper_controller/gains/right_gripper_finger_joint/antiwindup] by /gazebo
[rosmaster.master][INFO] 2017-07-09 17:55:47,757: +PARAM [/kuka_arm/gripper_controller/gains/right_gripper_finger_joint/p] by /gazebo
[rosmaster.master][INFO] 2017-07-09 17:55:47,759: +PARAM [/kuka_arm/gripper_controller/gains/right_gripper_finger_joint/i] by /gazebo
[rosmaster.master][INFO] 2017-07-09 17:55:47,761: +PARAM [/kuka_arm/gripper_controller/gains/right_gripper_finger_joint/d] by /gazebo
[rosmaster.master][INFO] 2017-07-09 17:55:47,762: +PARAM [/kuka_arm/gripper_controller/gains/right_gripper_finger_joint/i_clamp_min] by /gazebo
[rosmaster.master][INFO] 2017-07-09 17:55:47,764: +PARAM [/kuka_arm/gripper_controller/gains/right_gripper_finger_joint/i_clamp_max] by /gazebo
[rosmaster.master][INFO] 2017-07-09 17:55:47,766: +PARAM [/kuka_arm/gripper_controller/gains/right_gripper_finger_joint/antiwindup] by /gazebo
[rosmaster.master][INFO] 2017-07-09 17:55:47,799: +SERVICE [/kuka_arm/gripper_controller/gains/left_gripper_finger_joint/set_parameters] /gazebo http://udacity:44107/
[rosmaster.master][INFO] 2017-07-09 17:55:47,803: +PUB [/kuka_arm/gripper_controller/gains/left_gripper_finger_joint/parameter_descriptions] /gazebo http://udacity:44107/
[rosmaster.master][INFO] 2017-07-09 17:55:47,804: +PUB [/kuka_arm/gripper_controller/gains/left_gripper_finger_joint/parameter_updates] /gazebo http://udacity:44107/
[rosmaster.master][INFO] 2017-07-09 17:55:47,812: +PARAM [/kuka_arm/gripper_controller/gains/left_gripper_finger_joint/p] by /gazebo
[rosmaster.master][INFO] 2017-07-09 17:55:47,813: +PARAM [/kuka_arm/gripper_controller/gains/left_gripper_finger_joint/i] by /gazebo
[rosmaster.master][INFO] 2017-07-09 17:55:47,814: +PARAM [/kuka_arm/gripper_controller/gains/left_gripper_finger_joint/d] by /gazebo
[rosmaster.master][INFO] 2017-07-09 17:55:47,819: +PARAM [/kuka_arm/gripper_controller/gains/left_gripper_finger_joint/i_clamp_min] by /gazebo
[rosmaster.master][INFO] 2017-07-09 17:55:47,821: +PARAM [/kuka_arm/gripper_controller/gains/left_gripper_finger_joint/i_clamp_max] by /gazebo
[rosmaster.master][INFO] 2017-07-09 17:55:47,822: +PARAM [/kuka_arm/gripper_controller/gains/left_gripper_finger_joint/antiwindup] by /gazebo
[rosmaster.master][INFO] 2017-07-09 17:55:47,824: +PARAM [/kuka_arm/gripper_controller/gains/left_gripper_finger_joint/p] by /gazebo
[rosmaster.master][INFO] 2017-07-09 17:55:47,828: +PARAM [/kuka_arm/gripper_controller/gains/left_gripper_finger_joint/i] by /gazebo
[rosmaster.master][INFO] 2017-07-09 17:55:47,831: +PARAM [/kuka_arm/gripper_controller/gains/left_gripper_finger_joint/d] by /gazebo
[rosmaster.master][INFO] 2017-07-09 17:55:47,832: +PARAM [/kuka_arm/gripper_controller/gains/left_gripper_finger_joint/i_clamp_min] by /gazebo
[rosmaster.master][INFO] 2017-07-09 17:55:47,834: +PARAM [/kuka_arm/gripper_controller/gains/left_gripper_finger_joint/i_clamp_max] by /gazebo
[rosmaster.master][INFO] 2017-07-09 17:55:47,835: +PARAM [/kuka_arm/gripper_controller/gains/left_gripper_finger_joint/antiwindup] by /gazebo
[rosmaster.master][INFO] 2017-07-09 17:55:47,837: +PARAM [/kuka_arm/gripper_controller/gains/left_gripper_finger_joint/p] by /gazebo
[rosmaster.master][INFO] 2017-07-09 17:55:47,838: +PARAM [/kuka_arm/gripper_controller/gains/left_gripper_finger_joint/i] by /gazebo
[rosmaster.master][INFO] 2017-07-09 17:55:47,840: +PARAM [/kuka_arm/gripper_controller/gains/left_gripper_finger_joint/d] by /gazebo
[rosmaster.master][INFO] 2017-07-09 17:55:47,841: +PARAM [/kuka_arm/gripper_controller/gains/left_gripper_finger_joint/i_clamp_min] by /gazebo
[rosmaster.master][INFO] 2017-07-09 17:55:47,843: +PARAM [/kuka_arm/gripper_controller/gains/left_gripper_finger_joint/i_clamp_max] by /gazebo
[rosmaster.master][INFO] 2017-07-09 17:55:47,844: +PARAM [/kuka_arm/gripper_controller/gains/left_gripper_finger_joint/antiwindup] by /gazebo
[rosmaster.master][INFO] 2017-07-09 17:55:47,845: +PARAM [/kuka_arm/gripper_controller/gains/left_gripper_finger_joint/p] by /gazebo
[rosmaster.master][INFO] 2017-07-09 17:55:47,846: +PARAM [/kuka_arm/gripper_controller/gains/left_gripper_finger_joint/i] by /gazebo
[rosmaster.master][INFO] 2017-07-09 17:55:47,847: +PARAM [/kuka_arm/gripper_controller/gains/left_gripper_finger_joint/d] by /gazebo
[rosmaster.master][INFO] 2017-07-09 17:55:47,848: +PARAM [/kuka_arm/gripper_controller/gains/left_gripper_finger_joint/i_clamp_min] by /gazebo
[rosmaster.master][INFO] 2017-07-09 17:55:47,850: +PARAM [/kuka_arm/gripper_controller/gains/left_gripper_finger_joint/i_clamp_max] by /gazebo
[rosmaster.master][INFO] 2017-07-09 17:55:47,852: +PARAM [/kuka_arm/gripper_controller/gains/left_gripper_finger_joint/antiwindup] by /gazebo
[rosmaster.master][INFO] 2017-07-09 17:55:47,863: +SUB [/kuka_arm/gripper_controller/command] /gazebo http://udacity:44107/
[rosmaster.master][INFO] 2017-07-09 17:55:47,866: +PUB [/kuka_arm/gripper_controller/state] /gazebo http://udacity:44107/
[rosmaster.master][INFO] 2017-07-09 17:55:47,867: +SUB [/kuka_arm/gripper_controller/follow_joint_trajectory/status] /move_group http://udacity:40595/
[rosmaster.master][INFO] 2017-07-09 17:55:47,872: +PUB [/kuka_arm/gripper_controller/follow_joint_trajectory/result] /gazebo http://udacity:44107/
[rosmaster.master][INFO] 2017-07-09 17:55:47,873: +PUB [/kuka_arm/gripper_controller/follow_joint_trajectory/feedback] /gazebo http://udacity:44107/
[rosmaster.master][INFO] 2017-07-09 17:55:47,875: +PUB [/kuka_arm/gripper_controller/follow_joint_trajectory/status] /gazebo http://udacity:44107/
[rosmaster.master][INFO] 2017-07-09 17:55:47,876: +SUB [/kuka_arm/gripper_controller/follow_joint_trajectory/feedback] /move_group http://udacity:40595/
[rosmaster.master][INFO] 2017-07-09 17:55:47,892: +SUB [/kuka_arm/gripper_controller/follow_joint_trajectory/result] /move_group http://udacity:40595/
[rosmaster.master][INFO] 2017-07-09 17:55:47,893: +PUB [/kuka_arm/gripper_controller/follow_joint_trajectory/goal] /move_group http://udacity:40595/
[rosmaster.master][INFO] 2017-07-09 17:55:47,896: +PUB [/kuka_arm/gripper_controller/follow_joint_trajectory/cancel] /move_group http://udacity:40595/
[rosmaster.master][INFO] 2017-07-09 17:55:47,897: +SUB [/kuka_arm/gripper_controller/follow_joint_trajectory/goal] /gazebo http://udacity:44107/
[rosmaster.master][INFO] 2017-07-09 17:55:47,909: +SUB [/kuka_arm/gripper_controller/follow_joint_trajectory/cancel] /gazebo http://udacity:44107/
[rosmaster.master][INFO] 2017-07-09 17:55:47,910: +SERVICE [/kuka_arm/gripper_controller/query_state] /gazebo http://udacity:44107/
[rosmaster.master][INFO] 2017-07-09 17:55:47,945: +PUB [/joint_states] /joint_state_relay http://udacity:39127/
[rosmaster.master][INFO] 2017-07-09 17:55:47,945: publisherUpdate[/kuka_arm/gripper_controller/follow_joint_trajectory/status] -> http://udacity:40595/ ['http://udacity:44107/']
[rosmaster.master][INFO] 2017-07-09 17:55:47,946: publisherUpdate[/kuka_arm/gripper_controller/follow_joint_trajectory/status] -> http://udacity:40595/ ['http://udacity:44107/']: sec=0.00, result=[1, '', 0]
[rosmaster.master][INFO] 2017-07-09 17:55:48,153: +SUB [/trajectory_execution_event] /move_group http://udacity:40595/
[rosmaster.master][INFO] 2017-07-09 17:55:48,155: +SERVICE [/move_group/trajectory_execution/set_parameters] /move_group http://udacity:40595/
[rosmaster.master][INFO] 2017-07-09 17:55:48,156: +PUB [/move_group/trajectory_execution/parameter_descriptions] /move_group http://udacity:40595/
[rosmaster.master][INFO] 2017-07-09 17:55:48,157: +PUB [/move_group/trajectory_execution/parameter_updates] /move_group http://udacity:40595/
[rosmaster.master][INFO] 2017-07-09 17:55:48,162: +PARAM [/move_group/trajectory_execution/execution_duration_monitoring] by /move_group
[rosmaster.master][INFO] 2017-07-09 17:55:48,163: +PARAM [/move_group/trajectory_execution/allowed_execution_duration_scaling] by /move_group
[rosmaster.master][INFO] 2017-07-09 17:55:48,164: +PARAM [/move_group/trajectory_execution/allowed_goal_duration_margin] by /move_group
[rosmaster.master][INFO] 2017-07-09 17:55:48,165: +PARAM [/move_group/trajectory_execution/execution_velocity_scaling] by /move_group
[rosmaster.master][INFO] 2017-07-09 17:55:48,165: +PARAM [/move_group/trajectory_execution/allowed_start_tolerance] by /move_group
[rosmaster.master][INFO] 2017-07-09 17:55:48,167: +PARAM [/move_group/trajectory_execution/execution_duration_monitoring] by /move_group
[rosmaster.master][INFO] 2017-07-09 17:55:48,168: +PARAM [/move_group/trajectory_execution/allowed_execution_duration_scaling] by /move_group
[rosmaster.master][INFO] 2017-07-09 17:55:48,169: +PARAM [/move_group/trajectory_execution/allowed_goal_duration_margin] by /move_group
[rosmaster.master][INFO] 2017-07-09 17:55:48,170: +PARAM [/move_group/trajectory_execution/execution_velocity_scaling] by /move_group
[rosmaster.master][INFO] 2017-07-09 17:55:48,171: +PARAM [/move_group/trajectory_execution/allowed_start_tolerance] by /move_group
[rosmaster.master][INFO] 2017-07-09 17:55:48,173: +SERVICE [/move_group/plan_execution/set_parameters] /move_group http://udacity:40595/
[rosmaster.master][INFO] 2017-07-09 17:55:48,175: +PUB [/move_group/plan_execution/parameter_descriptions] /move_group http://udacity:40595/
[rosmaster.master][INFO] 2017-07-09 17:55:48,177: +PUB [/move_group/plan_execution/parameter_updates] /move_group http://udacity:40595/
[rosmaster.master][INFO] 2017-07-09 17:55:48,183: +PARAM [/move_group/plan_execution/max_replan_attempts] by /move_group
[rosmaster.master][INFO] 2017-07-09 17:55:48,184: +PARAM [/move_group/plan_execution/record_trajectory_state_frequency] by /move_group
[rosmaster.master][INFO] 2017-07-09 17:55:48,185: +PARAM [/move_group/plan_execution/max_replan_attempts] by /move_group
[rosmaster.master][INFO] 2017-07-09 17:55:48,187: +PARAM [/move_group/plan_execution/record_trajectory_state_frequency] by /move_group
[rosmaster.master][INFO] 2017-07-09 17:55:48,190: +SERVICE [/move_group/sense_for_plan/set_parameters] /move_group http://udacity:40595/
[rosmaster.master][INFO] 2017-07-09 17:55:48,192: +PUB [/move_group/sense_for_plan/parameter_descriptions] /move_group http://udacity:40595/
[rosmaster.master][INFO] 2017-07-09 17:55:48,193: +PUB [/move_group/sense_for_plan/parameter_updates] /move_group http://udacity:40595/
[rosmaster.master][INFO] 2017-07-09 17:55:48,198: +PARAM [/move_group/sense_for_plan/max_safe_path_cost] by /move_group
[rosmaster.master][INFO] 2017-07-09 17:55:48,200: +PARAM [/move_group/sense_for_plan/max_look_attempts] by /move_group
[rosmaster.master][INFO] 2017-07-09 17:55:48,201: +PARAM [/move_group/sense_for_plan/max_cost_sources] by /move_group
[rosmaster.master][INFO] 2017-07-09 17:55:48,203: +PARAM [/move_group/sense_for_plan/discard_overlapping_cost_sources] by /move_group
[rosmaster.master][INFO] 2017-07-09 17:55:48,204: +PARAM [/move_group/sense_for_plan/max_safe_path_cost] by /move_group
[rosmaster.master][INFO] 2017-07-09 17:55:48,207: +PARAM [/move_group/sense_for_plan/max_look_attempts] by /move_group
[rosmaster.master][INFO] 2017-07-09 17:55:48,208: +PARAM [/move_group/sense_for_plan/max_cost_sources] by /move_group
[rosmaster.master][INFO] 2017-07-09 17:55:48,209: +PARAM [/move_group/sense_for_plan/discard_overlapping_cost_sources] by /move_group
[rosmaster.master][INFO] 2017-07-09 17:55:48,291: +SERVICE [/apply_planning_scene] /move_group http://udacity:40595/
[rosmaster.master][INFO] 2017-07-09 17:55:48,293: +SERVICE [/clear_octomap] /move_group http://udacity:40595/
[rosmaster.master][INFO] 2017-07-09 17:55:48,294: +SERVICE [/compute_cartesian_path] /move_group http://udacity:40595/
[rosmaster.master][INFO] 2017-07-09 17:55:48,298: +PUB [/execute_trajectory/result] /move_group http://udacity:40595/
[rosmaster.master][INFO] 2017-07-09 17:55:48,299: +PUB [/execute_trajectory/feedback] /move_group http://udacity:40595/
[rosmaster.master][INFO] 2017-07-09 17:55:48,300: +PUB [/execute_trajectory/status] /move_group http://udacity:40595/
[rosmaster.master][INFO] 2017-07-09 17:55:48,312: +SUB [/execute_trajectory/goal] /move_group http://udacity:40595/
[rosmaster.master][INFO] 2017-07-09 17:55:48,318: +SUB [/execute_trajectory/cancel] /move_group http://udacity:40595/
[rosmaster.master][INFO] 2017-07-09 17:55:48,320: +SERVICE [/get_planning_scene] /move_group http://udacity:40595/
[rosmaster.master][INFO] 2017-07-09 17:55:48,321: +SERVICE [/compute_fk] /move_group http://udacity:40595/
[rosmaster.master][INFO] 2017-07-09 17:55:48,323: +SERVICE [/compute_ik] /move_group http://udacity:40595/
[rosmaster.master][INFO] 2017-07-09 17:55:48,328: +PUB [/move_group/result] /move_group http://udacity:40595/
[rosmaster.master][INFO] 2017-07-09 17:55:48,329: +PUB [/move_group/feedback] /move_group http://udacity:40595/
[rosmaster.master][INFO] 2017-07-09 17:55:48,330: +PUB [/move_group/status] /move_group http://udacity:40595/
[rosmaster.master][INFO] 2017-07-09 17:55:48,338: +SUB [/move_group/goal] /move_group http://udacity:40595/
[rosmaster.master][INFO] 2017-07-09 17:55:48,343: +SUB [/move_group/cancel] /move_group http://udacity:40595/
[rosmaster.master][INFO] 2017-07-09 17:55:48,347: publisherUpdate[/move_group/result] -> http://udacity:44935/ ['http://udacity:40595/']
[rosmaster.master][INFO] 2017-07-09 17:55:48,348: publisherUpdate[/move_group/result] -> http://udacity:44935/ ['http://udacity:40595/']: sec=0.00, result=[1, '', 0]
[rosmaster.master][INFO] 2017-07-09 17:55:48,348: publisherUpdate[/move_group/feedback] -> http://udacity:44935/ ['http://udacity:40595/']
[rosmaster.master][INFO] 2017-07-09 17:55:48,349: publisherUpdate[/move_group/feedback] -> http://udacity:44935/ ['http://udacity:40595/']: sec=0.00, result=[1, '', 0]
[rosmaster.master][INFO] 2017-07-09 17:55:48,349: publisherUpdate[/move_group/status] -> http://udacity:44935/ ['http://udacity:40595/']
[rosmaster.master][INFO] 2017-07-09 17:55:48,351: publisherUpdate[/move_group/status] -> http://udacity:44935/ ['http://udacity:40595/']: sec=0.00, result=[1, '', 0]
[rosmaster.master][INFO] 2017-07-09 17:55:48,419: +PUB [/pickup/result] /move_group http://udacity:40595/
[rosmaster.master][INFO] 2017-07-09 17:55:48,420: +PUB [/pickup/feedback] /move_group http://udacity:40595/
[rosmaster.master][INFO] 2017-07-09 17:55:48,421: +PUB [/pickup/status] /move_group http://udacity:40595/
[rosmaster.master][INFO] 2017-07-09 17:55:48,432: +SUB [/pickup/goal] /move_group http://udacity:40595/
[rosmaster.master][INFO] 2017-07-09 17:55:48,439: +SUB [/pickup/cancel] /move_group http://udacity:40595/
[rosmaster.master][INFO] 2017-07-09 17:55:48,447: +PUB [/place/result] /move_group http://udacity:40595/
[rosmaster.master][INFO] 2017-07-09 17:55:48,449: +PUB [/place/feedback] /move_group http://udacity:40595/
[rosmaster.master][INFO] 2017-07-09 17:55:48,451: +PUB [/place/status] /move_group http://udacity:40595/
[rosmaster.master][INFO] 2017-07-09 17:55:48,490: +SUB [/place/goal] /move_group http://udacity:40595/
[rosmaster.master][INFO] 2017-07-09 17:55:48,508: +SUB [/place/cancel] /move_group http://udacity:40595/
[rosmaster.master][INFO] 2017-07-09 17:55:48,510: +SERVICE [/plan_kinematic_path] /move_group http://udacity:40595/
[rosmaster.master][INFO] 2017-07-09 17:55:48,514: +SERVICE [/query_planner_interface] /move_group http://udacity:40595/
[rosmaster.master][INFO] 2017-07-09 17:55:48,516: +SERVICE [/get_planner_params] /move_group http://udacity:40595/
[rosmaster.master][INFO] 2017-07-09 17:55:48,516: +SERVICE [/set_planner_params] /move_group http://udacity:40595/
[rosmaster.master][INFO] 2017-07-09 17:55:48,518: +SERVICE [/check_state_validity] /move_group http://udacity:40595/
[rosmaster.master][INFO] 2017-07-09 17:55:48,567: +SUB [/pickup/status] /trajectory_sampler http://udacity:44935/
[rosmaster.master][INFO] 2017-07-09 17:55:48,572: +SUB [/pickup/feedback] /trajectory_sampler http://udacity:44935/
[rosmaster.master][INFO] 2017-07-09 17:55:48,578: +SUB [/pickup/result] /trajectory_sampler http://udacity:44935/
[rosmaster.master][INFO] 2017-07-09 17:55:48,580: +PUB [/pickup/goal] /trajectory_sampler http://udacity:44935/
[rosmaster.master][INFO] 2017-07-09 17:55:48,581: +PUB [/pickup/cancel] /trajectory_sampler http://udacity:44935/
[rosmaster.master][INFO] 2017-07-09 17:55:48,651: publisherUpdate[/pickup/goal] -> http://udacity:40595/ ['http://udacity:44935/']
[rosmaster.master][INFO] 2017-07-09 17:55:48,652: publisherUpdate[/pickup/goal] -> http://udacity:40595/ ['http://udacity:44935/']: sec=0.00, result=[1, '', 0]
[rosmaster.master][INFO] 2017-07-09 17:55:48,652: publisherUpdate[/pickup/cancel] -> http://udacity:40595/ ['http://udacity:44935/']
[rosmaster.master][INFO] 2017-07-09 17:55:48,653: publisherUpdate[/pickup/cancel] -> http://udacity:40595/ ['http://udacity:44935/']: sec=0.00, result=[1, '', 0]
[rosmaster.master][INFO] 2017-07-09 17:55:48,863: +SUB [/place/status] /trajectory_sampler http://udacity:44935/
[rosmaster.master][INFO] 2017-07-09 17:55:48,870: +SUB [/place/feedback] /trajectory_sampler http://udacity:44935/
[rosmaster.master][INFO] 2017-07-09 17:55:48,879: +SUB [/place/result] /trajectory_sampler http://udacity:44935/
[rosmaster.master][INFO] 2017-07-09 17:55:48,881: +PUB [/place/goal] /trajectory_sampler http://udacity:44935/
[rosmaster.master][INFO] 2017-07-09 17:55:48,883: +PUB [/place/cancel] /trajectory_sampler http://udacity:44935/
[rosmaster.master][INFO] 2017-07-09 17:55:48,953: publisherUpdate[/place/goal] -> http://udacity:40595/ ['http://udacity:44935/']
[rosmaster.master][INFO] 2017-07-09 17:55:48,954: publisherUpdate[/place/goal] -> http://udacity:40595/ ['http://udacity:44935/']: sec=0.00, result=[1, '', 0]
[rosmaster.master][INFO] 2017-07-09 17:55:48,954: publisherUpdate[/place/cancel] -> http://udacity:40595/ ['http://udacity:44935/']
[rosmaster.master][INFO] 2017-07-09 17:55:48,955: publisherUpdate[/place/cancel] -> http://udacity:40595/ ['http://udacity:44935/']: sec=0.00, result=[1, '', 0]
[rosmaster.master][INFO] 2017-07-09 17:55:49,065: +SUB [/execute_trajectory/status] /trajectory_sampler http://udacity:44935/
[rosmaster.master][INFO] 2017-07-09 17:55:49,072: +SUB [/execute_trajectory/feedback] /trajectory_sampler http://udacity:44935/
[rosmaster.master][INFO] 2017-07-09 17:55:49,079: +SUB [/execute_trajectory/result] /trajectory_sampler http://udacity:44935/
[rosmaster.master][INFO] 2017-07-09 17:55:49,080: +PUB [/execute_trajectory/goal] /trajectory_sampler http://udacity:44935/
[rosmaster.master][INFO] 2017-07-09 17:55:49,081: +PUB [/execute_trajectory/cancel] /trajectory_sampler http://udacity:44935/
[rosmaster.master][INFO] 2017-07-09 17:55:49,154: publisherUpdate[/execute_trajectory/goal] -> http://udacity:40595/ ['http://udacity:44935/']
[rosmaster.master][INFO] 2017-07-09 17:55:49,155: publisherUpdate[/execute_trajectory/goal] -> http://udacity:40595/ ['http://udacity:44935/']: sec=0.00, result=[1, '', 0]
[rosmaster.master][INFO] 2017-07-09 17:55:49,155: publisherUpdate[/execute_trajectory/cancel] -> http://udacity:40595/ ['http://udacity:44935/']
[rosmaster.master][INFO] 2017-07-09 17:55:49,157: publisherUpdate[/execute_trajectory/cancel] -> http://udacity:40595/ ['http://udacity:44935/']: sec=0.00, result=[1, '', 0]
[rosmaster.master][INFO] 2017-07-09 17:55:49,744: +PUB [/planning_scene] /trajectory_sampler http://udacity:44935/
[rosmaster.master][INFO] 2017-07-09 17:55:49,761: publisherUpdate[/planning_scene] -> http://udacity:40595/ ['http://udacity:41701/', 'http://udacity:44935/']
[rosmaster.master][INFO] 2017-07-09 17:55:49,762: publisherUpdate[/planning_scene] -> http://udacity:40595/ ['http://udacity:41701/', 'http://udacity:44935/']: sec=0.00, result=[1, '', 0]
[rosmaster.master][INFO] 2017-07-09 17:55:49,968: +SUB [/joint_states] /trajectory_sampler http://udacity:44935/
[rosmaster.master][INFO] 2017-07-09 17:55:50,415: -SUB [/recognize_objects/status] /rviz_udacity_20654_4210516421693117260 http://udacity:41701/
[rosmaster.master][INFO] 2017-07-09 17:55:50,416: -PUB [/recognize_objects/cancel] /rviz_udacity_20654_4210516421693117260 http://udacity:41701/
[rosmaster.master][INFO] 2017-07-09 17:55:50,417: -PUB [/recognize_objects/goal] /rviz_udacity_20654_4210516421693117260 http://udacity:41701/
[rosmaster.master][INFO] 2017-07-09 17:55:50,418: -SUB [/recognize_objects/feedback] /rviz_udacity_20654_4210516421693117260 http://udacity:41701/
[rosmaster.master][INFO] 2017-07-09 17:55:50,419: -SUB [/recognize_objects/result] /rviz_udacity_20654_4210516421693117260 http://udacity:41701/
[rosmaster.master][INFO] 2017-07-09 17:55:50,439: +SUB [/move_group/display_planned_path] /rviz_udacity_20654_4210516421693117260 http://udacity:41701/
[rosmaster.master][INFO] 2017-07-09 17:55:50,440: +PUB [/feedback] /rviz_udacity_20654_4210516421693117260 http://udacity:41701/
[rosmaster.master][INFO] 2017-07-09 17:55:50,442: -PUB [/feedback] /rviz_udacity_20654_4210516421693117260 http://udacity:41701/
[rosmaster.master][INFO] 2017-07-09 17:55:50,443: +PUB [/feedback] /rviz_udacity_20654_4210516421693117260 http://udacity:41701/
[rosmaster.master][INFO] 2017-07-09 17:55:51,333: +SUB [/visualization_marker_array] /rviz_udacity_20654_4210516421693117260 http://udacity:41701/
[rosmaster.master][INFO] 2017-07-09 17:55:51,627: +SUB [/rviz_visual_tools_gui] /trajectory_sampler http://udacity:44935/
[rosmaster.master][INFO] 2017-07-09 17:55:51,630: +PUB [/rviz_visual_tools] /trajectory_sampler http://udacity:44935/
[rosmaster.master][INFO] 2017-07-09 17:55:51,631: -SUB [/visualization_marker_array] /rviz_udacity_20654_4210516421693117260 http://udacity:41701/
[rosmaster.master][INFO] 2017-07-09 17:55:51,651: +SUB [/rviz_visual_tools] /rviz_udacity_20654_4210516421693117260 http://udacity:41701/
[rosmaster.master][INFO] 2017-07-09 17:55:51,655: -PUB [/goal] /rviz_udacity_20654_4210516421693117260 http://udacity:41701/
[rosmaster.master][INFO] 2017-07-09 17:55:51,660: -PUB [/initialpose] /rviz_udacity_20654_4210516421693117260 http://udacity:41701/
[rosmaster.master][INFO] 2017-07-09 17:55:51,670: +PUB [/initialpose] /rviz_udacity_20654_4210516421693117260 http://udacity:41701/
[rosmaster.master][INFO] 2017-07-09 17:55:51,672: +PUB [/goal] /rviz_udacity_20654_4210516421693117260 http://udacity:41701/
[rosmaster.master][INFO] 2017-07-09 17:55:51,674: +PUB [/move_base_simple/goal] /rviz_udacity_20654_4210516421693117260 http://udacity:41701/
[rosmaster.master][INFO] 2017-07-09 17:55:51,676: -PUB [/goal] /rviz_udacity_20654_4210516421693117260 http://udacity:41701/
[rosmaster.master][INFO] 2017-07-09 17:55:51,679: +PUB [/clicked_point] /rviz_udacity_20654_4210516421693117260 http://udacity:41701/
[rosmaster.master][INFO] 2017-07-09 17:55:51,791: +PUB [/rviz_visual_tools_gui] /rviz_udacity_20654_4210516421693117260 http://udacity:41701/
[rosmaster.master][INFO] 2017-07-09 17:55:51,865: publisherUpdate[/rviz_visual_tools_gui] -> http://udacity:44935/ ['http://udacity:41701/']
[rosmaster.master][INFO] 2017-07-09 17:55:51,866: publisherUpdate[/rviz_visual_tools_gui] -> http://udacity:44935/ ['http://udacity:41701/']: sec=0.00, result=[1, '', 0]
[rosmaster.master][INFO] 2017-07-09 17:56:03,565: -PUB [/rosout_agg] /rosout http://udacity:35421/
[rosmaster.master][INFO] 2017-07-09 17:56:03,567: -SUB [/rosout] /rosout http://udacity:35421/
[rosmaster.master][INFO] 2017-07-09 17:56:03,568: -SERVICE [/rosout/get_loggers] /rosout rosrpc://udacity:38281
[rosmaster.master][INFO] 2017-07-09 17:56:03,570: -SERVICE [/rosout/set_logger_level] /rosout rosrpc://udacity:38281
[rosmaster.main][INFO] 2017-07-09 17:56:03,666: keyboard interrupt, will exit
[rosmaster.main][INFO] 2017-07-09 17:56:03,666: stopping master...
[rospy.core][INFO] 2017-07-09 17:56:03,666: signal_shutdown [atexit]
