[rosmaster.main][INFO] 2017-05-22 12:15:06,256: initialization complete, waiting for shutdown
[rosmaster.main][INFO] 2017-05-22 12:15:06,256: Starting ROS Master Node
[xmlrpc][INFO] 2017-05-22 12:15:06,257: XML-RPC server binding to 0.0.0.0:11311
[xmlrpc][INFO] 2017-05-22 12:15:06,257: Started XML-RPC server [http://udacity:11311/]
[xmlrpc][INFO] 2017-05-22 12:15:06,258: xml rpc node: starting XML-RPC server
[rosmaster.master][INFO] 2017-05-22 12:15:06,258: Master initialized: port[11311], uri[http://udacity:11311/]
[rosmaster.master][INFO] 2017-05-22 12:15:06,336: +PARAM [/run_id] by /roslaunch
[rosmaster.master][INFO] 2017-05-22 12:15:06,341: +PARAM [/roslaunch/uris/host_udacity__45445] by /roslaunch
[rosmaster.master][INFO] 2017-05-22 12:15:06,396: +PARAM [/rosversion] by /roslaunch
[rosmaster.master][INFO] 2017-05-22 12:15:06,396: +PARAM [/joint_state_publisher/use_gui] by /roslaunch
[rosmaster.master][INFO] 2017-05-22 12:15:06,396: +PARAM [/rosdistro] by /roslaunch
[rosmaster.master][INFO] 2017-05-22 12:15:06,396: +PARAM [/robot_description] by /roslaunch
[rosmaster.master][INFO] 2017-05-22 12:15:06,403: +SERVICE [/rosout/get_loggers] /rosout http://udacity:41037/
[rosmaster.master][INFO] 2017-05-22 12:15:06,407: +SERVICE [/rosout/set_logger_level] /rosout http://udacity:41037/
[rosmaster.master][INFO] 2017-05-22 12:15:06,409: +PUB [/rosout_agg] /rosout http://udacity:41037/
[rosmaster.master][INFO] 2017-05-22 12:15:06,422: +SUB [/rosout] /rosout http://udacity:41037/
[rosmaster.master][INFO] 2017-05-22 12:15:06,450: +PUB [/rosout] /robot_state_publisher http://udacity:34205/
[rosmaster.master][INFO] 2017-05-22 12:15:06,451: +SERVICE [/robot_state_publisher/get_loggers] /robot_state_publisher http://udacity:34205/
[rosmaster.master][INFO] 2017-05-22 12:15:06,452: +SERVICE [/robot_state_publisher/set_logger_level] /robot_state_publisher http://udacity:34205/
[rosmaster.master][INFO] 2017-05-22 12:15:06,458: publisherUpdate[/rosout] -> http://udacity:41037/ ['http://udacity:34205/']
[rosmaster.master][INFO] 2017-05-22 12:15:06,460: publisherUpdate[/rosout] -> http://udacity:41037/ ['http://udacity:34205/']: sec=0.00, result=[1, '', 0]
[rosmaster.master][INFO] 2017-05-22 12:15:06,468: +PUB [/tf] /robot_state_publisher http://udacity:34205/
[rosmaster.master][INFO] 2017-05-22 12:15:06,469: +PUB [/tf_static] /robot_state_publisher http://udacity:34205/
[rosmaster.master][INFO] 2017-05-22 12:15:06,481: +SUB [/joint_states] /robot_state_publisher http://udacity:34205/
[rosmaster.master][INFO] 2017-05-22 12:15:06,535: +PUB [/rosout] /rviz_udacity_8691_5183610360848956180 http://udacity:39783/
[rosmaster.master][INFO] 2017-05-22 12:15:06,535: +SERVICE [/rviz_udacity_8691_5183610360848956180/get_loggers] /rviz_udacity_8691_5183610360848956180 http://udacity:39783/
[rosmaster.master][INFO] 2017-05-22 12:15:06,536: +SERVICE [/rviz_udacity_8691_5183610360848956180/set_logger_level] /rviz_udacity_8691_5183610360848956180 http://udacity:39783/
[rosmaster.master][INFO] 2017-05-22 12:15:06,559: publisherUpdate[/rosout] -> http://udacity:41037/ ['http://udacity:34205/', 'http://udacity:39783/']
[rosmaster.master][INFO] 2017-05-22 12:15:06,560: publisherUpdate[/rosout] -> http://udacity:41037/ ['http://udacity:34205/', 'http://udacity:39783/']: sec=0.00, result=[1, '', 0]
[rosmaster.master][INFO] 2017-05-22 12:15:06,781: +PUB [/rosout] /joint_state_publisher http://udacity:33815/
[rosmaster.master][INFO] 2017-05-22 12:15:06,784: +SERVICE [/joint_state_publisher/get_loggers] /joint_state_publisher http://udacity:33815/
[rosmaster.master][INFO] 2017-05-22 12:15:06,785: +SERVICE [/joint_state_publisher/set_logger_level] /joint_state_publisher http://udacity:33815/
[rosmaster.master][INFO] 2017-05-22 12:15:06,858: +SUB [/tf] /rviz_udacity_8691_5183610360848956180 http://udacity:39783/
[rosmaster.master][INFO] 2017-05-22 12:15:06,860: publisherUpdate[/rosout] -> http://udacity:41037/ ['http://udacity:34205/', 'http://udacity:39783/', 'http://udacity:33815/']
[rosmaster.master][INFO] 2017-05-22 12:15:06,862: publisherUpdate[/rosout] -> http://udacity:41037/ ['http://udacity:34205/', 'http://udacity:39783/', 'http://udacity:33815/']: sec=0.00, result=[1, '', 0]
[rosmaster.master][INFO] 2017-05-22 12:15:06,863: +SUB [/tf_static] /rviz_udacity_8691_5183610360848956180 http://udacity:39783/
[rosmaster.master][INFO] 2017-05-22 12:15:06,907: +PUB [/joint_states] /joint_state_publisher http://udacity:33815/
[rosmaster.master][INFO] 2017-05-22 12:15:06,962: publisherUpdate[/joint_states] -> http://udacity:34205/ ['http://udacity:33815/']
[rosmaster.master][INFO] 2017-05-22 12:15:06,963: publisherUpdate[/joint_states] -> http://udacity:34205/ ['http://udacity:33815/']: sec=0.00, result=[1, '', 0]
[rosmaster.master][INFO] 2017-05-22 12:15:07,002: +PUB [/initialpose] /rviz_udacity_8691_5183610360848956180 http://udacity:39783/
[rosmaster.master][INFO] 2017-05-22 12:15:07,003: +PUB [/goal] /rviz_udacity_8691_5183610360848956180 http://udacity:39783/
[rosmaster.master][INFO] 2017-05-22 12:15:07,453: -PUB [/goal] /rviz_udacity_8691_5183610360848956180 http://udacity:39783/
[rosmaster.master][INFO] 2017-05-22 12:15:07,454: -PUB [/initialpose] /rviz_udacity_8691_5183610360848956180 http://udacity:39783/
[rosmaster.master][INFO] 2017-05-22 12:15:07,457: +PUB [/initialpose] /rviz_udacity_8691_5183610360848956180 http://udacity:39783/
[rosmaster.master][INFO] 2017-05-22 12:15:07,458: +PUB [/goal] /rviz_udacity_8691_5183610360848956180 http://udacity:39783/
[rosmaster.master][INFO] 2017-05-22 12:15:07,458: +PUB [/move_base_simple/goal] /rviz_udacity_8691_5183610360848956180 http://udacity:39783/
[rosmaster.master][INFO] 2017-05-22 12:15:07,459: -PUB [/goal] /rviz_udacity_8691_5183610360848956180 http://udacity:39783/
[rosmaster.master][INFO] 2017-05-22 12:15:07,460: +PUB [/clicked_point] /rviz_udacity_8691_5183610360848956180 http://udacity:39783/
[rosmaster.master][INFO] 2017-05-22 12:15:07,512: +PUB [/rviz_visual_tools_gui] /rviz_udacity_8691_5183610360848956180 http://udacity:39783/
[rosmaster.master][INFO] 2017-05-22 12:15:07,546: +SERVICE [/rviz_udacity_8691_5183610360848956180/reload_shaders] /rviz_udacity_8691_5183610360848956180 http://udacity:39783/
[rosmaster.master][INFO] 2017-05-22 12:15:14,115: -PUB [/rosout] /robot_state_publisher http://udacity:34205/
[rosmaster.master][INFO] 2017-05-22 12:15:14,116: -PUB [/tf] /robot_state_publisher http://udacity:34205/
[rosmaster.master][INFO] 2017-05-22 12:15:14,116: -PUB [/tf_static] /robot_state_publisher http://udacity:34205/
[rosmaster.master][INFO] 2017-05-22 12:15:14,117: -SUB [/joint_states] /robot_state_publisher http://udacity:34205/
[rosmaster.master][INFO] 2017-05-22 12:15:14,118: -SERVICE [/robot_state_publisher/get_loggers] /robot_state_publisher rosrpc://udacity:42737
[rosmaster.master][INFO] 2017-05-22 12:15:14,119: -SERVICE [/robot_state_publisher/set_logger_level] /robot_state_publisher rosrpc://udacity:42737
[rosmaster.master][INFO] 2017-05-22 12:15:14,180: publisherUpdate[/rosout] -> http://udacity:41037/ ['http://udacity:39783/', 'http://udacity:33815/']
[rosmaster.master][INFO] 2017-05-22 12:15:14,181: publisherUpdate[/rosout] -> http://udacity:41037/ ['http://udacity:39783/', 'http://udacity:33815/']: sec=0.00, result=[1, '', 0]
[rosmaster.master][INFO] 2017-05-22 12:15:14,181: publisherUpdate[/tf] -> http://udacity:39783/ []
[rosmaster.master][INFO] 2017-05-22 12:15:14,182: publisherUpdate[/tf] -> http://udacity:39783/ []: sec=0.00, result=[0, 'Unknown Error', 0]
[rosmaster.master][INFO] 2017-05-22 12:15:14,182: publisherUpdate[/tf_static] -> http://udacity:39783/ []
[rosmaster.master][INFO] 2017-05-22 12:15:14,182: publisherUpdate[/tf_static] -> http://udacity:39783/ []: sec=0.00, result=[0, 'Unknown Error', 0]
[rosmaster.master][INFO] 2017-05-22 12:15:14,284: -PUB [/rosout] /rviz_udacity_8691_5183610360848956180 http://udacity:39783/
[rosmaster.master][INFO] 2017-05-22 12:15:14,285: -PUB [/initialpose] /rviz_udacity_8691_5183610360848956180 http://udacity:39783/
[rosmaster.master][INFO] 2017-05-22 12:15:14,287: -PUB [/move_base_simple/goal] /rviz_udacity_8691_5183610360848956180 http://udacity:39783/
[rosmaster.master][INFO] 2017-05-22 12:15:14,289: -PUB [/clicked_point] /rviz_udacity_8691_5183610360848956180 http://udacity:39783/
[rosmaster.master][INFO] 2017-05-22 12:15:14,291: -PUB [/rviz_visual_tools_gui] /rviz_udacity_8691_5183610360848956180 http://udacity:39783/
[rosmaster.master][INFO] 2017-05-22 12:15:14,294: publisherUpdate[/rosout] -> http://udacity:41037/ ['http://udacity:33815/']
[rosmaster.master][INFO] 2017-05-22 12:15:14,295: publisherUpdate[/rosout] -> http://udacity:41037/ ['http://udacity:33815/']: sec=0.00, result=[1, '', 0]
[rosmaster.master][INFO] 2017-05-22 12:15:14,296: -SUB [/tf] /rviz_udacity_8691_5183610360848956180 http://udacity:39783/
[rosmaster.master][INFO] 2017-05-22 12:15:14,299: -SUB [/tf_static] /rviz_udacity_8691_5183610360848956180 http://udacity:39783/
[rosmaster.master][INFO] 2017-05-22 12:15:14,301: -SERVICE [/rviz_udacity_8691_5183610360848956180/get_loggers] /rviz_udacity_8691_5183610360848956180 rosrpc://udacity:44965
[rosmaster.master][INFO] 2017-05-22 12:15:14,304: -SERVICE [/rviz_udacity_8691_5183610360848956180/set_logger_level] /rviz_udacity_8691_5183610360848956180 rosrpc://udacity:44965
[rosmaster.master][INFO] 2017-05-22 12:15:14,305: -SERVICE [/rviz_udacity_8691_5183610360848956180/reload_shaders] /rviz_udacity_8691_5183610360848956180 rosrpc://udacity:44965
[rosmaster.master][INFO] 2017-05-22 12:15:14,696: -PUB [/rosout_agg] /rosout http://udacity:41037/
[rosmaster.master][INFO] 2017-05-22 12:15:14,697: -SUB [/rosout] /rosout http://udacity:41037/
[rosmaster.master][INFO] 2017-05-22 12:15:14,697: -SERVICE [/rosout/get_loggers] /rosout rosrpc://udacity:32835
[rosmaster.master][INFO] 2017-05-22 12:15:14,698: -SERVICE [/rosout/set_logger_level] /rosout rosrpc://udacity:32835
[rosmaster.main][INFO] 2017-05-22 12:15:14,732: keyboard interrupt, will exit
[rosmaster.main][INFO] 2017-05-22 12:15:14,732: stopping master...
[rospy.core][INFO] 2017-05-22 12:15:14,732: signal_shutdown [atexit]
