[rosmaster.main][INFO] 2017-07-05 09:49:34,675: initialization complete, waiting for shutdown
[rosmaster.main][INFO] 2017-07-05 09:49:34,675: Starting ROS Master Node
[xmlrpc][INFO] 2017-07-05 09:49:34,677: XML-RPC server binding to 0.0.0.0:11311
[xmlrpc][INFO] 2017-07-05 09:49:34,678: Started XML-RPC server [http://udacity:11311/]
[xmlrpc][INFO] 2017-07-05 09:49:34,678: xml rpc node: starting XML-RPC server
[rosmaster.master][INFO] 2017-07-05 09:49:34,678: Master initialized: port[11311], uri[http://udacity:11311/]
[rosmaster.master][INFO] 2017-07-05 09:49:34,702: +PUB [/rosout] /clustering_7932_1499273368111 http://udacity:43597/
[rosmaster.master][INFO] 2017-07-05 09:49:34,710: +SERVICE [/clustering_7932_1499273368111/get_loggers] /clustering_7932_1499273368111 http://udacity:43597/
[rosmaster.master][INFO] 2017-07-05 09:49:34,711: +PARAM [/run_id] by /roslaunch
[rosmaster.master][INFO] 2017-07-05 09:49:34,712: +SERVICE [/clustering_7932_1499273368111/set_logger_level] /clustering_7932_1499273368111 http://udacity:43597/
[rosmaster.master][INFO] 2017-07-05 09:49:34,713: +PARAM [/roslaunch/uris/host_udacity__40557] by /roslaunch
[rosmaster.master][INFO] 2017-07-05 09:49:34,730: +SUB [/sensor_stick/point_cloud] /clustering_7932_1499273368111 http://udacity:43597/
[rosmaster.master][INFO] 2017-07-05 09:49:34,732: +PUB [/pcl_objects] /clustering_7932_1499273368111 http://udacity:43597/
[rosmaster.master][INFO] 2017-07-05 09:49:34,733: +PUB [/pcl_table] /clustering_7932_1499273368111 http://udacity:43597/
[rosmaster.master][INFO] 2017-07-05 09:49:34,759: +PARAM [/robot_state_publisher/use_tf_static] by /roslaunch
[rosmaster.master][INFO] 2017-07-05 09:49:34,760: +PARAM [/use_sim_time] by /roslaunch
[rosmaster.master][INFO] 2017-07-05 09:49:34,760: +PARAM [/rosdistro] by /roslaunch
[rosmaster.master][INFO] 2017-07-05 09:49:34,760: +PARAM [/robot_description] by /roslaunch
[rosmaster.master][INFO] 2017-07-05 09:49:34,760: +PARAM [/sensor_stick/joint_state_controller/publish_rate] by /roslaunch
[rosmaster.master][INFO] 2017-07-05 09:49:34,760: +PARAM [/sensor_stick/pan_position_controller/joint] by /roslaunch
[rosmaster.master][INFO] 2017-07-05 09:49:34,760: +PARAM [/sensor_stick/pan_position_controller/type] by /roslaunch
[rosmaster.master][INFO] 2017-07-05 09:49:34,760: +PARAM [/rosversion] by /roslaunch
[rosmaster.master][INFO] 2017-07-05 09:49:34,760: +PARAM [/sensor_stick/joint_state_controller/type] by /roslaunch
[rosmaster.master][INFO] 2017-07-05 09:49:34,760: +PARAM [/joint_state_publisher/use_gui] by /roslaunch
[rosmaster.master][INFO] 2017-07-05 09:49:34,760: +PARAM [/sensor_stick/tilt_position_controller/type] by /roslaunch
[rosmaster.master][INFO] 2017-07-05 09:49:34,761: +PARAM [/sensor_stick/tilt_position_controller/joint] by /roslaunch
[rosmaster.master][INFO] 2017-07-05 09:49:34,768: +SERVICE [/rosout/get_loggers] /rosout http://udacity:41449/
[rosmaster.master][INFO] 2017-07-05 09:49:34,774: +SERVICE [/rosout/set_logger_level] /rosout http://udacity:41449/
[rosmaster.master][INFO] 2017-07-05 09:49:34,807: +SUB [/clock] /rosout http://udacity:41449/
[rosmaster.master][INFO] 2017-07-05 09:49:34,809: +PUB [/rosout_agg] /rosout http://udacity:41449/
[rosmaster.master][INFO] 2017-07-05 09:49:34,819: +PUB [/rosout] /robot_state_publisher http://udacity:42665/
[rosmaster.master][INFO] 2017-07-05 09:49:34,826: +SERVICE [/robot_state_publisher/get_loggers] /robot_state_publisher http://udacity:42665/
[rosmaster.master][INFO] 2017-07-05 09:49:34,835: +SUB [/rosout] /rosout http://udacity:41449/
[rosmaster.master][INFO] 2017-07-05 09:49:34,838: +SERVICE [/robot_state_publisher/set_logger_level] /robot_state_publisher http://udacity:42665/
[rosmaster.master][INFO] 2017-07-05 09:49:34,882: +SUB [/clock] /robot_state_publisher http://udacity:42665/
[rosmaster.master][INFO] 2017-07-05 09:49:34,902: +PUB [/tf] /robot_state_publisher http://udacity:42665/
[rosmaster.master][INFO] 2017-07-05 09:49:34,910: +PUB [/rosout] /cloud_transformer http://udacity:43837/
[rosmaster.master][INFO] 2017-07-05 09:49:34,914: +PUB [/tf_static] /robot_state_publisher http://udacity:42665/
[rosmaster.master][INFO] 2017-07-05 09:49:34,918: +SERVICE [/cloud_transformer/get_loggers] /cloud_transformer http://udacity:43837/
[rosmaster.master][INFO] 2017-07-05 09:49:34,926: +SERVICE [/cloud_transformer/set_logger_level] /cloud_transformer http://udacity:43837/
[rosmaster.master][INFO] 2017-07-05 09:49:34,979: publisherUpdate[/rosout] -> http://udacity:41449/ ['http://udacity:43597/', 'http://udacity:42665/', 'http://udacity:43837/']
[rosmaster.master][INFO] 2017-07-05 09:49:34,988: publisherUpdate[/rosout] -> http://udacity:41449/ ['http://udacity:43597/', 'http://udacity:42665/', 'http://udacity:43837/']: sec=0.01, result=[1, '', 0]
[rosmaster.master][INFO] 2017-07-05 09:49:34,992: +SUB [/clock] /cloud_transformer http://udacity:43837/
[rosmaster.master][INFO] 2017-07-05 09:49:35,011: +SUB [/sensor_stick/joint_states] /robot_state_publisher http://udacity:42665/
[rosmaster.master][INFO] 2017-07-05 09:49:35,020: +SUB [/tf] /cloud_transformer http://udacity:43837/
[rosmaster.master][INFO] 2017-07-05 09:49:35,031: +SUB [/tf_static] /cloud_transformer http://udacity:43837/
[rosmaster.master][INFO] 2017-07-05 09:49:35,054: +PUB [/rosout] /rviz_udacity_7937_791385096068002512 http://udacity:46781/
[rosmaster.master][INFO] 2017-07-05 09:49:35,055: +SUB [/camera/depth_registered/points] /cloud_transformer http://udacity:43837/
[rosmaster.master][INFO] 2017-07-05 09:49:35,056: +SERVICE [/rviz_udacity_7937_791385096068002512/get_loggers] /rviz_udacity_7937_791385096068002512 http://udacity:46781/
[rosmaster.master][INFO] 2017-07-05 09:49:35,056: +PUB [/sensor_stick/point_cloud] /cloud_transformer http://udacity:43837/
[rosmaster.master][INFO] 2017-07-05 09:49:35,057: +SERVICE [/rviz_udacity_7937_791385096068002512/set_logger_level] /rviz_udacity_7937_791385096068002512 http://udacity:46781/
[rosmaster.master][INFO] 2017-07-05 09:49:35,081: publisherUpdate[/rosout] -> http://udacity:41449/ ['http://udacity:43597/', 'http://udacity:42665/', 'http://udacity:43837/', 'http://udacity:46781/']
[rosmaster.master][INFO] 2017-07-05 09:49:35,081: publisherUpdate[/sensor_stick/point_cloud] -> http://udacity:43597/ ['http://udacity:43837/']
[rosmaster.master][INFO] 2017-07-05 09:49:35,083: publisherUpdate[/sensor_stick/point_cloud] -> http://udacity:43597/ ['http://udacity:43837/']: sec=0.00, result=[1, '', 0]
[rosmaster.master][INFO] 2017-07-05 09:49:35,086: publisherUpdate[/rosout] -> http://udacity:41449/ ['http://udacity:43597/', 'http://udacity:42665/', 'http://udacity:43837/', 'http://udacity:46781/']: sec=0.00, result=[1, '', 0]
[rosmaster.master][INFO] 2017-07-05 09:49:35,088: +SUB [/clock] /rviz_udacity_7937_791385096068002512 http://udacity:46781/
[rosmaster.master][INFO] 2017-07-05 09:49:35,203: +PUB [/rosout] /joint_state_publisher http://udacity:41985/
[rosmaster.master][INFO] 2017-07-05 09:49:35,209: +SUB [/clock] /joint_state_publisher http://udacity:41985/
[rosmaster.master][INFO] 2017-07-05 09:49:35,215: +SERVICE [/joint_state_publisher/get_loggers] /joint_state_publisher http://udacity:41985/
[rosmaster.master][INFO] 2017-07-05 09:49:35,217: +SERVICE [/joint_state_publisher/set_logger_level] /joint_state_publisher http://udacity:41985/
[rosmaster.master][INFO] 2017-07-05 09:49:35,284: publisherUpdate[/rosout] -> http://udacity:41449/ ['http://udacity:43597/', 'http://udacity:42665/', 'http://udacity:43837/', 'http://udacity:46781/', 'http://udacity:41985/']
[rosmaster.master][INFO] 2017-07-05 09:49:35,287: publisherUpdate[/rosout] -> http://udacity:41449/ ['http://udacity:43597/', 'http://udacity:42665/', 'http://udacity:43837/', 'http://udacity:46781/', 'http://udacity:41985/']: sec=0.00, result=[1, '', 0]
[rosmaster.master][INFO] 2017-07-05 09:49:35,302: +PUB [/joint_states] /joint_state_publisher http://udacity:41985/
[rosmaster.master][INFO] 2017-07-05 09:49:35,507: +SUB [/tf] /rviz_udacity_7937_791385096068002512 http://udacity:46781/
[rosmaster.master][INFO] 2017-07-05 09:49:35,518: +SUB [/tf_static] /rviz_udacity_7937_791385096068002512 http://udacity:46781/
[rosmaster.master][INFO] 2017-07-05 09:49:35,526: +PUB [/rosout] /urdf_spawner http://udacity:45881/
[rosmaster.master][INFO] 2017-07-05 09:49:35,532: +SUB [/clock] /urdf_spawner http://udacity:45881/
[rosmaster.master][INFO] 2017-07-05 09:49:35,534: +PUB [/rosout] /gazebo http://udacity:39343/
[rosmaster.master][INFO] 2017-07-05 09:49:35,535: +SERVICE [/urdf_spawner/get_loggers] /urdf_spawner http://udacity:45881/
[rosmaster.master][INFO] 2017-07-05 09:49:35,538: +SERVICE [/gazebo/get_loggers] /gazebo http://udacity:39343/
[rosmaster.master][INFO] 2017-07-05 09:49:35,540: +SERVICE [/urdf_spawner/set_logger_level] /urdf_spawner http://udacity:45881/
[rosmaster.master][INFO] 2017-07-05 09:49:35,542: +SERVICE [/gazebo/set_logger_level] /gazebo http://udacity:39343/
[rosmaster.master][INFO] 2017-07-05 09:49:35,550: +SUB [/clock] /gazebo http://udacity:39343/
[rosmaster.master][INFO] 2017-07-05 09:49:35,587: publisherUpdate[/rosout] -> http://udacity:41449/ ['http://udacity:43597/', 'http://udacity:42665/', 'http://udacity:43837/', 'http://udacity:46781/', 'http://udacity:41985/', 'http://udacity:45881/']
[rosmaster.master][INFO] 2017-07-05 09:49:35,588: publisherUpdate[/rosout] -> http://udacity:41449/ ['http://udacity:43597/', 'http://udacity:42665/', 'http://udacity:43837/', 'http://udacity:46781/', 'http://udacity:41985/', 'http://udacity:45881/']: sec=0.00, result=[1, '', 0]
[rosmaster.master][INFO] 2017-07-05 09:49:35,589: publisherUpdate[/rosout] -> http://udacity:41449/ ['http://udacity:43597/', 'http://udacity:42665/', 'http://udacity:43837/', 'http://udacity:46781/', 'http://udacity:41985/', 'http://udacity:45881/', 'http://udacity:39343/']
[rosmaster.master][INFO] 2017-07-05 09:49:35,589: publisherUpdate[/rosout] -> http://udacity:41449/ ['http://udacity:43597/', 'http://udacity:42665/', 'http://udacity:43837/', 'http://udacity:46781/', 'http://udacity:41985/', 'http://udacity:45881/', 'http://udacity:39343/']: sec=0.00, result=[1, '', 0]
[rosmaster.master][INFO] 2017-07-05 09:49:35,611: +PUB [/rosout] /sensor_stick/spawner http://udacity:35889/
[rosmaster.master][INFO] 2017-07-05 09:49:35,615: +SUB [/clock] /sensor_stick/spawner http://udacity:35889/
[rosmaster.master][INFO] 2017-07-05 09:49:35,617: +SERVICE [/sensor_stick/spawner/get_loggers] /sensor_stick/spawner http://udacity:35889/
[rosmaster.master][INFO] 2017-07-05 09:49:35,618: +SERVICE [/sensor_stick/spawner/set_logger_level] /sensor_stick/spawner http://udacity:35889/
[rosmaster.master][INFO] 2017-07-05 09:49:35,679: +PUB [/initialpose] /rviz_udacity_7937_791385096068002512 http://udacity:46781/
[rosmaster.master][INFO] 2017-07-05 09:49:35,681: +PUB [/goal] /rviz_udacity_7937_791385096068002512 http://udacity:46781/
[rosmaster.master][INFO] 2017-07-05 09:49:35,688: publisherUpdate[/rosout] -> http://udacity:41449/ ['http://udacity:43597/', 'http://udacity:42665/', 'http://udacity:43837/', 'http://udacity:46781/', 'http://udacity:41985/', 'http://udacity:45881/', 'http://udacity:39343/', 'http://udacity:35889/']
[rosmaster.master][INFO] 2017-07-05 09:49:35,689: publisherUpdate[/rosout] -> http://udacity:41449/ ['http://udacity:43597/', 'http://udacity:42665/', 'http://udacity:43837/', 'http://udacity:46781/', 'http://udacity:41985/', 'http://udacity:45881/', 'http://udacity:39343/', 'http://udacity:35889/']: sec=0.00, result=[1, '', 0]
[rosmaster.master][INFO] 2017-07-05 09:49:35,789: +SUB [/camera/depth_registered/points] /rviz_udacity_7937_791385096068002512 http://udacity:46781/
[rosmaster.master][INFO] 2017-07-05 09:49:35,966: +PUB [/clock] /gazebo http://udacity:39343/
[rosmaster.master][INFO] 2017-07-05 09:49:35,967: +SERVICE [/gazebo/spawn_sdf_model] /gazebo http://udacity:39343/
[rosmaster.master][INFO] 2017-07-05 09:49:35,969: +SERVICE [/gazebo/spawn_urdf_model] /gazebo http://udacity:39343/
[rosmaster.master][INFO] 2017-07-05 09:49:35,970: +SERVICE [/gazebo/delete_model] /gazebo http://udacity:39343/
[rosmaster.master][INFO] 2017-07-05 09:49:35,971: +SERVICE [/gazebo/delete_light] /gazebo http://udacity:39343/
[rosmaster.master][INFO] 2017-07-05 09:49:35,972: +SERVICE [/gazebo/get_model_properties] /gazebo http://udacity:39343/
[rosmaster.master][INFO] 2017-07-05 09:49:35,973: +SERVICE [/gazebo/get_model_state] /gazebo http://udacity:39343/
[rosmaster.master][INFO] 2017-07-05 09:49:35,975: +SERVICE [/gazebo/get_world_properties] /gazebo http://udacity:39343/
[rosmaster.master][INFO] 2017-07-05 09:49:35,977: +SERVICE [/gazebo/get_joint_properties] /gazebo http://udacity:39343/
[rosmaster.master][INFO] 2017-07-05 09:49:35,977: +SERVICE [/gazebo/get_link_properties] /gazebo http://udacity:39343/
[rosmaster.master][INFO] 2017-07-05 09:49:35,978: +SERVICE [/gazebo/get_link_state] /gazebo http://udacity:39343/
[rosmaster.master][INFO] 2017-07-05 09:49:35,979: +SERVICE [/gazebo/get_light_properties] /gazebo http://udacity:39343/
[rosmaster.master][INFO] 2017-07-05 09:49:35,981: +SERVICE [/gazebo/set_light_properties] /gazebo http://udacity:39343/
[rosmaster.master][INFO] 2017-07-05 09:49:35,982: +SERVICE [/gazebo/get_physics_properties] /gazebo http://udacity:39343/
[rosmaster.master][INFO] 2017-07-05 09:49:35,982: +PUB [/gazebo/link_states] /gazebo http://udacity:39343/
[rosmaster.master][INFO] 2017-07-05 09:49:35,983: +PUB [/gazebo/model_states] /gazebo http://udacity:39343/
[rosmaster.master][INFO] 2017-07-05 09:49:35,984: +SERVICE [/gazebo/set_link_properties] /gazebo http://udacity:39343/
[rosmaster.master][INFO] 2017-07-05 09:49:35,985: +SERVICE [/gazebo/set_physics_properties] /gazebo http://udacity:39343/
[rosmaster.master][INFO] 2017-07-05 09:49:35,986: +SERVICE [/gazebo/set_model_state] /gazebo http://udacity:39343/
[rosmaster.master][INFO] 2017-07-05 09:49:35,987: +SERVICE [/gazebo/set_model_configuration] /gazebo http://udacity:39343/
[rosmaster.master][INFO] 2017-07-05 09:49:35,988: +SERVICE [/gazebo/set_joint_properties] /gazebo http://udacity:39343/
[rosmaster.master][INFO] 2017-07-05 09:49:35,989: +SERVICE [/gazebo/set_link_state] /gazebo http://udacity:39343/
[rosmaster.master][INFO] 2017-07-05 09:49:35,990: publisherUpdate[/clock] -> http://udacity:41449/ ['http://udacity:39343/']
[rosmaster.master][INFO] 2017-07-05 09:49:35,990: publisherUpdate[/clock] -> http://udacity:42665/ ['http://udacity:39343/']
[rosmaster.master][INFO] 2017-07-05 09:49:35,992: publisherUpdate[/clock] -> http://udacity:41449/ ['http://udacity:39343/']: sec=0.00, result=[1, '', 0]
[rosmaster.master][INFO] 2017-07-05 09:49:35,992: publisherUpdate[/clock] -> http://udacity:43837/ ['http://udacity:39343/']
[rosmaster.master][INFO] 2017-07-05 09:49:35,993: publisherUpdate[/clock] -> http://udacity:46781/ ['http://udacity:39343/']
[rosmaster.master][INFO] 2017-07-05 09:49:35,994: publisherUpdate[/clock] -> http://udacity:42665/ ['http://udacity:39343/']: sec=0.00, result=[1, '', 0]
[rosmaster.master][INFO] 2017-07-05 09:49:35,995: publisherUpdate[/clock] -> http://udacity:41985/ ['http://udacity:39343/']
[rosmaster.master][INFO] 2017-07-05 09:49:35,994: publisherUpdate[/clock] -> http://udacity:43837/ ['http://udacity:39343/']: sec=0.00, result=[1, '', 0]
[rosmaster.master][INFO] 2017-07-05 09:49:35,996: publisherUpdate[/clock] -> http://udacity:46781/ ['http://udacity:39343/']: sec=0.00, result=[1, '', 0]
[rosmaster.master][INFO] 2017-07-05 09:49:35,998: publisherUpdate[/clock] -> http://udacity:41985/ ['http://udacity:39343/']: sec=0.00, result=[1, '', 0]
[rosmaster.master][INFO] 2017-07-05 09:49:35,998: publisherUpdate[/clock] -> http://udacity:45881/ ['http://udacity:39343/']
[rosmaster.master][INFO] 2017-07-05 09:49:36,000: publisherUpdate[/clock] -> http://udacity:39343/ ['http://udacity:39343/']
[rosmaster.master][INFO] 2017-07-05 09:49:36,000: publisherUpdate[/clock] -> http://udacity:35889/ ['http://udacity:39343/']
[rosmaster.master][INFO] 2017-07-05 09:49:36,005: publisherUpdate[/clock] -> http://udacity:45881/ ['http://udacity:39343/']: sec=0.00, result=[1, '', 0]
[rosmaster.master][INFO] 2017-07-05 09:49:36,006: publisherUpdate[/clock] -> http://udacity:35889/ ['http://udacity:39343/']: sec=0.00, result=[1, '', 0]
[rosmaster.master][INFO] 2017-07-05 09:49:36,018: +SUB [/gazebo/set_link_state] /gazebo http://udacity:39343/
[rosmaster.master][INFO] 2017-07-05 09:49:36,018: publisherUpdate[/clock] -> http://udacity:39343/ ['http://udacity:39343/']: sec=0.01, result=[1, '', 0]
[rosmaster.master][INFO] 2017-07-05 09:49:36,028: +SUB [/gazebo/set_model_state] /gazebo http://udacity:39343/
[rosmaster.master][INFO] 2017-07-05 09:49:36,029: +SERVICE [/gazebo/pause_physics] /gazebo http://udacity:39343/
[rosmaster.master][INFO] 2017-07-05 09:49:36,030: +SERVICE [/gazebo/unpause_physics] /gazebo http://udacity:39343/
[rosmaster.master][INFO] 2017-07-05 09:49:36,031: +SERVICE [/gazebo/apply_body_wrench] /gazebo http://udacity:39343/
[rosmaster.master][INFO] 2017-07-05 09:49:36,032: +SERVICE [/gazebo/apply_joint_effort] /gazebo http://udacity:39343/
[rosmaster.master][INFO] 2017-07-05 09:49:36,033: +SERVICE [/gazebo/clear_joint_forces] /gazebo http://udacity:39343/
[rosmaster.master][INFO] 2017-07-05 09:49:36,034: +SERVICE [/gazebo/clear_body_wrenches] /gazebo http://udacity:39343/
[rosmaster.master][INFO] 2017-07-05 09:49:36,035: +SERVICE [/gazebo/reset_simulation] /gazebo http://udacity:39343/
[rosmaster.master][INFO] 2017-07-05 09:49:36,036: +SERVICE [/gazebo/reset_world] /gazebo http://udacity:39343/
[rosmaster.master][INFO] 2017-07-05 09:49:36,037: +PARAM [/use_sim_time] by /gazebo
[rosmaster.master][INFO] 2017-07-05 09:49:36,075: +SUB [/camera/rgb/image_raw] /rviz_udacity_7937_791385096068002512 http://udacity:46781/
[rosmaster.master][INFO] 2017-07-05 09:49:36,080: +SUB [/camera/rgb/camera_info] /rviz_udacity_7937_791385096068002512 http://udacity:46781/
[rosmaster.master][INFO] 2017-07-05 09:49:36,096: -PUB [/goal] /rviz_udacity_7937_791385096068002512 http://udacity:46781/
[rosmaster.master][INFO] 2017-07-05 09:49:36,097: -PUB [/initialpose] /rviz_udacity_7937_791385096068002512 http://udacity:46781/
[rosmaster.master][INFO] 2017-07-05 09:49:36,102: +PUB [/initialpose] /rviz_udacity_7937_791385096068002512 http://udacity:46781/
[rosmaster.master][INFO] 2017-07-05 09:49:36,103: +PUB [/goal] /rviz_udacity_7937_791385096068002512 http://udacity:46781/
[rosmaster.master][INFO] 2017-07-05 09:49:36,104: +PUB [/move_base_simple/goal] /rviz_udacity_7937_791385096068002512 http://udacity:46781/
[rosmaster.master][INFO] 2017-07-05 09:49:36,105: -PUB [/goal] /rviz_udacity_7937_791385096068002512 http://udacity:46781/
[rosmaster.master][INFO] 2017-07-05 09:49:36,106: +PUB [/clicked_point] /rviz_udacity_7937_791385096068002512 http://udacity:46781/
[rosmaster.master][INFO] 2017-07-05 09:49:36,164: +PUB [/rviz_visual_tools_gui] /rviz_udacity_7937_791385096068002512 http://udacity:46781/
[rosmaster.master][INFO] 2017-07-05 09:49:36,203: +SERVICE [/rviz_udacity_7937_791385096068002512/reload_shaders] /rviz_udacity_7937_791385096068002512 http://udacity:46781/
[rosmaster.master][INFO] 2017-07-05 09:50:05,829: -SUB [/clock] /sensor_stick/spawner http://udacity:35889/
[rosmaster.master][INFO] 2017-07-05 09:50:05,829: -PUB [/rosout] /sensor_stick/spawner http://udacity:35889/
[rosmaster.master][INFO] 2017-07-05 09:50:05,829: -SERVICE [/sensor_stick/spawner/set_logger_level] /sensor_stick/spawner rosrpc://udacity:34495
[rosmaster.master][INFO] 2017-07-05 09:50:05,829: -SERVICE [/sensor_stick/spawner/get_loggers] /sensor_stick/spawner rosrpc://udacity:34495
[rosmaster.master][INFO] 2017-07-05 09:50:05,871: publisherUpdate[/rosout] -> http://udacity:41449/ ['http://udacity:43597/', 'http://udacity:42665/', 'http://udacity:43837/', 'http://udacity:46781/', 'http://udacity:41985/', 'http://udacity:45881/', 'http://udacity:39343/']
[rosmaster.master][INFO] 2017-07-05 09:50:05,872: publisherUpdate[/rosout] -> http://udacity:41449/ ['http://udacity:43597/', 'http://udacity:42665/', 'http://udacity:43837/', 'http://udacity:46781/', 'http://udacity:41985/', 'http://udacity:45881/', 'http://udacity:39343/']: sec=0.00, result=[1, '', 0]
[rosmaster.master][INFO] 2017-07-05 09:50:42,470: -SUB [/clock] /urdf_spawner http://udacity:45881/
[rosmaster.master][INFO] 2017-07-05 09:50:42,470: -PUB [/rosout] /urdf_spawner http://udacity:45881/
[rosmaster.master][INFO] 2017-07-05 09:50:42,470: -SERVICE [/urdf_spawner/set_logger_level] /urdf_spawner rosrpc://udacity:34571
[rosmaster.master][INFO] 2017-07-05 09:50:42,470: -SERVICE [/urdf_spawner/get_loggers] /urdf_spawner rosrpc://udacity:34571
[rosmaster.master][INFO] 2017-07-05 09:50:42,476: publisherUpdate[/rosout] -> http://udacity:41449/ ['http://udacity:43597/', 'http://udacity:42665/', 'http://udacity:43837/', 'http://udacity:46781/', 'http://udacity:41985/', 'http://udacity:39343/']
[rosmaster.master][INFO] 2017-07-05 09:50:42,476: publisherUpdate[/rosout] -> http://udacity:41449/ ['http://udacity:43597/', 'http://udacity:42665/', 'http://udacity:43837/', 'http://udacity:46781/', 'http://udacity:41985/', 'http://udacity:39343/']: sec=0.00, result=[1, '', 0]
[rosmaster.master][INFO] 2017-07-05 09:50:42,917: +SERVICE [/camera/set_camera_info] /gazebo http://udacity:39343/
[rosmaster.master][INFO] 2017-07-05 09:50:42,922: +SERVICE [/camera/set_parameters] /gazebo http://udacity:39343/
[rosmaster.master][INFO] 2017-07-05 09:50:42,923: +PUB [/camera/parameter_descriptions] /gazebo http://udacity:39343/
[rosmaster.master][INFO] 2017-07-05 09:50:42,925: +PUB [/camera/parameter_updates] /gazebo http://udacity:39343/
[rosmaster.master][INFO] 2017-07-05 09:50:42,927: +PARAM [/camera/imager_rate] by /gazebo
[rosmaster.master][INFO] 2017-07-05 09:50:42,929: +PARAM [/camera/imager_rate] by /gazebo
[rosmaster.master][INFO] 2017-07-05 09:50:43,076: +PUB [/camera/rgb/image_raw/compressedDepth] /gazebo http://udacity:39343/
[rosmaster.master][INFO] 2017-07-05 09:50:43,077: +SERVICE [/camera/rgb/image_raw/compressedDepth/set_parameters] /gazebo http://udacity:39343/
[rosmaster.master][INFO] 2017-07-05 09:50:43,079: +PUB [/camera/rgb/image_raw/compressedDepth/parameter_descriptions] /gazebo http://udacity:39343/
[rosmaster.master][INFO] 2017-07-05 09:50:43,079: +PUB [/camera/rgb/image_raw/compressedDepth/parameter_updates] /gazebo http://udacity:39343/
[rosmaster.master][INFO] 2017-07-05 09:50:43,087: +PARAM [/camera/rgb/image_raw/compressedDepth/depth_max] by /gazebo
[rosmaster.master][INFO] 2017-07-05 09:50:43,088: +PARAM [/camera/rgb/image_raw/compressedDepth/depth_quantization] by /gazebo
[rosmaster.master][INFO] 2017-07-05 09:50:43,089: +PARAM [/camera/rgb/image_raw/compressedDepth/png_level] by /gazebo
[rosmaster.master][INFO] 2017-07-05 09:50:43,090: +PARAM [/camera/rgb/image_raw/compressedDepth/depth_max] by /gazebo
[rosmaster.master][INFO] 2017-07-05 09:50:43,091: +PARAM [/camera/rgb/image_raw/compressedDepth/depth_quantization] by /gazebo
[rosmaster.master][INFO] 2017-07-05 09:50:43,092: +PARAM [/camera/rgb/image_raw/compressedDepth/png_level] by /gazebo
[rosmaster.master][INFO] 2017-07-05 09:50:43,151: +SERVICE [/sensor_stick/controller_manager/list_controllers] /gazebo http://udacity:39343/
[rosmaster.master][INFO] 2017-07-05 09:50:43,153: +SERVICE [/sensor_stick/controller_manager/list_controller_types] /gazebo http://udacity:39343/
[rosmaster.master][INFO] 2017-07-05 09:50:43,155: +SERVICE [/sensor_stick/controller_manager/load_controller] /gazebo http://udacity:39343/
[rosmaster.master][INFO] 2017-07-05 09:50:43,157: +SERVICE [/sensor_stick/controller_manager/unload_controller] /gazebo http://udacity:39343/
[rosmaster.master][INFO] 2017-07-05 09:50:43,159: +PUB [/camera/rgb/image_raw/compressed] /gazebo http://udacity:39343/
[rosmaster.master][INFO] 2017-07-05 09:50:43,161: +SERVICE [/sensor_stick/controller_manager/switch_controller] /gazebo http://udacity:39343/
[rosmaster.master][INFO] 2017-07-05 09:50:43,163: +SERVICE [/camera/rgb/image_raw/compressed/set_parameters] /gazebo http://udacity:39343/
[rosmaster.master][INFO] 2017-07-05 09:50:43,165: +SERVICE [/sensor_stick/controller_manager/reload_controller_libraries] /gazebo http://udacity:39343/
[rosmaster.master][INFO] 2017-07-05 09:50:43,167: +PUB [/camera/rgb/image_raw/compressed/parameter_descriptions] /gazebo http://udacity:39343/
[rosmaster.master][INFO] 2017-07-05 09:50:43,170: +PUB [/camera/rgb/image_raw/compressed/parameter_updates] /gazebo http://udacity:39343/
[rosmaster.master][INFO] 2017-07-05 09:50:43,176: +PARAM [/camera/rgb/image_raw/compressed/format] by /gazebo
[rosmaster.master][INFO] 2017-07-05 09:50:43,182: +PARAM [/camera/rgb/image_raw/compressed/jpeg_quality] by /gazebo
[rosmaster.master][INFO] 2017-07-05 09:50:43,184: +PARAM [/camera/rgb/image_raw/compressed/png_level] by /gazebo
[rosmaster.master][INFO] 2017-07-05 09:50:43,186: +PARAM [/camera/rgb/image_raw/compressed/format] by /gazebo
[rosmaster.master][INFO] 2017-07-05 09:50:43,188: +PARAM [/camera/rgb/image_raw/compressed/jpeg_quality] by /gazebo
[rosmaster.master][INFO] 2017-07-05 09:50:43,189: +PARAM [/camera/rgb/image_raw/compressed/png_level] by /gazebo
[rosmaster.master][INFO] 2017-07-05 09:50:43,212: +SERVICE [/gazebo/set_parameters] /gazebo http://udacity:39343/
[rosmaster.master][INFO] 2017-07-05 09:50:43,215: +PUB [/gazebo/parameter_descriptions] /gazebo http://udacity:39343/
[rosmaster.master][INFO] 2017-07-05 09:50:43,216: +PUB [/gazebo/parameter_updates] /gazebo http://udacity:39343/
[rosmaster.master][INFO] 2017-07-05 09:50:43,244: +PARAM [/gazebo/time_step] by /gazebo
[rosmaster.master][INFO] 2017-07-05 09:50:43,246: +PARAM [/gazebo/max_update_rate] by /gazebo
[rosmaster.master][INFO] 2017-07-05 09:50:43,248: +PARAM [/gazebo/gravity_x] by /gazebo
[rosmaster.master][INFO] 2017-07-05 09:50:43,250: +PARAM [/gazebo/gravity_y] by /gazebo
[rosmaster.master][INFO] 2017-07-05 09:50:43,252: +PARAM [/gazebo/gravity_z] by /gazebo
[rosmaster.master][INFO] 2017-07-05 09:50:43,261: +PARAM [/gazebo/auto_disable_bodies] by /gazebo
[rosmaster.master][INFO] 2017-07-05 09:50:43,267: +PARAM [/gazebo/sor_pgs_precon_iters] by /gazebo
[rosmaster.master][INFO] 2017-07-05 09:50:43,269: +PARAM [/gazebo/sor_pgs_iters] by /gazebo
[rosmaster.master][INFO] 2017-07-05 09:50:43,271: +PARAM [/gazebo/sor_pgs_w] by /gazebo
[rosmaster.master][INFO] 2017-07-05 09:50:43,272: +PARAM [/gazebo/sor_pgs_rms_error_tol] by /gazebo
[rosmaster.master][INFO] 2017-07-05 09:50:43,273: +PUB [/camera/rgb/image_raw] /gazebo http://udacity:39343/
[rosmaster.master][INFO] 2017-07-05 09:50:43,273: +PARAM [/gazebo/cfm] by /gazebo
[rosmaster.master][INFO] 2017-07-05 09:50:43,277: +PARAM [/gazebo/erp] by /gazebo
[rosmaster.master][INFO] 2017-07-05 09:50:43,278: publisherUpdate[/camera/rgb/image_raw] -> http://udacity:46781/ ['http://udacity:39343/']
[rosmaster.master][INFO] 2017-07-05 09:50:43,280: publisherUpdate[/camera/rgb/image_raw] -> http://udacity:46781/ ['http://udacity:39343/']: sec=0.00, result=[1, '', 0]
[rosmaster.master][INFO] 2017-07-05 09:50:43,281: +PARAM [/gazebo/contact_surface_layer] by /gazebo
[rosmaster.master][INFO] 2017-07-05 09:50:43,282: +PARAM [/gazebo/contact_max_correcting_vel] by /gazebo
[rosmaster.master][INFO] 2017-07-05 09:50:43,284: +PARAM [/gazebo/max_contacts] by /gazebo
[rosmaster.master][INFO] 2017-07-05 09:50:43,296: +PARAM [/gazebo/time_step] by /gazebo
[rosmaster.master][INFO] 2017-07-05 09:50:43,297: +PARAM [/gazebo/max_update_rate] by /gazebo
[rosmaster.master][INFO] 2017-07-05 09:50:43,299: +PARAM [/gazebo/gravity_x] by /gazebo
[rosmaster.master][INFO] 2017-07-05 09:50:43,300: +PARAM [/gazebo/gravity_y] by /gazebo
[rosmaster.master][INFO] 2017-07-05 09:50:43,301: +PARAM [/gazebo/gravity_z] by /gazebo
[rosmaster.master][INFO] 2017-07-05 09:50:43,302: +PARAM [/gazebo/auto_disable_bodies] by /gazebo
[rosmaster.master][INFO] 2017-07-05 09:50:43,304: +PARAM [/gazebo/sor_pgs_precon_iters] by /gazebo
[rosmaster.master][INFO] 2017-07-05 09:50:43,305: +PARAM [/gazebo/sor_pgs_iters] by /gazebo
[rosmaster.master][INFO] 2017-07-05 09:50:43,309: +PARAM [/gazebo/sor_pgs_w] by /gazebo
[rosmaster.master][INFO] 2017-07-05 09:50:43,313: +PARAM [/gazebo/sor_pgs_rms_error_tol] by /gazebo
[rosmaster.master][INFO] 2017-07-05 09:50:43,314: +PARAM [/gazebo/cfm] by /gazebo
[rosmaster.master][INFO] 2017-07-05 09:50:43,317: +PARAM [/gazebo/erp] by /gazebo
[rosmaster.master][INFO] 2017-07-05 09:50:43,319: +PARAM [/gazebo/contact_surface_layer] by /gazebo
[rosmaster.master][INFO] 2017-07-05 09:50:43,320: +PARAM [/gazebo/contact_max_correcting_vel] by /gazebo
[rosmaster.master][INFO] 2017-07-05 09:50:43,321: +PARAM [/gazebo/max_contacts] by /gazebo
[rosmaster.master][INFO] 2017-07-05 09:50:43,351: +PUB [/camera/rgb/image_raw/theora] /gazebo http://udacity:39343/
[rosmaster.master][INFO] 2017-07-05 09:50:43,352: +SERVICE [/camera/rgb/image_raw/theora/set_parameters] /gazebo http://udacity:39343/
[rosmaster.master][INFO] 2017-07-05 09:50:43,353: +PUB [/camera/rgb/image_raw/theora/parameter_descriptions] /gazebo http://udacity:39343/
[rosmaster.master][INFO] 2017-07-05 09:50:43,355: +PUB [/camera/rgb/image_raw/theora/parameter_updates] /gazebo http://udacity:39343/
[rosmaster.master][INFO] 2017-07-05 09:50:43,360: +PARAM [/camera/rgb/image_raw/theora/optimize_for] by /gazebo
[rosmaster.master][INFO] 2017-07-05 09:50:43,361: +PARAM [/camera/rgb/image_raw/theora/target_bitrate] by /gazebo
[rosmaster.master][INFO] 2017-07-05 09:50:43,362: +PARAM [/camera/rgb/image_raw/theora/quality] by /gazebo
[rosmaster.master][INFO] 2017-07-05 09:50:43,363: +PARAM [/camera/rgb/image_raw/theora/keyframe_frequency] by /gazebo
[rosmaster.master][INFO] 2017-07-05 09:50:43,364: +PARAM [/camera/rgb/image_raw/theora/optimize_for] by /gazebo
[rosmaster.master][INFO] 2017-07-05 09:50:43,366: +PARAM [/camera/rgb/image_raw/theora/target_bitrate] by /gazebo
[rosmaster.master][INFO] 2017-07-05 09:50:43,367: +PARAM [/camera/rgb/image_raw/theora/quality] by /gazebo
[rosmaster.master][INFO] 2017-07-05 09:50:43,368: +PARAM [/camera/rgb/image_raw/theora/keyframe_frequency] by /gazebo
[rosmaster.master][INFO] 2017-07-05 09:50:43,369: +PUB [/camera/rgb/camera_info] /gazebo http://udacity:39343/
[rosmaster.master][INFO] 2017-07-05 09:50:43,371: +PUB [/camera/depth_registered/points] /gazebo http://udacity:39343/
[rosmaster.master][INFO] 2017-07-05 09:50:43,372: +PUB [/camera/depth_registered/image_raw] /gazebo http://udacity:39343/
[rosmaster.master][INFO] 2017-07-05 09:50:43,373: +PUB [/camera/depth_registered/camera_info] /gazebo http://udacity:39343/
[rosmaster.master][INFO] 2017-07-05 09:50:43,380: publisherUpdate[/camera/rgb/camera_info] -> http://udacity:46781/ ['http://udacity:39343/']
[rosmaster.master][INFO] 2017-07-05 09:50:43,381: publisherUpdate[/camera/rgb/camera_info] -> http://udacity:46781/ ['http://udacity:39343/']: sec=0.00, result=[1, '', 0]
[rosmaster.master][INFO] 2017-07-05 09:50:43,382: publisherUpdate[/camera/depth_registered/points] -> http://udacity:43837/ ['http://udacity:39343/']
[rosmaster.master][INFO] 2017-07-05 09:50:43,383: publisherUpdate[/camera/depth_registered/points] -> http://udacity:43837/ ['http://udacity:39343/']: sec=0.00, result=[1, '', 0]
[rosmaster.master][INFO] 2017-07-05 09:50:43,383: publisherUpdate[/camera/depth_registered/points] -> http://udacity:46781/ ['http://udacity:39343/']
[rosmaster.master][INFO] 2017-07-05 09:50:43,384: publisherUpdate[/camera/depth_registered/points] -> http://udacity:46781/ ['http://udacity:39343/']: sec=0.00, result=[1, '', 0]
[rosmaster.master][INFO] 2017-07-05 09:52:30,398: -SUB [/sensor_stick/point_cloud] /clustering_7932_1499273368111 http://udacity:43597/
[rosmaster.master][INFO] 2017-07-05 09:52:30,398: -PUB [/rosout] /clustering_7932_1499273368111 http://udacity:43597/
[rosmaster.master][INFO] 2017-07-05 09:52:30,398: -PUB [/pcl_objects] /clustering_7932_1499273368111 http://udacity:43597/
[rosmaster.master][INFO] 2017-07-05 09:52:30,398: -PUB [/pcl_table] /clustering_7932_1499273368111 http://udacity:43597/
[rosmaster.master][INFO] 2017-07-05 09:52:30,399: -SERVICE [/clustering_7932_1499273368111/get_loggers] /clustering_7932_1499273368111 rosrpc://udacity:34165
[rosmaster.master][INFO] 2017-07-05 09:52:30,399: -SERVICE [/clustering_7932_1499273368111/set_logger_level] /clustering_7932_1499273368111 rosrpc://udacity:34165
[rosmaster.master][INFO] 2017-07-05 09:52:30,424: publisherUpdate[/rosout] -> http://udacity:41449/ ['http://udacity:42665/', 'http://udacity:43837/', 'http://udacity:46781/', 'http://udacity:41985/', 'http://udacity:39343/']
[rosmaster.master][INFO] 2017-07-05 09:52:30,425: publisherUpdate[/rosout] -> http://udacity:41449/ ['http://udacity:42665/', 'http://udacity:43837/', 'http://udacity:46781/', 'http://udacity:41985/', 'http://udacity:39343/']: sec=0.00, result=[1, '', 0]
[rosmaster.master][INFO] 2017-07-05 09:52:42,492: -SUB [/clock] /joint_state_publisher http://udacity:41985/
[rosmaster.master][INFO] 2017-07-05 09:52:42,493: -PUB [/joint_states] /joint_state_publisher http://udacity:41985/
[rosmaster.master][INFO] 2017-07-05 09:52:42,493: -PUB [/rosout] /joint_state_publisher http://udacity:41985/
[rosmaster.master][INFO] 2017-07-05 09:52:42,493: -SERVICE [/joint_state_publisher/get_loggers] /joint_state_publisher rosrpc://udacity:38009
[rosmaster.master][INFO] 2017-07-05 09:52:42,493: -SERVICE [/joint_state_publisher/set_logger_level] /joint_state_publisher rosrpc://udacity:38009
[rosmaster.master][INFO] 2017-07-05 09:52:42,530: -PUB [/rosout] /robot_state_publisher http://udacity:42665/
[rosmaster.master][INFO] 2017-07-05 09:52:42,531: -PUB [/tf] /robot_state_publisher http://udacity:42665/
[rosmaster.master][INFO] 2017-07-05 09:52:42,532: -PUB [/tf_static] /robot_state_publisher http://udacity:42665/
[rosmaster.master][INFO] 2017-07-05 09:52:42,533: -SUB [/clock] /robot_state_publisher http://udacity:42665/
[rosmaster.master][INFO] 2017-07-05 09:52:42,535: -SUB [/sensor_stick/joint_states] /robot_state_publisher http://udacity:42665/
[rosmaster.master][INFO] 2017-07-05 09:52:42,535: -SERVICE [/robot_state_publisher/get_loggers] /robot_state_publisher rosrpc://udacity:41987
[rosmaster.master][INFO] 2017-07-05 09:52:42,536: -SERVICE [/robot_state_publisher/set_logger_level] /robot_state_publisher rosrpc://udacity:41987
[rosmaster.master][INFO] 2017-07-05 09:52:42,562: publisherUpdate[/rosout] -> http://udacity:41449/ ['http://udacity:42665/', 'http://udacity:43837/', 'http://udacity:46781/', 'http://udacity:39343/']
[rosmaster.master][INFO] 2017-07-05 09:52:42,563: publisherUpdate[/rosout] -> http://udacity:41449/ ['http://udacity:42665/', 'http://udacity:43837/', 'http://udacity:46781/', 'http://udacity:39343/']: sec=0.00, result=[1, '', 0]
[rosmaster.master][INFO] 2017-07-05 09:52:42,563: publisherUpdate[/rosout] -> http://udacity:41449/ ['http://udacity:43837/', 'http://udacity:46781/', 'http://udacity:39343/']
[rosmaster.master][INFO] 2017-07-05 09:52:42,564: -PUB [/rosout] /rviz_udacity_7937_791385096068002512 http://udacity:46781/
[rosmaster.master][INFO] 2017-07-05 09:52:42,565: publisherUpdate[/rosout] -> http://udacity:41449/ ['http://udacity:43837/', 'http://udacity:46781/', 'http://udacity:39343/']: sec=0.00, result=[1, '', 0]
[rosmaster.master][INFO] 2017-07-05 09:52:42,565: publisherUpdate[/tf] -> http://udacity:43837/ []
[rosmaster.master][INFO] 2017-07-05 09:52:42,566: publisherUpdate[/tf] -> http://udacity:43837/ []: sec=0.00, exception=[Errno 111] Connection refused
[rosmaster.threadpool][ERROR] 2017-07-05 09:52:42,567: Traceback (most recent call last):
  File "/opt/ros/kinetic/lib/python2.7/dist-packages/rosmaster/threadpool.py", line 218, in run
    result = cmd(*args)
  File "/opt/ros/kinetic/lib/python2.7/dist-packages/rosmaster/master_api.py", line 210, in publisher_update_task
    ret = xmlrpcapi(api).publisherUpdate('/master', topic, pub_uris)
  File "/usr/lib/python2.7/xmlrpclib.py", line 1243, in __call__
    return self.__send(self.__name, args)
  File "/usr/lib/python2.7/xmlrpclib.py", line 1602, in __request
    verbose=self.__verbose
  File "/usr/lib/python2.7/xmlrpclib.py", line 1283, in request
    return self.single_request(host, handler, request_body, verbose)
  File "/usr/lib/python2.7/xmlrpclib.py", line 1311, in single_request
    self.send_content(h, request_body)
  File "/usr/lib/python2.7/xmlrpclib.py", line 1459, in send_content
    connection.endheaders(request_body)
  File "/usr/lib/python2.7/httplib.py", line 1053, in endheaders
    self._send_output(message_body)
  File "/usr/lib/python2.7/httplib.py", line 897, in _send_output
    self.send(msg)
  File "/usr/lib/python2.7/httplib.py", line 859, in send
    self.connect()
  File "/usr/lib/python2.7/httplib.py", line 836, in connect
    self.timeout, self.source_address)
  File "/usr/lib/python2.7/socket.py", line 575, in create_connection
    raise err
error: [Errno 111] Connection refused

[rosmaster.master][INFO] 2017-07-05 09:52:42,567: publisherUpdate[/tf] -> http://udacity:46781/ []
[rosmaster.master][INFO] 2017-07-05 09:52:42,568: -PUB [/initialpose] /rviz_udacity_7937_791385096068002512 http://udacity:46781/
[rosmaster.master][INFO] 2017-07-05 09:52:42,570: -PUB [/move_base_simple/goal] /rviz_udacity_7937_791385096068002512 http://udacity:46781/
[rosmaster.master][INFO] 2017-07-05 09:52:42,571: publisherUpdate[/tf_static] -> http://udacity:43837/ []
[rosmaster.master][INFO] 2017-07-05 09:52:42,571: publisherUpdate[/tf_static] -> http://udacity:43837/ []: sec=0.00, exception=[Errno 111] Connection refused
[rosmaster.threadpool][ERROR] 2017-07-05 09:52:42,571: Traceback (most recent call last):
  File "/opt/ros/kinetic/lib/python2.7/dist-packages/rosmaster/threadpool.py", line 218, in run
    result = cmd(*args)
  File "/opt/ros/kinetic/lib/python2.7/dist-packages/rosmaster/master_api.py", line 210, in publisher_update_task
    ret = xmlrpcapi(api).publisherUpdate('/master', topic, pub_uris)
  File "/usr/lib/python2.7/xmlrpclib.py", line 1243, in __call__
    return self.__send(self.__name, args)
  File "/usr/lib/python2.7/xmlrpclib.py", line 1602, in __request
    verbose=self.__verbose
  File "/usr/lib/python2.7/xmlrpclib.py", line 1283, in request
    return self.single_request(host, handler, request_body, verbose)
  File "/usr/lib/python2.7/xmlrpclib.py", line 1311, in single_request
    self.send_content(h, request_body)
  File "/usr/lib/python2.7/xmlrpclib.py", line 1459, in send_content
    connection.endheaders(request_body)
  File "/usr/lib/python2.7/httplib.py", line 1053, in endheaders
    self._send_output(message_body)
  File "/usr/lib/python2.7/httplib.py", line 897, in _send_output
    self.send(msg)
  File "/usr/lib/python2.7/httplib.py", line 859, in send
    self.connect()
  File "/usr/lib/python2.7/httplib.py", line 836, in connect
    self.timeout, self.source_address)
  File "/usr/lib/python2.7/socket.py", line 575, in create_connection
    raise err
error: [Errno 111] Connection refused

[rosmaster.master][INFO] 2017-07-05 09:52:42,571: publisherUpdate[/rosout] -> http://udacity:41449/ ['http://udacity:43837/', 'http://udacity:39343/']
[rosmaster.master][INFO] 2017-07-05 09:52:42,572: publisherUpdate[/rosout] -> http://udacity:41449/ ['http://udacity:43837/', 'http://udacity:39343/']: sec=0.00, result=[1, '', 0]
[rosmaster.master][INFO] 2017-07-05 09:52:42,575: publisherUpdate[/tf] -> http://udacity:46781/ []: sec=0.01, exception=<Fault -1: 'publisherUpdate: unknown method name'>
[rosmaster.threadpool][ERROR] 2017-07-05 09:52:42,575: Traceback (most recent call last):
  File "/opt/ros/kinetic/lib/python2.7/dist-packages/rosmaster/threadpool.py", line 218, in run
    result = cmd(*args)
  File "/opt/ros/kinetic/lib/python2.7/dist-packages/rosmaster/master_api.py", line 210, in publisher_update_task
    ret = xmlrpcapi(api).publisherUpdate('/master', topic, pub_uris)
  File "/usr/lib/python2.7/xmlrpclib.py", line 1243, in __call__
    return self.__send(self.__name, args)
  File "/usr/lib/python2.7/xmlrpclib.py", line 1602, in __request
    verbose=self.__verbose
  File "/usr/lib/python2.7/xmlrpclib.py", line 1283, in request
    return self.single_request(host, handler, request_body, verbose)
  File "/usr/lib/python2.7/xmlrpclib.py", line 1316, in single_request
    return self.parse_response(response)
  File "/usr/lib/python2.7/xmlrpclib.py", line 1493, in parse_response
    return u.close()
  File "/usr/lib/python2.7/xmlrpclib.py", line 800, in close
    raise Fault(**self._stack[0])
Fault: <Fault -1: 'publisherUpdate: unknown method name'>

[rosmaster.master][INFO] 2017-07-05 09:52:42,575: publisherUpdate[/tf_static] -> http://udacity:46781/ []
[rosmaster.master][INFO] 2017-07-05 09:52:42,576: -PUB [/clicked_point] /rviz_udacity_7937_791385096068002512 http://udacity:46781/
[rosmaster.master][INFO] 2017-07-05 09:52:42,577: -PUB [/rviz_visual_tools_gui] /rviz_udacity_7937_791385096068002512 http://udacity:46781/
[rosmaster.master][INFO] 2017-07-05 09:52:42,578: publisherUpdate[/tf_static] -> http://udacity:46781/ []: sec=0.00, exception=<Fault -1: 'publisherUpdate: unknown method name'>
[rosmaster.master][INFO] 2017-07-05 09:52:42,579: -SUB [/clock] /rviz_udacity_7937_791385096068002512 http://udacity:46781/
[rosmaster.threadpool][ERROR] 2017-07-05 09:52:42,580: Traceback (most recent call last):
  File "/opt/ros/kinetic/lib/python2.7/dist-packages/rosmaster/threadpool.py", line 218, in run
    result = cmd(*args)
  File "/opt/ros/kinetic/lib/python2.7/dist-packages/rosmaster/master_api.py", line 210, in publisher_update_task
    ret = xmlrpcapi(api).publisherUpdate('/master', topic, pub_uris)
  File "/usr/lib/python2.7/xmlrpclib.py", line 1243, in __call__
    return self.__send(self.__name, args)
  File "/usr/lib/python2.7/xmlrpclib.py", line 1602, in __request
    verbose=self.__verbose
  File "/usr/lib/python2.7/xmlrpclib.py", line 1283, in request
    return self.single_request(host, handler, request_body, verbose)
  File "/usr/lib/python2.7/xmlrpclib.py", line 1316, in single_request
    return self.parse_response(response)
  File "/usr/lib/python2.7/xmlrpclib.py", line 1493, in parse_response
    return u.close()
  File "/usr/lib/python2.7/xmlrpclib.py", line 800, in close
    raise Fault(**self._stack[0])
Fault: <Fault -1: 'publisherUpdate: unknown method name'>

[rosmaster.master][INFO] 2017-07-05 09:52:42,589: -SUB [/tf] /rviz_udacity_7937_791385096068002512 http://udacity:46781/
[rosmaster.master][INFO] 2017-07-05 09:52:42,598: -SUB [/tf_static] /rviz_udacity_7937_791385096068002512 http://udacity:46781/
[rosmaster.master][INFO] 2017-07-05 09:52:42,601: -SUB [/camera/depth_registered/points] /rviz_udacity_7937_791385096068002512 http://udacity:46781/
[rosmaster.master][INFO] 2017-07-05 09:52:42,602: -SUB [/camera/rgb/image_raw] /rviz_udacity_7937_791385096068002512 http://udacity:46781/
[rosmaster.master][INFO] 2017-07-05 09:52:42,603: -SUB [/camera/rgb/camera_info] /rviz_udacity_7937_791385096068002512 http://udacity:46781/
[rosmaster.master][INFO] 2017-07-05 09:52:42,604: -SERVICE [/rviz_udacity_7937_791385096068002512/get_loggers] /rviz_udacity_7937_791385096068002512 rosrpc://udacity:51995
[rosmaster.master][INFO] 2017-07-05 09:52:42,605: -SERVICE [/rviz_udacity_7937_791385096068002512/set_logger_level] /rviz_udacity_7937_791385096068002512 rosrpc://udacity:51995
[rosmaster.master][INFO] 2017-07-05 09:52:42,606: -SERVICE [/rviz_udacity_7937_791385096068002512/reload_shaders] /rviz_udacity_7937_791385096068002512 rosrpc://udacity:51995
[rosmaster.master][INFO] 2017-07-05 09:52:42,712: -SUB [/gazebo/set_link_state] /gazebo http://udacity:39343/
[rosmaster.master][INFO] 2017-07-05 09:52:42,714: -SUB [/gazebo/set_model_state] /gazebo http://udacity:39343/
[rosmaster.master][INFO] 2017-07-05 09:52:42,715: -PUB [/clock] /gazebo http://udacity:39343/
[rosmaster.master][INFO] 2017-07-05 09:52:42,716: -PUB [/gazebo/link_states] /gazebo http://udacity:39343/
[rosmaster.master][INFO] 2017-07-05 09:52:42,717: -PUB [/gazebo/model_states] /gazebo http://udacity:39343/
[rosmaster.master][INFO] 2017-07-05 09:52:42,718: -SERVICE [/gazebo/spawn_sdf_model] /gazebo rosrpc://udacity:42085
[rosmaster.master][INFO] 2017-07-05 09:52:42,719: -SERVICE [/gazebo/spawn_urdf_model] /gazebo rosrpc://udacity:42085
[rosmaster.master][INFO] 2017-07-05 09:52:42,720: -SERVICE [/gazebo/delete_model] /gazebo rosrpc://udacity:42085
[rosmaster.master][INFO] 2017-07-05 09:52:42,721: -SERVICE [/gazebo/delete_light] /gazebo rosrpc://udacity:42085
[rosmaster.master][INFO] 2017-07-05 09:52:42,722: -SERVICE [/gazebo/get_model_properties] /gazebo rosrpc://udacity:42085
[rosmaster.master][INFO] 2017-07-05 09:52:42,723: -SERVICE [/gazebo/get_model_state] /gazebo rosrpc://udacity:42085
[rosmaster.master][INFO] 2017-07-05 09:52:42,724: -SERVICE [/gazebo/get_world_properties] /gazebo rosrpc://udacity:42085
[rosmaster.master][INFO] 2017-07-05 09:52:42,725: -SERVICE [/gazebo/get_joint_properties] /gazebo rosrpc://udacity:42085
[rosmaster.master][INFO] 2017-07-05 09:52:42,727: -SERVICE [/gazebo/get_link_properties] /gazebo rosrpc://udacity:42085
[rosmaster.master][INFO] 2017-07-05 09:52:42,728: -SERVICE [/gazebo/get_link_state] /gazebo rosrpc://udacity:42085
[rosmaster.master][INFO] 2017-07-05 09:52:42,728: -SERVICE [/gazebo/get_light_properties] /gazebo rosrpc://udacity:42085
[rosmaster.master][INFO] 2017-07-05 09:52:42,730: -SERVICE [/gazebo/set_light_properties] /gazebo rosrpc://udacity:42085
[rosmaster.master][INFO] 2017-07-05 09:52:42,731: -SERVICE [/gazebo/get_physics_properties] /gazebo rosrpc://udacity:42085
[rosmaster.master][INFO] 2017-07-05 09:52:42,732: -SERVICE [/gazebo/set_link_properties] /gazebo rosrpc://udacity:42085
[rosmaster.master][INFO] 2017-07-05 09:52:42,733: -SERVICE [/gazebo/set_physics_properties] /gazebo rosrpc://udacity:42085
[rosmaster.master][INFO] 2017-07-05 09:52:42,734: -SERVICE [/gazebo/set_model_state] /gazebo rosrpc://udacity:42085
[rosmaster.master][INFO] 2017-07-05 09:52:42,736: -SERVICE [/gazebo/set_model_configuration] /gazebo rosrpc://udacity:42085
[rosmaster.master][INFO] 2017-07-05 09:52:42,737: -SERVICE [/gazebo/set_joint_properties] /gazebo rosrpc://udacity:42085
[rosmaster.master][INFO] 2017-07-05 09:52:42,740: -SERVICE [/gazebo/set_link_state] /gazebo rosrpc://udacity:42085
[rosmaster.master][INFO] 2017-07-05 09:52:42,742: -SERVICE [/gazebo/pause_physics] /gazebo rosrpc://udacity:42085
[rosmaster.master][INFO] 2017-07-05 09:52:42,743: -SERVICE [/gazebo/unpause_physics] /gazebo rosrpc://udacity:42085
[rosmaster.master][INFO] 2017-07-05 09:52:42,744: -SERVICE [/gazebo/apply_body_wrench] /gazebo rosrpc://udacity:42085
[rosmaster.master][INFO] 2017-07-05 09:52:42,746: -SERVICE [/gazebo/apply_joint_effort] /gazebo rosrpc://udacity:42085
[rosmaster.master][INFO] 2017-07-05 09:52:42,747: -SERVICE [/gazebo/clear_joint_forces] /gazebo rosrpc://udacity:42085
[rosmaster.master][INFO] 2017-07-05 09:52:42,748: -SERVICE [/gazebo/clear_body_wrenches] /gazebo rosrpc://udacity:42085
[rosmaster.master][INFO] 2017-07-05 09:52:42,749: -SERVICE [/gazebo/reset_simulation] /gazebo rosrpc://udacity:42085
[rosmaster.master][INFO] 2017-07-05 09:52:42,750: -SERVICE [/gazebo/reset_world] /gazebo rosrpc://udacity:42085
[rosmaster.master][INFO] 2017-07-05 09:52:42,754: -PUB [/gazebo/parameter_descriptions] /gazebo http://udacity:39343/
[rosmaster.master][INFO] 2017-07-05 09:52:42,755: -PUB [/gazebo/parameter_updates] /gazebo http://udacity:39343/
[rosmaster.master][INFO] 2017-07-05 09:52:42,756: -SERVICE [/gazebo/set_parameters] /gazebo rosrpc://udacity:42085
[rosmaster.master][INFO] 2017-07-05 09:52:42,773: publisherUpdate[/clock] -> http://udacity:41449/ []
[rosmaster.master][INFO] 2017-07-05 09:52:42,774: publisherUpdate[/clock] -> http://udacity:41449/ []: sec=0.00, result=[1, '', 0]
[rosmaster.master][INFO] 2017-07-05 09:52:42,774: publisherUpdate[/clock] -> http://udacity:43837/ []
[rosmaster.master][INFO] 2017-07-05 09:52:42,774: publisherUpdate[/clock] -> http://udacity:43837/ []: sec=0.00, exception=[Errno 111] Connection refused
[rosmaster.threadpool][ERROR] 2017-07-05 09:52:42,774: Traceback (most recent call last):
  File "/opt/ros/kinetic/lib/python2.7/dist-packages/rosmaster/threadpool.py", line 218, in run
    result = cmd(*args)
  File "/opt/ros/kinetic/lib/python2.7/dist-packages/rosmaster/master_api.py", line 210, in publisher_update_task
    ret = xmlrpcapi(api).publisherUpdate('/master', topic, pub_uris)
  File "/usr/lib/python2.7/xmlrpclib.py", line 1243, in __call__
    return self.__send(self.__name, args)
  File "/usr/lib/python2.7/xmlrpclib.py", line 1602, in __request
    verbose=self.__verbose
  File "/usr/lib/python2.7/xmlrpclib.py", line 1283, in request
    return self.single_request(host, handler, request_body, verbose)
  File "/usr/lib/python2.7/xmlrpclib.py", line 1311, in single_request
    self.send_content(h, request_body)
  File "/usr/lib/python2.7/xmlrpclib.py", line 1459, in send_content
    connection.endheaders(request_body)
  File "/usr/lib/python2.7/httplib.py", line 1053, in endheaders
    self._send_output(message_body)
  File "/usr/lib/python2.7/httplib.py", line 897, in _send_output
    self.send(msg)
  File "/usr/lib/python2.7/httplib.py", line 859, in send
    self.connect()
  File "/usr/lib/python2.7/httplib.py", line 836, in connect
    self.timeout, self.source_address)
  File "/usr/lib/python2.7/socket.py", line 575, in create_connection
    raise err
error: [Errno 111] Connection refused

[rosmaster.master][INFO] 2017-07-05 09:52:42,774: publisherUpdate[/clock] -> http://udacity:39343/ []
[rosmaster.master][INFO] 2017-07-05 09:52:42,775: publisherUpdate[/clock] -> http://udacity:39343/ []: sec=0.00, result=[1, '', 0]
[rosmaster.master][INFO] 2017-07-05 09:52:57,833: -PUB [/rosout_agg] /rosout http://udacity:41449/
[rosmaster.master][INFO] 2017-07-05 09:52:57,834: -SUB [/clock] /rosout http://udacity:41449/
[rosmaster.master][INFO] 2017-07-05 09:52:57,835: -SUB [/rosout] /rosout http://udacity:41449/
[rosmaster.master][INFO] 2017-07-05 09:52:57,836: -SERVICE [/rosout/get_loggers] /rosout rosrpc://udacity:50829
[rosmaster.master][INFO] 2017-07-05 09:52:57,837: -SERVICE [/rosout/set_logger_level] /rosout rosrpc://udacity:50829
[rosmaster.main][INFO] 2017-07-05 09:52:57,859: keyboard interrupt, will exit
[rosmaster.main][INFO] 2017-07-05 09:52:57,859: stopping master...
[rospy.core][INFO] 2017-07-05 09:52:57,860: signal_shutdown [atexit]
