[rospy.client][INFO] 2017-07-05 09:49:35,422: init_node, name[/urdf_spawner], pid[8015]
[xmlrpc][INFO] 2017-07-05 09:49:35,422: XML-RPC server binding to 0.0.0.0:0
[rospy.init][INFO] 2017-07-05 09:49:35,423: ROS Slave URI: [http://udacity:45881/]
[xmlrpc][INFO] 2017-07-05 09:49:35,422: Started XML-RPC server [http://udacity:45881/]
[rospy.impl.masterslave][INFO] 2017-07-05 09:49:35,423: _ready: http://udacity:45881/
[xmlrpc][INFO] 2017-07-05 09:49:35,423: xml rpc node: starting XML-RPC server
[rospy.registration][INFO] 2017-07-05 09:49:35,423: Registering with master node http://localhost:11311
[rospy.init][INFO] 2017-07-05 09:49:35,523: registered with master
[rospy.rosout][INFO] 2017-07-05 09:49:35,523: initializing /rosout core topic
[rospy.rosout][INFO] 2017-07-05 09:49:35,527: connected to core topic /rosout
[rospy.simtime][INFO] 2017-07-05 09:49:35,529: initializing /clock core topic
[rospy.simtime][INFO] 2017-07-05 09:49:35,532: connected to core topic /clock
[rosout][INFO] 2017-07-05 09:49:35,541: Loading model XML from ros parameter
[rosout][INFO] 2017-07-05 09:49:35,549: Waiting for service /gazebo/spawn_urdf_model
[rospy.internal][INFO] 2017-07-05 09:49:35,690: topic[/rosout] adding connection to [/rosout], count 0
[rospy.internal][INFO] 2017-07-05 09:49:36,019: topic[/clock] adding connection to [http://udacity:39343/], count 0
[rosout][INFO] 2017-07-05 09:49:36,158: Calling service /gazebo/spawn_urdf_model
[rosout][INFO] 2017-07-05 09:50:42,466: Spawn status: SpawnModel: Entity pushed to spawn queue, but spawn service timed out waiting for entity to appear in simulation under the name sensor_stick
[rospy.core][INFO] 2017-07-05 09:50:42,467: signal_shutdown [atexit]
[rospy.internal][INFO] 2017-07-05 09:50:42,472: topic[/rosout] removing connection to /rosout
[rospy.internal][INFO] 2017-07-05 09:50:42,472: topic[/clock] removing connection to http://udacity:39343/
[rospy.impl.masterslave][INFO] 2017-07-05 09:50:42,473: atexit
