[rospy.client][INFO] 2017-05-22 12:28:43,561: init_node, name[/urdf_spawner], pid[9984]
[xmlrpc][INFO] 2017-05-22 12:28:43,562: XML-RPC server binding to 0.0.0.0:0
[rospy.init][INFO] 2017-05-22 12:28:43,562: ROS Slave URI: [http://udacity:36301/]
[xmlrpc][INFO] 2017-05-22 12:28:43,562: Started XML-RPC server [http://udacity:36301/]
[rospy.impl.masterslave][INFO] 2017-05-22 12:28:43,562: _ready: http://udacity:36301/
[xmlrpc][INFO] 2017-05-22 12:28:43,563: xml rpc node: starting XML-RPC server
[rospy.registration][INFO] 2017-05-22 12:28:43,564: Registering with master node http://localhost:11311
[rospy.init][INFO] 2017-05-22 12:28:43,662: registered with master
[rospy.rosout][INFO] 2017-05-22 12:28:43,662: initializing /rosout core topic
[rospy.rosout][INFO] 2017-05-22 12:28:43,665: connected to core topic /rosout
[rospy.simtime][INFO] 2017-05-22 12:28:43,667: initializing /clock core topic
[rospy.simtime][INFO] 2017-05-22 12:28:43,669: connected to core topic /clock
[rosout][INFO] 2017-05-22 12:28:43,676: Loading model XML from ros parameter
[rosout][INFO] 2017-05-22 12:28:43,680: Waiting for service /gazebo/spawn_urdf_model
[rospy.internal][INFO] 2017-05-22 12:28:43,937: topic[/rosout] adding connection to [/rosout], count 0
[rosout][INFO] 2017-05-22 12:28:43,986: Calling service /gazebo/spawn_urdf_model
[rosout][INFO] 2017-05-22 12:28:44,030: Spawn status: SpawnModel: Entity pushed to spawn queue, but spawn service timed out waiting for entity to appear in simulation under the name kr210
[rospy.core][INFO] 2017-05-22 12:28:44,031: signal_shutdown [atexit]
[rospy.internal][INFO] 2017-05-22 12:28:44,033: topic[/rosout] removing connection to /rosout
[rospy.impl.masterslave][INFO] 2017-05-22 12:28:44,033: atexit
