[rospy.client][INFO] 2017-07-05 09:43:58,969: init_node, name[/sensor_stick/spawner], pid[6600]
[xmlrpc][INFO] 2017-07-05 09:43:58,970: XML-RPC server binding to 0.0.0.0:0
[xmlrpc][INFO] 2017-07-05 09:43:58,971: Started XML-RPC server [http://udacity:45869/]
[rospy.impl.masterslave][INFO] 2017-07-05 09:43:58,971: _ready: http://udacity:45869/
[rospy.init][INFO] 2017-07-05 09:43:58,971: ROS Slave URI: [http://udacity:45869/]
[xmlrpc][INFO] 2017-07-05 09:43:58,973: xml rpc node: starting XML-RPC server
[rospy.registration][INFO] 2017-07-05 09:43:58,974: Registering with master node http://localhost:11311
[rospy.init][INFO] 2017-07-05 09:43:59,073: registered with master
[rospy.rosout][INFO] 2017-07-05 09:43:59,074: initializing /rosout core topic
[rospy.rosout][INFO] 2017-07-05 09:43:59,076: connected to core topic /rosout
[rospy.simtime][INFO] 2017-07-05 09:43:59,077: initializing /clock core topic
[rospy.simtime][INFO] 2017-07-05 09:43:59,080: connected to core topic /clock
[rosout][INFO] 2017-07-05 09:43:59,084: Controller Spawner: Waiting for service controller_manager/load_controller
[rospy.internal][INFO] 2017-07-05 09:43:59,328: topic[/rosout] adding connection to [/rosout], count 0
[rospy.internal][INFO] 2017-07-05 09:43:59,653: topic[/clock] adding connection to [http://udacity:37303/], count 0
[rosout][WARNING] 2017-07-05 09:44:29,287: Controller Spawner couldn't find the expected controller_manager ROS interface.
[rospy.core][INFO] 2017-07-05 09:44:29,288: signal_shutdown [atexit]
[rospy.internal][INFO] 2017-07-05 09:44:29,291: topic[/rosout] removing connection to /rosout
[rospy.internal][INFO] 2017-07-05 09:44:29,291: topic[/clock] removing connection to http://udacity:37303/
[rospy.impl.masterslave][INFO] 2017-07-05 09:44:29,292: atexit
