[rospy.client][INFO] 2017-07-06 08:00:48,479: init_node, name[/kuka_arm/spawner], pid[10051]
[xmlrpc][INFO] 2017-07-06 08:00:48,480: XML-RPC server binding to 0.0.0.0:0
[xmlrpc][INFO] 2017-07-06 08:00:48,480: Started XML-RPC server [http://udacity:37479/]
[rospy.impl.masterslave][INFO] 2017-07-06 08:00:48,480: _ready: http://udacity:37479/
[rospy.init][INFO] 2017-07-06 08:00:48,480: ROS Slave URI: [http://udacity:37479/]
[xmlrpc][INFO] 2017-07-06 08:00:48,481: xml rpc node: starting XML-RPC server
[rospy.registration][INFO] 2017-07-06 08:00:48,481: Registering with master node http://localhost:11311
[rospy.init][INFO] 2017-07-06 08:00:48,581: registered with master
[rospy.rosout][INFO] 2017-07-06 08:00:48,582: initializing /rosout core topic
[rospy.rosout][INFO] 2017-07-06 08:00:48,586: connected to core topic /rosout
[rospy.simtime][INFO] 2017-07-06 08:00:48,595: initializing /clock core topic
[rospy.simtime][INFO] 2017-07-06 08:00:48,600: connected to core topic /clock
[rosout][INFO] 2017-07-06 08:00:48,607: Controller Spawner: Waiting for service controller_manager/load_controller
[rospy.internal][INFO] 2017-07-06 08:00:48,741: topic[/rosout] adding connection to [/rosout], count 0
[rospy.internal][INFO] 2017-07-06 08:00:50,615: topic[/clock] adding connection to [http://udacity:34613/], count 0
[rosout][INFO] 2017-07-06 08:00:51,328: Controller Spawner: Waiting for service controller_manager/switch_controller
[rosout][INFO] 2017-07-06 08:00:51,330: Controller Spawner: Waiting for service controller_manager/unload_controller
[rosout][INFO] 2017-07-06 08:00:51,333: Loading controller: joint_state_controller
[rosout][INFO] 2017-07-06 08:00:51,450: Loading controller: arm_controller
[rosout][INFO] 2017-07-06 08:00:51,741: Loading controller: gripper_controller
[rosout][INFO] 2017-07-06 08:00:52,114: Controller Spawner: Loaded controllers: joint_state_controller, arm_controller, gripper_controller
[rosout][INFO] 2017-07-06 08:00:52,121: Started controllers: joint_state_controller, arm_controller, gripper_controller
[rospy.internal][INFO] 2017-07-06 08:01:45,136: topic[/rosout] removing connection to /rosout
[rospy.core][INFO] 2017-07-06 08:01:45,507: signal_shutdown [signal-2]
[rospy.core][INFO] 2017-07-06 08:01:45,521: signal_shutdown [atexit]
