[rospy.client][INFO] 2017-07-06 08:00:48,377: init_node, name[/urdf_spawner], pid[10088]
[xmlrpc][INFO] 2017-07-06 08:00:48,378: XML-RPC server binding to 0.0.0.0:0
[xmlrpc][INFO] 2017-07-06 08:00:48,378: Started XML-RPC server [http://udacity:33493/]
[rospy.init][INFO] 2017-07-06 08:00:48,378: ROS Slave URI: [http://udacity:33493/]
[rospy.impl.masterslave][INFO] 2017-07-06 08:00:48,379: _ready: http://udacity:33493/
[xmlrpc][INFO] 2017-07-06 08:00:48,380: xml rpc node: starting XML-RPC server
[rospy.registration][INFO] 2017-07-06 08:00:48,380: Registering with master node http://localhost:11311
[rospy.init][INFO] 2017-07-06 08:00:48,479: registered with master
[rospy.rosout][INFO] 2017-07-06 08:00:48,479: initializing /rosout core topic
[rospy.rosout][INFO] 2017-07-06 08:00:48,483: connected to core topic /rosout
[rospy.simtime][INFO] 2017-07-06 08:00:48,485: initializing /clock core topic
[rospy.simtime][INFO] 2017-07-06 08:00:48,490: connected to core topic /clock
[rosout][INFO] 2017-07-06 08:00:48,495: Loading model XML from ros parameter
[rosout][INFO] 2017-07-06 08:00:48,499: Waiting for service /gazebo/spawn_urdf_model
[rospy.internal][INFO] 2017-07-06 08:00:48,741: topic[/rosout] adding connection to [/rosout], count 0
[rospy.internal][INFO] 2017-07-06 08:00:50,612: topic[/clock] adding connection to [http://udacity:34613/], count 0
[rosout][INFO] 2017-07-06 08:00:50,620: Calling service /gazebo/spawn_urdf_model
[rosout][INFO] 2017-07-06 08:00:50,813: Spawn status: SpawnModel: Successfully spawned entity
[rospy.core][INFO] 2017-07-06 08:00:50,814: signal_shutdown [atexit]
[rospy.internal][INFO] 2017-07-06 08:00:50,817: topic[/rosout] removing connection to /rosout
[rospy.internal][INFO] 2017-07-06 08:00:50,817: topic[/clock] removing connection to http://udacity:34613/
[rospy.impl.masterslave][INFO] 2017-07-06 08:00:50,817: atexit
