[rospy.client][INFO] 2017-07-06 08:02:03,444: init_node, name[/urdf_spawner], pid[12398]
[xmlrpc][INFO] 2017-07-06 08:02:03,445: XML-RPC server binding to 0.0.0.0:0
[rospy.init][INFO] 2017-07-06 08:02:03,445: ROS Slave URI: [http://udacity:35673/]
[xmlrpc][INFO] 2017-07-06 08:02:03,445: Started XML-RPC server [http://udacity:35673/]
[rospy.impl.masterslave][INFO] 2017-07-06 08:02:03,445: _ready: http://udacity:35673/
[xmlrpc][INFO] 2017-07-06 08:02:03,446: xml rpc node: starting XML-RPC server
[rospy.registration][INFO] 2017-07-06 08:02:03,446: Registering with master node http://localhost:11311
[rospy.init][INFO] 2017-07-06 08:02:03,545: registered with master
[rospy.rosout][INFO] 2017-07-06 08:02:03,546: initializing /rosout core topic
[rospy.rosout][INFO] 2017-07-06 08:02:03,548: connected to core topic /rosout
[rospy.simtime][INFO] 2017-07-06 08:02:03,549: initializing /clock core topic
[rospy.simtime][INFO] 2017-07-06 08:02:03,551: connected to core topic /clock
[rosout][INFO] 2017-07-06 08:02:03,556: Loading model XML from ros parameter
[rosout][INFO] 2017-07-06 08:02:03,561: Waiting for service /gazebo/spawn_urdf_model
[rospy.internal][INFO] 2017-07-06 08:02:03,799: topic[/rosout] adding connection to [/rosout], count 0
[rospy.internal][INFO] 2017-07-06 08:02:04,234: topic[/clock] adding connection to [http://udacity:46775/], count 0
[rosout][INFO] 2017-07-06 08:02:04,471: Calling service /gazebo/spawn_urdf_model
[rosout][INFO] 2017-07-06 08:02:04,683: Spawn status: SpawnModel: Successfully spawned entity
[rospy.core][INFO] 2017-07-06 08:02:04,683: signal_shutdown [atexit]
[rospy.internal][INFO] 2017-07-06 08:02:04,686: topic[/rosout] removing connection to /rosout
[rospy.internal][INFO] 2017-07-06 08:02:04,686: topic[/clock] removing connection to http://udacity:46775/
[rospy.impl.masterslave][INFO] 2017-07-06 08:02:04,686: atexit
