[rospy.client][INFO] 2017-07-09 17:47:59,132: init_node, name[/kuka_arm/spawner], pid[13433]
[xmlrpc][INFO] 2017-07-09 17:47:59,146: XML-RPC server binding to 0.0.0.0:0
[xmlrpc][INFO] 2017-07-09 17:47:59,146: Started XML-RPC server [http://udacity:34509/]
[rospy.impl.masterslave][INFO] 2017-07-09 17:47:59,147: _ready: http://udacity:34509/
[rospy.init][INFO] 2017-07-09 17:47:59,167: ROS Slave URI: [http://udacity:34509/]
[rospy.registration][INFO] 2017-07-09 17:47:59,168: Registering with master node http://localhost:11311
[xmlrpc][INFO] 2017-07-09 17:47:59,171: xml rpc node: starting XML-RPC server
[rospy.init][INFO] 2017-07-09 17:47:59,267: registered with master
[rospy.rosout][INFO] 2017-07-09 17:47:59,267: initializing /rosout core topic
[rospy.rosout][INFO] 2017-07-09 17:47:59,269: connected to core topic /rosout
[rospy.simtime][INFO] 2017-07-09 17:47:59,271: initializing /clock core topic
[rospy.simtime][INFO] 2017-07-09 17:47:59,275: connected to core topic /clock
[rosout][INFO] 2017-07-09 17:47:59,279: Controller Spawner: Waiting for service controller_manager/load_controller
[rospy.internal][INFO] 2017-07-09 17:47:59,499: topic[/rosout] adding connection to [/rosout], count 0
[rospy.internal][INFO] 2017-07-09 17:48:00,148: topic[/clock] adding connection to [http://udacity:39787/], count 0
[rosout][INFO] 2017-07-09 17:48:01,094: Controller Spawner: Waiting for service controller_manager/switch_controller
[rosout][INFO] 2017-07-09 17:48:01,097: Controller Spawner: Waiting for service controller_manager/unload_controller
[rosout][INFO] 2017-07-09 17:48:01,099: Loading controller: joint_state_controller
[rosout][INFO] 2017-07-09 17:48:01,235: Loading controller: arm_controller
[rosout][INFO] 2017-07-09 17:48:01,443: Loading controller: gripper_controller
[rosout][INFO] 2017-07-09 17:48:01,624: Controller Spawner: Loaded controllers: joint_state_controller, arm_controller, gripper_controller
[rosout][INFO] 2017-07-09 17:48:01,632: Started controllers: joint_state_controller, arm_controller, gripper_controller
[rospy.internal][INFO] 2017-07-09 17:51:09,222: topic[/rosout] removing connection to /rosout
[rospy.core][INFO] 2017-07-09 17:51:10,034: signal_shutdown [signal-2]
[rospy.core][INFO] 2017-07-09 17:51:10,042: signal_shutdown [atexit]
