[rospy.client][INFO] 2017-07-09 17:47:57,394: init_node, name[/target_spawner], pid[13393]
[xmlrpc][INFO] 2017-07-09 17:47:57,395: XML-RPC server binding to 0.0.0.0:0
[xmlrpc][INFO] 2017-07-09 17:47:57,396: Started XML-RPC server [http://udacity:41499/]
[rospy.impl.masterslave][INFO] 2017-07-09 17:47:57,396: _ready: http://udacity:41499/
[rospy.registration][INFO] 2017-07-09 17:47:57,397: Registering with master node http://localhost:11311
[rospy.init][INFO] 2017-07-09 17:47:57,397: ROS Slave URI: [http://udacity:41499/]
[rospy.init][INFO] 2017-07-09 17:47:57,397: registered with master
[rospy.rosout][INFO] 2017-07-09 17:47:57,397: initializing /rosout core topic
[xmlrpc][INFO] 2017-07-09 17:47:57,402: xml rpc node: starting XML-RPC server
[rospy.rosout][INFO] 2017-07-09 17:47:57,427: connected to core topic /rosout
[rospy.simtime][INFO] 2017-07-09 17:47:57,433: initializing /clock core topic
[rospy.simtime][INFO] 2017-07-09 17:47:57,446: connected to core topic /clock
[rosout][INFO] 2017-07-09 17:47:57,462: Loading model XML from ros parameter
[rosout][INFO] 2017-07-09 17:47:57,469: Waiting for service /gazebo/spawn_urdf_model
[rospy.internal][INFO] 2017-07-09 17:47:57,591: topic[/rosout] adding connection to [/rosout], count 0
[rospy.internal][INFO] 2017-07-09 17:48:00,140: topic[/clock] adding connection to [http://udacity:39787/], count 0
[rosout][INFO] 2017-07-09 17:48:00,197: Calling service /gazebo/spawn_urdf_model
[rosout][INFO] 2017-07-09 17:48:00,338: Spawn status: SpawnModel: Successfully spawned entity
[rospy.core][INFO] 2017-07-09 17:48:00,338: signal_shutdown [atexit]
[rospy.internal][INFO] 2017-07-09 17:48:00,343: topic[/rosout] removing connection to /rosout
[rospy.internal][INFO] 2017-07-09 17:48:00,344: topic[/clock] removing connection to http://udacity:39787/
[rospy.impl.masterslave][INFO] 2017-07-09 17:48:00,344: atexit
