[rospy.client][INFO] 2017-07-09 17:47:58,076: init_node, name[/urdf_spawner], pid[13461]
[xmlrpc][INFO] 2017-07-09 17:47:58,076: XML-RPC server binding to 0.0.0.0:0
[rospy.init][INFO] 2017-07-09 17:47:58,077: ROS Slave URI: [http://udacity:46457/]
[xmlrpc][INFO] 2017-07-09 17:47:58,077: Started XML-RPC server [http://udacity:46457/]
[rospy.impl.masterslave][INFO] 2017-07-09 17:47:58,077: _ready: http://udacity:46457/
[xmlrpc][INFO] 2017-07-09 17:47:58,077: xml rpc node: starting XML-RPC server
[rospy.registration][INFO] 2017-07-09 17:47:58,077: Registering with master node http://localhost:11311
[rospy.init][INFO] 2017-07-09 17:47:58,177: registered with master
[rospy.rosout][INFO] 2017-07-09 17:47:58,177: initializing /rosout core topic
[rospy.rosout][INFO] 2017-07-09 17:47:58,182: connected to core topic /rosout
[rospy.simtime][INFO] 2017-07-09 17:47:58,184: initializing /clock core topic
[rospy.simtime][INFO] 2017-07-09 17:47:58,194: connected to core topic /clock
[rosout][INFO] 2017-07-09 17:47:58,213: Loading model XML from ros parameter
[rosout][INFO] 2017-07-09 17:47:58,227: Waiting for service /gazebo/spawn_urdf_model
[rospy.internal][INFO] 2017-07-09 17:47:58,404: topic[/rosout] adding connection to [/rosout], count 0
[rospy.internal][INFO] 2017-07-09 17:48:00,176: topic[/clock] adding connection to [http://udacity:39787/], count 0
[rosout][INFO] 2017-07-09 17:48:00,355: Calling service /gazebo/spawn_urdf_model
[rosout][INFO] 2017-07-09 17:48:00,641: Spawn status: SpawnModel: Successfully spawned entity
[rospy.core][INFO] 2017-07-09 17:48:00,642: signal_shutdown [atexit]
[rospy.internal][INFO] 2017-07-09 17:48:00,645: topic[/rosout] removing connection to /rosout
[rospy.internal][INFO] 2017-07-09 17:48:00,645: topic[/clock] removing connection to http://udacity:39787/
[rospy.impl.masterslave][INFO] 2017-07-09 17:48:00,646: atexit
