[rospy.client][INFO] 2017-07-09 17:52:49,860: init_node, name[/target_spawner], pid[17586]
[xmlrpc][INFO] 2017-07-09 17:52:49,860: XML-RPC server binding to 0.0.0.0:0
[xmlrpc][INFO] 2017-07-09 17:52:49,861: Started XML-RPC server [http://udacity:34481/]
[rospy.impl.masterslave][INFO] 2017-07-09 17:52:49,861: _ready: http://udacity:34481/
[rospy.init][INFO] 2017-07-09 17:52:49,861: ROS Slave URI: [http://udacity:34481/]
[xmlrpc][INFO] 2017-07-09 17:52:49,862: xml rpc node: starting XML-RPC server
[rospy.registration][INFO] 2017-07-09 17:52:49,862: Registering with master node http://localhost:11311
[rospy.init][INFO] 2017-07-09 17:52:49,962: registered with master
[rospy.rosout][INFO] 2017-07-09 17:52:49,962: initializing /rosout core topic
[rospy.rosout][INFO] 2017-07-09 17:52:49,999: connected to core topic /rosout
[rospy.simtime][INFO] 2017-07-09 17:52:50,016: initializing /clock core topic
[rospy.simtime][INFO] 2017-07-09 17:52:50,055: connected to core topic /clock
[rosout][INFO] 2017-07-09 17:52:50,081: Loading model XML from ros parameter
[rosout][INFO] 2017-07-09 17:52:50,087: Waiting for service /gazebo/spawn_urdf_model
[rospy.internal][INFO] 2017-07-09 17:52:50,204: topic[/rosout] adding connection to [/rosout], count 0
[rospy.internal][INFO] 2017-07-09 17:52:51,544: topic[/clock] adding connection to [http://udacity:35931/], count 0
[rosout][INFO] 2017-07-09 17:52:51,616: Calling service /gazebo/spawn_urdf_model
[rosout][INFO] 2017-07-09 17:52:52,310: Spawn status: SpawnModel: Successfully spawned entity
[rospy.core][INFO] 2017-07-09 17:52:52,310: signal_shutdown [atexit]
[rospy.internal][INFO] 2017-07-09 17:52:52,313: topic[/rosout] removing connection to /rosout
[rospy.internal][INFO] 2017-07-09 17:52:52,313: topic[/clock] removing connection to http://udacity:35931/
[rospy.impl.masterslave][INFO] 2017-07-09 17:52:52,313: atexit
