[rosmaster.main][INFO] 2017-07-10 15:46:50,138: initialization complete, waiting for shutdown
[rosmaster.main][INFO] 2017-07-10 15:46:50,139: Starting ROS Master Node
[xmlrpc][INFO] 2017-07-10 15:46:50,140: XML-RPC server binding to 0.0.0.0:11311
[xmlrpc][INFO] 2017-07-10 15:46:50,141: Started XML-RPC server [http://udacity:11311/]
[rosmaster.master][INFO] 2017-07-10 15:46:50,141: Master initialized: port[11311], uri[http://udacity:11311/]
[xmlrpc][INFO] 2017-07-10 15:46:50,141: xml rpc node: starting XML-RPC server
[rosmaster.master][INFO] 2017-07-10 15:46:50,186: +PARAM [/run_id] by /roslaunch
[rosmaster.master][INFO] 2017-07-10 15:46:50,188: +PARAM [/roslaunch/uris/host_udacity__45189] by /roslaunch
[rosmaster.master][INFO] 2017-07-10 15:46:50,242: +PARAM [/rosversion] by /roslaunch
[rosmaster.master][INFO] 2017-07-10 15:46:50,242: +PARAM [/joint_state_publisher/use_gui] by /roslaunch
[rosmaster.master][INFO] 2017-07-10 15:46:50,242: +PARAM [/rosdistro] by /roslaunch
[rosmaster.master][INFO] 2017-07-10 15:46:50,243: +PARAM [/robot_description] by /roslaunch
[rosmaster.master][INFO] 2017-07-10 15:46:50,248: +SERVICE [/rosout/get_loggers] /rosout http://udacity:40019/
[rosmaster.master][INFO] 2017-07-10 15:46:50,250: +SERVICE [/rosout/set_logger_level] /rosout http://udacity:40019/
[rosmaster.master][INFO] 2017-07-10 15:46:50,252: +PUB [/rosout_agg] /rosout http://udacity:40019/
[rosmaster.master][INFO] 2017-07-10 15:46:50,270: +PUB [/rosout] /robot_state_publisher http://udacity:41387/
[rosmaster.master][INFO] 2017-07-10 15:46:50,271: +SERVICE [/robot_state_publisher/get_loggers] /robot_state_publisher http://udacity:41387/
[rosmaster.master][INFO] 2017-07-10 15:46:50,274: +SUB [/rosout] /rosout http://udacity:40019/
[rosmaster.master][INFO] 2017-07-10 15:46:50,278: +SERVICE [/robot_state_publisher/set_logger_level] /robot_state_publisher http://udacity:41387/
[rosmaster.master][INFO] 2017-07-10 15:46:50,284: +PUB [/tf] /robot_state_publisher http://udacity:41387/
[rosmaster.master][INFO] 2017-07-10 15:46:50,286: +PUB [/tf_static] /robot_state_publisher http://udacity:41387/
[rosmaster.master][INFO] 2017-07-10 15:46:50,296: +SUB [/joint_states] /robot_state_publisher http://udacity:41387/
[rosmaster.master][INFO] 2017-07-10 15:46:50,346: +PUB [/rosout] /rviz_udacity_4765_6972040770715135265 http://udacity:41753/
[rosmaster.master][INFO] 2017-07-10 15:46:50,347: +SERVICE [/rviz_udacity_4765_6972040770715135265/get_loggers] /rviz_udacity_4765_6972040770715135265 http://udacity:41753/
[rosmaster.master][INFO] 2017-07-10 15:46:50,348: +SERVICE [/rviz_udacity_4765_6972040770715135265/set_logger_level] /rviz_udacity_4765_6972040770715135265 http://udacity:41753/
[rosmaster.master][INFO] 2017-07-10 15:46:50,444: publisherUpdate[/rosout] -> http://udacity:40019/ ['http://udacity:41387/', 'http://udacity:41753/']
[rosmaster.master][INFO] 2017-07-10 15:46:50,451: publisherUpdate[/rosout] -> http://udacity:40019/ ['http://udacity:41387/', 'http://udacity:41753/']: sec=0.01, result=[1, '', 0]
[rosmaster.master][INFO] 2017-07-10 15:46:50,523: +SUB [/tf] /rviz_udacity_4765_6972040770715135265 http://udacity:41753/
[rosmaster.master][INFO] 2017-07-10 15:46:50,527: +SUB [/tf_static] /rviz_udacity_4765_6972040770715135265 http://udacity:41753/
[rosmaster.master][INFO] 2017-07-10 15:46:50,598: +PUB [/rosout] /joint_state_publisher http://udacity:44383/
[rosmaster.master][INFO] 2017-07-10 15:46:50,601: +SERVICE [/joint_state_publisher/get_loggers] /joint_state_publisher http://udacity:44383/
[rosmaster.master][INFO] 2017-07-10 15:46:50,602: +SERVICE [/joint_state_publisher/set_logger_level] /joint_state_publisher http://udacity:44383/
[rosmaster.master][INFO] 2017-07-10 15:46:50,646: publisherUpdate[/rosout] -> http://udacity:40019/ ['http://udacity:41387/', 'http://udacity:41753/', 'http://udacity:44383/']
[rosmaster.master][INFO] 2017-07-10 15:46:50,647: publisherUpdate[/rosout] -> http://udacity:40019/ ['http://udacity:41387/', 'http://udacity:41753/', 'http://udacity:44383/']: sec=0.00, result=[1, '', 0]
[rosmaster.master][INFO] 2017-07-10 15:46:50,678: +PUB [/initialpose] /rviz_udacity_4765_6972040770715135265 http://udacity:41753/
[rosmaster.master][INFO] 2017-07-10 15:46:50,679: +PUB [/goal] /rviz_udacity_4765_6972040770715135265 http://udacity:41753/
[rosmaster.master][INFO] 2017-07-10 15:46:50,785: +PUB [/joint_states] /joint_state_publisher http://udacity:44383/
[rosmaster.master][INFO] 2017-07-10 15:46:50,846: publisherUpdate[/joint_states] -> http://udacity:41387/ ['http://udacity:44383/']
[rosmaster.master][INFO] 2017-07-10 15:46:50,848: publisherUpdate[/joint_states] -> http://udacity:41387/ ['http://udacity:44383/']: sec=0.00, result=[1, '', 0]
[rosmaster.master][INFO] 2017-07-10 15:46:51,245: -PUB [/goal] /rviz_udacity_4765_6972040770715135265 http://udacity:41753/
[rosmaster.master][INFO] 2017-07-10 15:46:51,247: -PUB [/initialpose] /rviz_udacity_4765_6972040770715135265 http://udacity:41753/
[rosmaster.master][INFO] 2017-07-10 15:46:51,255: +PUB [/initialpose] /rviz_udacity_4765_6972040770715135265 http://udacity:41753/
[rosmaster.master][INFO] 2017-07-10 15:46:51,256: +PUB [/goal] /rviz_udacity_4765_6972040770715135265 http://udacity:41753/
[rosmaster.master][INFO] 2017-07-10 15:46:51,257: +PUB [/move_base_simple/goal] /rviz_udacity_4765_6972040770715135265 http://udacity:41753/
[rosmaster.master][INFO] 2017-07-10 15:46:51,258: -PUB [/goal] /rviz_udacity_4765_6972040770715135265 http://udacity:41753/
[rosmaster.master][INFO] 2017-07-10 15:46:51,259: +PUB [/clicked_point] /rviz_udacity_4765_6972040770715135265 http://udacity:41753/
[rosmaster.master][INFO] 2017-07-10 15:46:51,347: +PUB [/rviz_visual_tools_gui] /rviz_udacity_4765_6972040770715135265 http://udacity:41753/
[rosmaster.master][INFO] 2017-07-10 15:46:51,404: +SERVICE [/rviz_udacity_4765_6972040770715135265/reload_shaders] /rviz_udacity_4765_6972040770715135265 http://udacity:41753/
[rosmaster.master][INFO] 2017-07-10 16:14:41,517: -PUB [/rosout] /robot_state_publisher http://udacity:41387/
[rosmaster.master][INFO] 2017-07-10 16:14:41,518: -PUB [/tf] /robot_state_publisher http://udacity:41387/
[rosmaster.master][INFO] 2017-07-10 16:14:41,523: -PUB [/tf_static] /robot_state_publisher http://udacity:41387/
[rosmaster.master][INFO] 2017-07-10 16:14:41,524: -SUB [/joint_states] /robot_state_publisher http://udacity:41387/
[rosmaster.master][INFO] 2017-07-10 16:14:41,525: publisherUpdate[/rosout] -> http://udacity:40019/ ['http://udacity:41753/', 'http://udacity:44383/']
[rosmaster.master][INFO] 2017-07-10 16:14:41,525: publisherUpdate[/rosout] -> http://udacity:40019/ ['http://udacity:41753/', 'http://udacity:44383/']: sec=0.00, result=[1, '', 0]
[rosmaster.master][INFO] 2017-07-10 16:14:41,526: publisherUpdate[/tf] -> http://udacity:41753/ []
[rosmaster.master][INFO] 2017-07-10 16:14:41,526: publisherUpdate[/tf] -> http://udacity:41753/ []: sec=0.00, result=[1, '', 0]
[rosmaster.master][INFO] 2017-07-10 16:14:41,526: publisherUpdate[/tf_static] -> http://udacity:41753/ []
[rosmaster.master][INFO] 2017-07-10 16:14:41,527: publisherUpdate[/tf_static] -> http://udacity:41753/ []: sec=0.00, result=[1, '', 0]
[rosmaster.master][INFO] 2017-07-10 16:14:41,527: -SERVICE [/robot_state_publisher/get_loggers] /robot_state_publisher rosrpc://udacity:41915
[rosmaster.master][INFO] 2017-07-10 16:14:41,528: -SERVICE [/robot_state_publisher/set_logger_level] /robot_state_publisher rosrpc://udacity:41915
[rosmaster.master][INFO] 2017-07-10 16:14:41,628: -PUB [/rosout] /rviz_udacity_4765_6972040770715135265 http://udacity:41753/
[rosmaster.master][INFO] 2017-07-10 16:14:41,629: -PUB [/initialpose] /rviz_udacity_4765_6972040770715135265 http://udacity:41753/
[rosmaster.master][INFO] 2017-07-10 16:14:41,630: -PUB [/move_base_simple/goal] /rviz_udacity_4765_6972040770715135265 http://udacity:41753/
[rosmaster.master][INFO] 2017-07-10 16:14:41,631: -PUB [/clicked_point] /rviz_udacity_4765_6972040770715135265 http://udacity:41753/
[rosmaster.master][INFO] 2017-07-10 16:14:41,632: -PUB [/rviz_visual_tools_gui] /rviz_udacity_4765_6972040770715135265 http://udacity:41753/
[rosmaster.master][INFO] 2017-07-10 16:14:41,633: -SUB [/tf] /rviz_udacity_4765_6972040770715135265 http://udacity:41753/
[rosmaster.master][INFO] 2017-07-10 16:14:41,634: -SUB [/tf_static] /rviz_udacity_4765_6972040770715135265 http://udacity:41753/
[rosmaster.master][INFO] 2017-07-10 16:14:41,635: -SERVICE [/rviz_udacity_4765_6972040770715135265/get_loggers] /rviz_udacity_4765_6972040770715135265 rosrpc://udacity:50611
[rosmaster.master][INFO] 2017-07-10 16:14:41,636: -SERVICE [/rviz_udacity_4765_6972040770715135265/set_logger_level] /rviz_udacity_4765_6972040770715135265 rosrpc://udacity:50611
[rosmaster.master][INFO] 2017-07-10 16:14:41,637: -SERVICE [/rviz_udacity_4765_6972040770715135265/reload_shaders] /rviz_udacity_4765_6972040770715135265 rosrpc://udacity:50611
[rosmaster.master][INFO] 2017-07-10 16:14:41,650: publisherUpdate[/rosout] -> http://udacity:40019/ ['http://udacity:44383/']
[rosmaster.master][INFO] 2017-07-10 16:14:41,651: publisherUpdate[/rosout] -> http://udacity:40019/ ['http://udacity:44383/']: sec=0.00, result=[1, '', 0]
[rosmaster.master][INFO] 2017-07-10 16:14:42,055: -PUB [/rosout_agg] /rosout http://udacity:40019/
[rosmaster.master][INFO] 2017-07-10 16:14:42,056: -SUB [/rosout] /rosout http://udacity:40019/
[rosmaster.master][INFO] 2017-07-10 16:14:42,057: -SERVICE [/rosout/get_loggers] /rosout rosrpc://udacity:32975
[rosmaster.master][INFO] 2017-07-10 16:14:42,059: -SERVICE [/rosout/set_logger_level] /rosout rosrpc://udacity:32975
[rosmaster.main][INFO] 2017-07-10 16:14:42,155: keyboard interrupt, will exit
[rosmaster.main][INFO] 2017-07-10 16:14:42,155: stopping master...
[rospy.core][INFO] 2017-07-10 16:14:42,155: signal_shutdown [atexit]
