

1749828893.302072750  Node Startup
1749828893.444804411 INFO [/tmp/binarydeb/ros-kinetic-map-server-1.14.9/src/main.cpp:215(mapCallback) [topics: /rosout, /map_metadata, /map] Sending map
1749828893.560791193 INFO [/tmp/binarydeb/ros-kinetic-amcl-1.14.9/src/amcl_node.cpp:901(handleMapMessage) [topics: /rosout, /tf, /amcl_pose, /particlecloud] Initializing likelihood field model; this can take some time on large maps...
1749828894.024772160 INFO [/tmp/binarydeb/ros-kinetic-amcl-1.14.9/src/amcl_node.cpp:904(handleMapMessage) [topics: /rosout, /tf, /amcl_pose, /particlecloud] Done initializing likelihood field model.
1749828898.531553894 WARN [/tmp/binarydeb/ros-kinetic-costmap-2d-1.14.9/src/costmap_2d_ros.cpp:109(Costmap2DROS::Costmap2DROS) [topics: /rosout, /cmd_vel, /move_base/current_goal, /move_base/goal, /move_base/recovery_status] Timed out waiting for transform from robot_footprint to map to become available before running costmap, tf error: canTransform: target_frame map does not exist. canTransform: source_frame robot_footprint does not exist.. canTransform returned after 0.100611 timeout was 0.1.
1749828903.561977065 WARN [/tmp/binarydeb/ros-kinetic-costmap-2d-1.14.9/src/costmap_2d_ros.cpp:109(Costmap2DROS::Costmap2DROS) [topics: /rosout, /cmd_vel, /move_base/current_goal, /move_base/goal, /move_base/recovery_status] Timed out waiting for transform from robot_footprint to map to become available before running costmap, tf error: canTransform: target_frame map does not exist. canTransform: source_frame robot_footprint does not exist.. canTransform returned after 0.10018 timeout was 0.1.
1749828908.592502757 WARN [/tmp/binarydeb/ros-kinetic-costmap-2d-1.14.9/src/costmap_2d_ros.cpp:109(Costmap2DROS::Costmap2DROS) [topics: /rosout, /cmd_vel, /move_base/current_goal, /move_base/goal, /move_base/recovery_status] Timed out waiting for transform from robot_footprint to map to become available before running costmap, tf error: canTransform: target_frame map does not exist. canTransform: source_frame robot_footprint does not exist.. canTransform returned after 0.100731 timeout was 0.1.
1749828909.087213095 WARN [/tmp/binarydeb/ros-kinetic-amcl-1.14.9/src/amcl_node.cpp:790(checkLaserReceived) [topics: /rosout, /tf, /amcl_pose, /particlecloud, /amcl/parameter_descriptions, /amcl/parameter_updates] No laser scan received (and thus no pose updates have been published) for 1749828909.087157 seconds.  Verify that data is being published on the /scan topic.
1749828913.621747343 WARN [/tmp/binarydeb/ros-kinetic-costmap-2d-1.14.9/src/costmap_2d_ros.cpp:109(Costmap2DROS::Costmap2DROS) [topics: /rosout, /cmd_vel, /move_base/current_goal, /move_base/goal, /move_base/recovery_status] Timed out waiting for transform from robot_footprint to map to become available before running costmap, tf error: canTransform: target_frame map does not exist. canTransform: source_frame robot_footprint does not exist.. canTransform returned after 0.100157 timeout was 0.1.
1749828916.081274355 INFO [/tmp/binarydeb/ros-kinetic-map-server-1.14.9/src/main.cpp:185(MapServer) [topics: /rosout] Read a 3000 X 3000 map @ 0.010 m/cell
1749828916.197466319 INFO [/tmp/binarydeb/ros-kinetic-map-server-1.14.9/src/main.cpp:215(mapCallback) [topics: /rosout, /map_metadata, /map] Sending map
1749828916.202578949 INFO [/tmp/binarydeb/ros-kinetic-amcl-1.14.9/src/amcl_node.cpp:832(handleMapMessage) [topics: /rosout, /tf, /amcl_pose, /particlecloud] Received a 3000 X 3000 map @ 0.010 m/pix

1749828916.355453578 INFO [/tmp/binarydeb/ros-kinetic-amcl-1.14.9/src/amcl_node.cpp:901(handleMapMessage) [topics: /rosout, /tf, /amcl_pose, /particlecloud] Initializing likelihood field model; this can take some time on large maps...
1749828916.830672611 INFO [/tmp/binarydeb/ros-kinetic-amcl-1.14.9/src/amcl_node.cpp:904(handleMapMessage) [topics: /rosout, /tf, /amcl_pose, /particlecloud] Done initializing likelihood field model.
1749828921.168354463 WARN [/tmp/binarydeb/ros-kinetic-costmap-2d-1.14.9/src/costmap_2d_ros.cpp:109(Costmap2DROS::Costmap2DROS) [topics: /rosout, /cmd_vel, /move_base/current_goal, /move_base/goal, /move_base/recovery_status] Timed out waiting for transform from robot_footprint to map to become available before running costmap, tf error: canTransform: target_frame map does not exist. canTransform: source_frame robot_footprint does not exist.. canTransform returned after 0.100962 timeout was 0.1.
0.000000000 INFO [/tmp/binarydeb/ros-kinetic-rviz-1.12.17/src/rviz/ogre_helpers/render_system.cpp:222(RenderSystem::detectGlVersion) [topics: /rosout] OpenGl version: 3 (GLSL 1.3).
0.000000000 INFO [gazebo_interface.py:27(spawn_urdf_model_client) [topics: /clock, /rosout] Waiting for service /gazebo/spawn_urdf_model
0.000000000 INFO [/tmp/binarydeb/ros-kinetic-rviz-1.12.17/src/rviz/ogre_helpers/render_system.cpp:441(RenderWindow* rviz::RenderSystem::makeRenderWindow) [topics: /rosout] Stereo is NOT SUPPORTED
0.000000000 INFO [/tmp/binarydeb/ros-kinetic-rviz-1.12.17/src/rviz/ogre_helpers/render_system.cpp:222(RenderSystem::detectGlVersion) [topics: /rosout] OpenGl version: 3 (GLSL 1.3).
0.000000000 INFO [gazebo_interface.py:27(spawn_urdf_model_client) [topics: /clock, /rosout] Waiting for service /gazebo/spawn_urdf_model
