[rospy.client][INFO] 2017-07-09 18:02:22,272: init_node, name[/urdf_spawner], pid[27125]
[xmlrpc][INFO] 2017-07-09 18:02:22,273: XML-RPC server binding to 0.0.0.0:0
[xmlrpc][INFO] 2017-07-09 18:02:22,273: Started XML-RPC server [http://udacity:33399/]
[rospy.impl.masterslave][INFO] 2017-07-09 18:02:22,273: _ready: http://udacity:33399/
[xmlrpc][INFO] 2017-07-09 18:02:22,273: xml rpc node: starting XML-RPC server
[rospy.registration][INFO] 2017-07-09 18:02:22,274: Registering with master node http://localhost:11311
[rospy.init][INFO] 2017-07-09 18:02:22,274: ROS Slave URI: [http://udacity:33399/]
[rospy.init][INFO] 2017-07-09 18:02:22,274: registered with master
[rospy.rosout][INFO] 2017-07-09 18:02:22,274: initializing /rosout core topic
[rospy.rosout][INFO] 2017-07-09 18:02:22,276: connected to core topic /rosout
[rospy.simtime][INFO] 2017-07-09 18:02:22,279: initializing /clock core topic
[rospy.simtime][INFO] 2017-07-09 18:02:22,282: connected to core topic /clock
[rosout][INFO] 2017-07-09 18:02:22,290: Loading model XML from ros parameter
[rosout][INFO] 2017-07-09 18:02:22,293: Waiting for service /gazebo/spawn_urdf_model
[rospy.internal][INFO] 2017-07-09 18:02:22,507: topic[/rosout] adding connection to [/rosout], count 0
[rospy.internal][INFO] 2017-07-09 18:02:23,047: topic[/clock] adding connection to [http://udacity:38325/], count 0
[rosout][INFO] 2017-07-09 18:02:23,207: Calling service /gazebo/spawn_urdf_model
[rosout][INFO] 2017-07-09 18:02:23,506: Spawn status: SpawnModel: Successfully spawned entity
[rospy.core][INFO] 2017-07-09 18:02:23,506: signal_shutdown [atexit]
[rospy.internal][INFO] 2017-07-09 18:02:23,509: topic[/rosout] removing connection to /rosout
[rospy.internal][INFO] 2017-07-09 18:02:23,510: topic[/clock] removing connection to http://udacity:38325/
[rospy.impl.masterslave][INFO] 2017-07-09 18:02:23,510: atexit
