[rospy.client][INFO] 2017-07-09 18:00:13,293: init_node, name[/urdf_spawner], pid[24331]
[xmlrpc][INFO] 2017-07-09 18:00:13,293: XML-RPC server binding to 0.0.0.0:0
[rospy.init][INFO] 2017-07-09 18:00:13,293: ROS Slave URI: [http://udacity:43641/]
[xmlrpc][INFO] 2017-07-09 18:00:13,293: Started XML-RPC server [http://udacity:43641/]
[rospy.impl.masterslave][INFO] 2017-07-09 18:00:13,294: _ready: http://udacity:43641/
[xmlrpc][INFO] 2017-07-09 18:00:13,294: xml rpc node: starting XML-RPC server
[rospy.registration][INFO] 2017-07-09 18:00:13,294: Registering with master node http://localhost:11311
[rospy.init][INFO] 2017-07-09 18:00:13,394: registered with master
[rospy.rosout][INFO] 2017-07-09 18:00:13,394: initializing /rosout core topic
[rospy.rosout][INFO] 2017-07-09 18:00:13,397: connected to core topic /rosout
[rospy.simtime][INFO] 2017-07-09 18:00:13,400: initializing /clock core topic
[rospy.simtime][INFO] 2017-07-09 18:00:13,404: connected to core topic /clock
[rosout][INFO] 2017-07-09 18:00:13,408: Loading model XML from ros parameter
[rosout][INFO] 2017-07-09 18:00:13,411: Waiting for service /gazebo/spawn_urdf_model
[rospy.internal][INFO] 2017-07-09 18:00:13,584: topic[/rosout] adding connection to [/rosout], count 0
[rosout][INFO] 2017-07-09 18:00:14,022: Calling service /gazebo/spawn_urdf_model
[rospy.internal][INFO] 2017-07-09 18:00:14,025: topic[/clock] adding connection to [http://udacity:34653/], count 0
[rosout][INFO] 2017-07-09 18:00:14,083: Spawn status: SpawnModel: Entity pushed to spawn queue, but spawn service timed out waiting for entity to appear in simulation under the name kr210
[rospy.core][INFO] 2017-07-09 18:00:14,084: signal_shutdown [atexit]
[rospy.internal][INFO] 2017-07-09 18:00:14,089: topic[/rosout] removing connection to /rosout
[rospy.internal][INFO] 2017-07-09 18:00:14,089: topic[/clock] removing connection to http://udacity:34653/
[rospy.impl.masterslave][INFO] 2017-07-09 18:00:14,090: atexit
