

0.000000000  Node Startup
0.000000000 INFO [/tmp/binarydeb/ros-kinetic-rviz-1.12.17/src/rviz/ogre_helpers/render_system.cpp:222(RenderSystem::detectGlVersion) [topics: /rosout] OpenGl version: 3 (GLSL 1.3).
0.000000000 INFO [/tmp/binarydeb/ros-kinetic-roscpp-1.12.17/src/libros/service.cpp:80(service::exists) [topics: /rosout] waitForService: Service [/gazebo/set_physics_properties] has not been advertised, waiting...
0.000000000 INFO [gazebo_interface.py:27(spawn_urdf_model_client) [topics: /clock, /rosout] Waiting for service /gazebo/spawn_urdf_model
0.000000000 INFO [/tmp/binarydeb/ros-kinetic-roscpp-1.12.17/src/libros/service.cpp:123(service::waitForService) [topics: /rosout] waitForService: Service [/laserscan_nodelet_manager/load_nodelet] is now available.
0.000000000 INFO [/tmp/binarydeb/ros-kinetic-roscpp-1.12.17/src/libros/service.cpp:123(service::waitForService) [topics: /rosout] waitForService: Service [/mobile_base_nodelet_manager/load_nodelet] is now available.
0.000000000 INFO [/tmp/binarydeb/ros-kinetic-nodelet-1.9.14/src/loader.cpp:233(Loader::Impl::advertiseRosApi) [topics: /rosout] Initializing nodelet with 4 worker threads.
0.000000000 INFO [/tmp/binarydeb/ros-kinetic-kobuki-bumper2pc-0.7.6/src/kobuki_bumper2pc.cpp:134(Bumper2PcNodelet::onInit) [topics: /rosout, /mobile_base/sensors/bumper_pointcloud] Bumper/cliff pointcloud configured at distance 0.240000 and height 0.040000 from base frame
0.000000000 INFO [/tmp/binarydeb/ros-kinetic-roscpp-1.12.17/src/libros/service.cpp:123(service::waitForService) [topics: /rosout] waitForService: Service [/mobile_base_nodelet_manager/load_nodelet] is now available.
0.000000000 INFO [/tmp/binarydeb/ros-kinetic-yocs-cmd-vel-mux-0.8.2/src/cmd_vel_mux_nodelet.cpp:243(CmdVelMuxNodelet::reloadConfiguration) [topics: /rosout, /mobile_base/sensors/bumper_pointcloud, /mobile_base_nodelet_manager/bond, /cmd_vel_mux/parameter_descriptions, /cmd_vel_mux/parameter_updates, /mobile_base/commands/velocity] CmdVelMux : (re)configured
0.000000000 INFO [/tmp/binarydeb/ros-kinetic-roscpp-1.12.17/src/libros/service.cpp:80(service::exists) [topics: /rosout] waitForService: Service [/gazebo/set_physics_properties] has not been advertised, waiting...
0.000000000 INFO [gazebo_interface.py:27(spawn_urdf_model_client) [topics: /clock, /rosout] Waiting for service /gazebo/spawn_urdf_model
0.000000000 INFO [/tmp/binarydeb/ros-kinetic-rtabmap-ros-0.20.7/src/CoreWrapper.cpp:217(CoreWrapper::onInit) [topics: /rosout, /tf, /map, /rtabmap/grid_prob_map, /rtabmap/cloud_map, /rtabmap/cloud_obstacles, /rtabmap/cloud_ground, /rtabmap/proj_map, /rtabmap/scan_map, /rtabmap/octomap_binary, /rtabmap/octomap_full, /rtabmap/octomap_occupied_space, /rtabmap/octomap_global_frontier_space, /rtabmap/octomap_obstacles, /rtabmap/octomap_ground, /rtabmap/octomap_empty_space, /rtabmap/octomap_grid] rtabmap: odom_sensor_sync   = false
0.000000000 INFO [/tmp/binarydeb/ros-kinetic-rtabmap-ros-0.20.7/src/GuiWrapper.cpp:96(GuiWrapper::GuiWrapper) [topics: /rosout] rtabmapviz: Using configuration from "/opt/ros/kinetic/share/rtabmap_ros/launch/config/rgbd_gui.ini"
0.000000000 INFO [/tmp/binarydeb/ros-kinetic-rtabmap-ros-0.20.7/src/CoreWrapper.cpp:305(CoreWrapper::onInit) [topics: /rosout, /tf, /map, /rtabmap/grid_prob_map, /rtabmap/cloud_map, /rtabmap/cloud_obstacles, /rtabmap/cloud_ground, /rtabmap/proj_map, /rtabmap/scan_map, /rtabmap/octomap_binary, /rtabmap/octomap_full, /rtabmap/octomap_occupied_space, /rtabmap/octomap_global_frontier_space, /rtabmap/octomap_obstacles, /rtabmap/octomap_ground, /rtabmap/octomap_empty_space, /rtabmap/octomap_grid, /rtabmap/info, /rtabmap/mapData, /rtabmap/mapGraph, /rtabmap/landmarks, /rtabmap/labels, /rtabmap/mapPath, /rtabmap/local_grid_obstacle, /rtabmap/local_grid_empty, /rtabmap/local_grid_ground, /rtabmap/localization_pose, /rtabmap/goal_out, /rtabmap/goal_reached, /rtabmap/global_path, /rtabmap/local_path, /rtabmap/global_path_nodes, /rtabmap/local_path_nodes] Setting RTAB-Map parameter "Kp/DetectorStrategy"="0"
0.000000000 INFO [/tmp/binarydeb/ros-kinetic-rtabmap-ros-0.20.7/src/CoreWrapper.cpp:305(CoreWrapper::onInit) [topics: /rosout, /tf, /map, /rtabmap/grid_prob_map, /rtabmap/cloud_map, /rtabmap/cloud_obstacles, /rtabmap/cloud_ground, /rtabmap/proj_map, /rtabmap/scan_map, /rtabmap/octomap_binary, /rtabmap/octomap_full, /rtabmap/octomap_occupied_space, /rtabmap/octomap_global_frontier_space, /rtabmap/octomap_obstacles, /rtabmap/octomap_ground, /rtabmap/octomap_empty_space, /rtabmap/octomap_grid, /rtabmap/info, /rtabmap/mapData, /rtabmap/mapGraph, /rtabmap/landmarks, /rtabmap/labels, /rtabmap/mapPath, /rtabmap/local_grid_obstacle, /rtabmap/local_grid_empty, /rtabmap/local_grid_ground, /rtabmap/localization_pose, /rtabmap/goal_out, /rtabmap/goal_reached, /rtabmap/global_path, /rtabmap/local_path, /rtabmap/global_path_nodes, /rtabmap/local_path_nodes] Setting RTAB-Map parameter "Kp/MaxFeatures"="400"
0.000000000 INFO [/tmp/binarydeb/ros-kinetic-rtabmap-ros-0.20.7/src/CoreWrapper.cpp:305(CoreWrapper::onInit) [topics: /rosout, /tf, /map, /rtabmap/grid_prob_map, /rtabmap/cloud_map, /rtabmap/cloud_obstacles, /rtabmap/cloud_ground, /rtabmap/proj_map, /rtabmap/scan_map, /rtabmap/octomap_binary, /rtabmap/octomap_full, /rtabmap/octomap_occupied_space, /rtabmap/octomap_global_frontier_space, /rtabmap/octomap_obstacles, /rtabmap/octomap_ground, /rtabmap/octomap_empty_space, /rtabmap/octomap_grid, /rtabmap/info, /rtabmap/mapData, /rtabmap/mapGraph, /rtabmap/landmarks, /rtabmap/labels, /rtabmap/mapPath, /rtabmap/local_grid_obstacle, /rtabmap/local_grid_empty, /rtabmap/local_grid_ground, /rtabmap/localization_pose, /rtabmap/goal_out, /rtabmap/goal_reached, /rtabmap/global_path, /rtabmap/local_path, /rtabmap/global_path_nodes, /rtabmap/local_path_nodes] Setting RTAB-Map parameter "Mem/NotLinkedNodesKept"="false"
0.000000000 INFO [/tmp/binarydeb/ros-kinetic-rtabmap-ros-0.20.7/src/CoreWrapper.cpp:305(CoreWrapper::onInit) [topics: /rosout, /tf, /map, /rtabmap/grid_prob_map, /rtabmap/cloud_map, /rtabmap/cloud_obstacles, /rtabmap/cloud_ground, /rtabmap/proj_map, /rtabmap/scan_map, /rtabmap/octomap_binary, /rtabmap/octomap_full, /rtabmap/octomap_occupied_space, /rtabmap/octomap_global_frontier_space, /rtabmap/octomap_obstacles, /rtabmap/octomap_ground, /rtabmap/octomap_empty_space, /rtabmap/octomap_grid, /rtabmap/info, /rtabmap/mapData, /rtabmap/mapGraph, /rtabmap/landmarks, /rtabmap/labels, /rtabmap/mapPath, /rtabmap/local_grid_obstacle, /rtabmap/local_grid_empty, /rtabmap/local_grid_ground, /rtabmap/localization_pose, /rtabmap/goal_out, /rtabmap/goal_reached, /rtabmap/global_path, /rtabmap/local_path, /rtabmap/global_path_nodes, /rtabmap/local_path_nodes] Setting RTAB-Map parameter "Reg/Force3DoF"="true"
0.000000000 INFO [/tmp/binarydeb/ros-kinetic-rtabmap-ros-0.20.7/src/CoreWrapper.cpp:305(CoreWrapper::onInit) [topics: /rosout, /tf, /map, /rtabmap/grid_prob_map, /rtabmap/cloud_map, /rtabmap/cloud_obstacles, /rtabmap/cloud_ground, /rtabmap/proj_map, /rtabmap/scan_map, /rtabmap/octomap_binary, /rtabmap/octomap_full, /rtabmap/octomap_occupied_space, /rtabmap/octomap_global_frontier_space, /rtabmap/octomap_obstacles, /rtabmap/octomap_ground, /rtabmap/octomap_empty_space, /rtabmap/octomap_grid, /rtabmap/info, /rtabmap/mapData, /rtabmap/mapGraph, /rtabmap/landmarks, /rtabmap/labels, /rtabmap/mapPath, /rtabmap/local_grid_obstacle, /rtabmap/local_grid_empty, /rtabmap/local_grid_ground, /rtabmap/localization_pose, /rtabmap/goal_out, /rtabmap/goal_reached, /rtabmap/global_path, /rtabmap/local_path, /rtabmap/global_path_nodes, /rtabmap/local_path_nodes] Setting RTAB-Map parameter "Reg/Strategy"="0"
0.000000000 INFO [/tmp/binarydeb/ros-kinetic-rtabmap-ros-0.20.7/src/CoreWrapper.cpp:305(CoreWrapper::onInit) [topics: /rosout, /tf, /map, /rtabmap/grid_prob_map, /rtabmap/cloud_map, /rtabmap/cloud_obstacles, /rtabmap/cloud_ground, /rtabmap/proj_map, /rtabmap/scan_map, /rtabmap/octomap_binary, /rtabmap/octomap_full, /rtabmap/octomap_occupied_space, /rtabmap/octomap_global_frontier_space, /rtabmap/octomap_obstacles, /rtabmap/octomap_ground, /rtabmap/octomap_empty_space, /rtabmap/octomap_grid, /rtabmap/info, /rtabmap/mapData, /rtabmap/mapGraph, /rtabmap/landmarks, /rtabmap/labels, /rtabmap/mapPath, /rtabmap/local_grid_obstacle, /rtabmap/local_grid_empty, /rtabmap/local_grid_ground, /rtabmap/localization_pose, /rtabmap/goal_out, /rtabmap/goal_reached, /rtabmap/global_path, /rtabmap/local_path, /rtabmap/global_path_nodes, /rtabmap/local_path_nodes] Setting RTAB-Map parameter "Rtabmap/DetectionRate"="1"
0.000000000 INFO [/tmp/binarydeb/ros-kinetic-rtabmap-ros-0.20.7/src/CoreWrapper.cpp:305(CoreWrapper::onInit) [topics: /rosout, /tf, /map, /rtabmap/grid_prob_map, /rtabmap/cloud_map, /rtabmap/cloud_obstacles, /rtabmap/cloud_ground, /rtabmap/proj_map, /rtabmap/scan_map, /rtabmap/octomap_binary, /rtabmap/octomap_full, /rtabmap/octomap_occupied_space, /rtabmap/octomap_global_frontier_space, /rtabmap/octomap_obstacles, /rtabmap/octomap_ground, /rtabmap/octomap_empty_space, /rtabmap/octomap_grid, /rtabmap/info, /rtabmap/mapData, /rtabmap/mapGraph, /rtabmap/landmarks, /rtabmap/labels, /rtabmap/mapPath, /rtabmap/local_grid_obstacle, /rtabmap/local_grid_empty, /rtabmap/local_grid_ground, /rtabmap/localization_pose, /rtabmap/goal_out, /rtabmap/goal_reached, /rtabmap/global_path, /rtabmap/local_path, /rtabmap/global_path_nodes, /rtabmap/local_path_nodes] Setting RTAB-Map parameter "SURF/HessianThreshold"="100"
0.000000000 INFO [/tmp/binarydeb/ros-kinetic-rtabmap-ros-0.20.7/src/CoreWrapper.cpp:305(CoreWrapper::onInit) [topics: /rosout, /tf, /map, /rtabmap/grid_prob_map, /rtabmap/cloud_map, /rtabmap/cloud_obstacles, /rtabmap/cloud_ground, /rtabmap/proj_map, /rtabmap/scan_map, /rtabmap/octomap_binary, /rtabmap/octomap_full, /rtabmap/octomap_occupied_space, /rtabmap/octomap_global_frontier_space, /rtabmap/octomap_obstacles, /rtabmap/octomap_ground, /rtabmap/octomap_empty_space, /rtabmap/octomap_grid, /rtabmap/info, /rtabmap/mapData, /rtabmap/mapGraph, /rtabmap/landmarks, /rtabmap/labels, /rtabmap/mapPath, /rtabmap/local_grid_obstacle, /rtabmap/local_grid_empty, /rtabmap/local_grid_ground, /rtabmap/localization_pose, /rtabmap/goal_out, /rtabmap/goal_reached, /rtabmap/global_path, /rtabmap/local_path, /rtabmap/global_path_nodes, /rtabmap/local_path_nodes] Setting RTAB-Map parameter "Vis/MinInliers"="15"
0.000000000 INFO [/tmp/binarydeb/ros-kinetic-rtabmap-ros-0.20.7/src/PreferencesDialogROS.cpp:87(readCoreSettings) [topics: /rosout] Reading parameters from the ROS server...
0.000000000 WARN [/tmp/binarydeb/ros-kinetic-rtabmap-ros-0.20.7/src/PreferencesDialogROS.cpp:134(readCoreSettings) [topics: /rosout] Parameter BRIEF/Bytes not found
0.000000000 WARN [/tmp/binarydeb/ros-kinetic-rtabmap-ros-0.20.7/src/PreferencesDialogROS.cpp:134(readCoreSettings) [topics: /rosout] Parameter BRISK/Octaves not found
0.000000000 WARN [/tmp/binarydeb/ros-kinetic-rtabmap-ros-0.20.7/src/PreferencesDialogROS.cpp:134(readCoreSettings) [topics: /rosout] Parameter BRISK/PatternScale not found
0.000000000 WARN [/tmp/binarydeb/ros-kinetic-rtabmap-ros-0.20.7/src/PreferencesDialogROS.cpp:134(readCoreSettings) [topics: /rosout] Parameter BRISK/Thresh not found
0.000000000 WARN [/tmp/binarydeb/ros-kinetic-rtabmap-ros-0.20.7/src/PreferencesDialogROS.cpp:134(readCoreSettings) [topics: /rosout] Parameter Bayes/FullPredictionUpdate not found
0.000000000 WARN [/tmp/binarydeb/ros-kinetic-rtabmap-ros-0.20.7/src/PreferencesDialogROS.cpp:134(readCoreSettings) [topics: /rosout] Parameter Bayes/PredictionLC not found
0.000000000 WARN [/tmp/binarydeb/ros-kinetic-rtabmap-ros-0.20.7/src/PreferencesDialogROS.cpp:134(readCoreSettings) [topics: /rosout] Parameter Bayes/VirtualPlacePriorThr not found
0.000000000 WARN [/tmp/binarydeb/ros-kinetic-rtabmap-ros-0.20.7/src/PreferencesDialogROS.cpp:134(readCoreSettings) [topics: /rosout] Parameter Db/TargetVersion not found
0.000000000 WARN [/tmp/binarydeb/ros-kinetic-rtabmap-ros-0.20.7/src/PreferencesDialogROS.cpp:134(readCoreSettings) [topics: /rosout] Parameter DbSqlite3/CacheSize not found
0.000000000 WARN [/tmp/binarydeb/ros-kinetic-rtabmap-ros-0.20.7/src/PreferencesDialogROS.cpp:134(readCoreSettings) [topics: /rosout] Parameter DbSqlite3/InMemory not found
0.000000000 WARN [/tmp/binarydeb/ros-kinetic-rtabmap-ros-0.20.7/src/PreferencesDialogROS.cpp:134(readCoreSettings) [topics: /rosout] Parameter DbSqlite3/JournalMode not found
0.000000000 WARN [/tmp/binarydeb/ros-kinetic-rtabmap-ros-0.20.7/src/PreferencesDialogROS.cpp:134(readCoreSettings) [topics: /rosout] Parameter DbSqlite3/Synchronous not found
0.000000000 WARN [/tmp/binarydeb/ros-kinetic-rtabmap-ros-0.20.7/src/PreferencesDialogROS.cpp:134(readCoreSettings) [topics: /rosout] Parameter DbSqlite3/TempStore not found
0.000000000 WARN [/tmp/binarydeb/ros-kinetic-rtabmap-ros-0.20.7/src/PreferencesDialogROS.cpp:134(readCoreSettings) [topics: /rosout] Parameter FAST/CV not found
0.000000000 WARN [/tmp/binarydeb/ros-kinetic-rtabmap-ros-0.20.7/src/PreferencesDialogROS.cpp:134(readCoreSettings) [topics: /rosout] Parameter FAST/Gpu not found
0.000000000 WARN [/tmp/binarydeb/ros-kinetic-rtabmap-ros-0.20.7/src/PreferencesDialogROS.cpp:134(readCoreSettings) [topics: /rosout] Parameter FAST/GpuKeypointsRatio not found
0.000000000 WARN [/tmp/binarydeb/ros-kinetic-rtabmap-ros-0.20.7/src/PreferencesDialogROS.cpp:134(readCoreSettings) [topics: /rosout] Parameter FAST/GridCols not found
0.000000000 WARN [/tmp/binarydeb/ros-kinetic-rtabmap-ros-0.20.7/src/PreferencesDialogROS.cpp:134(readCoreSettings) [topics: /rosout] Parameter FAST/GridRows not found
0.000000000 WARN [/tmp/binarydeb/ros-kinetic-rtabmap-ros-0.20.7/src/PreferencesDialogROS.cpp:134(readCoreSettings) [topics: /rosout] Parameter FAST/MaxThreshold not found
0.000000000 WARN [/tmp/binarydeb/ros-kinetic-rtabmap-ros-0.20.7/src/PreferencesDialogROS.cpp:134(readCoreSettings) [topics: /rosout] Parameter FAST/MinThreshold not found
0.000000000 WARN [/tmp/binarydeb/ros-kinetic-rtabmap-ros-0.20.7/src/PreferencesDialogROS.cpp:134(readCoreSettings) [topics: /rosout] Parameter FAST/NonmaxSuppression not found
0.000000000 WARN [/tmp/binarydeb/ros-kinetic-rtabmap-ros-0.20.7/src/PreferencesDialogROS.cpp:134(readCoreSettings) [topics: /rosout] Parameter FAST/Threshold not found
0.000000000 WARN [/tmp/binarydeb/ros-kinetic-rtabmap-ros-0.20.7/src/PreferencesDialogROS.cpp:134(readCoreSettings) [topics: /rosout] Parameter FREAK/NOctaves not found
0.000000000 WARN [/tmp/binarydeb/ros-kinetic-rtabmap-ros-0.20.7/src/PreferencesDialogROS.cpp:134(readCoreSettings) [topics: /rosout] Parameter FREAK/OrientationNormalized not found
0.000000000 WARN [/tmp/binarydeb/ros-kinetic-rtabmap-ros-0.20.7/src/PreferencesDialogROS.cpp:134(readCoreSettings) [topics: /rosout] Parameter FREAK/PatternScale not found
0.000000000 WARN [/tmp/binarydeb/ros-kinetic-rtabmap-ros-0.20.7/src/PreferencesDialogROS.cpp:134(readCoreSettings) [topics: /rosout] Parameter FREAK/ScaleNormalized not found
0.000000000 WARN [/tmp/binarydeb/ros-kinetic-rtabmap-ros-0.20.7/src/PreferencesDialogROS.cpp:134(readCoreSettings) [topics: /rosout] Parameter GFTT/BlockSize not found
0.000000000 WARN [/tmp/binarydeb/ros-kinetic-rtabmap-ros-0.20.7/src/PreferencesDialogROS.cpp:134(readCoreSettings) [topics: /rosout] Parameter GFTT/K not found
0.000000000 WARN [/tmp/binarydeb/ros-kinetic-rtabmap-ros-0.20.7/src/PreferencesDialogROS.cpp:134(readCoreSettings) [topics: /rosout] Parameter GFTT/MinDistance not found
0.000000000 WARN [/tmp/binarydeb/ros-kinetic-rtabmap-ros-0.20.7/src/PreferencesDialogROS.cpp:134(readCoreSettings) [topics: /rosout] Parameter GFTT/QualityLevel not found
0.000000000 WARN [/tmp/binarydeb/ros-kinetic-rtabmap-ros-0.20.7/src/PreferencesDialogROS.cpp:134(readCoreSettings) [topics: /rosout] Parameter GFTT/UseHarrisDetector not found
0.000000000 WARN [/tmp/binarydeb/ros-kinetic-rtabmap-ros-0.20.7/src/PreferencesDialogROS.cpp:134(readCoreSettings) [topics: /rosout] Parameter GMS/ThresholdFactor not found
0.000000000 WARN [/tmp/binarydeb/ros-kinetic-rtabmap-ros-0.20.7/src/PreferencesDialogROS.cpp:134(readCoreSettings) [topics: /rosout] Parameter GMS/WithRotation not found
0.000000000 WARN [/tmp/binarydeb/ros-kinetic-rtabmap-ros-0.20.7/src/PreferencesDialogROS.cpp:134(readCoreSettings) [topics: /rosout] Parameter GMS/WithScale not found
0.000000000 WARN [/tmp/binarydeb/ros-kinetic-rtabmap-ros-0.20.7/src/PreferencesDialogROS.cpp:134(readCoreSettings) [topics: /rosout] Parameter GTSAM/Optimizer not found
0.000000000 WARN [/tmp/binarydeb/ros-kinetic-rtabmap-ros-0.20.7/src/PreferencesDialogROS.cpp:134(readCoreSettings) [topics: /rosout] Parameter Grid/3D not found
0.000000000 WARN [/tmp/binarydeb/ros-kinetic-rtabmap-ros-0.20.7/src/PreferencesDialogROS.cpp:134(readCoreSettings) [topics: /rosout] Parameter Grid/CellSize not found
0.000000000 WARN [/tmp/binarydeb/ros-kinetic-rtabmap-ros-0.20.7/src/PreferencesDialogROS.cpp:134(readCoreSettings) [topics: /rosout] Parameter Grid/ClusterRadius not found
0.000000000 WARN [/tmp/binarydeb/ros-kinetic-rtabmap-ros-0.20.7/src/PreferencesDialogROS.cpp:134(readCoreSettings) [topics: /rosout] Parameter Grid/DepthDecimation not found
0.000000000 WARN [/tmp/binarydeb/ros-kinetic-rtabmap-ros-0.20.7/src/PreferencesDialogROS.cpp:134(readCoreSettings) [topics: /rosout] Parameter Grid/DepthRoiRatios not found
0.000000000 WARN [/tmp/binarydeb/ros-kinetic-rtabmap-ros-0.20.7/src/PreferencesDialogROS.cpp:134(readCoreSettings) [topics: /rosout] Parameter Grid/FlatObstacleDetected not found
0.000000000 WARN [/tmp/binarydeb/ros-kinetic-rtabmap-ros-0.20.7/src/PreferencesDialogROS.cpp:134(readCoreSettings) [topics: /rosout] Parameter Grid/FootprintHeight not found
0.000000000 WARN [/tmp/binarydeb/ros-kinetic-rtabmap-ros-0.20.7/src/PreferencesDialogROS.cpp:134(readCoreSettings) [topics: /rosout] Parameter Grid/FootprintLength not found
0.000000000 WARN [/tmp/binarydeb/ros-kinetic-rtabmap-ros-0.20.7/src/PreferencesDialogROS.cpp:134(readCoreSettings) [topics: /rosout] Parameter Grid/FootprintWidth not found
0.000000000 WARN [/tmp/binarydeb/ros-kinetic-rtabmap-ros-0.20.7/src/PreferencesDialogROS.cpp:134(readCoreSettings) [topics: /rosout] Parameter Grid/FromDepth not found
0.000000000 WARN [/tmp/binarydeb/ros-kinetic-rtabmap-ros-0.20.7/src/PreferencesDialogROS.cpp:134(readCoreSettings) [topics: /rosout] Parameter Grid/GroundIsObstacle not found
0.000000000 WARN [/tmp/binarydeb/ros-kinetic-rtabmap-ros-0.20.7/src/PreferencesDialogROS.cpp:134(readCoreSettings) [topics: /rosout] Parameter Grid/MapFrameProjection not found
0.000000000 WARN [/tmp/binarydeb/ros-kinetic-rtabmap-ros-0.20.7/src/PreferencesDialogROS.cpp:134(readCoreSettings) [topics: /rosout] Parameter Grid/MaxGroundAngle not found
0.000000000 WARN [/tmp/binarydeb/ros-kinetic-rtabmap-ros-0.20.7/src/PreferencesDialogROS.cpp:134(readCoreSettings) [topics: /rosout] Parameter Grid/MaxGroundHeight not found
0.000000000 WARN [/tmp/binarydeb/ros-kinetic-rtabmap-ros-0.20.7/src/PreferencesDialogROS.cpp:134(readCoreSettings) [topics: /rosout] Parameter Grid/MaxObstacleHeight not found
0.000000000 WARN [/tmp/binarydeb/ros-kinetic-rtabmap-ros-0.20.7/src/PreferencesDialogROS.cpp:134(readCoreSettings) [topics: /rosout] Parameter Grid/MinClusterSize not found
0.000000000 WARN [/tmp/binarydeb/ros-kinetic-rtabmap-ros-0.20.7/src/PreferencesDialogROS.cpp:134(readCoreSettings) [topics: /rosout] Parameter Grid/MinGroundHeight not found
0.000000000 WARN [/tmp/binarydeb/ros-kinetic-rtabmap-ros-0.20.7/src/PreferencesDialogROS.cpp:134(readCoreSettings) [topics: /rosout] Parameter Grid/NoiseFilteringMinNeighbors not found
0.000000000 WARN [/tmp/binarydeb/ros-kinetic-rtabmap-ros-0.20.7/src/PreferencesDialogROS.cpp:134(readCoreSettings) [topics: /rosout] Parameter Grid/NoiseFilteringRadius not found
0.000000000 WARN [/tmp/binarydeb/ros-kinetic-rtabmap-ros-0.20.7/src/PreferencesDialogROS.cpp:134(readCoreSettings) [topics: /rosout] Parameter Grid/NormalK not found
0.000000000 WARN [/tmp/binarydeb/ros-kinetic-rtabmap-ros-0.20.7/src/PreferencesDialogROS.cpp:134(readCoreSettings) [topics: /rosout] Parameter Grid/NormalsSegmentation not found
0.000000000 WARN [/tmp/binarydeb/ros-kinetic-rtabmap-ros-0.20.7/src/PreferencesDialogROS.cpp:134(readCoreSettings) [topics: /rosout] Parameter Grid/PreVoxelFiltering not found
0.000000000 WARN [/tmp/binarydeb/ros-kinetic-rtabmap-ros-0.20.7/src/PreferencesDialogROS.cpp:134(readCoreSettings) [topics: /rosout] Parameter Grid/RangeMax not found
0.000000000 WARN [/tmp/binarydeb/ros-kinetic-rtabmap-ros-0.20.7/src/PreferencesDialogROS.cpp:134(readCoreSettings) [topics: /rosout] Parameter Grid/RangeMin not found
0.000000000 WARN [/tmp/binarydeb/ros-kinetic-rtabmap-ros-0.20.7/src/PreferencesDialogROS.cpp:134(readCoreSettings) [topics: /rosout] Parameter Grid/RayTracing not found
0.000000000 WARN [/tmp/binarydeb/ros-kinetic-rtabmap-ros-0.20.7/src/PreferencesDialogROS.cpp:134(readCoreSettings) [topics: /rosout] Parameter Grid/Scan2dUnknownSpaceFilled not found
0.000000000 WARN [/tmp/binarydeb/ros-kinetic-rtabmap-ros-0.20.7/src/PreferencesDialogROS.cpp:134(readCoreSettings) [topics: /rosout] Parameter Grid/ScanDecimation not found
0.000000000 WARN [/tmp/binarydeb/ros-kinetic-rtabmap-ros-0.20.7/src/PreferencesDialogROS.cpp:134(readCoreSettings) [topics: /rosout] Parameter GridGlobal/Eroded not found
0.000000000 WARN [/tmp/binarydeb/ros-kinetic-rtabmap-ros-0.20.7/src/PreferencesDialogROS.cpp:134(readCoreSettings) [topics: /rosout] Parameter GridGlobal/FootprintRadius not found
0.000000000 WARN [/tmp/binarydeb/ros-kinetic-rtabmap-ros-0.20.7/src/PreferencesDialogROS.cpp:134(readCoreSettings) [topics: /rosout] Parameter GridGlobal/FullUpdate not found
0.000000000 WARN [/tmp/binarydeb/ros-kinetic-rtabmap-ros-0.20.7/src/PreferencesDialogROS.cpp:134(readCoreSettings) [topics: /rosout] Parameter GridGlobal/MaxNodes not found
0.000000000 WARN [/tmp/binarydeb/ros-kinetic-rtabmap-ros-0.20.7/src/PreferencesDialogROS.cpp:134(readCoreSettings) [topics: /rosout] Parameter GridGlobal/MinSize not found
0.000000000 WARN [/tmp/binarydeb/ros-kinetic-rtabmap-ros-0.20.7/src/PreferencesDialogROS.cpp:134(readCoreSettings) [topics: /rosout] Parameter GridGlobal/OccupancyThr not found
0.000000000 WARN [/tmp/binarydeb/ros-kinetic-rtabmap-ros-0.20.7/src/PreferencesDialogROS.cpp:134(readCoreSettings) [topics: /rosout] Parameter GridGlobal/ProbClampingMax not found
0.000000000 WARN [/tmp/binarydeb/ros-kinetic-rtabmap-ros-0.20.7/src/PreferencesDialogROS.cpp:134(readCoreSettings) [topics: /rosout] Parameter GridGlobal/ProbClampingMin not found
0.000000000 WARN [/tmp/binarydeb/ros-kinetic-rtabmap-ros-0.20.7/src/PreferencesDialogROS.cpp:134(readCoreSettings) [topics: /rosout] Parameter GridGlobal/ProbHit not found
0.000000000 WARN [/tmp/binarydeb/ros-kinetic-rtabmap-ros-0.20.7/src/PreferencesDialogROS.cpp:134(readCoreSettings) [topics: /rosout] Parameter GridGlobal/ProbMiss not found
0.000000000 WARN [/tmp/binarydeb/ros-kinetic-rtabmap-ros-0.20.7/src/PreferencesDialogROS.cpp:134(readCoreSettings) [topics: /rosout] Parameter GridGlobal/UpdateError not found
0.000000000 WARN [/tmp/binarydeb/ros-kinetic-rtabmap-ros-0.20.7/src/PreferencesDialogROS.cpp:134(readCoreSettings) [topics: /rosout] Parameter Icp/CorrespondenceRatio not found
0.000000000 WARN [/tmp/binarydeb/ros-kinetic-rtabmap-ros-0.20.7/src/PreferencesDialogROS.cpp:134(readCoreSettings) [topics: /rosout] Parameter Icp/DownsamplingStep not found
0.000000000 WARN [/tmp/binarydeb/ros-kinetic-rtabmap-ros-0.20.7/src/PreferencesDialogROS.cpp:134(readCoreSettings) [topics: /rosout] Parameter Icp/Epsilon not found
0.000000000 WARN [/tmp/binarydeb/ros-kinetic-rtabmap-ros-0.20.7/src/PreferencesDialogROS.cpp:134(readCoreSettings) [topics: /rosout] Parameter Icp/Iterations not found
0.000000000 WARN [/tmp/binarydeb/ros-kinetic-rtabmap-ros-0.20.7/src/PreferencesDialogROS.cpp:134(readCoreSettings) [topics: /rosout] Parameter Icp/MaxCorrespondenceDistance not found
0.000000000 WARN [/tmp/binarydeb/ros-kinetic-rtabmap-ros-0.20.7/src/PreferencesDialogROS.cpp:134(readCoreSettings) [topics: /rosout] Parameter Icp/MaxRotation not found
0.000000000 WARN [/tmp/binarydeb/ros-kinetic-rtabmap-ros-0.20.7/src/PreferencesDialogROS.cpp:134(readCoreSettings) [topics: /rosout] Parameter Icp/MaxTranslation not found
0.000000000 WARN [/tmp/binarydeb/ros-kinetic-rtabmap-ros-0.20.7/src/PreferencesDialogROS.cpp:134(readCoreSettings) [topics: /rosout] Parameter Icp/PM not found
0.000000000 WARN [/tmp/binarydeb/ros-kinetic-rtabmap-ros-0.20.7/src/PreferencesDialogROS.cpp:134(readCoreSettings) [topics: /rosout] Parameter Icp/PMConfig not found
0.000000000 WARN [/tmp/binarydeb/ros-kinetic-rtabmap-ros-0.20.7/src/PreferencesDialogROS.cpp:134(readCoreSettings) [topics: /rosout] Parameter Icp/PMMatcherEpsilon not found
0.000000000 WARN [/tmp/binarydeb/ros-kinetic-rtabmap-ros-0.20.7/src/PreferencesDialogROS.cpp:134(readCoreSettings) [topics: /rosout] Parameter Icp/PMMatcherIntensity not found
0.000000000 WARN [/tmp/binarydeb/ros-kinetic-rtabmap-ros-0.20.7/src/PreferencesDialogROS.cpp:134(readCoreSettings) [topics: /rosout] Parameter Icp/PMMatcherKnn not found
0.000000000 WARN [/tmp/binarydeb/ros-kinetic-rtabmap-ros-0.20.7/src/PreferencesDialogROS.cpp:134(readCoreSettings) [topics: /rosout] Parameter Icp/PMOutlierRatio not found
0.000000000 WARN [/tmp/binarydeb/ros-kinetic-rtabmap-ros-0.20.7/src/PreferencesDialogROS.cpp:134(readCoreSettings) [topics: /rosout] Parameter Icp/PointToPlane not found
0.000000000 WARN [/tmp/binarydeb/ros-kinetic-rtabmap-ros-0.20.7/src/PreferencesDialogROS.cpp:134(readCoreSettings) [topics: /rosout] Parameter Icp/PointToPlaneGroundNormalsUp not found
0.000000000 WARN [/tmp/binarydeb/ros-kinetic-rtabmap-ros-0.20.7/src/PreferencesDialogROS.cpp:134(readCoreSettings) [topics: /rosout] Parameter Icp/PointToPlaneK not found
0.000000000 WARN [/tmp/binarydeb/ros-kinetic-rtabmap-ros-0.20.7/src/PreferencesDialogROS.cpp:134(readCoreSettings) [topics: /rosout] Parameter Icp/PointToPlaneLowComplexityStrategy not found
0.000000000 WARN [/tmp/binarydeb/ros-kinetic-rtabmap-ros-0.20.7/src/PreferencesDialogROS.cpp:134(readCoreSettings) [topics: /rosout] Parameter Icp/PointToPlaneMinComplexity not found
0.000000000 WARN [/tmp/binarydeb/ros-kinetic-rtabmap-ros-0.20.7/src/PreferencesDialogROS.cpp:134(readCoreSettings) [topics: /rosout] Parameter Icp/PointToPlaneRadius not found
0.000000000 WARN [/tmp/binarydeb/ros-kinetic-rtabmap-ros-0.20.7/src/PreferencesDialogROS.cpp:134(readCoreSettings) [topics: /rosout] Parameter Icp/RangeMax not found
0.000000000 WARN [/tmp/binarydeb/ros-kinetic-rtabmap-ros-0.20.7/src/PreferencesDialogROS.cpp:134(readCoreSettings) [topics: /rosout] Parameter Icp/RangeMin not found
0.000000000 WARN [/tmp/binarydeb/ros-kinetic-rtabmap-ros-0.20.7/src/PreferencesDialogROS.cpp:134(readCoreSettings) [topics: /rosout] Parameter Icp/VoxelSize not found
0.000000000 WARN [/tmp/binarydeb/ros-kinetic-rtabmap-ros-0.20.7/src/PreferencesDialogROS.cpp:134(readCoreSettings) [topics: /rosout] Parameter ImuFilter/ComplementaryBiasAlpha not found
0.000000000 WARN [/tmp/binarydeb/ros-kinetic-rtabmap-ros-0.20.7/src/PreferencesDialogROS.cpp:134(readCoreSettings) [topics: /rosout] Parameter ImuFilter/ComplementaryDoAdpativeGain not found
0.000000000 WARN [/tmp/binarydeb/ros-kinetic-rtabmap-ros-0.20.7/src/PreferencesDialogROS.cpp:134(readCoreSettings) [topics: /rosout] Parameter ImuFilter/ComplementaryDoBiasEstimation not found
0.000000000 WARN [/tmp/binarydeb/ros-kinetic-rtabmap-ros-0.20.7/src/PreferencesDialogROS.cpp:134(readCoreSettings) [topics: /rosout] Parameter ImuFilter/ComplementaryGainAcc not found
0.000000000 WARN [/tmp/binarydeb/ros-kinetic-rtabmap-ros-0.20.7/src/PreferencesDialogROS.cpp:134(readCoreSettings) [topics: /rosout] Parameter ImuFilter/MadgwickGain not found
0.000000000 WARN [/tmp/binarydeb/ros-kinetic-rtabmap-ros-0.20.7/src/PreferencesDialogROS.cpp:134(readCoreSettings) [topics: /rosout] Parameter ImuFilter/MadgwickZeta not found
0.000000000 WARN [/tmp/binarydeb/ros-kinetic-rtabmap-ros-0.20.7/src/PreferencesDialogROS.cpp:134(readCoreSettings) [topics: /rosout] Parameter KAZE/Diffusivity not found
0.000000000 WARN [/tmp/binarydeb/ros-kinetic-rtabmap-ros-0.20.7/src/PreferencesDialogROS.cpp:134(readCoreSettings) [topics: /rosout] Parameter KAZE/Extended not found
0.000000000 WARN [/tmp/binarydeb/ros-kinetic-rtabmap-ros-0.20.7/src/PreferencesDialogROS.cpp:134(readCoreSettings) [topics: /rosout] Parameter KAZE/NOctaveLayers not found
0.000000000 WARN [/tmp/binarydeb/ros-kinetic-rtabmap-ros-0.20.7/src/PreferencesDialogROS.cpp:134(readCoreSettings) [topics: /rosout] Parameter KAZE/NOctaves not found
0.000000000 WARN [/tmp/binarydeb/ros-kinetic-rtabmap-ros-0.20.7/src/PreferencesDialogROS.cpp:134(readCoreSettings) [topics: /rosout] Parameter KAZE/Threshold not found
0.000000000 WARN [/tmp/binarydeb/ros-kinetic-rtabmap-ros-0.20.7/src/PreferencesDialogROS.cpp:134(readCoreSettings) [topics: /rosout] Parameter KAZE/Upright not found
0.000000000 WARN [/tmp/binarydeb/ros-kinetic-rtabmap-ros-0.20.7/src/PreferencesDialogROS.cpp:134(readCoreSettings) [topics: /rosout] Parameter Kp/BadSignRatio not found
0.000000000 WARN [/tmp/binarydeb/ros-kinetic-rtabmap-ros-0.20.7/src/PreferencesDialogROS.cpp:134(readCoreSettings) [topics: /rosout] Parameter Kp/ByteToFloat not found
0.000000000 WARN [/tmp/binarydeb/ros-kinetic-rtabmap-ros-0.20.7/src/PreferencesDialogROS.cpp:134(readCoreSettings) [topics: /rosout] Parameter Kp/DetectorStrategy not found
0.000000000 WARN [/tmp/binarydeb/ros-kinetic-rtabmap-ros-0.20.7/src/PreferencesDialogROS.cpp:134(readCoreSettings) [topics: /rosout] Parameter Kp/DictionaryPath not found
0.000000000 WARN [/tmp/binarydeb/ros-kinetic-rtabmap-ros-0.20.7/src/PreferencesDialogROS.cpp:134(readCoreSettings) [topics: /rosout] Parameter Kp/FlannRebalancingFactor not found
0.000000000 WARN [/tmp/binarydeb/ros-kinetic-rtabmap-ros-0.20.7/src/PreferencesDialogROS.cpp:134(readCoreSettings) [topics: /rosout] Parameter Kp/GridCols not found
0.000000000 WARN [/tmp/binarydeb/ros-kinetic-rtabmap-ros-0.20.7/src/PreferencesDialogROS.cpp:134(readCoreSettings) [topics: /rosout] Parameter Kp/GridRows not found
0.000000000 WARN [/tmp/binarydeb/ros-kinetic-rtabmap-ros-0.20.7/src/PreferencesDialogROS.cpp:134(readCoreSettings) [topics: /rosout] Parameter Kp/IncrementalDictionary not found
0.000000000 WARN [/tmp/binarydeb/ros-kinetic-rtabmap-ros-0.20.7/src/PreferencesDialogROS.cpp:134(readCoreSettings) [topics: /rosout] Parameter Kp/IncrementalFlann not found
0.000000000 WARN [/tmp/binarydeb/ros-kinetic-rtabmap-ros-0.20.7/src/PreferencesDialogROS.cpp:134(readCoreSettings) [topics: /rosout] Parameter Kp/MaxDepth not found
0.000000000 WARN [/tmp/binarydeb/ros-kinetic-rtabmap-ros-0.20.7/src/PreferencesDialogROS.cpp:134(readCoreSettings) [topics: /rosout] Parameter Kp/MaxFeatures not found
0.000000000 WARN [/tmp/binarydeb/ros-kinetic-rtabmap-ros-0.20.7/src/PreferencesDialogROS.cpp:134(readCoreSettings) [topics: /rosout] Parameter Kp/MinDepth not found
0.000000000 WARN [/tmp/binarydeb/ros-kinetic-rtabmap-ros-0.20.7/src/PreferencesDialogROS.cpp:134(readCoreSettings) [topics: /rosout] Parameter Kp/NNStrategy not found
0.000000000 WARN [/tmp/binarydeb/ros-kinetic-rtabmap-ros-0.20.7/src/PreferencesDialogROS.cpp:134(readCoreSettings) [topics: /rosout] Parameter Kp/NewWordsComparedTogether not found
0.000000000 WARN [/tmp/binarydeb/ros-kinetic-rtabmap-ros-0.20.7/src/PreferencesDialogROS.cpp:134(readCoreSettings) [topics: /rosout] Parameter Kp/NndrRatio not found
0.000000000 WARN [/tmp/binarydeb/ros-kinetic-rtabmap-ros-0.20.7/src/PreferencesDialogROS.cpp:134(readCoreSettings) [topics: /rosout] Parameter Kp/Parallelized not found
0.000000000 WARN [/tmp/binarydeb/ros-kinetic-rtabmap-ros-0.20.7/src/PreferencesDialogROS.cpp:134(readCoreSettings) [topics: /rosout] Parameter Kp/RoiRatios not found
0.000000000 WARN [/tmp/binarydeb/ros-kinetic-rtabmap-ros-0.20.7/src/PreferencesDialogROS.cpp:134(readCoreSettings) [topics: /rosout] Parameter Kp/SubPixEps not found
0.000000000 WARN [/tmp/binarydeb/ros-kinetic-rtabmap-ros-0.20.7/src/PreferencesDialogROS.cpp:134(readCoreSettings) [topics: /rosout] Parameter Kp/SubPixIterations not found
0.000000000 WARN [/tmp/binarydeb/ros-kinetic-rtabmap-ros-0.20.7/src/PreferencesDialogROS.cpp:134(readCoreSettings) [topics: /rosout] Parameter Kp/SubPixWinSize not found
0.000000000 WARN [/tmp/binarydeb/ros-kinetic-rtabmap-ros-0.20.7/src/PreferencesDialogROS.cpp:134(readCoreSettings) [topics: /rosout] Parameter Kp/TfIdfLikelihoodUsed not found
0.000000000 WARN [/tmp/binarydeb/ros-kinetic-rtabmap-ros-0.20.7/src/PreferencesDialogROS.cpp:134(readCoreSettings) [topics: /rosout] Parameter Marker/CornerRefinementMethod not found
0.000000000 WARN [/tmp/binarydeb/ros-kinetic-rtabmap-ros-0.20.7/src/PreferencesDialogROS.cpp:134(readCoreSettings) [topics: /rosout] Parameter Marker/Dictionary not found
0.000000000 WARN [/tmp/binarydeb/ros-kinetic-rtabmap-ros-0.20.7/src/PreferencesDialogROS.cpp:134(readCoreSettings) [topics: /rosout] Parameter Marker/Length not found
0.000000000 WARN [/tmp/binarydeb/ros-kinetic-rtabmap-ros-0.20.7/src/PreferencesDialogROS.cpp:134(readCoreSettings) [topics: /rosout] Parameter Marker/MaxDepthError not found
0.000000000 WARN [/tmp/binarydeb/ros-kinetic-rtabmap-ros-0.20.7/src/PreferencesDialogROS.cpp:134(readCoreSettings) [topics: /rosout] Parameter Marker/MaxRange not found
0.000000000 WARN [/tmp/binarydeb/ros-kinetic-rtabmap-ros-0.20.7/src/PreferencesDialogROS.cpp:134(readCoreSettings) [topics: /rosout] Parameter Marker/MinRange not found
0.000000000 WARN [/tmp/binarydeb/ros-kinetic-rtabmap-ros-0.20.7/src/PreferencesDialogROS.cpp:134(readCoreSettings) [topics: /rosout] Parameter Marker/VarianceAngular not found
0.000000000 WARN [/tmp/binarydeb/ros-kinetic-rtabmap-ros-0.20.7/src/PreferencesDialogROS.cpp:134(readCoreSettings) [topics: /rosout] Parameter Marker/VarianceLinear not found
0.000000000 WARN [/tmp/binarydeb/ros-kinetic-rtabmap-ros-0.20.7/src/PreferencesDialogROS.cpp:134(readCoreSettings) [topics: /rosout] Parameter Mem/BadSignaturesIgnored not found
0.000000000 WARN [/tmp/binarydeb/ros-kinetic-rtabmap-ros-0.20.7/src/PreferencesDialogROS.cpp:134(readCoreSettings) [topics: /rosout] Parameter Mem/BinDataKept not found
0.000000000 WARN [/tmp/binarydeb/ros-kinetic-rtabmap-ros-0.20.7/src/PreferencesDialogROS.cpp:134(readCoreSettings) [topics: /rosout] Parameter Mem/CompressionParallelized not found
0.000000000 WARN [/tmp/binarydeb/ros-kinetic-rtabmap-ros-0.20.7/src/PreferencesDialogROS.cpp:134(readCoreSettings) [topics: /rosout] Parameter Mem/CovOffDiagIgnored not found
0.000000000 WARN [/tmp/binarydeb/ros-kinetic-rtabmap-ros-0.20.7/src/PreferencesDialogROS.cpp:134(readCoreSettings) [topics: /rosout] Parameter Mem/DepthAsMask not found
0.000000000 WARN [/tmp/binarydeb/ros-kinetic-rtabmap-ros-0.20.7/src/PreferencesDialogROS.cpp:134(readCoreSettings) [topics: /rosout] Parameter Mem/GenerateIds not found
0.000000000 WARN [/tmp/binarydeb/ros-kinetic-rtabmap-ros-0.20.7/src/PreferencesDialogROS.cpp:134(readCoreSettings) [topics: /rosout] Parameter Mem/ImageCompressionFormat not found
0.000000000 WARN [/tmp/binarydeb/ros-kinetic-rtabmap-ros-0.20.7/src/PreferencesDialogROS.cpp:134(readCoreSettings) [topics: /rosout] Parameter Mem/ImageKept not found
0.000000000 WARN [/tmp/binarydeb/ros-kinetic-rtabmap-ros-0.20.7/src/PreferencesDialogROS.cpp:134(readCoreSettings) [topics: /rosout] Parameter Mem/ImagePostDecimation not found
0.000000000 WARN [/tmp/binarydeb/ros-kinetic-rtabmap-ros-0.20.7/src/PreferencesDialogROS.cpp:134(readCoreSettings) [topics: /rosout] Parameter Mem/ImagePreDecimation not found
0.000000000 WARN [/tmp/binarydeb/ros-kinetic-rtabmap-ros-0.20.7/src/PreferencesDialogROS.cpp:134(readCoreSettings) [topics: /rosout] Parameter Mem/IncrementalMemory not found
0.000000000 WARN [/tmp/binarydeb/ros-kinetic-rtabmap-ros-0.20.7/src/PreferencesDialogROS.cpp:134(readCoreSettings) [topics: /rosout] Parameter Mem/InitWMWithAllNodes not found
0.000000000 WARN [/tmp/binarydeb/ros-kinetic-rtabmap-ros-0.20.7/src/PreferencesDialogROS.cpp:134(readCoreSettings) [topics: /rosout] Parameter Mem/IntermediateNodeDataKept not found
0.000000000 WARN [/tmp/binarydeb/ros-kinetic-rtabmap-ros-0.20.7/src/PreferencesDialogROS.cpp:134(readCoreSettings) [topics: /rosout] Parameter Mem/LaserScanDownsampleStepSize not found
0.000000000 WARN [/tmp/binarydeb/ros-kinetic-rtabmap-ros-0.20.7/src/PreferencesDialogROS.cpp:134(readCoreSettings) [topics: /rosout] Parameter Mem/LaserScanNormalK not found
0.000000000 WARN [/tmp/binarydeb/ros-kinetic-rtabmap-ros-0.20.7/src/PreferencesDialogROS.cpp:134(readCoreSettings) [topics: /rosout] Parameter Mem/LaserScanNormalRadius not found
0.000000000 WARN [/tmp/binarydeb/ros-kinetic-rtabmap-ros-0.20.7/src/PreferencesDialogROS.cpp:134(readCoreSettings) [topics: /rosout] Parameter Mem/LaserScanVoxelSize not found
0.000000000 WARN [/tmp/binarydeb/ros-kinetic-rtabmap-ros-0.20.7/src/PreferencesDialogROS.cpp:134(readCoreSettings) [topics: /rosout] Parameter Mem/LocalizationDataSaved not found
0.000000000 WARN [/tmp/binarydeb/ros-kinetic-rtabmap-ros-0.20.7/src/PreferencesDialogROS.cpp:134(readCoreSettings) [topics: /rosout] Parameter Mem/MapLabelsAdded not found
0.000000000 WARN [/tmp/binarydeb/ros-kinetic-rtabmap-ros-0.20.7/src/PreferencesDialogROS.cpp:134(readCoreSettings) [topics: /rosout] Parameter Mem/NotLinkedNodesKept not found
0.000000000 WARN [/tmp/binarydeb/ros-kinetic-rtabmap-ros-0.20.7/src/PreferencesDialogROS.cpp:134(readCoreSettings) [topics: /rosout] Parameter Mem/RawDescriptorsKept not found
0.000000000 WARN [/tmp/binarydeb/ros-kinetic-rtabmap-ros-0.20.7/src/PreferencesDialogROS.cpp:134(readCoreSettings) [topics: /rosout] Parameter Mem/RecentWmRatio not found
0.000000000 WARN [/tmp/binarydeb/ros-kinetic-rtabmap-ros-0.20.7/src/PreferencesDialogROS.cpp:134(readCoreSettings) [topics: /rosout] Parameter Mem/ReduceGraph not found
0.000000000 WARN [/tmp/binarydeb/ros-kinetic-rtabmap-ros-0.20.7/src/PreferencesDialogROS.cpp:134(readCoreSettings) [topics: /rosout] Parameter Mem/RehearsalIdUpdatedToNewOne not found
0.000000000 WARN [/tmp/binarydeb/ros-kinetic-rtabmap-ros-0.20.7/src/PreferencesDialogROS.cpp:134(readCoreSettings) [topics: /rosout] Parameter Mem/RehearsalSimilarity not found
0.000000000 WARN [/tmp/binarydeb/ros-kinetic-rtabmap-ros-0.20.7/src/PreferencesDialogROS.cpp:134(readCoreSettings) [topics: /rosout] Parameter Mem/RehearsalWeightIgnoredWhileMoving not found
0.000000000 WARN [/tmp/binarydeb/ros-kinetic-rtabmap-ros-0.20.7/src/PreferencesDialogROS.cpp:134(readCoreSettings) [topics: /rosout] Parameter Mem/STMSize not found
0.000000000 WARN [/tmp/binarydeb/ros-kinetic-rtabmap-ros-0.20.7/src/PreferencesDialogROS.cpp:134(readCoreSettings) [topics: /rosout] Parameter Mem/SaveDepth16Format not found
0.000000000 WARN [/tmp/binarydeb/ros-kinetic-rtabmap-ros-0.20.7/src/PreferencesDialogROS.cpp:134(readCoreSettings) [topics: /rosout] Parameter Mem/StereoFromMotion not found
0.000000000 WARN [/tmp/binarydeb/ros-kinetic-rtabmap-ros-0.20.7/src/PreferencesDialogROS.cpp:134(readCoreSettings) [topics: /rosout] Parameter Mem/TransferSortingByWeightId not found
0.000000000 WARN [/tmp/binarydeb/ros-kinetic-rtabmap-ros-0.20.7/src/PreferencesDialogROS.cpp:134(readCoreSettings) [topics: /rosout] Parameter Mem/UseOdomFeatures not found
0.000000000 WARN [/tmp/binarydeb/ros-kinetic-rtabmap-ros-0.20.7/src/PreferencesDialogROS.cpp:134(readCoreSettings) [topics: /rosout] Parameter Mem/UseOdomGravity not found
0.000000000 WARN [/tmp/binarydeb/ros-kinetic-rtabmap-ros-0.20.7/src/PreferencesDialogROS.cpp:134(readCoreSettings) [topics: /rosout] Parameter ORB/EdgeThreshold not found
0.000000000 WARN [/tmp/binarydeb/ros-kinetic-rtabmap-ros-0.20.7/src/PreferencesDialogROS.cpp:134(readCoreSettings) [topics: /rosout] Parameter ORB/FirstLevel not found
0.000000000 WARN [/tmp/binarydeb/ros-kinetic-rtabmap-ros-0.20.7/src/PreferencesDialogROS.cpp:134(readCoreSettings) [topics: /rosout] Parameter ORB/Gpu not found
0.000000000 WARN [/tmp/binarydeb/ros-kinetic-rtabmap-ros-0.20.7/src/PreferencesDialogROS.cpp:134(readCoreSettings) [topics: /rosout] Parameter ORB/NLevels not found
0.000000000 WARN [/tmp/binarydeb/ros-kinetic-rtabmap-ros-0.20.7/src/PreferencesDialogROS.cpp:134(readCoreSettings) [topics: /rosout] Parameter ORB/PatchSize not found
0.000000000 WARN [/tmp/binarydeb/ros-kinetic-rtabmap-ros-0.20.7/src/PreferencesDialogROS.cpp:134(readCoreSettings) [topics: /rosout] Parameter ORB/ScaleFactor not found
0.000000000 WARN [/tmp/binarydeb/ros-kinetic-rtabmap-ros-0.20.7/src/PreferencesDialogROS.cpp:134(readCoreSettings) [topics: /rosout] Parameter ORB/ScoreType not found
0.000000000 WARN [/tmp/binarydeb/ros-kinetic-rtabmap-ros-0.20.7/src/PreferencesDialogROS.cpp:134(readCoreSettings) [topics: /rosout] Parameter ORB/WTA_K not found
0.000000000 WARN [/tmp/binarydeb/ros-kinetic-rtabmap-ros-0.20.7/src/PreferencesDialogROS.cpp:134(readCoreSettings) [topics: /rosout] Parameter Optimizer/Epsilon not found
0.000000000 WARN [/tmp/binarydeb/ros-kinetic-rtabmap-ros-0.20.7/src/PreferencesDialogROS.cpp:134(readCoreSettings) [topics: /rosout] Parameter Optimizer/GravitySigma not found
0.000000000 WARN [/tmp/binarydeb/ros-kinetic-rtabmap-ros-0.20.7/src/PreferencesDialogROS.cpp:134(readCoreSettings) [topics: /rosout] Parameter Optimizer/Iterations not found
0.000000000 WARN [/tmp/binarydeb/ros-kinetic-rtabmap-ros-0.20.7/src/PreferencesDialogROS.cpp:134(readCoreSettings) [topics: /rosout] Parameter Optimizer/LandmarksIgnored not found
0.000000000 WARN [/tmp/binarydeb/ros-kinetic-rtabmap-ros-0.20.7/src/PreferencesDialogROS.cpp:134(readCoreSettings) [topics: /rosout] Parameter Optimizer/PriorsIgnored not found
0.000000000 WARN [/tmp/binarydeb/ros-kinetic-rtabmap-ros-0.20.7/src/PreferencesDialogROS.cpp:134(readCoreSettings) [topics: /rosout] Parameter Optimizer/Robust not found
0.000000000 WARN [/tmp/binarydeb/ros-kinetic-rtabmap-ros-0.20.7/src/PreferencesDialogROS.cpp:134(readCoreSettings) [topics: /rosout] Parameter Optimizer/Strategy not found
0.000000000 WARN [/tmp/binarydeb/ros-kinetic-rtabmap-ros-0.20.7/src/PreferencesDialogROS.cpp:134(readCoreSettings) [topics: /rosout] Parameter Optimizer/VarianceIgnored not found
0.000000000 WARN [/tmp/binarydeb/ros-kinetic-rtabmap-ros-0.20.7/src/PreferencesDialogROS.cpp:134(readCoreSettings) [topics: /rosout] Parameter PyMatcher/Cuda not found
0.000000000 WARN [/tmp/binarydeb/ros-kinetic-rtabmap-ros-0.20.7/src/PreferencesDialogROS.cpp:134(readCoreSettings) [topics: /rosout] Parameter PyMatcher/Iterations not found
0.000000000 WARN [/tmp/binarydeb/ros-kinetic-rtabmap-ros-0.20.7/src/PreferencesDialogROS.cpp:134(readCoreSettings) [topics: /rosout] Parameter PyMatcher/Model not found
0.000000000 WARN [/tmp/binarydeb/ros-kinetic-rtabmap-ros-0.20.7/src/PreferencesDialogROS.cpp:134(readCoreSettings) [topics: /rosout] Parameter PyMatcher/Path not found
0.000000000 WARN [/tmp/binarydeb/ros-kinetic-rtabmap-ros-0.20.7/src/PreferencesDialogROS.cpp:134(readCoreSettings) [topics: /rosout] Parameter PyMatcher/Threshold not found
0.000000000 WARN [/tmp/binarydeb/ros-kinetic-rtabmap-ros-0.20.7/src/PreferencesDialogROS.cpp:134(readCoreSettings) [topics: /rosout] Parameter RGBD/AngularSpeedUpdate not found
0.000000000 WARN [/tmp/binarydeb/ros-kinetic-rtabmap-ros-0.20.7/src/PreferencesDialogROS.cpp:134(readCoreSettings) [topics: /rosout] Parameter RGBD/AngularUpdate not found
0.000000000 WARN [/tmp/binarydeb/ros-kinetic-rtabmap-ros-0.20.7/src/PreferencesDialogROS.cpp:134(readCoreSettings) [topics: /rosout] Parameter RGBD/CreateOccupancyGrid not found
0.000000000 WARN [/tmp/binarydeb/ros-kinetic-rtabmap-ros-0.20.7/src/PreferencesDialogROS.cpp:134(readCoreSettings) [topics: /rosout] Parameter RGBD/Enabled not found
0.000000000 WARN [/tmp/binarydeb/ros-kinetic-rtabmap-ros-0.20.7/src/PreferencesDialogROS.cpp:134(readCoreSettings) [topics: /rosout] Parameter RGBD/GoalReachedRadius not found
0.000000000 WARN [/tmp/binarydeb/ros-kinetic-rtabmap-ros-0.20.7/src/PreferencesDialogROS.cpp:134(readCoreSettings) [topics: /rosout] Parameter RGBD/GoalsSavedInUserData not found
0.000000000 WARN [/tmp/binarydeb/ros-kinetic-rtabmap-ros-0.20.7/src/PreferencesDialogROS.cpp:134(readCoreSettings) [topics: /rosout] Parameter RGBD/LinearSpeedUpdate not found
0.000000000 WARN [/tmp/binarydeb/ros-kinetic-rtabmap-ros-0.20.7/src/PreferencesDialogROS.cpp:134(readCoreSettings) [topics: /rosout] Parameter RGBD/LinearUpdate not found
0.000000000 WARN [/tmp/binarydeb/ros-kinetic-rtabmap-ros-0.20.7/src/PreferencesDialogROS.cpp:134(readCoreSettings) [topics: /rosout] Parameter RGBD/LocalBundleOnLoopClosure not found
0.000000000 WARN [/tmp/binarydeb/ros-kinetic-rtabmap-ros-0.20.7/src/PreferencesDialogROS.cpp:134(readCoreSettings) [topics: /rosout] Parameter RGBD/LocalImmunizationRatio not found
0.000000000 WARN [/tmp/binarydeb/ros-kinetic-rtabmap-ros-0.20.7/src/PreferencesDialogROS.cpp:134(readCoreSettings) [topics: /rosout] Parameter RGBD/LocalRadius not found
0.000000000 WARN [/tmp/binarydeb/ros-kinetic-rtabmap-ros-0.20.7/src/PreferencesDialogROS.cpp:134(readCoreSettings) [topics: /rosout] Parameter RGBD/LoopClosureReextractFeatures not found
0.000000000 WARN [/tmp/binarydeb/ros-kinetic-rtabmap-ros-0.20.7/src/PreferencesDialogROS.cpp:134(readCoreSettings) [topics: /rosout] Parameter RGBD/LoopCovLimited not found
0.000000000 WARN [/tmp/binarydeb/ros-kinetic-rtabmap-ros-0.20.7/src/PreferencesDialogROS.cpp:134(readCoreSettings) [topics: /rosout] Parameter RGBD/MarkerDetection not found
0.000000000 WARN [/tmp/binarydeb/ros-kinetic-rtabmap-ros-0.20.7/src/PreferencesDialogROS.cpp:134(readCoreSettings) [topics: /rosout] Parameter RGBD/MaxLocalRetrieved not found
0.000000000 WARN [/tmp/binarydeb/ros-kinetic-rtabmap-ros-0.20.7/src/PreferencesDialogROS.cpp:134(readCoreSettings) [topics: /rosout] Parameter RGBD/MaxLoopClosureDistance not found
0.000000000 WARN [/tmp/binarydeb/ros-kinetic-rtabmap-ros-0.20.7/src/PreferencesDialogROS.cpp:134(readCoreSettings) [topics: /rosout] Parameter RGBD/MaxOdomCacheSize not found
0.000000000 WARN [/tmp/binarydeb/ros-kinetic-rtabmap-ros-0.20.7/src/PreferencesDialogROS.cpp:134(readCoreSettings) [topics: /rosout] Parameter RGBD/NeighborLinkRefining not found
0.000000000 WARN [/tmp/binarydeb/ros-kinetic-rtabmap-ros-0.20.7/src/PreferencesDialogROS.cpp:134(readCoreSettings) [topics: /rosout] Parameter RGBD/NewMapOdomChangeDistance not found
0.000000000 WARN [/tmp/binarydeb/ros-kinetic-rtabmap-ros-0.20.7/src/PreferencesDialogROS.cpp:134(readCoreSettings) [topics: /rosout] Parameter RGBD/OptimizeFromGraphEnd not found
0.000000000 WARN [/tmp/binarydeb/ros-kinetic-rtabmap-ros-0.20.7/src/PreferencesDialogROS.cpp:134(readCoreSettings) [topics: /rosout] Parameter RGBD/OptimizeMaxError not found
0.000000000 WARN [/tmp/binarydeb/ros-kinetic-rtabmap-ros-0.20.7/src/PreferencesDialogROS.cpp:134(readCoreSettings) [topics: /rosout] Parameter RGBD/PlanAngularVelocity not found
0.000000000 WARN [/tmp/binarydeb/ros-kinetic-rtabmap-ros-0.20.7/src/PreferencesDialogROS.cpp:134(readCoreSettings) [topics: /rosout] Parameter RGBD/PlanLinearVelocity not found
0.000000000 WARN [/tmp/binarydeb/ros-kinetic-rtabmap-ros-0.20.7/src/PreferencesDialogROS.cpp:134(readCoreSettings) [topics: /rosout] Parameter RGBD/PlanStuckIterations not found
0.000000000 WARN [/tmp/binarydeb/ros-kinetic-rtabmap-ros-0.20.7/src/PreferencesDialogROS.cpp:134(readCoreSettings) [topics: /rosout] Parameter RGBD/ProximityAngle not found
0.000000000 WARN [/tmp/binarydeb/ros-kinetic-rtabmap-ros-0.20.7/src/PreferencesDialogROS.cpp:134(readCoreSettings) [topics: /rosout] Parameter RGBD/ProximityBySpace not found
0.000000000 WARN [/tmp/binarydeb/ros-kinetic-rtabmap-ros-0.20.7/src/PreferencesDialogROS.cpp:134(readCoreSettings) [topics: /rosout] Parameter RGBD/ProximityByTime not found
0.000000000 WARN [/tmp/binarydeb/ros-kinetic-rtabmap-ros-0.20.7/src/PreferencesDialogROS.cpp:134(readCoreSettings) [topics: /rosout] Parameter RGBD/ProximityMaxGraphDepth not found
0.000000000 WARN [/tmp/binarydeb/ros-kinetic-rtabmap-ros-0.20.7/src/PreferencesDialogROS.cpp:134(readCoreSettings) [topics: /rosout] Parameter RGBD/ProximityMaxPaths not found
0.000000000 WARN [/tmp/binarydeb/ros-kinetic-rtabmap-ros-0.20.7/src/PreferencesDialogROS.cpp:134(readCoreSettings) [topics: /rosout] Parameter RGBD/ProximityOdomGuess not found
0.000000000 WARN [/tmp/binarydeb/ros-kinetic-rtabmap-ros-0.20.7/src/PreferencesDialogROS.cpp:134(readCoreSettings) [topics: /rosout] Parameter RGBD/ProximityPathFilteringRadius not found
0.000000000 WARN [/tmp/binarydeb/ros-kinetic-rtabmap-ros-0.20.7/src/PreferencesDialogROS.cpp:134(readCoreSettings) [topics: /rosout] Parameter RGBD/ProximityPathMaxNeighbors not found
0.000000000 WARN [/tmp/binarydeb/ros-kinetic-rtabmap-ros-0.20.7/src/PreferencesDialogROS.cpp:134(readCoreSettings) [topics: /rosout] Parameter RGBD/ProximityPathRawPosesUsed not found
0.000000000 WARN [/tmp/binarydeb/ros-kinetic-rtabmap-ros-0.20.7/src/PreferencesDialogROS.cpp:134(readCoreSettings) [topics: /rosout] Parameter RGBD/SavedLocalizationIgnored not found
0.000000000 WARN [/tmp/binarydeb/ros-kinetic-rtabmap-ros-0.20.7/src/PreferencesDialogROS.cpp:134(readCoreSettings) [topics: /rosout] Parameter RGBD/ScanMatchingIdsSavedInLinks not found
0.000000000 WARN [/tmp/binarydeb/ros-kinetic-rtabmap-ros-0.20.7/src/PreferencesDialogROS.cpp:134(readCoreSettings) [topics: /rosout] Parameter Reg/Force3DoF not found
0.000000000 WARN [/tmp/binarydeb/ros-kinetic-rtabmap-ros-0.20.7/src/PreferencesDialogROS.cpp:134(readCoreSettings) [topics: /rosout] Parameter Reg/RepeatOnce not found
0.000000000 WARN [/tmp/binarydeb/ros-kinetic-rtabmap-ros-0.20.7/src/PreferencesDialogROS.cpp:134(readCoreSettings) [topics: /rosout] Parameter Reg/Strategy not found
0.000000000 WARN [/tmp/binarydeb/ros-kinetic-rtabmap-ros-0.20.7/src/PreferencesDialogROS.cpp:134(readCoreSettings) [topics: /rosout] Parameter Rtabmap/ComputeRMSE not found
0.000000000 WARN [/tmp/binarydeb/ros-kinetic-rtabmap-ros-0.20.7/src/PreferencesDialogROS.cpp:134(readCoreSettings) [topics: /rosout] Parameter Rtabmap/CreateIntermediateNodes not found
0.000000000 WARN [/tmp/binarydeb/ros-kinetic-rtabmap-ros-0.20.7/src/PreferencesDialogROS.cpp:134(readCoreSettings) [topics: /rosout] Parameter Rtabmap/DetectionRate not found
0.000000000 WARN [/tmp/binarydeb/ros-kinetic-rtabmap-ros-0.20.7/src/PreferencesDialogROS.cpp:134(readCoreSettings) [topics: /rosout] Parameter Rtabmap/ImageBufferSize not found
0.000000000 WARN [/tmp/binarydeb/ros-kinetic-rtabmap-ros-0.20.7/src/PreferencesDialogROS.cpp:134(readCoreSettings) [topics: /rosout] Parameter Rtabmap/ImagesAlreadyRectified not found
0.000000000 WARN [/tmp/binarydeb/ros-kinetic-rtabmap-ros-0.20.7/src/PreferencesDialogROS.cpp:134(readCoreSettings) [topics: /rosout] Parameter Rtabmap/LoopGPS not found
0.000000000 WARN [/tmp/binarydeb/ros-kinetic-rtabmap-ros-0.20.7/src/PreferencesDialogROS.cpp:134(readCoreSettings) [topics: /rosout] Parameter Rtabmap/LoopRatio not found
0.000000000 WARN [/tmp/binarydeb/ros-kinetic-rtabmap-ros-0.20.7/src/PreferencesDialogROS.cpp:134(readCoreSettings) [topics: /rosout] Parameter Rtabmap/LoopThr not found
0.000000000 WARN [/tmp/binarydeb/ros-kinetic-rtabmap-ros-0.20.7/src/PreferencesDialogROS.cpp:134(readCoreSettings) [topics: /rosout] Parameter Rtabmap/MaxRetrieved not found
0.000000000 WARN [/tmp/binarydeb/ros-kinetic-rtabmap-ros-0.20.7/src/PreferencesDialogROS.cpp:134(readCoreSettings) [topics: /rosout] Parameter Rtabmap/MemoryThr not found
0.000000000 WARN [/tmp/binarydeb/ros-kinetic-rtabmap-ros-0.20.7/src/PreferencesDialogROS.cpp:134(readCoreSettings) [topics: /rosout] Parameter Rtabmap/PublishLastSignature not found
0.000000000 WARN [/tmp/binarydeb/ros-kinetic-rtabmap-ros-0.20.7/src/PreferencesDialogROS.cpp:134(readCoreSettings) [topics: /rosout] Parameter Rtabmap/PublishLikelihood not found
0.000000000 WARN [/tmp/binarydeb/ros-kinetic-rtabmap-ros-0.20.7/src/PreferencesDialogROS.cpp:134(readCoreSettings) [topics: /rosout] Parameter Rtabmap/PublishPdf not found
0.000000000 WARN [/tmp/binarydeb/ros-kinetic-rtabmap-ros-0.20.7/src/PreferencesDialogROS.cpp:134(readCoreSettings) [topics: /rosout] Parameter Rtabmap/PublishRAMUsage not found
0.000000000 WARN [/tmp/binarydeb/ros-kinetic-rtabmap-ros-0.20.7/src/PreferencesDialogROS.cpp:134(readCoreSettings) [topics: /rosout] Parameter Rtabmap/PublishStats not found
0.000000000 WARN [/tmp/binarydeb/ros-kinetic-rtabmap-ros-0.20.7/src/PreferencesDialogROS.cpp:134(readCoreSettings) [topics: /rosout] Parameter Rtabmap/RectifyOnlyFeatures not found
0.000000000 WARN [/tmp/binarydeb/ros-kinetic-rtabmap-ros-0.20.7/src/PreferencesDialogROS.cpp:134(readCoreSettings) [topics: /rosout] Parameter Rtabmap/SaveWMState not found
0.000000000 WARN [/tmp/binarydeb/ros-kinetic-rtabmap-ros-0.20.7/src/PreferencesDialogROS.cpp:134(readCoreSettings) [topics: /rosout] Parameter Rtabmap/StartNewMapOnGoodSignature not found
0.000000000 WARN [/tmp/binarydeb/ros-kinetic-rtabmap-ros-0.20.7/src/PreferencesDialogROS.cpp:134(readCoreSettings) [topics: /rosout] Parameter Rtabmap/StartNewMapOnLoopClosure not found
0.000000000 WARN [/tmp/binarydeb/ros-kinetic-rtabmap-ros-0.20.7/src/PreferencesDialogROS.cpp:134(readCoreSettings) [topics: /rosout] Parameter Rtabmap/StatisticLogged not found
0.000000000 WARN [/tmp/binarydeb/ros-kinetic-rtabmap-ros-0.20.7/src/PreferencesDialogROS.cpp:134(readCoreSettings) [topics: /rosout] Parameter Rtabmap/StatisticLoggedHeaders not found
0.000000000 WARN [/tmp/binarydeb/ros-kinetic-rtabmap-ros-0.20.7/src/PreferencesDialogROS.cpp:134(readCoreSettings) [topics: /rosout] Parameter Rtabmap/StatisticLogsBufferedInRAM not found
0.000000000 WARN [/tmp/binarydeb/ros-kinetic-rtabmap-ros-0.20.7/src/PreferencesDialogROS.cpp:134(readCoreSettings) [topics: /rosout] Parameter Rtabmap/TimeThr not found
0.000000000 WARN [/tmp/binarydeb/ros-kinetic-rtabmap-ros-0.20.7/src/PreferencesDialogROS.cpp:134(readCoreSettings) [topics: /rosout] Parameter SIFT/ContrastThreshold not found
0.000000000 WARN [/tmp/binarydeb/ros-kinetic-rtabmap-ros-0.20.7/src/PreferencesDialogROS.cpp:134(readCoreSettings) [topics: /rosout] Parameter SIFT/EdgeThreshold not found
0.000000000 WARN [/tmp/binarydeb/ros-kinetic-rtabmap-ros-0.20.7/src/PreferencesDialogROS.cpp:134(readCoreSettings) [topics: /rosout] Parameter SIFT/NFeatures not found
0.000000000 WARN [/tmp/binarydeb/ros-kinetic-rtabmap-ros-0.20.7/src/PreferencesDialogROS.cpp:134(readCoreSettings) [topics: /rosout] Parameter SIFT/NOctaveLayers not found
0.000000000 WARN [/tmp/binarydeb/ros-kinetic-rtabmap-ros-0.20.7/src/PreferencesDialogROS.cpp:134(readCoreSettings) [topics: /rosout] Parameter SIFT/RootSIFT not found
0.000000000 WARN [/tmp/binarydeb/ros-kinetic-rtabmap-ros-0.20.7/src/PreferencesDialogROS.cpp:134(readCoreSettings) [topics: /rosout] Parameter SIFT/Sigma not found
0.000000000 WARN [/tmp/binarydeb/ros-kinetic-rtabmap-ros-0.20.7/src/PreferencesDialogROS.cpp:134(readCoreSettings) [topics: /rosout] Parameter SURF/Extended not found
0.000000000 WARN [/tmp/binarydeb/ros-kinetic-rtabmap-ros-0.20.7/src/PreferencesDialogROS.cpp:134(readCoreSettings) [topics: /rosout] Parameter SURF/GpuKeypointsRatio not found
0.000000000 WARN [/tmp/binarydeb/ros-kinetic-rtabmap-ros-0.20.7/src/PreferencesDialogROS.cpp:134(readCoreSettings) [topics: /rosout] Parameter SURF/GpuVersion not found
0.000000000 WARN [/tmp/binarydeb/ros-kinetic-rtabmap-ros-0.20.7/src/PreferencesDialogROS.cpp:134(readCoreSettings) [topics: /rosout] Parameter SURF/HessianThreshold not found
0.000000000 WARN [/tmp/binarydeb/ros-kinetic-rtabmap-ros-0.20.7/src/PreferencesDialogROS.cpp:134(readCoreSettings) [topics: /rosout] Parameter SURF/OctaveLayers not found
0.000000000 WARN [/tmp/binarydeb/ros-kinetic-rtabmap-ros-0.20.7/src/PreferencesDialogROS.cpp:134(readCoreSettings) [topics: /rosout] Parameter SURF/Octaves not found
0.000000000 WARN [/tmp/binarydeb/ros-kinetic-rtabmap-ros-0.20.7/src/PreferencesDialogROS.cpp:134(readCoreSettings) [topics: /rosout] Parameter SURF/Upright not found
0.000000000 WARN [/tmp/binarydeb/ros-kinetic-rtabmap-ros-0.20.7/src/PreferencesDialogROS.cpp:134(readCoreSettings) [topics: /rosout] Parameter Stereo/DenseStrategy not found
0.000000000 WARN [/tmp/binarydeb/ros-kinetic-rtabmap-ros-0.20.7/src/PreferencesDialogROS.cpp:134(readCoreSettings) [topics: /rosout] Parameter Stereo/Eps not found
0.000000000 WARN [/tmp/binarydeb/ros-kinetic-rtabmap-ros-0.20.7/src/PreferencesDialogROS.cpp:134(readCoreSettings) [topics: /rosout] Parameter Stereo/Iterations not found
0.000000000 WARN [/tmp/binarydeb/ros-kinetic-rtabmap-ros-0.20.7/src/PreferencesDialogROS.cpp:134(readCoreSettings) [topics: /rosout] Parameter Stereo/MaxDisparity not found
0.000000000 WARN [/tmp/binarydeb/ros-kinetic-rtabmap-ros-0.20.7/src/PreferencesDialogROS.cpp:134(readCoreSettings) [topics: /rosout] Parameter Stereo/MaxLevel not found
0.000000000 WARN [/tmp/binarydeb/ros-kinetic-rtabmap-ros-0.20.7/src/PreferencesDialogROS.cpp:134(readCoreSettings) [topics: /rosout] Parameter Stereo/MinDisparity not found
0.000000000 WARN [/tmp/binarydeb/ros-kinetic-rtabmap-ros-0.20.7/src/PreferencesDialogROS.cpp:134(readCoreSettings) [topics: /rosout] Parameter Stereo/OpticalFlow not found
0.000000000 WARN [/tmp/binarydeb/ros-kinetic-rtabmap-ros-0.20.7/src/PreferencesDialogROS.cpp:134(readCoreSettings) [topics: /rosout] Parameter Stereo/SSD not found
0.000000000 WARN [/tmp/binarydeb/ros-kinetic-rtabmap-ros-0.20.7/src/PreferencesDialogROS.cpp:134(readCoreSettings) [topics: /rosout] Parameter Stereo/WinHeight not found
0.000000000 WARN [/tmp/binarydeb/ros-kinetic-rtabmap-ros-0.20.7/src/PreferencesDialogROS.cpp:134(readCoreSettings) [topics: /rosout] Parameter Stereo/WinWidth not found
0.000000000 WARN [/tmp/binarydeb/ros-kinetic-rtabmap-ros-0.20.7/src/PreferencesDialogROS.cpp:134(readCoreSettings) [topics: /rosout] Parameter StereoBM/BlockSize not found
0.000000000 WARN [/tmp/binarydeb/ros-kinetic-rtabmap-ros-0.20.7/src/PreferencesDialogROS.cpp:134(readCoreSettings) [topics: /rosout] Parameter StereoBM/Disp12MaxDiff not found
0.000000000 WARN [/tmp/binarydeb/ros-kinetic-rtabmap-ros-0.20.7/src/PreferencesDialogROS.cpp:134(readCoreSettings) [topics: /rosout] Parameter StereoBM/MinDisparity not found
0.000000000 WARN [/tmp/binarydeb/ros-kinetic-rtabmap-ros-0.20.7/src/PreferencesDialogROS.cpp:134(readCoreSettings) [topics: /rosout] Parameter StereoBM/NumDisparities not found
0.000000000 WARN [/tmp/binarydeb/ros-kinetic-rtabmap-ros-0.20.7/src/PreferencesDialogROS.cpp:134(readCoreSettings) [topics: /rosout] Parameter StereoBM/PreFilterCap not found
0.000000000 WARN [/tmp/binarydeb/ros-kinetic-rtabmap-ros-0.20.7/src/PreferencesDialogROS.cpp:134(readCoreSettings) [topics: /rosout] Parameter StereoBM/PreFilterSize not found
0.000000000 WARN [/tmp/binarydeb/ros-kinetic-rtabmap-ros-0.20.7/src/PreferencesDialogROS.cpp:134(readCoreSettings) [topics: /rosout] Parameter StereoBM/SpeckleRange not found
0.000000000 WARN [/tmp/binarydeb/ros-kinetic-rtabmap-ros-0.20.7/src/PreferencesDialogROS.cpp:134(readCoreSettings) [topics: /rosout] Parameter StereoBM/SpeckleWindowSize not found
0.000000000 WARN [/tmp/binarydeb/ros-kinetic-rtabmap-ros-0.20.7/src/PreferencesDialogROS.cpp:134(readCoreSettings) [topics: /rosout] Parameter StereoBM/TextureThreshold not found
0.000000000 WARN [/tmp/binarydeb/ros-kinetic-rtabmap-ros-0.20.7/src/PreferencesDialogROS.cpp:134(readCoreSettings) [topics: /rosout] Parameter StereoBM/UniquenessRatio not found
0.000000000 WARN [/tmp/binarydeb/ros-kinetic-rtabmap-ros-0.20.7/src/PreferencesDialogROS.cpp:134(readCoreSettings) [topics: /rosout] Parameter StereoSGBM/BlockSize not found
0.000000000 WARN [/tmp/binarydeb/ros-kinetic-rtabmap-ros-0.20.7/src/PreferencesDialogROS.cpp:134(readCoreSettings) [topics: /rosout] Parameter StereoSGBM/Disp12MaxDiff not found
0.000000000 WARN [/tmp/binarydeb/ros-kinetic-rtabmap-ros-0.20.7/src/PreferencesDialogROS.cpp:134(readCoreSettings) [topics: /rosout] Parameter StereoSGBM/MinDisparity not found
0.000000000 WARN [/tmp/binarydeb/ros-kinetic-rtabmap-ros-0.20.7/src/PreferencesDialogROS.cpp:134(readCoreSettings) [topics: /rosout] Parameter StereoSGBM/Mode not found
0.000000000 WARN [/tmp/binarydeb/ros-kinetic-rtabmap-ros-0.20.7/src/PreferencesDialogROS.cpp:134(readCoreSettings) [topics: /rosout] Parameter StereoSGBM/NumDisparities not found
0.000000000 WARN [/tmp/binarydeb/ros-kinetic-rtabmap-ros-0.20.7/src/PreferencesDialogROS.cpp:134(readCoreSettings) [topics: /rosout] Parameter StereoSGBM/P1 not found
0.000000000 WARN [/tmp/binarydeb/ros-kinetic-rtabmap-ros-0.20.7/src/PreferencesDialogROS.cpp:134(readCoreSettings) [topics: /rosout] Parameter StereoSGBM/P2 not found
0.000000000 WARN [/tmp/binarydeb/ros-kinetic-rtabmap-ros-0.20.7/src/PreferencesDialogROS.cpp:134(readCoreSettings) [topics: /rosout] Parameter StereoSGBM/PreFilterCap not found
0.000000000 WARN [/tmp/binarydeb/ros-kinetic-rtabmap-ros-0.20.7/src/PreferencesDialogROS.cpp:134(readCoreSettings) [topics: /rosout] Parameter StereoSGBM/SpeckleRange not found
0.000000000 WARN [/tmp/binarydeb/ros-kinetic-rtabmap-ros-0.20.7/src/PreferencesDialogROS.cpp:134(readCoreSettings) [topics: /rosout] Parameter StereoSGBM/SpeckleWindowSize not found
0.000000000 WARN [/tmp/binarydeb/ros-kinetic-rtabmap-ros-0.20.7/src/PreferencesDialogROS.cpp:134(readCoreSettings) [topics: /rosout] Parameter StereoSGBM/UniquenessRatio not found
0.000000000 WARN [/tmp/binarydeb/ros-kinetic-rtabmap-ros-0.20.7/src/PreferencesDialogROS.cpp:134(readCoreSettings) [topics: /rosout] Parameter SuperPoint/Cuda not found
0.000000000 WARN [/tmp/binarydeb/ros-kinetic-rtabmap-ros-0.20.7/src/PreferencesDialogROS.cpp:134(readCoreSettings) [topics: /rosout] Parameter SuperPoint/ModelPath not found
0.000000000 WARN [/tmp/binarydeb/ros-kinetic-rtabmap-ros-0.20.7/src/PreferencesDialogROS.cpp:134(readCoreSettings) [topics: /rosout] Parameter SuperPoint/NMS not found
0.000000000 WARN [/tmp/binarydeb/ros-kinetic-rtabmap-ros-0.20.7/src/PreferencesDialogROS.cpp:134(readCoreSettings) [topics: /rosout] Parameter SuperPoint/NMSRadius not found
0.000000000 WARN [/tmp/binarydeb/ros-kinetic-rtabmap-ros-0.20.7/src/PreferencesDialogROS.cpp:134(readCoreSettings) [topics: /rosout] Parameter SuperPoint/Threshold not found
0.000000000 WARN [/tmp/binarydeb/ros-kinetic-rtabmap-ros-0.20.7/src/PreferencesDialogROS.cpp:134(readCoreSettings) [topics: /rosout] Parameter VhEp/Enabled not found
0.000000000 WARN [/tmp/binarydeb/ros-kinetic-rtabmap-ros-0.20.7/src/PreferencesDialogROS.cpp:134(readCoreSettings) [topics: /rosout] Parameter VhEp/MatchCountMin not found
0.000000000 WARN [/tmp/binarydeb/ros-kinetic-rtabmap-ros-0.20.7/src/PreferencesDialogROS.cpp:134(readCoreSettings) [topics: /rosout] Parameter VhEp/RansacParam1 not found
0.000000000 WARN [/tmp/binarydeb/ros-kinetic-rtabmap-ros-0.20.7/src/PreferencesDialogROS.cpp:134(readCoreSettings) [topics: /rosout] Parameter VhEp/RansacParam2 not found
0.000000000 WARN [/tmp/binarydeb/ros-kinetic-rtabmap-ros-0.20.7/src/PreferencesDialogROS.cpp:134(readCoreSettings) [topics: /rosout] Parameter Vis/BundleAdjustment not found
0.000000000 WARN [/tmp/binarydeb/ros-kinetic-rtabmap-ros-0.20.7/src/PreferencesDialogROS.cpp:134(readCoreSettings) [topics: /rosout] Parameter Vis/CorFlowEps not found
0.000000000 WARN [/tmp/binarydeb/ros-kinetic-rtabmap-ros-0.20.7/src/PreferencesDialogROS.cpp:134(readCoreSettings) [topics: /rosout] Parameter Vis/CorFlowIterations not found
0.000000000 WARN [/tmp/binarydeb/ros-kinetic-rtabmap-ros-0.20.7/src/PreferencesDialogROS.cpp:134(readCoreSettings) [topics: /rosout] Parameter Vis/CorFlowMaxLevel not found
0.000000000 WARN [/tmp/binarydeb/ros-kinetic-rtabmap-ros-0.20.7/src/PreferencesDialogROS.cpp:134(readCoreSettings) [topics: /rosout] Parameter Vis/CorFlowWinSize not found
0.000000000 WARN [/tmp/binarydeb/ros-kinetic-rtabmap-ros-0.20.7/src/PreferencesDialogROS.cpp:134(readCoreSettings) [topics: /rosout] Parameter Vis/CorGuessMatchToProjection not found
0.000000000 WARN [/tmp/binarydeb/ros-kinetic-rtabmap-ros-0.20.7/src/PreferencesDialogROS.cpp:134(readCoreSettings) [topics: /rosout] Parameter Vis/CorGuessWinSize not found
0.000000000 WARN [/tmp/binarydeb/ros-kinetic-rtabmap-ros-0.20.7/src/PreferencesDialogROS.cpp:134(readCoreSettings) [topics: /rosout] Parameter Vis/CorNNDR not found
0.000000000 WARN [/tmp/binarydeb/ros-kinetic-rtabmap-ros-0.20.7/src/PreferencesDialogROS.cpp:134(readCoreSettings) [topics: /rosout] Parameter Vis/CorNNType not found
0.000000000 WARN [/tmp/binarydeb/ros-kinetic-rtabmap-ros-0.20.7/src/PreferencesDialogROS.cpp:134(readCoreSettings) [topics: /rosout] Parameter Vis/CorType not found
0.000000000 WARN [/tmp/binarydeb/ros-kinetic-rtabmap-ros-0.20.7/src/PreferencesDialogROS.cpp:134(readCoreSettings) [topics: /rosout] Parameter Vis/DepthAsMask not found
0.000000000 WARN [/tmp/binarydeb/ros-kinetic-rtabmap-ros-0.20.7/src/PreferencesDialogROS.cpp:134(readCoreSettings) [topics: /rosout] Parameter Vis/EpipolarGeometryVar not found
0.000000000 WARN [/tmp/binarydeb/ros-kinetic-rtabmap-ros-0.20.7/src/PreferencesDialogROS.cpp:134(readCoreSettings) [topics: /rosout] Parameter Vis/EstimationType not found
0.000000000 WARN [/tmp/binarydeb/ros-kinetic-rtabmap-ros-0.20.7/src/PreferencesDialogROS.cpp:134(readCoreSettings) [topics: /rosout] Parameter Vis/FeatureType not found
0.000000000 WARN [/tmp/binarydeb/ros-kinetic-rtabmap-ros-0.20.7/src/PreferencesDialogROS.cpp:134(readCoreSettings) [topics: /rosout] Parameter Vis/ForwardEstOnly not found
0.000000000 WARN [/tmp/binarydeb/ros-kinetic-rtabmap-ros-0.20.7/src/PreferencesDialogROS.cpp:134(readCoreSettings) [topics: /rosout] Parameter Vis/GridCols not found
0.000000000 WARN [/tmp/binarydeb/ros-kinetic-rtabmap-ros-0.20.7/src/PreferencesDialogROS.cpp:134(readCoreSettings) [topics: /rosout] Parameter Vis/GridRows not found
0.000000000 WARN [/tmp/binarydeb/ros-kinetic-rtabmap-ros-0.20.7/src/PreferencesDialogROS.cpp:134(readCoreSettings) [topics: /rosout] Parameter Vis/InlierDistance not found
0.000000000 WARN [/tmp/binarydeb/ros-kinetic-rtabmap-ros-0.20.7/src/PreferencesDialogROS.cpp:134(readCoreSettings) [topics: /rosout] Parameter Vis/Iterations not found
0.000000000 WARN [/tmp/binarydeb/ros-kinetic-rtabmap-ros-0.20.7/src/PreferencesDialogROS.cpp:134(readCoreSettings) [topics: /rosout] Parameter Vis/MaxDepth not found
0.000000000 WARN [/tmp/binarydeb/ros-kinetic-rtabmap-ros-0.20.7/src/PreferencesDialogROS.cpp:134(readCoreSettings) [topics: /rosout] Parameter Vis/MaxFeatures not found
0.000000000 WARN [/tmp/binarydeb/ros-kinetic-rtabmap-ros-0.20.7/src/PreferencesDialogROS.cpp:134(readCoreSettings) [topics: /rosout] Parameter Vis/MeanInliersDistance not found
0.000000000 WARN [/tmp/binarydeb/ros-kinetic-rtabmap-ros-0.20.7/src/PreferencesDialogROS.cpp:134(readCoreSettings) [topics: /rosout] Parameter Vis/MinDepth not found
0.000000000 WARN [/tmp/binarydeb/ros-kinetic-rtabmap-ros-0.20.7/src/PreferencesDialogROS.cpp:134(readCoreSettings) [topics: /rosout] Parameter Vis/MinInliers not found
0.000000000 WARN [/tmp/binarydeb/ros-kinetic-rtabmap-ros-0.20.7/src/PreferencesDialogROS.cpp:134(readCoreSettings) [topics: /rosout] Parameter Vis/MinInliersDistribution not found
0.000000000 WARN [/tmp/binarydeb/ros-kinetic-rtabmap-ros-0.20.7/src/PreferencesDialogROS.cpp:134(readCoreSettings) [topics: /rosout] Parameter Vis/PnPFlags not found
0.000000000 WARN [/tmp/binarydeb/ros-kinetic-rtabmap-ros-0.20.7/src/PreferencesDialogROS.cpp:134(readCoreSettings) [topics: /rosout] Parameter Vis/PnPRefineIterations not found
0.000000000 WARN [/tmp/binarydeb/ros-kinetic-rtabmap-ros-0.20.7/src/PreferencesDialogROS.cpp:134(readCoreSettings) [topics: /rosout] Parameter Vis/PnPReprojError not found
0.000000000 WARN [/tmp/binarydeb/ros-kinetic-rtabmap-ros-0.20.7/src/PreferencesDialogROS.cpp:134(readCoreSettings) [topics: /rosout] Parameter Vis/RefineIterations not found
0.000000000 WARN [/tmp/binarydeb/ros-kinetic-rtabmap-ros-0.20.7/src/PreferencesDialogROS.cpp:134(readCoreSettings) [topics: /rosout] Parameter Vis/RoiRatios not found
0.000000000 WARN [/tmp/binarydeb/ros-kinetic-rtabmap-ros-0.20.7/src/PreferencesDialogROS.cpp:134(readCoreSettings) [topics: /rosout] Parameter Vis/SubPixEps not found
0.000000000 WARN [/tmp/binarydeb/ros-kinetic-rtabmap-ros-0.20.7/src/PreferencesDialogROS.cpp:134(readCoreSettings) [topics: /rosout] Parameter Vis/SubPixIterations not found
0.000000000 WARN [/tmp/binarydeb/ros-kinetic-rtabmap-ros-0.20.7/src/PreferencesDialogROS.cpp:134(readCoreSettings) [topics: /rosout] Parameter Vis/SubPixWinSize not found
0.000000000 WARN [/tmp/binarydeb/ros-kinetic-rtabmap-ros-0.20.7/src/PreferencesDialogROS.cpp:134(readCoreSettings) [topics: /rosout] Parameter g2o/Baseline not found
0.000000000 WARN [/tmp/binarydeb/ros-kinetic-rtabmap-ros-0.20.7/src/PreferencesDialogROS.cpp:134(readCoreSettings) [topics: /rosout] Parameter g2o/Optimizer not found
0.000000000 WARN [/tmp/binarydeb/ros-kinetic-rtabmap-ros-0.20.7/src/PreferencesDialogROS.cpp:134(readCoreSettings) [topics: /rosout] Parameter g2o/PixelVariance not found
0.000000000 WARN [/tmp/binarydeb/ros-kinetic-rtabmap-ros-0.20.7/src/PreferencesDialogROS.cpp:134(readCoreSettings) [topics: /rosout] Parameter g2o/RobustKernelDelta not found
0.000000000 WARN [/tmp/binarydeb/ros-kinetic-rtabmap-ros-0.20.7/src/PreferencesDialogROS.cpp:134(readCoreSettings) [topics: /rosout] Parameter g2o/Solver not found
0.000000000 INFO [/tmp/binarydeb/ros-kinetic-rtabmap-ros-0.20.7/src/PreferencesDialogROS.cpp:140(readCoreSettings) [topics: /rosout] Parameters read = 0
0.000000000 WARN [/tmp/binarydeb/ros-kinetic-rtabmap-ros-0.20.7/src/CoreWrapper.cpp:422(CoreWrapper::onInit) [topics: /rosout, /tf, /map, /rtabmap/grid_prob_map, /rtabmap/cloud_map, /rtabmap/cloud_obstacles, /rtabmap/cloud_ground, /rtabmap/proj_map, /rtabmap/scan_map, /rtabmap/octomap_binary, /rtabmap/octomap_full, /rtabmap/octomap_occupied_space, /rtabmap/octomap_global_frontier_space, /rtabmap/octomap_obstacles, /rtabmap/octomap_ground, /rtabmap/octomap_empty_space, /rtabmap/octomap_grid, /rtabmap/info, /rtabmap/mapData, /rtabmap/mapGraph, /rtabmap/landmarks, /rtabmap/labels, /rtabmap/mapPath, /rtabmap/local_grid_obstacle, /rtabmap/local_grid_empty, /rtabmap/local_grid_ground, /rtabmap/localization_pose, /rtabmap/goal_out, /rtabmap/goal_reached, /rtabmap/global_path, /rtabmap/local_path, /rtabmap/global_path_nodes, /rtabmap/local_path_nodes] Setting "Grid/FromDepth" parameter to false (default true) as "subscribe_scan" or "subscribe_scan_cloud" is true. The occupancy grid map will be constructed from laser scans. To get occupancy grid map from cloud projection, set "Grid/FromDepth" to true. To suppress this warning, add <param name="Grid/FromDepth" type="string" value="false"/>
0.000000000 INFO [/tmp/binarydeb/ros-kinetic-rtabmap-ros-0.20.7/src/CoreWrapper.cpp:431(CoreWrapper::onInit) [topics: /rosout, /tf, /map, /rtabmap/grid_prob_map, /rtabmap/cloud_map, /rtabmap/cloud_obstacles, /rtabmap/cloud_ground, /rtabmap/proj_map, /rtabmap/scan_map, /rtabmap/octomap_binary, /rtabmap/octomap_full, /rtabmap/octomap_occupied_space, /rtabmap/octomap_global_frontier_space, /rtabmap/octomap_obstacles, /rtabmap/octomap_ground, /rtabmap/octomap_empty_space, /rtabmap/octomap_grid, /rtabmap/info, /rtabmap/mapData, /rtabmap/mapGraph, /rtabmap/landmarks, /rtabmap/labels, /rtabmap/mapPath, /rtabmap/local_grid_obstacle, /rtabmap/local_grid_empty, /rtabmap/local_grid_ground, /rtabmap/localization_pose, /rtabmap/goal_out, /rtabmap/goal_reached, /rtabmap/global_path, /rtabmap/local_path, /rtabmap/global_path_nodes, /rtabmap/local_path_nodes] Setting "Grid/RangeMax" parameter to 0 (default 5.000000) as "subscribe_scan" or "subscribe_scan_cloud" is true and Grid/FromDepth is false.
0.000000000 INFO [/tmp/binarydeb/ros-kinetic-rtabmap-ros-0.20.7/src/CoreWrapper.cpp:521(CoreWrapper::onInit) [topics: /rosout, /tf, /map, /rtabmap/grid_prob_map, /rtabmap/cloud_map, /rtabmap/cloud_obstacles, /rtabmap/cloud_ground, /rtabmap/proj_map, /rtabmap/scan_map, /rtabmap/octomap_binary, /rtabmap/octomap_full, /rtabmap/octomap_occupied_space, /rtabmap/octomap_global_frontier_space, /rtabmap/octomap_obstacles, /rtabmap/octomap_ground, /rtabmap/octomap_empty_space, /rtabmap/octomap_grid, /rtabmap/info, /rtabmap/mapData, /rtabmap/mapGraph, /rtabmap/landmarks, /rtabmap/labels, /rtabmap/mapPath, /rtabmap/local_grid_obstacle, /rtabmap/local_grid_empty, /rtabmap/local_grid_ground, /rtabmap/localization_pose, /rtabmap/goal_out, /rtabmap/goal_reached, /rtabmap/global_path, /rtabmap/local_path, /rtabmap/global_path_nodes, /rtabmap/local_path_nodes] RTAB-Map detection rate = 1.000000 Hz
0.000000000 INFO [/tmp/binarydeb/ros-kinetic-rtabmap-ros-0.20.7/src/CoreWrapper.cpp:572(CoreWrapper::onInit) [topics: /rosout, /tf, /map, /rtabmap/grid_prob_map, /rtabmap/cloud_map, /rtabmap/cloud_obstacles, /rtabmap/cloud_ground, /rtabmap/proj_map, /rtabmap/scan_map, /rtabmap/octomap_binary, /rtabmap/octomap_full, /rtabmap/octomap_occupied_space, /rtabmap/octomap_global_frontier_space, /rtabmap/octomap_obstacles, /rtabmap/octomap_ground, /rtabmap/octomap_empty_space, /rtabmap/octomap_grid, /rtabmap/info, /rtabmap/mapData, /rtabmap/mapGraph, /rtabmap/landmarks, /rtabmap/labels, /rtabmap/mapPath, /rtabmap/local_grid_obstacle, /rtabmap/local_grid_empty, /rtabmap/local_grid_ground, /rtabmap/localization_pose, /rtabmap/goal_out, /rtabmap/goal_reached, /rtabmap/global_path, /rtabmap/local_path, /rtabmap/global_path_nodes, /rtabmap/local_path_nodes] rtabmap: Deleted database "/home/robond/.ros/rtabmap.db" (--delete_db_on_start or -d are set).
0.000000000 INFO [/tmp/binarydeb/ros-kinetic-rtabmap-ros-0.20.7/src/CoreWrapper.cpp:578(CoreWrapper::onInit) [topics: /rosout, /tf, /map, /rtabmap/grid_prob_map, /rtabmap/cloud_map, /rtabmap/cloud_obstacles, /rtabmap/cloud_ground, /rtabmap/proj_map, /rtabmap/scan_map, /rtabmap/octomap_binary, /rtabmap/octomap_full, /rtabmap/octomap_occupied_space, /rtabmap/octomap_global_frontier_space, /rtabmap/octomap_obstacles, /rtabmap/octomap_ground, /rtabmap/octomap_empty_space, /rtabmap/octomap_grid, /rtabmap/info, /rtabmap/mapData, /rtabmap/mapGraph, /rtabmap/landmarks, /rtabmap/labels, /rtabmap/mapPath, /rtabmap/local_grid_obstacle, /rtabmap/local_grid_empty, /rtabmap/local_grid_ground, /rtabmap/localization_pose, /rtabmap/goal_out, /rtabmap/goal_reached, /rtabmap/global_path, /rtabmap/local_path, /rtabmap/global_path_nodes, /rtabmap/local_path_nodes] rtabmap: Using database from "/home/robond/.ros/rtabmap.db" (0 MB).
0.000000000 INFO [/tmp/binarydeb/ros-kinetic-rtabmap-ros-0.20.7/src/CommonDataSubscriber.cpp:446(CommonDataSubscriber::setupCallbacks) [topics: /rosout] /rtabmap/rtabmapviz: subscribe_depth = true
0.000000000 INFO [/tmp/binarydeb/ros-kinetic-rtabmap-ros-0.20.7/src/CommonDataSubscriber.cpp:447(CommonDataSubscriber::setupCallbacks) [topics: /rosout] /rtabmap/rtabmapviz: subscribe_rgb = false
0.000000000 INFO [/tmp/binarydeb/ros-kinetic-rtabmap-ros-0.20.7/src/CommonDataSubscriber.cpp:448(CommonDataSubscriber::setupCallbacks) [topics: /rosout] /rtabmap/rtabmapviz: subscribe_stereo = false
0.000000000 INFO [/tmp/binarydeb/ros-kinetic-rtabmap-ros-0.20.7/src/CommonDataSubscriber.cpp:449(CommonDataSubscriber::setupCallbacks) [topics: /rosout] /rtabmap/rtabmapviz: subscribe_rgbd = false (rgbd_cameras=1)
0.000000000 INFO [/tmp/binarydeb/ros-kinetic-rtabmap-ros-0.20.7/src/CommonDataSubscriber.cpp:450(CommonDataSubscriber::setupCallbacks) [topics: /rosout] /rtabmap/rtabmapviz: subscribe_odom_info = false
0.000000000 INFO [/tmp/binarydeb/ros-kinetic-rtabmap-ros-0.20.7/src/CommonDataSubscriber.cpp:451(CommonDataSubscriber::setupCallbacks) [topics: /rosout] /rtabmap/rtabmapviz: subscribe_user_data = false
0.000000000 INFO [/tmp/binarydeb/ros-kinetic-rtabmap-ros-0.20.7/src/CommonDataSubscriber.cpp:452(CommonDataSubscriber::setupCallbacks) [topics: /rosout] /rtabmap/rtabmapviz: subscribe_scan = true
0.000000000 INFO [/tmp/binarydeb/ros-kinetic-rtabmap-ros-0.20.7/src/CommonDataSubscriber.cpp:453(CommonDataSubscriber::setupCallbacks) [topics: /rosout] /rtabmap/rtabmapviz: subscribe_scan_cloud = false
0.000000000 INFO [/tmp/binarydeb/ros-kinetic-rtabmap-ros-0.20.7/src/CommonDataSubscriber.cpp:454(CommonDataSubscriber::setupCallbacks) [topics: /rosout] /rtabmap/rtabmapviz: subscribe_scan_descriptor = false
0.000000000 INFO [/tmp/binarydeb/ros-kinetic-rtabmap-ros-0.20.7/src/CommonDataSubscriber.cpp:455(CommonDataSubscriber::setupCallbacks) [topics: /rosout] /rtabmap/rtabmapviz: queue_size    = 10
0.000000000 INFO [/tmp/binarydeb/ros-kinetic-rtabmap-ros-0.20.7/src/CommonDataSubscriber.cpp:456(CommonDataSubscriber::setupCallbacks) [topics: /rosout] /rtabmap/rtabmapviz: approx_sync   = true
0.000000000 INFO [/tmp/binarydeb/ros-kinetic-rtabmap-ros-0.20.7/src/impl/CommonDataSubscriberDepth.cpp:470(CommonDataSubscriber::setupDepthCallbacks) [topics: /rosout] Setup depth callback
0.000000000 INFO [/tmp/binarydeb/ros-kinetic-rtabmap-ros-0.20.7/src/CommonDataSubscriber.cpp:618(CommonDataSubscriber::setupCallbacks) [topics: /rosout] 
/rtabmap/rtabmapviz subscribed to (approx sync):
   /rtabmap/odom \
   /camera/rgb/image_raw \
   /camera/depth/image_raw \
   /camera/rgb/camera_info \
   /scan
0.000000000 INFO [/tmp/binarydeb/ros-kinetic-rtabmap-ros-0.20.7/src/GuiNode.cpp:71(main) [topics: /rosout] rtabmapviz started.
0.000000000 INFO [/tmp/binarydeb/ros-kinetic-rtabmap-ros-0.20.7/src/CoreWrapper.cpp:603(CoreWrapper::onInit) [topics: /rosout, /tf, /map, /rtabmap/grid_prob_map, /rtabmap/cloud_map, /rtabmap/cloud_obstacles, /rtabmap/cloud_ground, /rtabmap/proj_map, /rtabmap/scan_map, /rtabmap/octomap_binary, /rtabmap/octomap_full, /rtabmap/octomap_occupied_space, /rtabmap/octomap_global_frontier_space, /rtabmap/octomap_obstacles, /rtabmap/octomap_ground, /rtabmap/octomap_empty_space, /rtabmap/octomap_grid, /rtabmap/info, /rtabmap/mapData, /rtabmap/mapGraph, /rtabmap/landmarks, /rtabmap/labels, /rtabmap/mapPath, /rtabmap/local_grid_obstacle, /rtabmap/local_grid_empty, /rtabmap/local_grid_ground, /rtabmap/localization_pose, /rtabmap/goal_out, /rtabmap/goal_reached, /rtabmap/global_path, /rtabmap/local_path, /rtabmap/global_path_nodes, /rtabmap/local_path_nodes] rtabmap: Database version = "0.20.7".
0.000000000 INFO [/tmp/binarydeb/ros-kinetic-rtabmap-ros-0.20.7/src/CommonDataSubscriber.cpp:446(CommonDataSubscriber::setupCallbacks) [topics: /rosout, /tf, /map, /rtabmap/grid_prob_map, /rtabmap/cloud_map, /rtabmap/cloud_obstacles, /rtabmap/cloud_ground, /rtabmap/proj_map, /rtabmap/scan_map, /rtabmap/octomap_binary, /rtabmap/octomap_full, /rtabmap/octomap_occupied_space, /rtabmap/octomap_global_frontier_space, /rtabmap/octomap_obstacles, /rtabmap/octomap_ground, /rtabmap/octomap_empty_space, /rtabmap/octomap_grid, /rtabmap/info, /rtabmap/mapData, /rtabmap/mapGraph, /rtabmap/landmarks, /rtabmap/labels, /rtabmap/mapPath, /rtabmap/local_grid_obstacle, /rtabmap/local_grid_empty, /rtabmap/local_grid_ground, /rtabmap/localization_pose, /rtabmap/goal_out, /rtabmap/goal_reached, /rtabmap/global_path, /rtabmap/local_path, /rtabmap/global_path_nodes, /rtabmap/local_path_nodes] /rtabmap/rtabmap: subscribe_depth = true
0.000000000 INFO [/tmp/binarydeb/ros-kinetic-rtabmap-ros-0.20.7/src/CommonDataSubscriber.cpp:447(CommonDataSubscriber::setupCallbacks) [topics: /rosout, /tf, /map, /rtabmap/grid_prob_map, /rtabmap/cloud_map, /rtabmap/cloud_obstacles, /rtabmap/cloud_ground, /rtabmap/proj_map, /rtabmap/scan_map, /rtabmap/octomap_binary, /rtabmap/octomap_full, /rtabmap/octomap_occupied_space, /rtabmap/octomap_global_frontier_space, /rtabmap/octomap_obstacles, /rtabmap/octomap_ground, /rtabmap/octomap_empty_space, /rtabmap/octomap_grid, /rtabmap/info, /rtabmap/mapData, /rtabmap/mapGraph, /rtabmap/landmarks, /rtabmap/labels, /rtabmap/mapPath, /rtabmap/local_grid_obstacle, /rtabmap/local_grid_empty, /rtabmap/local_grid_ground, /rtabmap/localization_pose, /rtabmap/goal_out, /rtabmap/goal_reached, /rtabmap/global_path, /rtabmap/local_path, /rtabmap/global_path_nodes, /rtabmap/local_path_nodes] /rtabmap/rtabmap: subscribe_rgb = true
0.000000000 INFO [/tmp/binarydeb/ros-kinetic-rtabmap-ros-0.20.7/src/CommonDataSubscriber.cpp:448(CommonDataSubscriber::setupCallbacks) [topics: /rosout, /tf, /map, /rtabmap/grid_prob_map, /rtabmap/cloud_map, /rtabmap/cloud_obstacles, /rtabmap/cloud_ground, /rtabmap/proj_map, /rtabmap/scan_map, /rtabmap/octomap_binary, /rtabmap/octomap_full, /rtabmap/octomap_occupied_space, /rtabmap/octomap_global_frontier_space, /rtabmap/octomap_obstacles, /rtabmap/octomap_ground, /rtabmap/octomap_empty_space, /rtabmap/octomap_grid, /rtabmap/info, /rtabmap/mapData, /rtabmap/mapGraph, /rtabmap/landmarks, /rtabmap/labels, /rtabmap/mapPath, /rtabmap/local_grid_obstacle, /rtabmap/local_grid_empty, /rtabmap/local_grid_ground, /rtabmap/localization_pose, /rtabmap/goal_out, /rtabmap/goal_reached, /rtabmap/global_path, /rtabmap/local_path, /rtabmap/global_path_nodes, /rtabmap/local_path_nodes] /rtabmap/rtabmap: subscribe_stereo = false
0.000000000 INFO [/tmp/binarydeb/ros-kinetic-rtabmap-ros-0.20.7/src/CommonDataSubscriber.cpp:449(CommonDataSubscriber::setupCallbacks) [topics: /rosout, /tf, /map, /rtabmap/grid_prob_map, /rtabmap/cloud_map, /rtabmap/cloud_obstacles, /rtabmap/cloud_ground, /rtabmap/proj_map, /rtabmap/scan_map, /rtabmap/octomap_binary, /rtabmap/octomap_full, /rtabmap/octomap_occupied_space, /rtabmap/octomap_global_frontier_space, /rtabmap/octomap_obstacles, /rtabmap/octomap_ground, /rtabmap/octomap_empty_space, /rtabmap/octomap_grid, /rtabmap/info, /rtabmap/mapData, /rtabmap/mapGraph, /rtabmap/landmarks, /rtabmap/labels, /rtabmap/mapPath, /rtabmap/local_grid_obstacle, /rtabmap/local_grid_empty, /rtabmap/local_grid_ground, /rtabmap/localization_pose, /rtabmap/goal_out, /rtabmap/goal_reached, /rtabmap/global_path, /rtabmap/local_path, /rtabmap/global_path_nodes, /rtabmap/local_path_nodes] /rtabmap/rtabmap: subscribe_rgbd = false (rgbd_cameras=1)
0.000000000 INFO [/tmp/binarydeb/ros-kinetic-rtabmap-ros-0.20.7/src/CommonDataSubscriber.cpp:450(CommonDataSubscriber::setupCallbacks) [topics: /rosout, /tf, /map, /rtabmap/grid_prob_map, /rtabmap/cloud_map, /rtabmap/cloud_obstacles, /rtabmap/cloud_ground, /rtabmap/proj_map, /rtabmap/scan_map, /rtabmap/octomap_binary, /rtabmap/octomap_full, /rtabmap/octomap_occupied_space, /rtabmap/octomap_global_frontier_space, /rtabmap/octomap_obstacles, /rtabmap/octomap_ground, /rtabmap/octomap_empty_space, /rtabmap/octomap_grid, /rtabmap/info, /rtabmap/mapData, /rtabmap/mapGraph, /rtabmap/landmarks, /rtabmap/labels, /rtabmap/mapPath, /rtabmap/local_grid_obstacle, /rtabmap/local_grid_empty, /rtabmap/local_grid_ground, /rtabmap/localization_pose, /rtabmap/goal_out, /rtabmap/goal_reached, /rtabmap/global_path, /rtabmap/local_path, /rtabmap/global_path_nodes, /rtabmap/local_path_nodes] /rtabmap/rtabmap: subscribe_odom_info = false
0.000000000 INFO [/tmp/binarydeb/ros-kinetic-rtabmap-ros-0.20.7/src/CommonDataSubscriber.cpp:451(CommonDataSubscriber::setupCallbacks) [topics: /rosout, /tf, /map, /rtabmap/grid_prob_map, /rtabmap/cloud_map, /rtabmap/cloud_obstacles, /rtabmap/cloud_ground, /rtabmap/proj_map, /rtabmap/scan_map, /rtabmap/octomap_binary, /rtabmap/octomap_full, /rtabmap/octomap_occupied_space, /rtabmap/octomap_global_frontier_space, /rtabmap/octomap_obstacles, /rtabmap/octomap_ground, /rtabmap/octomap_empty_space, /rtabmap/octomap_grid, /rtabmap/info, /rtabmap/mapData, /rtabmap/mapGraph, /rtabmap/landmarks, /rtabmap/labels, /rtabmap/mapPath, /rtabmap/local_grid_obstacle, /rtabmap/local_grid_empty, /rtabmap/local_grid_ground, /rtabmap/localization_pose, /rtabmap/goal_out, /rtabmap/goal_reached, /rtabmap/global_path, /rtabmap/local_path, /rtabmap/global_path_nodes, /rtabmap/local_path_nodes] /rtabmap/rtabmap: subscribe_user_data = false
0.000000000 INFO [/tmp/binarydeb/ros-kinetic-rtabmap-ros-0.20.7/src/CommonDataSubscriber.cpp:452(CommonDataSubscriber::setupCallbacks) [topics: /rosout, /tf, /map, /rtabmap/grid_prob_map, /rtabmap/cloud_map, /rtabmap/cloud_obstacles, /rtabmap/cloud_ground, /rtabmap/proj_map, /rtabmap/scan_map, /rtabmap/octomap_binary, /rtabmap/octomap_full, /rtabmap/octomap_occupied_space, /rtabmap/octomap_global_frontier_space, /rtabmap/octomap_obstacles, /rtabmap/octomap_ground, /rtabmap/octomap_empty_space, /rtabmap/octomap_grid, /rtabmap/info, /rtabmap/mapData, /rtabmap/mapGraph, /rtabmap/landmarks, /rtabmap/labels, /rtabmap/mapPath, /rtabmap/local_grid_obstacle, /rtabmap/local_grid_empty, /rtabmap/local_grid_ground, /rtabmap/localization_pose, /rtabmap/goal_out, /rtabmap/goal_reached, /rtabmap/global_path, /rtabmap/local_path, /rtabmap/global_path_nodes, /rtabmap/local_path_nodes] /rtabmap/rtabmap: subscribe_scan = true
0.000000000 INFO [/tmp/binarydeb/ros-kinetic-rtabmap-ros-0.20.7/src/CommonDataSubscriber.cpp:453(CommonDataSubscriber::setupCallbacks) [topics: /rosout, /tf, /map, /rtabmap/grid_prob_map, /rtabmap/cloud_map, /rtabmap/cloud_obstacles, /rtabmap/cloud_ground, /rtabmap/proj_map, /rtabmap/scan_map, /rtabmap/octomap_binary, /rtabmap/octomap_full, /rtabmap/octomap_occupied_space, /rtabmap/octomap_global_frontier_space, /rtabmap/octomap_obstacles, /rtabmap/octomap_ground, /rtabmap/octomap_empty_space, /rtabmap/octomap_grid, /rtabmap/info, /rtabmap/mapData, /rtabmap/mapGraph, /rtabmap/landmarks, /rtabmap/labels, /rtabmap/mapPath, /rtabmap/local_grid_obstacle, /rtabmap/local_grid_empty, /rtabmap/local_grid_ground, /rtabmap/localization_pose, /rtabmap/goal_out, /rtabmap/goal_reached, /rtabmap/global_path, /rtabmap/local_path, /rtabmap/global_path_nodes, /rtabmap/local_path_nodes] /rtabmap/rtabmap: subscribe_scan_cloud = false
0.000000000 INFO [/tmp/binarydeb/ros-kinetic-rtabmap-ros-0.20.7/src/CommonDataSubscriber.cpp:454(CommonDataSubscriber::setupCallbacks) [topics: /rosout, /tf, /map, /rtabmap/grid_prob_map, /rtabmap/cloud_map, /rtabmap/cloud_obstacles, /rtabmap/cloud_ground, /rtabmap/proj_map, /rtabmap/scan_map, /rtabmap/octomap_binary, /rtabmap/octomap_full, /rtabmap/octomap_occupied_space, /rtabmap/octomap_global_frontier_space, /rtabmap/octomap_obstacles, /rtabmap/octomap_ground, /rtabmap/octomap_empty_space, /rtabmap/octomap_grid, /rtabmap/info, /rtabmap/mapData, /rtabmap/mapGraph, /rtabmap/landmarks, /rtabmap/labels, /rtabmap/mapPath, /rtabmap/local_grid_obstacle, /rtabmap/local_grid_empty, /rtabmap/local_grid_ground, /rtabmap/localization_pose, /rtabmap/goal_out, /rtabmap/goal_reached, /rtabmap/global_path, /rtabmap/local_path, /rtabmap/global_path_nodes, /rtabmap/local_path_nodes] /rtabmap/rtabmap: subscribe_scan_descriptor = false
0.000000000 INFO [/tmp/binarydeb/ros-kinetic-rtabmap-ros-0.20.7/src/CommonDataSubscriber.cpp:455(CommonDataSubscriber::setupCallbacks) [topics: /rosout, /tf, /map, /rtabmap/grid_prob_map, /rtabmap/cloud_map, /rtabmap/cloud_obstacles, /rtabmap/cloud_ground, /rtabmap/proj_map, /rtabmap/scan_map, /rtabmap/octomap_binary, /rtabmap/octomap_full, /rtabmap/octomap_occupied_space, /rtabmap/octomap_global_frontier_space, /rtabmap/octomap_obstacles, /rtabmap/octomap_ground, /rtabmap/octomap_empty_space, /rtabmap/octomap_grid, /rtabmap/info, /rtabmap/mapData, /rtabmap/mapGraph, /rtabmap/landmarks, /rtabmap/labels, /rtabmap/mapPath, /rtabmap/local_grid_obstacle, /rtabmap/local_grid_empty, /rtabmap/local_grid_ground, /rtabmap/localization_pose, /rtabmap/goal_out, /rtabmap/goal_reached, /rtabmap/global_path, /rtabmap/local_path, /rtabmap/global_path_nodes, /rtabmap/local_path_nodes] /rtabmap/rtabmap: queue_size    = 10
0.000000000 INFO [/tmp/binarydeb/ros-kinetic-rtabmap-ros-0.20.7/src/CommonDataSubscriber.cpp:456(CommonDataSubscriber::setupCallbacks) [topics: /rosout, /tf, /map, /rtabmap/grid_prob_map, /rtabmap/cloud_map, /rtabmap/cloud_obstacles, /rtabmap/cloud_ground, /rtabmap/proj_map, /rtabmap/scan_map, /rtabmap/octomap_binary, /rtabmap/octomap_full, /rtabmap/octomap_occupied_space, /rtabmap/octomap_global_frontier_space, /rtabmap/octomap_obstacles, /rtabmap/octomap_ground, /rtabmap/octomap_empty_space, /rtabmap/octomap_grid, /rtabmap/info, /rtabmap/mapData, /rtabmap/mapGraph, /rtabmap/landmarks, /rtabmap/labels, /rtabmap/mapPath, /rtabmap/local_grid_obstacle, /rtabmap/local_grid_empty, /rtabmap/local_grid_ground, /rtabmap/localization_pose, /rtabmap/goal_out, /rtabmap/goal_reached, /rtabmap/global_path, /rtabmap/local_path, /rtabmap/global_path_nodes, /rtabmap/local_path_nodes] /rtabmap/rtabmap: approx_sync   = true
0.000000000 INFO [/tmp/binarydeb/ros-kinetic-rtabmap-ros-0.20.7/src/impl/CommonDataSubscriberDepth.cpp:470(CommonDataSubscriber::setupDepthCallbacks) [topics: /rosout, /tf, /map, /rtabmap/grid_prob_map, /rtabmap/cloud_map, /rtabmap/cloud_obstacles, /rtabmap/cloud_ground, /rtabmap/proj_map, /rtabmap/scan_map, /rtabmap/octomap_binary, /rtabmap/octomap_full, /rtabmap/octomap_occupied_space, /rtabmap/octomap_global_frontier_space, /rtabmap/octomap_obstacles, /rtabmap/octomap_ground, /rtabmap/octomap_empty_space, /rtabmap/octomap_grid, /rtabmap/info, /rtabmap/mapData, /rtabmap/mapGraph, /rtabmap/landmarks, /rtabmap/labels, /rtabmap/mapPath, /rtabmap/local_grid_obstacle, /rtabmap/local_grid_empty, /rtabmap/local_grid_ground, /rtabmap/localization_pose, /rtabmap/goal_out, /rtabmap/goal_reached, /rtabmap/global_path, /rtabmap/local_path, /rtabmap/global_path_nodes, /rtabmap/local_path_nodes] Setup depth callback
0.000000000 INFO [/tmp/binarydeb/ros-kinetic-rtabmap-ros-0.20.7/src/CommonDataSubscriber.cpp:618(CommonDataSubscriber::setupCallbacks) [topics: /rosout, /tf, /map, /rtabmap/grid_prob_map, /rtabmap/cloud_map, /rtabmap/cloud_obstacles, /rtabmap/cloud_ground, /rtabmap/proj_map, /rtabmap/scan_map, /rtabmap/octomap_binary, /rtabmap/octomap_full, /rtabmap/octomap_occupied_space, /rtabmap/octomap_global_frontier_space, /rtabmap/octomap_obstacles, /rtabmap/octomap_ground, /rtabmap/octomap_empty_space, /rtabmap/octomap_grid, /rtabmap/info, /rtabmap/mapData, /rtabmap/mapGraph, /rtabmap/landmarks, /rtabmap/labels, /rtabmap/mapPath, /rtabmap/local_grid_obstacle, /rtabmap/local_grid_empty, /rtabmap/local_grid_ground, /rtabmap/localization_pose, /rtabmap/goal_out, /rtabmap/goal_reached, /rtabmap/global_path, /rtabmap/local_path, /rtabmap/global_path_nodes, /rtabmap/local_path_nodes] 
/rtabmap/rtabmap subscribed to (approx sync):
   /camera/rgb/image_raw \
   /camera/depth/image_raw \
   /camera/rgb/camera_info \
   /scan
0.000000000 INFO [/tmp/binarydeb/ros-kinetic-rtabmap-ros-0.20.7/src/CoreNode.cpp:95(main) [topics: /rosout, /tf, /map, /rtabmap/grid_prob_map, /rtabmap/cloud_map, /rtabmap/cloud_obstacles, /rtabmap/cloud_ground, /rtabmap/proj_map, /rtabmap/scan_map, /rtabmap/octomap_binary, /rtabmap/octomap_full, /rtabmap/octomap_occupied_space, /rtabmap/octomap_global_frontier_space, /rtabmap/octomap_obstacles, /rtabmap/octomap_ground, /rtabmap/octomap_empty_space, /rtabmap/octomap_grid, /rtabmap/info, /rtabmap/mapData, /rtabmap/mapGraph, /rtabmap/landmarks, /rtabmap/labels, /rtabmap/mapPath, /rtabmap/local_grid_obstacle, /rtabmap/local_grid_empty, /rtabmap/local_grid_ground, /rtabmap/localization_pose, /rtabmap/goal_out, /rtabmap/goal_reached, /rtabmap/global_path, /rtabmap/local_path, /rtabmap/global_path_nodes, /rtabmap/local_path_nodes] rtabmap 0.20.7 started...
