[rospy.client][INFO] 2017-07-09 11:03:44,381: init_node, name[/joint_state_publisher], pid[4511]
[xmlrpc][INFO] 2017-07-09 11:03:44,381: XML-RPC server binding to 0.0.0.0:0
[xmlrpc][INFO] 2017-07-09 11:03:44,382: Started XML-RPC server [http://udacity:37929/]
[rospy.init][INFO] 2017-07-09 11:03:44,382: ROS Slave URI: [http://udacity:37929/]
[rospy.impl.masterslave][INFO] 2017-07-09 11:03:44,382: _ready: http://udacity:37929/
[rospy.registration][INFO] 2017-07-09 11:03:44,384: Registering with master node http://localhost:11311
[xmlrpc][INFO] 2017-07-09 11:03:44,384: xml rpc node: starting XML-RPC server
[rospy.init][INFO] 2017-07-09 11:03:44,483: registered with master
[rospy.rosout][INFO] 2017-07-09 11:03:44,483: initializing /rosout core topic
[rospy.rosout][INFO] 2017-07-09 11:03:44,486: connected to core topic /rosout
[rospy.simtime][INFO] 2017-07-09 11:03:44,487: /use_sim_time is not set, will not subscribe to simulated time [/clock] topic
[rospy.internal][INFO] 2017-07-09 11:03:44,728: topic[/rosout] adding connection to [/rosout], count 0
[rospy.internal][INFO] 2017-07-09 11:03:44,829: topic[/joint_states] adding connection to [/robot_state_publisher], count 0
[rospy.internal][INFO] 2017-07-09 11:06:33,056: topic[/joint_states] removing connection to /robot_state_publisher
[rospy.internal][INFO] 2017-07-09 11:06:33,132: topic[/joint_states] adding connection to [/robot_state_publisher], count 0
[rospy.client][INFO] 2017-07-09 11:06:33,161: init_node, name[/joint_state_publisher], pid[4669]
[xmlrpc][INFO] 2017-07-09 11:06:33,162: XML-RPC server binding to 0.0.0.0:0
[rospy.init][INFO] 2017-07-09 11:06:33,162: ROS Slave URI: [http://udacity:34121/]
[xmlrpc][INFO] 2017-07-09 11:06:33,162: Started XML-RPC server [http://udacity:34121/]
[rospy.impl.masterslave][INFO] 2017-07-09 11:06:33,162: _ready: http://udacity:34121/
[rospy.registration][INFO] 2017-07-09 11:06:33,164: Registering with master node http://localhost:11311
[xmlrpc][INFO] 2017-07-09 11:06:33,164: xml rpc node: starting XML-RPC server
[rospy.init][INFO] 2017-07-09 11:06:33,263: registered with master
[rospy.rosout][INFO] 2017-07-09 11:06:33,263: initializing /rosout core topic
[rospy.rosout][INFO] 2017-07-09 11:06:33,266: connected to core topic /rosout
[rospy.simtime][INFO] 2017-07-09 11:06:33,269: /use_sim_time is not set, will not subscribe to simulated time [/clock] topic
[rospy.impl.masterslave][INFO] 2017-07-09 11:06:33,334: external shutdown request from [/master]: new node registered with same name
[rospy.core][INFO] 2017-07-09 11:06:33,335: signal_shutdown [external shutdown request from [/master]: [new node registered with same name]]
[rospy.internal][INFO] 2017-07-09 11:06:33,341: topic[/joint_states] removing connection to /robot_state_publisher
[rospy.internal][INFO] 2017-07-09 11:06:33,341: topic[/rosout] removing connection to /rosout
[rospy.core][INFO] 2017-07-09 11:06:33,457: signal_shutdown [atexit]
[rospy.internal][INFO] 2017-07-09 11:06:33,539: topic[/rosout] adding connection to [/rosout], count 0
[rospy.internal][INFO] 2017-07-09 11:06:33,643: topic[/joint_states] adding connection to [/robot_state_publisher], count 0
[rospy.internal][INFO] 2017-07-09 11:06:33,994: topic[/move_group/fake_controller_joint_states] adding connection to [http://udacity:41807/], count 0
[rospy.core][INFO] 2017-07-09 11:07:31,119: signal_shutdown [signal-2]
[rospy.internal][INFO] 2017-07-09 11:07:31,123: topic[/joint_states] removing connection to /robot_state_publisher
[rospy.internal][INFO] 2017-07-09 11:07:31,124: topic[/rosout] removing connection to /rosout
[rospy.internal][INFO] 2017-07-09 11:07:31,124: topic[/move_group/fake_controller_joint_states] removing connection to http://udacity:41807/
[rospy.impl.masterslave][INFO] 2017-07-09 11:07:31,124: signal-2
[rospy.core][INFO] 2017-07-09 11:07:31,256: signal_shutdown [atexit]
[rospy.client][INFO] 2017-07-09 11:09:43,018: init_node, name[/joint_state_publisher], pid[5943]
[xmlrpc][INFO] 2017-07-09 11:09:43,018: XML-RPC server binding to 0.0.0.0:0
[xmlrpc][INFO] 2017-07-09 11:09:43,019: Started XML-RPC server [http://udacity:40681/]
[rospy.init][INFO] 2017-07-09 11:09:43,019: ROS Slave URI: [http://udacity:40681/]
[rospy.impl.masterslave][INFO] 2017-07-09 11:09:43,021: _ready: http://udacity:40681/
[rospy.registration][INFO] 2017-07-09 11:09:43,022: Registering with master node http://localhost:11311
[xmlrpc][INFO] 2017-07-09 11:09:43,022: xml rpc node: starting XML-RPC server
[rospy.init][INFO] 2017-07-09 11:09:43,121: registered with master
[rospy.rosout][INFO] 2017-07-09 11:09:43,122: initializing /rosout core topic
[rospy.rosout][INFO] 2017-07-09 11:09:43,124: connected to core topic /rosout
[rospy.simtime][INFO] 2017-07-09 11:09:43,126: /use_sim_time is not set, will not subscribe to simulated time [/clock] topic
[rospy.internal][INFO] 2017-07-09 11:09:43,382: topic[/rosout] adding connection to [/rosout], count 0
[rospy.internal][INFO] 2017-07-09 11:09:43,383: topic[/joint_states] adding connection to [/robot_state_publisher], count 0
[rospy.internal][INFO] 2017-07-09 11:09:43,405: topic[/move_group/fake_controller_joint_states] adding connection to [http://udacity:42113/], count 0
[rospy.core][INFO] 2017-07-09 11:09:59,432: signal_shutdown [signal-2]
[rospy.internal][INFO] 2017-07-09 11:09:59,437: topic[/joint_states] removing connection to /robot_state_publisher
[rospy.internal][INFO] 2017-07-09 11:09:59,437: topic[/rosout] removing connection to /rosout
[rospy.internal][INFO] 2017-07-09 11:09:59,438: topic[/move_group/fake_controller_joint_states] removing connection to http://udacity:42113/
[rospy.impl.masterslave][INFO] 2017-07-09 11:09:59,438: signal-2
[rospy.internal][WARNING] 2017-07-09 11:09:59,577: Unknown error initiating TCP/IP socket to udacity:39309 (http://udacity:42113/): Traceback (most recent call last):
  File "/opt/ros/kinetic/lib/python2.7/dist-packages/rospy/impl/tcpros_base.py", line 557, in connect
    self.read_header()
  File "/opt/ros/kinetic/lib/python2.7/dist-packages/rospy/impl/tcpros_base.py", line 650, in read_header
    self._validate_header(read_ros_handshake_header(sock, self.read_buff, self.protocol.buff_size))
  File "/opt/ros/kinetic/lib/python2.7/dist-packages/rosgraph/network.py", line 364, in read_ros_handshake_header
    raise ROSHandshakeException("connection from sender terminated before handshake header received. %s bytes were received. Please check sender for additional details."%b.tell())
ROSHandshakeException: connection from sender terminated before handshake header received. 0 bytes were received. Please check sender for additional details.

[rospy.core][INFO] 2017-07-09 11:10:00,062: signal_shutdown [atexit]
[rospy.client][INFO] 2017-07-09 11:10:18,599: init_node, name[/joint_state_publisher], pid[7057]
[xmlrpc][INFO] 2017-07-09 11:10:18,599: XML-RPC server binding to 0.0.0.0:0
[xmlrpc][INFO] 2017-07-09 11:10:18,601: Started XML-RPC server [http://udacity:33099/]
[rospy.impl.masterslave][INFO] 2017-07-09 11:10:18,601: _ready: http://udacity:33099/
[rospy.init][INFO] 2017-07-09 11:10:18,601: ROS Slave URI: [http://udacity:33099/]
[rospy.registration][INFO] 2017-07-09 11:10:18,603: Registering with master node http://localhost:11311
[xmlrpc][INFO] 2017-07-09 11:10:18,603: xml rpc node: starting XML-RPC server
[rospy.init][INFO] 2017-07-09 11:10:18,701: registered with master
[rospy.rosout][INFO] 2017-07-09 11:10:18,702: initializing /rosout core topic
[rospy.rosout][INFO] 2017-07-09 11:10:18,705: connected to core topic /rosout
[rospy.simtime][INFO] 2017-07-09 11:10:18,707: /use_sim_time is not set, will not subscribe to simulated time [/clock] topic
[rospy.internal][INFO] 2017-07-09 11:10:18,924: topic[/rosout] adding connection to [/rosout], count 0
[rospy.internal][INFO] 2017-07-09 11:10:18,994: topic[/joint_states] adding connection to [/robot_state_publisher], count 0
[rospy.internal][INFO] 2017-07-09 11:10:19,033: topic[/move_group/fake_controller_joint_states] adding connection to [http://udacity:42923/], count 0
[rospy.internal][INFO] 2017-07-09 11:11:41,092: topic[/rosout] removing connection to /rosout
[rospy.core][INFO] 2017-07-09 11:11:42,505: signal_shutdown [signal-2]
[rospy.registration][WARNING] 2017-07-09 11:11:42,506: cannot unregister with master due to network issues
[rospy.internal][INFO] 2017-07-09 11:11:42,506: topic[/joint_states] removing connection to /robot_state_publisher
[rospy.internal][INFO] 2017-07-09 11:11:42,506: topic[/move_group/fake_controller_joint_states] removing connection to http://udacity:42923/
[rospy.internal][WARNING] 2017-07-09 11:11:42,507: Unknown error initiating TCP/IP socket to udacity:34461 (http://udacity:42923/): Traceback (most recent call last):
  File "/opt/ros/kinetic/lib/python2.7/dist-packages/rospy/impl/tcpros_base.py", line 558, in connect
    self.local_endpoint = self.socket.getsockname()
AttributeError: 'NoneType' object has no attribute 'getsockname'

[rospy.impl.masterslave][INFO] 2017-07-09 11:11:42,507: signal-2
[rospy.core][INFO] 2017-07-09 11:11:42,611: signal_shutdown [atexit]
