[rospy.client][INFO] 2017-05-22 12:22:23,036: init_node, name[/kuka_arm/spawner], pid[4971]
[xmlrpc][INFO] 2017-05-22 12:22:23,037: XML-RPC server binding to 0.0.0.0:0
[rospy.init][INFO] 2017-05-22 12:22:23,037: ROS Slave URI: [http://udacity:38043/]
[xmlrpc][INFO] 2017-05-22 12:22:23,037: Started XML-RPC server [http://udacity:38043/]
[rospy.impl.masterslave][INFO] 2017-05-22 12:22:23,038: _ready: http://udacity:38043/
[xmlrpc][INFO] 2017-05-22 12:22:23,038: xml rpc node: starting XML-RPC server
[rospy.registration][INFO] 2017-05-22 12:22:23,039: Registering with master node http://localhost:11311
[rospy.init][INFO] 2017-05-22 12:22:23,137: registered with master
[rospy.rosout][INFO] 2017-05-22 12:22:23,137: initializing /rosout core topic
[rospy.rosout][INFO] 2017-05-22 12:22:23,139: connected to core topic /rosout
[rospy.simtime][INFO] 2017-05-22 12:22:23,140: initializing /clock core topic
[rospy.simtime][INFO] 2017-05-22 12:22:23,142: connected to core topic /clock
[rosout][INFO] 2017-05-22 12:22:23,144: Controller Spawner: Waiting for service controller_manager/load_controller
[rospy.internal][INFO] 2017-05-22 12:22:23,368: topic[/clock] adding connection to [http://udacity:33881/], count 0
[rospy.internal][INFO] 2017-05-22 12:22:23,431: topic[/rosout] adding connection to [/rosout], count 0
[rosout][WARNING] 2017-05-22 12:22:53,188: Controller Spawner couldn't find the expected controller_manager ROS interface.
[rospy.core][INFO] 2017-05-22 12:22:53,190: signal_shutdown [atexit]
[rospy.internal][INFO] 2017-05-22 12:22:53,198: topic[/rosout] removing connection to /rosout
[rospy.internal][INFO] 2017-05-22 12:22:53,198: topic[/clock] removing connection to http://udacity:33881/
[rospy.impl.masterslave][INFO] 2017-05-22 12:22:53,199: atexit
