[rospy.client][INFO] 2017-07-09 21:52:36,935: init_node, name[/urdf_spawner], pid[17987]
[xmlrpc][INFO] 2017-07-09 21:52:36,936: XML-RPC server binding to 0.0.0.0:0
[rospy.init][INFO] 2017-07-09 21:52:36,936: ROS Slave URI: [http://udacity:45227/]
[xmlrpc][INFO] 2017-07-09 21:52:36,936: Started XML-RPC server [http://udacity:45227/]
[rospy.impl.masterslave][INFO] 2017-07-09 21:52:36,936: _ready: http://udacity:45227/
[xmlrpc][INFO] 2017-07-09 21:52:36,937: xml rpc node: starting XML-RPC server
[rospy.registration][INFO] 2017-07-09 21:52:36,937: Registering with master node http://localhost:11311
[rospy.init][INFO] 2017-07-09 21:52:37,036: registered with master
[rospy.rosout][INFO] 2017-07-09 21:52:37,037: initializing /rosout core topic
[rospy.rosout][INFO] 2017-07-09 21:52:37,040: connected to core topic /rosout
[rospy.simtime][INFO] 2017-07-09 21:52:37,042: initializing /clock core topic
[rospy.simtime][INFO] 2017-07-09 21:52:37,050: connected to core topic /clock
[rosout][INFO] 2017-07-09 21:52:37,066: Loading model XML from ros parameter
[rosout][INFO] 2017-07-09 21:52:37,072: Waiting for service /gazebo/spawn_urdf_model
[rospy.internal][INFO] 2017-07-09 21:52:37,190: topic[/rosout] adding connection to [/rosout], count 0
[rospy.internal][INFO] 2017-07-09 21:52:37,619: topic[/clock] adding connection to [http://udacity:38105/], count 0
[rosout][INFO] 2017-07-09 21:52:37,680: Calling service /gazebo/spawn_urdf_model
[rosout][INFO] 2017-07-09 21:52:38,080: Spawn status: SpawnModel: Successfully spawned entity
[rospy.core][INFO] 2017-07-09 21:52:38,080: signal_shutdown [atexit]
[rospy.internal][INFO] 2017-07-09 21:52:38,084: topic[/rosout] removing connection to /rosout
[rospy.internal][INFO] 2017-07-09 21:52:38,084: topic[/clock] removing connection to http://udacity:38105/
[rospy.impl.masterslave][INFO] 2017-07-09 21:52:38,084: atexit
