

0.000000000  Node Startup
0.000000000 INFO [spawner:121(main) [topics: /clock, /rosout] Controller Spawner: Waiting for service controller_manager/load_controller
0.000000000 INFO [gazebo_interface.py:27(spawn_urdf_model_client) [topics: /clock, /rosout] Waiting for service /gazebo/spawn_urdf_model
0.000000000 INFO [/tmp/binarydeb/ros-kinetic-roscpp-1.12.7/src/libros/service.cpp:80(service::exists) [topics: /rosout] waitForService: Service [/gazebo/set_physics_properties] has not been advertised, waiting...
0.000000000 INFO [/tmp/binarydeb/ros-kinetic-rviz-1.12.10/src/rviz/ogre_helpers/render_system.cpp:430(RenderWindow* rviz::RenderSystem::makeRenderWindow) [topics: /rosout] Stereo is NOT SUPPORTED
0.000000000 INFO [/tmp/binarydeb/ros-kinetic-rviz-1.12.10/src/rviz/ogre_helpers/render_system.cpp:211(RenderSystem::detectGlVersion) [topics: /rosout] OpenGl version: 2.1 (GLSL 1.2).
0.000000000 INFO [gazebo_interface.py:31(spawn_urdf_model_client) [topics: /clock, /rosout] Calling service /gazebo/spawn_urdf_model
1128.272000000 INFO [gazebo_interface.py:33(spawn_urdf_model_client) [topics: /clock, /rosout] Spawn status: SpawnModel: Entity pushed to spawn queue, but spawn service timed out waiting for entity to appear in simulation under the name sensor_stick
1128.272000000 INFO [/tmp/binarydeb/ros-kinetic-gazebo-plugins-2.5.13/include/gazebo_plugins/gazebo_ros_utils.h:99(__cxx11::string gazebo::GetRobotNamespace) [topics: /rosout, /clock, /gazebo/link_states, /gazebo/model_states] Camera Plugin: Using the 'robotNamespace' param: '/'
1128.272000000 INFO [/tmp/binarydeb/ros-kinetic-gazebo-plugins-2.5.13/src/gazebo_ros_camera_utils.cpp:292(GazeboRosCameraUtils::LoadThread) [topics: /rosout, /clock, /gazebo/link_states, /gazebo/model_states] Camera Plugin (ns = /)  <tf_prefix_>, set to ""
1128.272000000 INFO [/tmp/binarydeb/ros-kinetic-gazebo-ros-control-2.5.13/src/gazebo_ros_control_plugin.cpp:60(GazeboRosControlPlugin::Load) [topics: /rosout, /clock, /gazebo/link_states, /gazebo/model_states, /camera/parameter_descriptions, /camera/parameter_updates] Loading gazebo_ros_control plugin
1128.272000000 INFO [/tmp/binarydeb/ros-kinetic-gazebo-ros-control-2.5.13/src/gazebo_ros_control_plugin.cpp:152(GazeboRosControlPlugin::Load) [topics: /rosout, /clock, /gazebo/link_states, /gazebo/model_states, /camera/parameter_descriptions, /camera/parameter_updates] Starting gazebo_ros_control plugin in namespace: /sensor_stick
1128.272000000 INFO [/tmp/binarydeb/ros-kinetic-gazebo-ros-control-2.5.13/src/gazebo_ros_control_plugin.cpp:267(__cxx11::string gazebo_ros_control::GazeboRosControlPlugin::getURDF) [topics: /rosout, /clock, /gazebo/link_states, /gazebo/model_states, /camera/parameter_descriptions, /camera/parameter_updates] gazebo_ros_control plugin is waiting for model URDF in parameter [/robot_description] on the ROS param server.
1128.272000000 INFO [/tmp/binarydeb/ros-kinetic-gazebo-ros-control-2.5.13/src/gazebo_ros_control_plugin.cpp:198(GazeboRosControlPlugin::Load) [topics: /rosout, /clock, /gazebo/link_states, /gazebo/model_states, /camera/parameter_descriptions, /camera/parameter_updates, /camera/rgb/image_raw/compressedDepth, /camera/rgb/image_raw/compressedDepth/parameter_descriptions, /camera/rgb/image_raw/compressedDepth/parameter_updates] Loaded gazebo_ros_control.
1128.293000000 INFO [/tmp/binarydeb/ros-kinetic-roscpp-1.12.7/src/libros/service.cpp:122(service::waitForService) [topics: /rosout, /clock, /gazebo/link_states, /gazebo/model_states, /camera/parameter_descriptions, /camera/parameter_updates, /camera/rgb/image_raw/compressedDepth, /camera/rgb/image_raw/compressedDepth/parameter_descriptions, /camera/rgb/image_raw/compressedDepth/parameter_updates, /camera/rgb/image_raw/compressed, /camera/rgb/image_raw/compressed/parameter_descriptions, /camera/rgb/image_raw/compressed/parameter_updates] waitForService: Service [/gazebo/set_physics_properties] is now available.
1128.324000000 INFO [/tmp/binarydeb/ros-kinetic-gazebo-ros-2.5.13/src/gazebo_ros_api_plugin.cpp:2110(GazeboRosApiPlugin::physicsReconfigureThread) [topics: /rosout, /clock, /gazebo/link_states, /gazebo/model_states, /camera/parameter_descriptions, /camera/parameter_updates, /camera/rgb/image_raw/compressedDepth, /camera/rgb/image_raw/compressedDepth/parameter_descriptions, /camera/rgb/image_raw/compressedDepth/parameter_updates, /camera/rgb/image_raw/compressed, /camera/rgb/image_raw/compressed/parameter_descriptions, /camera/rgb/image_raw/compressed/parameter_updates, /gazebo/parameter_descriptions, /gazebo/parameter_updates] Physics dynamic reconfigure ready.
1128.413000000 INFO [spawner:126(main) [topics: /clock, /rosout] Controller Spawner: Waiting for service controller_manager/switch_controller
1128.414000000 INFO [spawner:134(main) [topics: /clock, /rosout] Controller Spawner: Waiting for service controller_manager/unload_controller
1128.414000000 INFO [spawner:189(main) [topics: /clock, /rosout] Loading controller: joint_state_controller
1128.498000000 INFO [spawner:189(main) [topics: /clock, /rosout] Loading controller: pan_position_controller
1128.638000000 INFO [spawner:189(main) [topics: /clock, /rosout] Loading controller: tilt_position_controller
1128.651000000 INFO [spawner:197(main) [topics: /clock, /rosout] Controller Spawner: Loaded controllers: joint_state_controller, pan_position_controller, tilt_position_controller
1128.651000000 INFO [spawner:206(main) [topics: /clock, /rosout] Started controllers: joint_state_controller, pan_position_controller, tilt_position_controller
1196.677000000 INFO [spawner:58(shutdown) [topics: /clock, /rosout] Shutting down spawner. Stopping and unloading controllers...
1196.786000000 INFO [spawner:71(shutdown) [topics: /clock, /rosout] Stopping all controllers...
1196.786000000 WARN [spawner:79(shutdown) [topics: /clock, /rosout] Controller Spawner couldn't reach controller_manager to take down controllers. Waited for 30 second(s).
