[rospy.client][INFO] 2017-07-05 11:46:33,201: init_node, name[/urdf_spawner], pid[5968]
[xmlrpc][INFO] 2017-07-05 11:46:33,202: XML-RPC server binding to 0.0.0.0:0
[xmlrpc][INFO] 2017-07-05 11:46:33,202: Started XML-RPC server [http://udacity:39143/]
[rospy.init][INFO] 2017-07-05 11:46:33,202: ROS Slave URI: [http://udacity:39143/]
[rospy.impl.masterslave][INFO] 2017-07-05 11:46:33,203: _ready: http://udacity:39143/
[rospy.registration][INFO] 2017-07-05 11:46:33,204: Registering with master node http://localhost:11311
[xmlrpc][INFO] 2017-07-05 11:46:33,204: xml rpc node: starting XML-RPC server
[rospy.init][INFO] 2017-07-05 11:46:33,303: registered with master
[rospy.rosout][INFO] 2017-07-05 11:46:33,303: initializing /rosout core topic
[rospy.rosout][INFO] 2017-07-05 11:46:33,306: connected to core topic /rosout
[rospy.simtime][INFO] 2017-07-05 11:46:33,307: initializing /clock core topic
[rospy.simtime][INFO] 2017-07-05 11:46:33,311: connected to core topic /clock
[rosout][INFO] 2017-07-05 11:46:33,314: Loading model XML from ros parameter
[rosout][INFO] 2017-07-05 11:46:33,317: Waiting for service /gazebo/spawn_urdf_model
[rospy.internal][INFO] 2017-07-05 11:46:33,530: topic[/rosout] adding connection to [/rosout], count 0
[rosout][INFO] 2017-07-05 11:46:34,527: Calling service /gazebo/spawn_urdf_model
[rospy.internal][INFO] 2017-07-05 11:46:34,588: topic[/clock] adding connection to [http://udacity:46393/], count 0
[rosout][INFO] 2017-07-05 11:46:34,820: Spawn status: SpawnModel: Entity pushed to spawn queue, but spawn service timed out waiting for entity to appear in simulation under the name sensor_stick
[rospy.core][INFO] 2017-07-05 11:46:34,821: signal_shutdown [atexit]
[rospy.internal][INFO] 2017-07-05 11:46:34,824: topic[/rosout] removing connection to /rosout
[rospy.internal][INFO] 2017-07-05 11:46:34,824: topic[/clock] removing connection to http://udacity:46393/
[rospy.impl.masterslave][INFO] 2017-07-05 11:46:34,824: atexit
