[rosmaster.main][INFO] 2017-05-22 12:21:27,608: initialization complete, waiting for shutdown
[rosmaster.main][INFO] 2017-05-22 12:21:27,608: Starting ROS Master Node
[xmlrpc][INFO] 2017-05-22 12:21:27,608: XML-RPC server binding to 0.0.0.0:11311
[xmlrpc][INFO] 2017-05-22 12:21:27,609: Started XML-RPC server [http://udacity:11311/]
[rosmaster.master][INFO] 2017-05-22 12:21:27,609: Master initialized: port[11311], uri[http://udacity:11311/]
[xmlrpc][INFO] 2017-05-22 12:21:27,609: xml rpc node: starting XML-RPC server
[rosmaster.master][INFO] 2017-05-22 12:21:27,688: +PARAM [/run_id] by /roslaunch
[rosmaster.master][INFO] 2017-05-22 12:21:27,697: +PARAM [/roslaunch/uris/host_udacity__45881] by /roslaunch
[rosmaster.master][INFO] 2017-05-22 12:21:27,747: +PARAM [/kuka_arm/arm_controller/gains/joint_2/d] by /roslaunch
[rosmaster.master][INFO] 2017-05-22 12:21:27,747: +PARAM [/use_sim_time] by /roslaunch
[rosmaster.master][INFO] 2017-05-22 12:21:27,747: +PARAM [/kuka_arm/arm_controller/gains/joint_1/i] by /roslaunch
[rosmaster.master][INFO] 2017-05-22 12:21:27,747: +PARAM [/kuka_arm/arm_controller/gains/joint_2/i] by /roslaunch
[rosmaster.master][INFO] 2017-05-22 12:21:27,748: +PARAM [/kuka_arm/joint_state_controller/publish_rate] by /roslaunch
[rosmaster.master][INFO] 2017-05-22 12:21:27,748: +PARAM [/kuka_arm/arm_controller/gains/joint_1/d] by /roslaunch
[rosmaster.master][INFO] 2017-05-22 12:21:27,748: +PARAM [/kuka_arm/arm_controller/type] by /roslaunch
[rosmaster.master][INFO] 2017-05-22 12:21:27,748: +PARAM [/kuka_arm/arm_controller/gains/joint_2/p] by /roslaunch
[rosmaster.master][INFO] 2017-05-22 12:21:27,748: +PARAM [/kuka_arm/arm_controller/gains/joint_3/d] by /roslaunch
[rosmaster.master][INFO] 2017-05-22 12:21:27,748: +PARAM [/kuka_arm/arm_controller/gains/joint_6/d] by /roslaunch
[rosmaster.master][INFO] 2017-05-22 12:21:27,748: +PARAM [/kuka_arm/arm_controller/gains/joint_1/p] by /roslaunch
[rosmaster.master][INFO] 2017-05-22 12:21:27,748: +PARAM [/kuka_arm/arm_controller/gains/joint_6/p] by /roslaunch
[rosmaster.master][INFO] 2017-05-22 12:21:27,748: +PARAM [/kuka_arm/gripper_controller/gains/right_gripper_finger_joint/d] by /roslaunch
[rosmaster.master][INFO] 2017-05-22 12:21:27,748: +PARAM [/kuka_arm/arm_controller/stop_trajectory_duration] by /roslaunch
[rosmaster.master][INFO] 2017-05-22 12:21:27,748: +PARAM [/kuka_arm/arm_controller/gains/joint_5/p] by /roslaunch
[rosmaster.master][INFO] 2017-05-22 12:21:27,748: +PARAM [/kuka_arm/gripper_controller/constraints/right_gripper_finger_joint/goal] by /roslaunch
[rosmaster.master][INFO] 2017-05-22 12:21:27,749: +PARAM [/kuka_arm/gripper_controller/gains/right_gripper_finger_joint/i_clamp] by /roslaunch
[rosmaster.master][INFO] 2017-05-22 12:21:27,749: +PARAM [/kuka_arm/gripper_controller/gains/right_gripper_finger_joint/i] by /roslaunch
[rosmaster.master][INFO] 2017-05-22 12:21:27,749: +PARAM [/kuka_arm/arm_controller/gains/joint_4/p] by /roslaunch
[rosmaster.master][INFO] 2017-05-22 12:21:27,749: +PARAM [/kuka_arm/gripper_controller/type] by /roslaunch
[rosmaster.master][INFO] 2017-05-22 12:21:27,749: +PARAM [/kuka_arm/gripper_controller/constraints/goal_time] by /roslaunch
[rosmaster.master][INFO] 2017-05-22 12:21:27,749: +PARAM [/kuka_arm/arm_controller/gains/joint_5/d] by /roslaunch
[rosmaster.master][INFO] 2017-05-22 12:21:27,749: +PARAM [/kuka_arm/gripper_controller/gains/right_gripper_finger_joint/p] by /roslaunch
[rosmaster.master][INFO] 2017-05-22 12:21:27,749: +PARAM [/kuka_arm/arm_controller/gains/joint_4/i] by /roslaunch
[rosmaster.master][INFO] 2017-05-22 12:21:27,749: +PARAM [/kuka_arm/arm_controller/gains/joint_4/d] by /roslaunch
[rosmaster.master][INFO] 2017-05-22 12:21:27,749: +PARAM [/kuka_arm/arm_controller/gains/joint_5/i] by /roslaunch
[rosmaster.master][INFO] 2017-05-22 12:21:27,749: +PARAM [/kuka_arm/joint_state_controller/type] by /roslaunch
[rosmaster.master][INFO] 2017-05-22 12:21:27,749: +PARAM [/rosdistro] by /roslaunch
[rosmaster.master][INFO] 2017-05-22 12:21:27,750: +PARAM [/robot_description] by /roslaunch
[rosmaster.master][INFO] 2017-05-22 12:21:27,750: +PARAM [/kuka_arm/arm_controller/gains/joint_6/i] by /roslaunch
[rosmaster.master][INFO] 2017-05-22 12:21:27,750: +PARAM [/kuka_arm/gripper_controller/gains/left_gripper_finger_joint/i_clamp] by /roslaunch
[rosmaster.master][INFO] 2017-05-22 12:21:27,750: +PARAM [/kuka_arm/arm_controller/gains/joint_3/p] by /roslaunch
[rosmaster.master][INFO] 2017-05-22 12:21:27,750: +PARAM [/rosversion] by /roslaunch
[rosmaster.master][INFO] 2017-05-22 12:21:27,751: +PARAM [/kuka_arm/gripper_controller/gains/left_gripper_finger_joint/i] by /roslaunch
[rosmaster.master][INFO] 2017-05-22 12:21:27,751: +PARAM [/kuka_arm/gripper_controller/joints] by /roslaunch
[rosmaster.master][INFO] 2017-05-22 12:21:27,751: +PARAM [/kuka_arm/gripper_controller/constraints/left_gripper_finger_joint/goal] by /roslaunch
[rosmaster.master][INFO] 2017-05-22 12:21:27,751: +PARAM [/kuka_arm/arm_controller/constraints/goal_time] by /roslaunch
[rosmaster.master][INFO] 2017-05-22 12:21:27,751: +PARAM [/kuka_arm/gripper_controller/gains/left_gripper_finger_joint/d] by /roslaunch
[rosmaster.master][INFO] 2017-05-22 12:21:27,752: +SERVICE [/rosout/get_loggers] /rosout http://udacity:36797/
[rosmaster.master][INFO] 2017-05-22 12:21:27,752: +PARAM [/kuka_arm/arm_controller/state_publish_rate] by /roslaunch
[rosmaster.master][INFO] 2017-05-22 12:21:27,753: +PARAM [/kuka_arm/arm_controller/action_monitor_rate] by /roslaunch
[rosmaster.master][INFO] 2017-05-22 12:21:27,753: +PARAM [/kuka_arm/gripper_controller/gains/left_gripper_finger_joint/p] by /roslaunch
[rosmaster.master][INFO] 2017-05-22 12:21:27,754: +PARAM [/kuka_arm/arm_controller/gains/joint_3/i] by /roslaunch
[rosmaster.master][INFO] 2017-05-22 12:21:27,754: +PARAM [/kuka_arm/arm_controller/joints] by /roslaunch
[rosmaster.master][INFO] 2017-05-22 12:21:27,755: +SERVICE [/rosout/set_logger_level] /rosout http://udacity:36797/
[rosmaster.master][INFO] 2017-05-22 12:21:27,761: +SUB [/clock] /rosout http://udacity:36797/
[rosmaster.master][INFO] 2017-05-22 12:21:27,762: +PUB [/rosout_agg] /rosout http://udacity:36797/
[rosmaster.master][INFO] 2017-05-22 12:21:27,766: +SUB [/rosout] /rosout http://udacity:36797/
[rosmaster.master][INFO] 2017-05-22 12:21:27,787: +PUB [/rosout] /robot_state_publisher http://udacity:45303/
[rosmaster.master][INFO] 2017-05-22 12:21:27,792: +PUB [/rosout] /joint_state_relay http://udacity:40041/
[rosmaster.master][INFO] 2017-05-22 12:21:27,793: +SERVICE [/robot_state_publisher/get_loggers] /robot_state_publisher http://udacity:45303/
[rosmaster.master][INFO] 2017-05-22 12:21:27,793: +SERVICE [/joint_state_relay/get_loggers] /joint_state_relay http://udacity:40041/
[rosmaster.master][INFO] 2017-05-22 12:21:27,794: +SERVICE [/joint_state_relay/set_logger_level] /joint_state_relay http://udacity:40041/
[rosmaster.master][INFO] 2017-05-22 12:21:27,796: +SERVICE [/robot_state_publisher/set_logger_level] /robot_state_publisher http://udacity:45303/
[rosmaster.master][INFO] 2017-05-22 12:21:27,815: publisherUpdate[/rosout] -> http://udacity:36797/ ['http://udacity:45303/']
[rosmaster.master][INFO] 2017-05-22 12:21:27,817: publisherUpdate[/rosout] -> http://udacity:36797/ ['http://udacity:45303/']: sec=0.00, result=[1, '', 0]
[rosmaster.master][INFO] 2017-05-22 12:21:27,819: publisherUpdate[/rosout] -> http://udacity:36797/ ['http://udacity:45303/', 'http://udacity:40041/']
[rosmaster.master][INFO] 2017-05-22 12:21:27,822: publisherUpdate[/rosout] -> http://udacity:36797/ ['http://udacity:45303/', 'http://udacity:40041/']: sec=0.00, result=[1, '', 0]
[rosmaster.master][INFO] 2017-05-22 12:21:27,831: +SUB [/clock] /robot_state_publisher http://udacity:45303/
[rosmaster.master][INFO] 2017-05-22 12:21:27,840: +PUB [/tf] /robot_state_publisher http://udacity:45303/
[rosmaster.master][INFO] 2017-05-22 12:21:27,843: +PUB [/tf_static] /robot_state_publisher http://udacity:45303/
[rosmaster.master][INFO] 2017-05-22 12:21:27,850: +SUB [/clock] /joint_state_relay http://udacity:40041/
[rosmaster.master][INFO] 2017-05-22 12:21:27,865: +SUB [/kuka_arm/joint_states] /joint_state_relay http://udacity:40041/
[rosmaster.master][INFO] 2017-05-22 12:21:27,866: +SUB [/kuka_arm/joint_states] /robot_state_publisher http://udacity:45303/
[rosmaster.master][INFO] 2017-05-22 12:21:28,256: +PUB [/rosout] /gazebo http://udacity:39105/
[rosmaster.master][INFO] 2017-05-22 12:21:28,257: +SERVICE [/gazebo/get_loggers] /gazebo http://udacity:39105/
[rosmaster.master][INFO] 2017-05-22 12:21:28,258: +SERVICE [/gazebo/set_logger_level] /gazebo http://udacity:39105/
[rosmaster.master][INFO] 2017-05-22 12:21:28,263: +SUB [/clock] /gazebo http://udacity:39105/
[rosmaster.master][INFO] 2017-05-22 12:21:28,317: publisherUpdate[/rosout] -> http://udacity:36797/ ['http://udacity:45303/', 'http://udacity:40041/', 'http://udacity:39105/']
[rosmaster.master][INFO] 2017-05-22 12:21:28,318: publisherUpdate[/rosout] -> http://udacity:36797/ ['http://udacity:45303/', 'http://udacity:40041/', 'http://udacity:39105/']: sec=0.00, result=[1, '', 0]
[rosmaster.master][INFO] 2017-05-22 12:21:28,318: +PUB [/rosout] /urdf_spawner http://udacity:38207/
[rosmaster.master][INFO] 2017-05-22 12:21:28,321: +SUB [/clock] /urdf_spawner http://udacity:38207/
[rosmaster.master][INFO] 2017-05-22 12:21:28,322: +SERVICE [/urdf_spawner/get_loggers] /urdf_spawner http://udacity:38207/
[rosmaster.master][INFO] 2017-05-22 12:21:28,323: +SERVICE [/urdf_spawner/set_logger_level] /urdf_spawner http://udacity:38207/
[rosmaster.master][INFO] 2017-05-22 12:21:28,323: publisherUpdate[/rosout] -> http://udacity:36797/ ['http://udacity:45303/', 'http://udacity:40041/', 'http://udacity:39105/', 'http://udacity:38207/']
[rosmaster.master][INFO] 2017-05-22 12:21:28,324: publisherUpdate[/rosout] -> http://udacity:36797/ ['http://udacity:45303/', 'http://udacity:40041/', 'http://udacity:39105/', 'http://udacity:38207/']: sec=0.00, result=[1, '', 0]
[rosmaster.master][INFO] 2017-05-22 12:21:28,438: +PUB [/rosout] /kuka_arm/spawner http://udacity:40373/
[rosmaster.master][INFO] 2017-05-22 12:21:28,441: +SUB [/clock] /kuka_arm/spawner http://udacity:40373/
[rosmaster.master][INFO] 2017-05-22 12:21:28,443: +SERVICE [/kuka_arm/spawner/get_loggers] /kuka_arm/spawner http://udacity:40373/
[rosmaster.master][INFO] 2017-05-22 12:21:28,443: +SERVICE [/kuka_arm/spawner/set_logger_level] /kuka_arm/spawner http://udacity:40373/
[rosmaster.master][INFO] 2017-05-22 12:21:28,518: publisherUpdate[/rosout] -> http://udacity:36797/ ['http://udacity:45303/', 'http://udacity:40041/', 'http://udacity:39105/', 'http://udacity:38207/', 'http://udacity:40373/']
[rosmaster.master][INFO] 2017-05-22 12:21:28,518: publisherUpdate[/rosout] -> http://udacity:36797/ ['http://udacity:45303/', 'http://udacity:40041/', 'http://udacity:39105/', 'http://udacity:38207/', 'http://udacity:40373/']: sec=0.00, result=[1, '', 0]
[rosmaster.master][INFO] 2017-05-22 12:21:28,705: +PUB [/clock] /gazebo http://udacity:39105/
[rosmaster.master][INFO] 2017-05-22 12:21:28,706: +SERVICE [/gazebo/spawn_sdf_model] /gazebo http://udacity:39105/
[rosmaster.master][INFO] 2017-05-22 12:21:28,706: +SERVICE [/gazebo/spawn_urdf_model] /gazebo http://udacity:39105/
[rosmaster.master][INFO] 2017-05-22 12:21:28,707: +SERVICE [/gazebo/delete_model] /gazebo http://udacity:39105/
[rosmaster.master][INFO] 2017-05-22 12:21:28,708: +SERVICE [/gazebo/delete_light] /gazebo http://udacity:39105/
[rosmaster.master][INFO] 2017-05-22 12:21:28,709: +SERVICE [/gazebo/get_model_properties] /gazebo http://udacity:39105/
[rosmaster.master][INFO] 2017-05-22 12:21:28,709: +SERVICE [/gazebo/get_model_state] /gazebo http://udacity:39105/
[rosmaster.master][INFO] 2017-05-22 12:21:28,711: +SERVICE [/gazebo/get_world_properties] /gazebo http://udacity:39105/
[rosmaster.master][INFO] 2017-05-22 12:21:28,711: +SERVICE [/gazebo/get_joint_properties] /gazebo http://udacity:39105/
[rosmaster.master][INFO] 2017-05-22 12:21:28,712: +SERVICE [/gazebo/get_link_properties] /gazebo http://udacity:39105/
[rosmaster.master][INFO] 2017-05-22 12:21:28,713: +SERVICE [/gazebo/get_link_state] /gazebo http://udacity:39105/
[rosmaster.master][INFO] 2017-05-22 12:21:28,714: +SERVICE [/gazebo/get_light_properties] /gazebo http://udacity:39105/
[rosmaster.master][INFO] 2017-05-22 12:21:28,714: +SERVICE [/gazebo/set_light_properties] /gazebo http://udacity:39105/
[rosmaster.master][INFO] 2017-05-22 12:21:28,715: +SERVICE [/gazebo/get_physics_properties] /gazebo http://udacity:39105/
[rosmaster.master][INFO] 2017-05-22 12:21:28,716: +PUB [/gazebo/link_states] /gazebo http://udacity:39105/
[rosmaster.master][INFO] 2017-05-22 12:21:28,717: +PUB [/gazebo/model_states] /gazebo http://udacity:39105/
[rosmaster.master][INFO] 2017-05-22 12:21:28,718: +SERVICE [/gazebo/set_link_properties] /gazebo http://udacity:39105/
[rosmaster.master][INFO] 2017-05-22 12:21:28,719: publisherUpdate[/clock] -> http://udacity:36797/ ['http://udacity:39105/']
[rosmaster.master][INFO] 2017-05-22 12:21:28,720: publisherUpdate[/clock] -> http://udacity:45303/ ['http://udacity:39105/']
[rosmaster.master][INFO] 2017-05-22 12:21:28,721: publisherUpdate[/clock] -> http://udacity:36797/ ['http://udacity:39105/']: sec=0.00, result=[1, '', 0]
[rosmaster.master][INFO] 2017-05-22 12:21:28,721: publisherUpdate[/clock] -> http://udacity:40041/ ['http://udacity:39105/']
[rosmaster.master][INFO] 2017-05-22 12:21:28,721: publisherUpdate[/clock] -> http://udacity:45303/ ['http://udacity:39105/']: sec=0.00, result=[1, '', 0]
[rosmaster.master][INFO] 2017-05-22 12:21:28,721: publisherUpdate[/clock] -> http://udacity:39105/ ['http://udacity:39105/']
[rosmaster.master][INFO] 2017-05-22 12:21:28,722: +SERVICE [/gazebo/set_physics_properties] /gazebo http://udacity:39105/
[rosmaster.master][INFO] 2017-05-22 12:21:28,722: publisherUpdate[/clock] -> http://udacity:39105/ ['http://udacity:39105/']: sec=0.00, result=[1, '', 0]
[rosmaster.master][INFO] 2017-05-22 12:21:28,723: publisherUpdate[/clock] -> http://udacity:38207/ ['http://udacity:39105/']
[rosmaster.master][INFO] 2017-05-22 12:21:28,724: publisherUpdate[/clock] -> http://udacity:40041/ ['http://udacity:39105/']: sec=0.00, result=[1, '', 0]
[rosmaster.master][INFO] 2017-05-22 12:21:28,724: publisherUpdate[/clock] -> http://udacity:40373/ ['http://udacity:39105/']
[rosmaster.master][INFO] 2017-05-22 12:21:28,725: publisherUpdate[/clock] -> http://udacity:38207/ ['http://udacity:39105/']: sec=0.00, result=[1, '', 0]
[rosmaster.master][INFO] 2017-05-22 12:21:28,725: publisherUpdate[/clock] -> http://udacity:40373/ ['http://udacity:39105/']: sec=0.00, result=[1, '', 0]
[rosmaster.master][INFO] 2017-05-22 12:21:28,726: +SERVICE [/gazebo/set_model_state] /gazebo http://udacity:39105/
[rosmaster.master][INFO] 2017-05-22 12:21:28,727: +SERVICE [/gazebo/set_model_configuration] /gazebo http://udacity:39105/
[rosmaster.master][INFO] 2017-05-22 12:21:28,728: +SERVICE [/gazebo/set_joint_properties] /gazebo http://udacity:39105/
[rosmaster.master][INFO] 2017-05-22 12:21:28,729: +SERVICE [/gazebo/set_link_state] /gazebo http://udacity:39105/
[rosmaster.master][INFO] 2017-05-22 12:21:28,734: +SUB [/gazebo/set_link_state] /gazebo http://udacity:39105/
[rosmaster.master][INFO] 2017-05-22 12:21:28,741: +SUB [/gazebo/set_model_state] /gazebo http://udacity:39105/
[rosmaster.master][INFO] 2017-05-22 12:21:28,742: +SERVICE [/gazebo/pause_physics] /gazebo http://udacity:39105/
[rosmaster.master][INFO] 2017-05-22 12:21:28,744: +SERVICE [/gazebo/unpause_physics] /gazebo http://udacity:39105/
[rosmaster.master][INFO] 2017-05-22 12:21:28,744: +SERVICE [/gazebo/apply_body_wrench] /gazebo http://udacity:39105/
[rosmaster.master][INFO] 2017-05-22 12:21:28,745: +SERVICE [/gazebo/apply_joint_effort] /gazebo http://udacity:39105/
[rosmaster.master][INFO] 2017-05-22 12:21:28,746: +SERVICE [/gazebo/clear_joint_forces] /gazebo http://udacity:39105/
[rosmaster.master][INFO] 2017-05-22 12:21:28,748: +SERVICE [/gazebo/clear_body_wrenches] /gazebo http://udacity:39105/
[rosmaster.master][INFO] 2017-05-22 12:21:28,748: +SERVICE [/gazebo/reset_simulation] /gazebo http://udacity:39105/
[rosmaster.master][INFO] 2017-05-22 12:21:28,749: +SERVICE [/gazebo/reset_world] /gazebo http://udacity:39105/
[rosmaster.master][INFO] 2017-05-22 12:21:28,750: +PARAM [/use_sim_time] by /gazebo
[rosmaster.master][INFO] 2017-05-22 12:21:28,790: +SERVICE [/gazebo/set_parameters] /gazebo http://udacity:39105/
[rosmaster.master][INFO] 2017-05-22 12:21:28,792: +PUB [/gazebo/parameter_descriptions] /gazebo http://udacity:39105/
[rosmaster.master][INFO] 2017-05-22 12:21:28,794: +PUB [/gazebo/parameter_updates] /gazebo http://udacity:39105/
[rosmaster.master][INFO] 2017-05-22 12:21:28,810: +PARAM [/gazebo/time_step] by /gazebo
[rosmaster.master][INFO] 2017-05-22 12:21:28,810: +PARAM [/gazebo/max_update_rate] by /gazebo
[rosmaster.master][INFO] 2017-05-22 12:21:28,811: +PARAM [/gazebo/gravity_x] by /gazebo
[rosmaster.master][INFO] 2017-05-22 12:21:28,812: +PARAM [/gazebo/gravity_y] by /gazebo
[rosmaster.master][INFO] 2017-05-22 12:21:28,815: +PARAM [/gazebo/gravity_z] by /gazebo
[rosmaster.master][INFO] 2017-05-22 12:21:28,816: +PARAM [/gazebo/auto_disable_bodies] by /gazebo
[rosmaster.master][INFO] 2017-05-22 12:21:28,817: +PARAM [/gazebo/sor_pgs_precon_iters] by /gazebo
[rosmaster.master][INFO] 2017-05-22 12:21:28,819: +PARAM [/gazebo/sor_pgs_iters] by /gazebo
[rosmaster.master][INFO] 2017-05-22 12:21:28,820: +PARAM [/gazebo/sor_pgs_w] by /gazebo
[rosmaster.master][INFO] 2017-05-22 12:21:28,822: +PARAM [/gazebo/sor_pgs_rms_error_tol] by /gazebo
[rosmaster.master][INFO] 2017-05-22 12:21:28,823: +PARAM [/gazebo/cfm] by /gazebo
[rosmaster.master][INFO] 2017-05-22 12:21:28,824: +PARAM [/gazebo/erp] by /gazebo
[rosmaster.master][INFO] 2017-05-22 12:21:28,824: +PARAM [/gazebo/contact_surface_layer] by /gazebo
[rosmaster.master][INFO] 2017-05-22 12:21:28,825: +PARAM [/gazebo/contact_max_correcting_vel] by /gazebo
[rosmaster.master][INFO] 2017-05-22 12:21:28,826: +PARAM [/gazebo/max_contacts] by /gazebo
[rosmaster.master][INFO] 2017-05-22 12:21:28,832: +PARAM [/gazebo/time_step] by /gazebo
[rosmaster.master][INFO] 2017-05-22 12:21:28,832: +PARAM [/gazebo/max_update_rate] by /gazebo
[rosmaster.master][INFO] 2017-05-22 12:21:28,833: +PARAM [/gazebo/gravity_x] by /gazebo
[rosmaster.master][INFO] 2017-05-22 12:21:28,834: +PARAM [/gazebo/gravity_y] by /gazebo
[rosmaster.master][INFO] 2017-05-22 12:21:28,834: +PARAM [/gazebo/gravity_z] by /gazebo
[rosmaster.master][INFO] 2017-05-22 12:21:28,835: +PARAM [/gazebo/auto_disable_bodies] by /gazebo
[rosmaster.master][INFO] 2017-05-22 12:21:28,836: +PARAM [/gazebo/sor_pgs_precon_iters] by /gazebo
[rosmaster.master][INFO] 2017-05-22 12:21:28,837: +PARAM [/gazebo/sor_pgs_iters] by /gazebo
[rosmaster.master][INFO] 2017-05-22 12:21:28,837: +PARAM [/gazebo/sor_pgs_w] by /gazebo
[rosmaster.master][INFO] 2017-05-22 12:21:28,838: +PARAM [/gazebo/sor_pgs_rms_error_tol] by /gazebo
[rosmaster.master][INFO] 2017-05-22 12:21:28,838: +PARAM [/gazebo/cfm] by /gazebo
[rosmaster.master][INFO] 2017-05-22 12:21:28,839: +PARAM [/gazebo/erp] by /gazebo
[rosmaster.master][INFO] 2017-05-22 12:21:28,840: +PARAM [/gazebo/contact_surface_layer] by /gazebo
[rosmaster.master][INFO] 2017-05-22 12:21:28,840: +PARAM [/gazebo/contact_max_correcting_vel] by /gazebo
[rosmaster.master][INFO] 2017-05-22 12:21:28,841: +PARAM [/gazebo/max_contacts] by /gazebo
[rosmaster.master][INFO] 2017-05-22 12:21:29,205: -SUB [/clock] /urdf_spawner http://udacity:38207/
[rosmaster.master][INFO] 2017-05-22 12:21:29,205: -PUB [/rosout] /urdf_spawner http://udacity:38207/
[rosmaster.master][INFO] 2017-05-22 12:21:29,206: -SERVICE [/urdf_spawner/set_logger_level] /urdf_spawner rosrpc://udacity:36927
[rosmaster.master][INFO] 2017-05-22 12:21:29,206: -SERVICE [/urdf_spawner/get_loggers] /urdf_spawner rosrpc://udacity:36927
[rosmaster.master][INFO] 2017-05-22 12:21:29,226: publisherUpdate[/rosout] -> http://udacity:36797/ ['http://udacity:45303/', 'http://udacity:40041/', 'http://udacity:39105/', 'http://udacity:40373/']
[rosmaster.master][INFO] 2017-05-22 12:21:29,227: publisherUpdate[/rosout] -> http://udacity:36797/ ['http://udacity:45303/', 'http://udacity:40041/', 'http://udacity:39105/', 'http://udacity:40373/']: sec=0.00, result=[1, '', 0]
[rosmaster.master][INFO] 2017-05-22 12:21:29,441: +SERVICE [/kuka_arm/controller_manager/list_controllers] /gazebo http://udacity:39105/
[rosmaster.master][INFO] 2017-05-22 12:21:29,443: +SERVICE [/kuka_arm/controller_manager/list_controller_types] /gazebo http://udacity:39105/
[rosmaster.master][INFO] 2017-05-22 12:21:29,443: +SERVICE [/kuka_arm/controller_manager/load_controller] /gazebo http://udacity:39105/
[rosmaster.master][INFO] 2017-05-22 12:21:29,444: +SERVICE [/kuka_arm/controller_manager/unload_controller] /gazebo http://udacity:39105/
[rosmaster.master][INFO] 2017-05-22 12:21:29,445: +SERVICE [/kuka_arm/controller_manager/switch_controller] /gazebo http://udacity:39105/
[rosmaster.master][INFO] 2017-05-22 12:21:29,445: +SERVICE [/kuka_arm/controller_manager/reload_controller_libraries] /gazebo http://udacity:39105/
[rosmaster.master][INFO] 2017-05-22 12:21:29,759: +PUB [/kuka_arm/joint_states] /gazebo http://udacity:39105/
[rosmaster.master][INFO] 2017-05-22 12:21:29,827: publisherUpdate[/kuka_arm/joint_states] -> http://udacity:40041/ ['http://udacity:39105/']
[rosmaster.master][INFO] 2017-05-22 12:21:29,828: publisherUpdate[/kuka_arm/joint_states] -> http://udacity:40041/ ['http://udacity:39105/']: sec=0.00, result=[1, '', 0]
[rosmaster.master][INFO] 2017-05-22 12:21:29,828: publisherUpdate[/kuka_arm/joint_states] -> http://udacity:45303/ ['http://udacity:39105/']
[rosmaster.master][INFO] 2017-05-22 12:21:29,828: publisherUpdate[/kuka_arm/joint_states] -> http://udacity:45303/ ['http://udacity:39105/']: sec=0.00, result=[1, '', 0]
[rosmaster.master][INFO] 2017-05-22 12:21:29,893: +SUB [/kuka_arm/arm_controller/command] /gazebo http://udacity:39105/
[rosmaster.master][INFO] 2017-05-22 12:21:29,895: +PUB [/kuka_arm/arm_controller/state] /gazebo http://udacity:39105/
[rosmaster.master][INFO] 2017-05-22 12:21:29,897: +PUB [/kuka_arm/arm_controller/follow_joint_trajectory/result] /gazebo http://udacity:39105/
[rosmaster.master][INFO] 2017-05-22 12:21:29,898: +PUB [/kuka_arm/arm_controller/follow_joint_trajectory/feedback] /gazebo http://udacity:39105/
[rosmaster.master][INFO] 2017-05-22 12:21:29,900: +PUB [/kuka_arm/arm_controller/follow_joint_trajectory/status] /gazebo http://udacity:39105/
[rosmaster.master][INFO] 2017-05-22 12:21:29,909: +SUB [/kuka_arm/arm_controller/follow_joint_trajectory/goal] /gazebo http://udacity:39105/
[rosmaster.master][INFO] 2017-05-22 12:21:29,915: +SUB [/kuka_arm/arm_controller/follow_joint_trajectory/cancel] /gazebo http://udacity:39105/
[rosmaster.master][INFO] 2017-05-22 12:21:29,915: +SERVICE [/kuka_arm/arm_controller/query_state] /gazebo http://udacity:39105/
[rosmaster.master][INFO] 2017-05-22 12:21:29,958: +SERVICE [/kuka_arm/gripper_controller/gains/right_gripper_finger_joint/set_parameters] /gazebo http://udacity:39105/
[rosmaster.master][INFO] 2017-05-22 12:21:29,960: +PUB [/kuka_arm/gripper_controller/gains/right_gripper_finger_joint/parameter_descriptions] /gazebo http://udacity:39105/
[rosmaster.master][INFO] 2017-05-22 12:21:29,961: +PUB [/kuka_arm/gripper_controller/gains/right_gripper_finger_joint/parameter_updates] /gazebo http://udacity:39105/
[rosmaster.master][INFO] 2017-05-22 12:21:29,968: +PARAM [/kuka_arm/gripper_controller/gains/right_gripper_finger_joint/p] by /gazebo
[rosmaster.master][INFO] 2017-05-22 12:21:29,970: +PARAM [/kuka_arm/gripper_controller/gains/right_gripper_finger_joint/i] by /gazebo
[rosmaster.master][INFO] 2017-05-22 12:21:29,973: +PARAM [/kuka_arm/gripper_controller/gains/right_gripper_finger_joint/d] by /gazebo
[rosmaster.master][INFO] 2017-05-22 12:21:29,974: +PARAM [/kuka_arm/gripper_controller/gains/right_gripper_finger_joint/i_clamp_min] by /gazebo
[rosmaster.master][INFO] 2017-05-22 12:21:29,975: +PARAM [/kuka_arm/gripper_controller/gains/right_gripper_finger_joint/i_clamp_max] by /gazebo
[rosmaster.master][INFO] 2017-05-22 12:21:29,977: +PARAM [/kuka_arm/gripper_controller/gains/right_gripper_finger_joint/antiwindup] by /gazebo
[rosmaster.master][INFO] 2017-05-22 12:21:29,979: +PARAM [/kuka_arm/gripper_controller/gains/right_gripper_finger_joint/p] by /gazebo
[rosmaster.master][INFO] 2017-05-22 12:21:29,979: +PARAM [/kuka_arm/gripper_controller/gains/right_gripper_finger_joint/i] by /gazebo
[rosmaster.master][INFO] 2017-05-22 12:21:29,981: +PARAM [/kuka_arm/gripper_controller/gains/right_gripper_finger_joint/d] by /gazebo
[rosmaster.master][INFO] 2017-05-22 12:21:29,982: +PARAM [/kuka_arm/gripper_controller/gains/right_gripper_finger_joint/i_clamp_min] by /gazebo
[rosmaster.master][INFO] 2017-05-22 12:21:29,983: +PARAM [/kuka_arm/gripper_controller/gains/right_gripper_finger_joint/i_clamp_max] by /gazebo
[rosmaster.master][INFO] 2017-05-22 12:21:29,985: +PARAM [/kuka_arm/gripper_controller/gains/right_gripper_finger_joint/antiwindup] by /gazebo
[rosmaster.master][INFO] 2017-05-22 12:21:29,986: +PARAM [/kuka_arm/gripper_controller/gains/right_gripper_finger_joint/p] by /gazebo
[rosmaster.master][INFO] 2017-05-22 12:21:29,988: +PARAM [/kuka_arm/gripper_controller/gains/right_gripper_finger_joint/i] by /gazebo
[rosmaster.master][INFO] 2017-05-22 12:21:29,989: +PARAM [/kuka_arm/gripper_controller/gains/right_gripper_finger_joint/d] by /gazebo
[rosmaster.master][INFO] 2017-05-22 12:21:29,990: +PARAM [/kuka_arm/gripper_controller/gains/right_gripper_finger_joint/i_clamp_min] by /gazebo
[rosmaster.master][INFO] 2017-05-22 12:21:29,991: +PARAM [/kuka_arm/gripper_controller/gains/right_gripper_finger_joint/i_clamp_max] by /gazebo
[rosmaster.master][INFO] 2017-05-22 12:21:29,992: +PARAM [/kuka_arm/gripper_controller/gains/right_gripper_finger_joint/antiwindup] by /gazebo
[rosmaster.master][INFO] 2017-05-22 12:21:29,993: +PARAM [/kuka_arm/gripper_controller/gains/right_gripper_finger_joint/p] by /gazebo
[rosmaster.master][INFO] 2017-05-22 12:21:29,994: +PARAM [/kuka_arm/gripper_controller/gains/right_gripper_finger_joint/i] by /gazebo
[rosmaster.master][INFO] 2017-05-22 12:21:29,995: +PARAM [/kuka_arm/gripper_controller/gains/right_gripper_finger_joint/d] by /gazebo
[rosmaster.master][INFO] 2017-05-22 12:21:29,996: +PARAM [/kuka_arm/gripper_controller/gains/right_gripper_finger_joint/i_clamp_min] by /gazebo
[rosmaster.master][INFO] 2017-05-22 12:21:29,998: +PARAM [/kuka_arm/gripper_controller/gains/right_gripper_finger_joint/i_clamp_max] by /gazebo
[rosmaster.master][INFO] 2017-05-22 12:21:30,000: +PARAM [/kuka_arm/gripper_controller/gains/right_gripper_finger_joint/antiwindup] by /gazebo
[rosmaster.master][INFO] 2017-05-22 12:21:30,010: +SERVICE [/kuka_arm/gripper_controller/gains/left_gripper_finger_joint/set_parameters] /gazebo http://udacity:39105/
[rosmaster.master][INFO] 2017-05-22 12:21:30,012: +PUB [/kuka_arm/gripper_controller/gains/left_gripper_finger_joint/parameter_descriptions] /gazebo http://udacity:39105/
[rosmaster.master][INFO] 2017-05-22 12:21:30,013: +PUB [/kuka_arm/gripper_controller/gains/left_gripper_finger_joint/parameter_updates] /gazebo http://udacity:39105/
[rosmaster.master][INFO] 2017-05-22 12:21:30,019: +PARAM [/kuka_arm/gripper_controller/gains/left_gripper_finger_joint/p] by /gazebo
[rosmaster.master][INFO] 2017-05-22 12:21:30,020: +PARAM [/kuka_arm/gripper_controller/gains/left_gripper_finger_joint/i] by /gazebo
[rosmaster.master][INFO] 2017-05-22 12:21:30,021: +PARAM [/kuka_arm/gripper_controller/gains/left_gripper_finger_joint/d] by /gazebo
[rosmaster.master][INFO] 2017-05-22 12:21:30,022: +PARAM [/kuka_arm/gripper_controller/gains/left_gripper_finger_joint/i_clamp_min] by /gazebo
[rosmaster.master][INFO] 2017-05-22 12:21:30,023: +PARAM [/kuka_arm/gripper_controller/gains/left_gripper_finger_joint/i_clamp_max] by /gazebo
[rosmaster.master][INFO] 2017-05-22 12:21:30,024: +PARAM [/kuka_arm/gripper_controller/gains/left_gripper_finger_joint/antiwindup] by /gazebo
[rosmaster.master][INFO] 2017-05-22 12:21:30,025: +PARAM [/kuka_arm/gripper_controller/gains/left_gripper_finger_joint/p] by /gazebo
[rosmaster.master][INFO] 2017-05-22 12:21:30,026: +PARAM [/kuka_arm/gripper_controller/gains/left_gripper_finger_joint/i] by /gazebo
[rosmaster.master][INFO] 2017-05-22 12:21:30,026: +PARAM [/kuka_arm/gripper_controller/gains/left_gripper_finger_joint/d] by /gazebo
[rosmaster.master][INFO] 2017-05-22 12:21:30,028: +PARAM [/kuka_arm/gripper_controller/gains/left_gripper_finger_joint/i_clamp_min] by /gazebo
[rosmaster.master][INFO] 2017-05-22 12:21:30,029: +PARAM [/kuka_arm/gripper_controller/gains/left_gripper_finger_joint/i_clamp_max] by /gazebo
[rosmaster.master][INFO] 2017-05-22 12:21:30,030: +PARAM [/kuka_arm/gripper_controller/gains/left_gripper_finger_joint/antiwindup] by /gazebo
[rosmaster.master][INFO] 2017-05-22 12:21:30,031: +PARAM [/kuka_arm/gripper_controller/gains/left_gripper_finger_joint/p] by /gazebo
[rosmaster.master][INFO] 2017-05-22 12:21:30,032: +PARAM [/kuka_arm/gripper_controller/gains/left_gripper_finger_joint/i] by /gazebo
[rosmaster.master][INFO] 2017-05-22 12:21:30,033: +PARAM [/kuka_arm/gripper_controller/gains/left_gripper_finger_joint/d] by /gazebo
[rosmaster.master][INFO] 2017-05-22 12:21:30,034: +PARAM [/kuka_arm/gripper_controller/gains/left_gripper_finger_joint/i_clamp_min] by /gazebo
[rosmaster.master][INFO] 2017-05-22 12:21:30,035: +PARAM [/kuka_arm/gripper_controller/gains/left_gripper_finger_joint/i_clamp_max] by /gazebo
[rosmaster.master][INFO] 2017-05-22 12:21:30,036: +PARAM [/kuka_arm/gripper_controller/gains/left_gripper_finger_joint/antiwindup] by /gazebo
[rosmaster.master][INFO] 2017-05-22 12:21:30,037: +PARAM [/kuka_arm/gripper_controller/gains/left_gripper_finger_joint/p] by /gazebo
[rosmaster.master][INFO] 2017-05-22 12:21:30,038: +PARAM [/kuka_arm/gripper_controller/gains/left_gripper_finger_joint/i] by /gazebo
[rosmaster.master][INFO] 2017-05-22 12:21:30,039: +PARAM [/kuka_arm/gripper_controller/gains/left_gripper_finger_joint/d] by /gazebo
[rosmaster.master][INFO] 2017-05-22 12:21:30,040: +PARAM [/kuka_arm/gripper_controller/gains/left_gripper_finger_joint/i_clamp_min] by /gazebo
[rosmaster.master][INFO] 2017-05-22 12:21:30,040: +PARAM [/kuka_arm/gripper_controller/gains/left_gripper_finger_joint/i_clamp_max] by /gazebo
[rosmaster.master][INFO] 2017-05-22 12:21:30,041: +PARAM [/kuka_arm/gripper_controller/gains/left_gripper_finger_joint/antiwindup] by /gazebo
[rosmaster.master][INFO] 2017-05-22 12:21:30,051: +SUB [/kuka_arm/gripper_controller/command] /gazebo http://udacity:39105/
[rosmaster.master][INFO] 2017-05-22 12:21:30,052: +PUB [/kuka_arm/gripper_controller/state] /gazebo http://udacity:39105/
[rosmaster.master][INFO] 2017-05-22 12:21:30,057: +PUB [/kuka_arm/gripper_controller/follow_joint_trajectory/result] /gazebo http://udacity:39105/
[rosmaster.master][INFO] 2017-05-22 12:21:30,057: +PUB [/kuka_arm/gripper_controller/follow_joint_trajectory/feedback] /gazebo http://udacity:39105/
[rosmaster.master][INFO] 2017-05-22 12:21:30,058: +PUB [/kuka_arm/gripper_controller/follow_joint_trajectory/status] /gazebo http://udacity:39105/
[rosmaster.master][INFO] 2017-05-22 12:21:30,069: +SUB [/kuka_arm/gripper_controller/follow_joint_trajectory/goal] /gazebo http://udacity:39105/
[rosmaster.master][INFO] 2017-05-22 12:21:30,073: +SUB [/kuka_arm/gripper_controller/follow_joint_trajectory/cancel] /gazebo http://udacity:39105/
[rosmaster.master][INFO] 2017-05-22 12:21:30,074: +SERVICE [/kuka_arm/gripper_controller/query_state] /gazebo http://udacity:39105/
[rosmaster.master][INFO] 2017-05-22 12:21:30,101: +PUB [/joint_states] /joint_state_relay http://udacity:40041/
[rosmaster.master][INFO] 2017-05-22 12:22:03,674: -PUB [/rosout] /joint_state_relay http://udacity:40041/
[rosmaster.master][INFO] 2017-05-22 12:22:03,675: -PUB [/joint_states] /joint_state_relay http://udacity:40041/
[rosmaster.master][INFO] 2017-05-22 12:22:03,675: -SUB [/clock] /joint_state_relay http://udacity:40041/
[rosmaster.master][INFO] 2017-05-22 12:22:03,676: -SUB [/kuka_arm/joint_states] /joint_state_relay http://udacity:40041/
[rosmaster.master][INFO] 2017-05-22 12:22:03,677: -SERVICE [/joint_state_relay/get_loggers] /joint_state_relay rosrpc://udacity:33185
[rosmaster.master][INFO] 2017-05-22 12:22:03,677: -SERVICE [/joint_state_relay/set_logger_level] /joint_state_relay rosrpc://udacity:33185
[rosmaster.master][INFO] 2017-05-22 12:22:03,686: publisherUpdate[/rosout] -> http://udacity:36797/ ['http://udacity:45303/', 'http://udacity:39105/', 'http://udacity:40373/']
[rosmaster.master][INFO] 2017-05-22 12:22:03,686: publisherUpdate[/rosout] -> http://udacity:36797/ ['http://udacity:45303/', 'http://udacity:39105/', 'http://udacity:40373/']: sec=0.00, result=[1, '', 0]
[rosmaster.master][INFO] 2017-05-22 12:22:03,730: -SUB [/gazebo/set_link_state] /gazebo http://udacity:39105/
[rosmaster.master][INFO] 2017-05-22 12:22:03,731: -SUB [/gazebo/set_model_state] /gazebo http://udacity:39105/
[rosmaster.master][INFO] 2017-05-22 12:22:03,732: -PUB [/clock] /gazebo http://udacity:39105/
[rosmaster.master][INFO] 2017-05-22 12:22:03,733: -PUB [/gazebo/link_states] /gazebo http://udacity:39105/
[rosmaster.master][INFO] 2017-05-22 12:22:03,733: -PUB [/gazebo/model_states] /gazebo http://udacity:39105/
[rosmaster.master][INFO] 2017-05-22 12:22:03,734: -SERVICE [/gazebo/spawn_sdf_model] /gazebo rosrpc://udacity:54909
[rosmaster.master][INFO] 2017-05-22 12:22:03,735: -SERVICE [/gazebo/spawn_urdf_model] /gazebo rosrpc://udacity:54909
[rosmaster.master][INFO] 2017-05-22 12:22:03,736: -SERVICE [/gazebo/delete_model] /gazebo rosrpc://udacity:54909
[rosmaster.master][INFO] 2017-05-22 12:22:03,736: -SERVICE [/gazebo/delete_light] /gazebo rosrpc://udacity:54909
[rosmaster.master][INFO] 2017-05-22 12:22:03,737: -SERVICE [/gazebo/get_model_properties] /gazebo rosrpc://udacity:54909
[rosmaster.master][INFO] 2017-05-22 12:22:03,737: -SERVICE [/gazebo/get_model_state] /gazebo rosrpc://udacity:54909
[rosmaster.master][INFO] 2017-05-22 12:22:03,738: -SERVICE [/gazebo/get_world_properties] /gazebo rosrpc://udacity:54909
[rosmaster.master][INFO] 2017-05-22 12:22:03,739: -SERVICE [/gazebo/get_joint_properties] /gazebo rosrpc://udacity:54909
[rosmaster.master][INFO] 2017-05-22 12:22:03,741: -SERVICE [/gazebo/get_link_properties] /gazebo rosrpc://udacity:54909
[rosmaster.master][INFO] 2017-05-22 12:22:03,742: -SERVICE [/gazebo/get_link_state] /gazebo rosrpc://udacity:54909
[rosmaster.master][INFO] 2017-05-22 12:22:03,746: -SERVICE [/gazebo/get_light_properties] /gazebo rosrpc://udacity:54909
[rosmaster.master][INFO] 2017-05-22 12:22:03,747: -SERVICE [/gazebo/set_light_properties] /gazebo rosrpc://udacity:54909
[rosmaster.master][INFO] 2017-05-22 12:22:03,748: -SERVICE [/gazebo/get_physics_properties] /gazebo rosrpc://udacity:54909
[rosmaster.master][INFO] 2017-05-22 12:22:03,749: -SERVICE [/gazebo/set_link_properties] /gazebo rosrpc://udacity:54909
[rosmaster.master][INFO] 2017-05-22 12:22:03,750: -SERVICE [/gazebo/set_physics_properties] /gazebo rosrpc://udacity:54909
[rosmaster.master][INFO] 2017-05-22 12:22:03,750: -SERVICE [/gazebo/set_model_state] /gazebo rosrpc://udacity:54909
[rosmaster.master][INFO] 2017-05-22 12:22:03,752: -SERVICE [/gazebo/set_model_configuration] /gazebo rosrpc://udacity:54909
[rosmaster.master][INFO] 2017-05-22 12:22:03,753: -SERVICE [/gazebo/set_joint_properties] /gazebo rosrpc://udacity:54909
[rosmaster.master][INFO] 2017-05-22 12:22:03,754: -SERVICE [/gazebo/set_link_state] /gazebo rosrpc://udacity:54909
[rosmaster.master][INFO] 2017-05-22 12:22:03,755: -SERVICE [/gazebo/pause_physics] /gazebo rosrpc://udacity:54909
[rosmaster.master][INFO] 2017-05-22 12:22:03,756: -SERVICE [/gazebo/unpause_physics] /gazebo rosrpc://udacity:54909
[rosmaster.master][INFO] 2017-05-22 12:22:03,756: -SERVICE [/gazebo/apply_body_wrench] /gazebo rosrpc://udacity:54909
[rosmaster.master][INFO] 2017-05-22 12:22:03,757: -SERVICE [/gazebo/apply_joint_effort] /gazebo rosrpc://udacity:54909
[rosmaster.master][INFO] 2017-05-22 12:22:03,757: -SERVICE [/gazebo/clear_joint_forces] /gazebo rosrpc://udacity:54909
[rosmaster.master][INFO] 2017-05-22 12:22:03,758: -SERVICE [/gazebo/clear_body_wrenches] /gazebo rosrpc://udacity:54909
[rosmaster.master][INFO] 2017-05-22 12:22:03,759: -SERVICE [/gazebo/reset_simulation] /gazebo rosrpc://udacity:54909
[rosmaster.master][INFO] 2017-05-22 12:22:03,759: -SERVICE [/gazebo/reset_world] /gazebo rosrpc://udacity:54909
[rosmaster.master][INFO] 2017-05-22 12:22:03,760: -PUB [/gazebo/parameter_descriptions] /gazebo http://udacity:39105/
[rosmaster.master][INFO] 2017-05-22 12:22:03,761: -PUB [/gazebo/parameter_updates] /gazebo http://udacity:39105/
[rosmaster.master][INFO] 2017-05-22 12:22:03,762: -SERVICE [/gazebo/set_parameters] /gazebo rosrpc://udacity:54909
[rosmaster.master][INFO] 2017-05-22 12:22:03,774: -PUB [/rosout] /robot_state_publisher http://udacity:45303/
[rosmaster.master][INFO] 2017-05-22 12:22:03,775: -PUB [/tf] /robot_state_publisher http://udacity:45303/
[rosmaster.master][INFO] 2017-05-22 12:22:03,775: -PUB [/tf_static] /robot_state_publisher http://udacity:45303/
[rosmaster.master][INFO] 2017-05-22 12:22:03,776: -SUB [/clock] /robot_state_publisher http://udacity:45303/
[rosmaster.master][INFO] 2017-05-22 12:22:03,777: -SUB [/kuka_arm/joint_states] /robot_state_publisher http://udacity:45303/
[rosmaster.master][INFO] 2017-05-22 12:22:03,777: -SERVICE [/robot_state_publisher/get_loggers] /robot_state_publisher rosrpc://udacity:52879
[rosmaster.master][INFO] 2017-05-22 12:22:03,778: -SERVICE [/robot_state_publisher/set_logger_level] /robot_state_publisher rosrpc://udacity:52879
[rosmaster.master][INFO] 2017-05-22 12:22:03,786: publisherUpdate[/clock] -> http://udacity:36797/ []
[rosmaster.master][INFO] 2017-05-22 12:22:03,787: publisherUpdate[/clock] -> http://udacity:45303/ []
[rosmaster.master][INFO] 2017-05-22 12:22:03,787: publisherUpdate[/clock] -> http://udacity:39105/ []
[rosmaster.master][INFO] 2017-05-22 12:22:03,788: publisherUpdate[/clock] -> http://udacity:36797/ []: sec=0.00, result=[1, '', 0]
[rosmaster.master][INFO] 2017-05-22 12:22:03,788: publisherUpdate[/clock] -> http://udacity:40373/ []
[rosmaster.master][INFO] 2017-05-22 12:22:03,788: publisherUpdate[/clock] -> http://udacity:45303/ []: sec=0.00, exception=[Errno 111] Connection refused
[rosmaster.master][INFO] 2017-05-22 12:22:03,789: publisherUpdate[/clock] -> http://udacity:39105/ []: sec=0.00, result=[1, '', 0]
[rosmaster.master][INFO] 2017-05-22 12:22:03,790: publisherUpdate[/rosout] -> http://udacity:36797/ ['http://udacity:39105/', 'http://udacity:40373/']
[rosmaster.master][INFO] 2017-05-22 12:22:03,790: publisherUpdate[/rosout] -> http://udacity:36797/ ['http://udacity:39105/', 'http://udacity:40373/']: sec=0.00, result=[1, '', 0]
[rosmaster.master][INFO] 2017-05-22 12:22:03,791: publisherUpdate[/clock] -> http://udacity:40373/ []: sec=0.00, result=[1, '', 0]
[rosmaster.threadpool][ERROR] 2017-05-22 12:22:03,791: Traceback (most recent call last):
  File "/opt/ros/kinetic/lib/python2.7/dist-packages/rosmaster/threadpool.py", line 218, in run
    result = cmd(*args)
  File "/opt/ros/kinetic/lib/python2.7/dist-packages/rosmaster/master_api.py", line 210, in publisher_update_task
    ret = xmlrpcapi(api).publisherUpdate('/master', topic, pub_uris)
  File "/usr/lib/python2.7/xmlrpclib.py", line 1243, in __call__
    return self.__send(self.__name, args)
  File "/usr/lib/python2.7/xmlrpclib.py", line 1602, in __request
    verbose=self.__verbose
  File "/usr/lib/python2.7/xmlrpclib.py", line 1283, in request
    return self.single_request(host, handler, request_body, verbose)
  File "/usr/lib/python2.7/xmlrpclib.py", line 1311, in single_request
    self.send_content(h, request_body)
  File "/usr/lib/python2.7/xmlrpclib.py", line 1459, in send_content
    connection.endheaders(request_body)
  File "/usr/lib/python2.7/httplib.py", line 1053, in endheaders
    self._send_output(message_body)
  File "/usr/lib/python2.7/httplib.py", line 897, in _send_output
    self.send(msg)
  File "/usr/lib/python2.7/httplib.py", line 859, in send
    self.connect()
  File "/usr/lib/python2.7/httplib.py", line 836, in connect
    self.timeout, self.source_address)
  File "/usr/lib/python2.7/socket.py", line 575, in create_connection
    raise err
error: [Errno 111] Connection refused

[rosmaster.master][INFO] 2017-05-22 12:22:10,151: -SUB [/clock] /kuka_arm/spawner http://udacity:40373/
[rosmaster.master][INFO] 2017-05-22 12:22:10,151: -PUB [/rosout] /kuka_arm/spawner http://udacity:40373/
[rosmaster.master][INFO] 2017-05-22 12:22:10,151: -SERVICE [/kuka_arm/spawner/set_logger_level] /kuka_arm/spawner rosrpc://udacity:43141
[rosmaster.master][INFO] 2017-05-22 12:22:10,152: -SERVICE [/kuka_arm/spawner/get_loggers] /kuka_arm/spawner rosrpc://udacity:43141
[rosmaster.master][INFO] 2017-05-22 12:22:10,206: publisherUpdate[/rosout] -> http://udacity:36797/ ['http://udacity:39105/']
[rosmaster.master][INFO] 2017-05-22 12:22:10,209: publisherUpdate[/rosout] -> http://udacity:36797/ ['http://udacity:39105/']: sec=0.00, result=[1, '', 0]
[rosmaster.master][INFO] 2017-05-22 12:22:11,012: -PUB [/rosout_agg] /rosout http://udacity:36797/
[rosmaster.master][INFO] 2017-05-22 12:22:11,013: -SUB [/clock] /rosout http://udacity:36797/
[rosmaster.master][INFO] 2017-05-22 12:22:11,014: -SUB [/rosout] /rosout http://udacity:36797/
[rosmaster.master][INFO] 2017-05-22 12:22:11,014: -SERVICE [/rosout/get_loggers] /rosout rosrpc://udacity:42981
[rosmaster.master][INFO] 2017-05-22 12:22:11,015: -SERVICE [/rosout/set_logger_level] /rosout rosrpc://udacity:42981
[rosmaster.main][INFO] 2017-05-22 12:22:11,047: keyboard interrupt, will exit
[rosmaster.main][INFO] 2017-05-22 12:22:11,047: stopping master...
[rospy.core][INFO] 2017-05-22 12:22:11,048: signal_shutdown [atexit]
