

0.000000000  Node Startup
0.000000000 INFO [/tmp/binarydeb/ros-kinetic-roscpp-1.12.7/src/libros/service.cpp:80(service::exists) [topics: /rosout] waitForService: Service [/gazebo/set_physics_properties] has not been advertised, waiting...
0.000000000 INFO [gazebo_interface.py:27(spawn_urdf_model_client) [topics: /clock, /rosout] Waiting for service /gazebo/spawn_urdf_model
0.000000000 INFO [spawner:121(main) [topics: /clock, /rosout] Controller Spawner: Waiting for service controller_manager/load_controller
0.022000000 INFO [/tmp/binarydeb/ros-kinetic-roscpp-1.12.7/src/libros/service.cpp:122(service::waitForService) [topics: /rosout, /clock, /gazebo/link_states, /gazebo/model_states] waitForService: Service [/gazebo/set_physics_properties] is now available.
0.067000000 INFO [/tmp/binarydeb/ros-kinetic-gazebo-ros-2.5.12/src/gazebo_ros_api_plugin.cpp:2110(GazeboRosApiPlugin::physicsReconfigureThread) [topics: /rosout, /clock, /gazebo/link_states, /gazebo/model_states, /gazebo/parameter_descriptions, /gazebo/parameter_updates] Physics dynamic reconfigure ready.
0.153000000 INFO [gazebo_interface.py:31(spawn_urdf_model_client) [topics: /clock, /rosout] Calling service /gazebo/spawn_urdf_model
0.325000000 INFO [gazebo_interface.py:33(spawn_urdf_model_client) [topics: /clock, /rosout] Spawn status: SpawnModel: Successfully spawned entity
0.325000000 INFO [/tmp/binarydeb/ros-kinetic-gazebo-ros-control-2.5.12/src/gazebo_ros_control_plugin.cpp:60(GazeboRosControlPlugin::Load) [topics: /rosout, /clock, /gazebo/link_states, /gazebo/model_states, /gazebo/parameter_descriptions, /gazebo/parameter_updates] Loading gazebo_ros_control plugin
0.325000000 INFO [/tmp/binarydeb/ros-kinetic-gazebo-ros-control-2.5.12/src/gazebo_ros_control_plugin.cpp:152(GazeboRosControlPlugin::Load) [topics: /rosout, /clock, /gazebo/link_states, /gazebo/model_states, /gazebo/parameter_descriptions, /gazebo/parameter_updates] Starting gazebo_ros_control plugin in namespace: /kuka_arm
0.325000000 INFO [/tmp/binarydeb/ros-kinetic-gazebo-ros-control-2.5.12/src/gazebo_ros_control_plugin.cpp:267(__cxx11::string gazebo_ros_control::GazeboRosControlPlugin::getURDF) [topics: /rosout, /clock, /gazebo/link_states, /gazebo/model_states, /gazebo/parameter_descriptions, /gazebo/parameter_updates] gazebo_ros_control plugin is waiting for model URDF in parameter [/robot_description] on the ROS param server.
0.325000000 WARN [/tmp/binarydeb/ros-kinetic-gazebo-ros-control-2.5.12/src/default_robot_hw_sim.cpp:185(DefaultRobotHWSim::initSim) [topics: /rosout, /clock, /gazebo/link_states, /gazebo/model_states, /gazebo/parameter_descriptions, /gazebo/parameter_updates] Deprecated syntax, please prepend 'hardware_interface/' to 'EffortJointInterface' within the <hardwareInterface> tag in joint 'left_gripper_finger_joint'.
0.325000000 WARN [/tmp/binarydeb/ros-kinetic-gazebo-ros-control-2.5.12/src/default_robot_hw_sim.cpp:185(DefaultRobotHWSim::initSim) [topics: /rosout, /clock, /gazebo/link_states, /gazebo/model_states, /gazebo/parameter_descriptions, /gazebo/parameter_updates] Deprecated syntax, please prepend 'hardware_interface/' to 'EffortJointInterface' within the <hardwareInterface> tag in joint 'right_gripper_finger_joint'.
0.325000000 WARN [/tmp/binarydeb/ros-kinetic-gazebo-ros-control-2.5.12/src/default_robot_hw_sim.cpp:185(DefaultRobotHWSim::initSim) [topics: /rosout, /clock, /gazebo/link_states, /gazebo/model_states, /gazebo/parameter_descriptions, /gazebo/parameter_updates] Deprecated syntax, please prepend 'hardware_interface/' to 'PositionJointInterface' within the <hardwareInterface> tag in joint 'joint_1'.
0.325000000 WARN [/tmp/binarydeb/ros-kinetic-gazebo-ros-control-2.5.12/src/default_robot_hw_sim.cpp:185(DefaultRobotHWSim::initSim) [topics: /rosout, /clock, /gazebo/link_states, /gazebo/model_states, /gazebo/parameter_descriptions, /gazebo/parameter_updates] Deprecated syntax, please prepend 'hardware_interface/' to 'PositionJointInterface' within the <hardwareInterface> tag in joint 'joint_2'.
0.325000000 WARN [/tmp/binarydeb/ros-kinetic-gazebo-ros-control-2.5.12/src/default_robot_hw_sim.cpp:185(DefaultRobotHWSim::initSim) [topics: /rosout, /clock, /gazebo/link_states, /gazebo/model_states, /gazebo/parameter_descriptions, /gazebo/parameter_updates] Deprecated syntax, please prepend 'hardware_interface/' to 'PositionJointInterface' within the <hardwareInterface> tag in joint 'joint_3'.
0.325000000 WARN [/tmp/binarydeb/ros-kinetic-gazebo-ros-control-2.5.12/src/default_robot_hw_sim.cpp:185(DefaultRobotHWSim::initSim) [topics: /rosout, /clock, /gazebo/link_states, /gazebo/model_states, /gazebo/parameter_descriptions, /gazebo/parameter_updates] Deprecated syntax, please prepend 'hardware_interface/' to 'PositionJointInterface' within the <hardwareInterface> tag in joint 'joint_4'.
0.325000000 WARN [/tmp/binarydeb/ros-kinetic-gazebo-ros-control-2.5.12/src/default_robot_hw_sim.cpp:185(DefaultRobotHWSim::initSim) [topics: /rosout, /clock, /gazebo/link_states, /gazebo/model_states, /gazebo/parameter_descriptions, /gazebo/parameter_updates] Deprecated syntax, please prepend 'hardware_interface/' to 'PositionJointInterface' within the <hardwareInterface> tag in joint 'joint_5'.
0.325000000 WARN [/tmp/binarydeb/ros-kinetic-gazebo-ros-control-2.5.12/src/default_robot_hw_sim.cpp:185(DefaultRobotHWSim::initSim) [topics: /rosout, /clock, /gazebo/link_states, /gazebo/model_states, /gazebo/parameter_descriptions, /gazebo/parameter_updates] Deprecated syntax, please prepend 'hardware_interface/' to 'PositionJointInterface' within the <hardwareInterface> tag in joint 'joint_6'.
0.325000000 INFO [/tmp/binarydeb/ros-kinetic-gazebo-ros-control-2.5.12/src/gazebo_ros_control_plugin.cpp:198(GazeboRosControlPlugin::Load) [topics: /rosout, /clock, /gazebo/link_states, /gazebo/model_states, /gazebo/parameter_descriptions, /gazebo/parameter_updates] Loaded gazebo_ros_control.
0.507000000 INFO [spawner:126(main) [topics: /clock, /rosout] Controller Spawner: Waiting for service controller_manager/switch_controller
0.507000000 INFO [spawner:134(main) [topics: /clock, /rosout] Controller Spawner: Waiting for service controller_manager/unload_controller
0.507000000 INFO [spawner:189(main) [topics: /clock, /rosout] Loading controller: joint_state_controller
0.598000000 INFO [spawner:189(main) [topics: /clock, /rosout] Loading controller: arm_controller
0.702000000 INFO [spawner:189(main) [topics: /clock, /rosout] Loading controller: gripper_controller
0.812000000 INFO [spawner:197(main) [topics: /clock, /rosout] Controller Spawner: Loaded controllers: joint_state_controller, arm_controller, gripper_controller
0.813000000 INFO [spawner:206(main) [topics: /clock, /rosout] Started controllers: joint_state_controller, arm_controller, gripper_controller
0.834000000 INFO [/tmp/binarydeb/ros-kinetic-topic-tools-1.12.7/src/relay.cpp:90(MessageEvent<topic_tools::ShapeShifter>&)) [topics: /rosout, /joint_states] advertised as /joint_states

33.189000000 INFO [spawner:58(shutdown) [topics: /clock, /rosout] Shutting down spawner. Stopping and unloading controllers...
33.189000000 INFO [spawner:71(shutdown) [topics: /clock, /rosout] Stopping all controllers...
33.189000000 WARN [spawner:79(shutdown) [topics: /clock, /rosout] Controller Spawner couldn't reach controller_manager to take down controllers. Waited for 30 second(s).
