[rospy.client][INFO] 2017-05-22 12:21:28,216: init_node, name[/urdf_spawner], pid[4000]
[xmlrpc][INFO] 2017-05-22 12:21:28,216: XML-RPC server binding to 0.0.0.0:0
[xmlrpc][INFO] 2017-05-22 12:21:28,216: Started XML-RPC server [http://udacity:38207/]
[rospy.init][INFO] 2017-05-22 12:21:28,216: ROS Slave URI: [http://udacity:38207/]
[rospy.impl.masterslave][INFO] 2017-05-22 12:21:28,216: _ready: http://udacity:38207/
[xmlrpc][INFO] 2017-05-22 12:21:28,217: xml rpc node: starting XML-RPC server
[rospy.registration][INFO] 2017-05-22 12:21:28,217: Registering with master node http://localhost:11311
[rospy.init][INFO] 2017-05-22 12:21:28,316: registered with master
[rospy.rosout][INFO] 2017-05-22 12:21:28,317: initializing /rosout core topic
[rospy.rosout][INFO] 2017-05-22 12:21:28,318: connected to core topic /rosout
[rospy.simtime][INFO] 2017-05-22 12:21:28,319: initializing /clock core topic
[rospy.simtime][INFO] 2017-05-22 12:21:28,321: connected to core topic /clock
[rosout][INFO] 2017-05-22 12:21:28,323: Loading model XML from ros parameter
[rosout][INFO] 2017-05-22 12:21:28,326: Waiting for service /gazebo/spawn_urdf_model
[rospy.internal][INFO] 2017-05-22 12:21:28,429: topic[/rosout] adding connection to [/rosout], count 0
[rospy.internal][INFO] 2017-05-22 12:21:28,752: topic[/clock] adding connection to [http://udacity:39105/], count 0
[rosout][INFO] 2017-05-22 12:21:28,930: Calling service /gazebo/spawn_urdf_model
[rosout][INFO] 2017-05-22 12:21:29,203: Spawn status: SpawnModel: Successfully spawned entity
[rospy.core][INFO] 2017-05-22 12:21:29,204: signal_shutdown [atexit]
[rospy.internal][INFO] 2017-05-22 12:21:29,207: topic[/rosout] removing connection to /rosout
[rospy.internal][INFO] 2017-05-22 12:21:29,207: topic[/clock] removing connection to http://udacity:39105/
[rospy.impl.masterslave][INFO] 2017-05-22 12:21:29,208: atexit
