[rospy.client][INFO] 2017-05-22 12:29:53,983: init_node, name[/target_spawner], pid[12955]
[xmlrpc][INFO] 2017-05-22 12:29:53,983: XML-RPC server binding to 0.0.0.0:0
[xmlrpc][INFO] 2017-05-22 12:29:53,984: Started XML-RPC server [http://udacity:36553/]
[rospy.impl.masterslave][INFO] 2017-05-22 12:29:53,984: _ready: http://udacity:36553/
[xmlrpc][INFO] 2017-05-22 12:29:53,984: xml rpc node: starting XML-RPC server
[rospy.registration][INFO] 2017-05-22 12:29:53,984: Registering with master node http://localhost:11311
[rospy.init][INFO] 2017-05-22 12:29:53,985: ROS Slave URI: [http://udacity:36553/]
[rospy.init][INFO] 2017-05-22 12:29:53,985: registered with master
[rospy.rosout][INFO] 2017-05-22 12:29:53,985: initializing /rosout core topic
[rospy.rosout][INFO] 2017-05-22 12:29:53,992: connected to core topic /rosout
[rospy.simtime][INFO] 2017-05-22 12:29:54,008: initializing /clock core topic
[rospy.simtime][INFO] 2017-05-22 12:29:54,078: connected to core topic /clock
[rosout][INFO] 2017-05-22 12:29:54,098: Loading model XML from ros parameter
[rosout][INFO] 2017-05-22 12:29:54,106: Waiting for service /gazebo/spawn_urdf_model
[rospy.internal][INFO] 2017-05-22 12:29:54,223: topic[/rosout] adding connection to [/rosout], count 0
[rospy.internal][INFO] 2017-05-22 12:29:55,449: topic[/clock] adding connection to [http://udacity:46299/], count 0
[rosout][INFO] 2017-05-22 12:29:55,655: Calling service /gazebo/spawn_urdf_model
[rosout][INFO] 2017-05-22 12:29:55,883: Spawn status: SpawnModel: Successfully spawned entity
[rospy.core][INFO] 2017-05-22 12:29:55,884: signal_shutdown [atexit]
[rospy.internal][INFO] 2017-05-22 12:29:55,887: topic[/rosout] removing connection to /rosout
[rospy.internal][INFO] 2017-05-22 12:29:55,887: topic[/clock] removing connection to http://udacity:46299/
[rospy.impl.masterslave][INFO] 2017-05-22 12:29:55,887: atexit
