[rospy.client][INFO] 2017-07-09 18:38:19,942: init_node, name[/target_spawner], pid[11334]
[xmlrpc][INFO] 2017-07-09 18:38:19,943: XML-RPC server binding to 0.0.0.0:0
[xmlrpc][INFO] 2017-07-09 18:38:19,943: Started XML-RPC server [http://udacity:36267/]
[rospy.impl.masterslave][INFO] 2017-07-09 18:38:19,943: _ready: http://udacity:36267/
[rospy.init][INFO] 2017-07-09 18:38:19,943: ROS Slave URI: [http://udacity:36267/]
[xmlrpc][INFO] 2017-07-09 18:38:19,945: xml rpc node: starting XML-RPC server
[rospy.registration][INFO] 2017-07-09 18:38:19,945: Registering with master node http://localhost:11311
[rospy.init][INFO] 2017-07-09 18:38:20,045: registered with master
[rospy.rosout][INFO] 2017-07-09 18:38:20,045: initializing /rosout core topic
[rospy.rosout][INFO] 2017-07-09 18:38:20,055: connected to core topic /rosout
[rospy.simtime][INFO] 2017-07-09 18:38:20,075: initializing /clock core topic
[rospy.simtime][INFO] 2017-07-09 18:38:20,081: connected to core topic /clock
[rosout][INFO] 2017-07-09 18:38:20,113: Loading model XML from ros parameter
[rosout][INFO] 2017-07-09 18:38:20,117: Waiting for service /gazebo/spawn_urdf_model
[rospy.internal][INFO] 2017-07-09 18:38:20,278: topic[/rosout] adding connection to [/rosout], count 0
[rospy.internal][INFO] 2017-07-09 18:38:21,116: topic[/clock] adding connection to [http://udacity:39353/], count 0
[rosout][INFO] 2017-07-09 18:38:21,341: Calling service /gazebo/spawn_urdf_model
[rosout][INFO] 2017-07-09 18:38:21,935: Spawn status: SpawnModel: Successfully spawned entity
[rospy.core][INFO] 2017-07-09 18:38:21,936: signal_shutdown [atexit]
[rospy.internal][INFO] 2017-07-09 18:38:21,939: topic[/rosout] removing connection to /rosout
[rospy.internal][INFO] 2017-07-09 18:38:21,940: topic[/clock] removing connection to http://udacity:39353/
[rospy.impl.masterslave][INFO] 2017-07-09 18:38:21,940: atexit
