[rospy.client][INFO] 2017-07-09 18:38:20,413: init_node, name[/urdf_spawner], pid[11387]
[xmlrpc][INFO] 2017-07-09 18:38:20,413: XML-RPC server binding to 0.0.0.0:0
[rospy.init][INFO] 2017-07-09 18:38:20,414: ROS Slave URI: [http://udacity:42649/]
[xmlrpc][INFO] 2017-07-09 18:38:20,414: Started XML-RPC server [http://udacity:42649/]
[rospy.impl.masterslave][INFO] 2017-07-09 18:38:20,414: _ready: http://udacity:42649/
[xmlrpc][INFO] 2017-07-09 18:38:20,414: xml rpc node: starting XML-RPC server
[rospy.registration][INFO] 2017-07-09 18:38:20,415: Registering with master node http://localhost:11311
[rospy.init][INFO] 2017-07-09 18:38:20,516: registered with master
[rospy.rosout][INFO] 2017-07-09 18:38:20,516: initializing /rosout core topic
[rospy.rosout][INFO] 2017-07-09 18:38:20,519: connected to core topic /rosout
[rospy.simtime][INFO] 2017-07-09 18:38:20,525: initializing /clock core topic
[rospy.simtime][INFO] 2017-07-09 18:38:20,529: connected to core topic /clock
[rosout][INFO] 2017-07-09 18:38:20,538: Loading model XML from ros parameter
[rosout][INFO] 2017-07-09 18:38:20,541: Waiting for service /gazebo/spawn_urdf_model
[rospy.internal][INFO] 2017-07-09 18:38:20,781: topic[/rosout] adding connection to [/rosout], count 0
[rospy.internal][INFO] 2017-07-09 18:38:21,100: topic[/clock] adding connection to [http://udacity:39353/], count 0
[rosout][INFO] 2017-07-09 18:38:21,149: Calling service /gazebo/spawn_urdf_model
[rosout][INFO] 2017-07-09 18:38:21,167: Spawn status: SpawnModel: Entity pushed to spawn queue, but spawn service timed out waiting for entity to appear in simulation under the name kr210
[rospy.core][INFO] 2017-07-09 18:38:21,167: signal_shutdown [atexit]
[rospy.internal][INFO] 2017-07-09 18:38:21,171: topic[/rosout] removing connection to /rosout
[rospy.internal][INFO] 2017-07-09 18:38:21,172: topic[/clock] removing connection to http://udacity:39353/
[rospy.impl.masterslave][INFO] 2017-07-09 18:38:21,172: atexit
